<?xml version="1.0" encoding="UTF-8"?><TestSessionContainer xmlns="http://www.codecover.org/xml/testsession-container" Date="1430510059506" TestSessionContainerId="6e8a0041-515b-4352-a44e-bc7e568842f7" version="1.0">
<SrcFileList>
<SrcFile Content="import java.util.ArrayList;&#13;&#10;&#13;&#10;&#13;&#10;public class Player {&#13;&#10;&#9;public String username;&#13;&#10;&#9;public ArrayList&lt;Integer&gt; pHand = new ArrayList&lt;Integer&gt;();&#13;&#10;&#9;public boolean classAbility;&#13;&#10;&#9;public ArrayList&lt;Integer&gt; pPlay = new ArrayList&lt;Integer&gt;();&#13;&#10;&#9;public String className;&#13;&#10;&#9;public char gender = 'F';&#13;&#10;&#9;public int pLevel=1; //actual level of player&#13;&#10;&#9;public int cLevel=pLevel; //the level a player is with door cards in combat&#13;&#10;&#9;public InitializeCards initCards = new InitializeCards();&#13;&#10;&#9;&#13;&#10;&#9;public Player(String name){&#13;&#10;&#9;&#9;this.username = name;&#13;&#10;&#9;&#9;&#13;&#10;&#9;}&#13;&#10;&#9;&#13;&#10;&#9;public void cLevelCalculation(){&#13;&#10;&#9;&#9;Card card;&#13;&#10;&#9;&#9;this.cLevel=this.pLevel;&#13;&#10;&#9;&#9;for(int i=0; i&lt;this.pPlay.size();i++){&#13;&#10;&#9;&#9;&#9;card = initCards.getCardHash().get(pPlay.get(i));&#9;&#13;&#10;&#9;&#9;&#9;this.cLevel+=card.pLevelBonus;&#13;&#10;&#9;&#9;}&#13;&#10;&#9;}&#13;&#10;&#9;&#13;&#10;&#9;public int mLevelBonusCalculation(){&#13;&#10;&#9;&#9;int mLevelBonus=0;&#13;&#10;&#9;&#9;InitializeCards init = new InitializeCards();&#13;&#10;&#9;&#9;for(int i = 0; i&lt;this.pPlay.size();i++){&#13;&#10;&#9;&#9;&#9;mLevelBonus+=init.cardHash.get(this.pPlay.get(i)).monsterLevelBonus;&#13;&#10;&#9;&#9;}&#13;&#10;&#9;&#9;return mLevelBonus;&#13;&#10;&#9;}&#13;&#10;&#9;&#13;&#10;&#9;public boolean didIwin(Game game){&#13;&#10;&#9;&#9;int playerInt = game.turnPlayer;&#13;&#10;&#9;&#9;if(playerInt==1){&#13;&#10;&#9;&#9;&#9;return didIwinHelper(game.p1, game.p2,game);&#13;&#10;&#9;&#9;}&#13;&#10;&#9;&#9;else{&#13;&#10;&#9;&#9;&#9;return didIwinHelper(game.p2,game.p1, game);&#13;&#10;&#9;&#9;}&#13;&#10;&#9;}&#13;&#10;&#9;&#13;&#10;&#9;public boolean didIwinHelper(Player me, Player other, Game game){&#13;&#10;&#9;&#9;int monster = game.mLevel + me.mLevelBonusCalculation()+other.mLevelBonusCalculation();&#13;&#10;&#9;&#9;System.out.println(&quot;Other person's monster bonus level &quot; + other.mLevelBonusCalculation());&#13;&#10;&#9;&#9;System.out.println(&quot;my monster level bonus calc is: &quot;+me.mLevelBonusCalculation());&#13;&#10;&#9;&#9;System.out.println(&quot;monster level in combat is: &quot; + monster);&#13;&#10;&#9;&#9;me.cLevelCalculation(); //me.cLevel is now set&#13;&#10;&#9;&#9;System.out.println(&quot;my clevel is: &quot; + me.cLevel);&#13;&#10;&#9;&#9;return (me.cLevel&gt;=monster);&#13;&#10;&#9;}&#13;&#10;&#9;&#13;&#10;&#9;public void consequence(Game game, int win) {&#13;&#10;&#9;&#9;System.out.println(&quot;Consequence is &quot; + win);&#13;&#10;&#9;&#9;if(win==1){&#13;&#10;&#9;&#9;&#9;game.dealNewCard(game.treasures, this);&#13;&#10;&#9;&#9;&#9;if(game.turnPlayer==1){&#13;&#10;&#9;&#9;&#9;&#9;game.p1.pLevel++;&#13;&#10;&#9;&#9;&#9;}&#13;&#10;&#9;&#9;&#9;else{&#13;&#10;&#9;&#9;&#9;&#9;game.p2.pLevel++;&#13;&#10;&#9;&#9;&#9;}&#13;&#10;&#9;&#9;}&#13;&#10;&#9;}&#13;&#10;}&#13;&#10;" Filename="Player.java" Intrnl_Id="1"/>
<SrcFile Content="import static org.junit.Assert.assertEquals;&#13;&#10;&#13;&#10;import java.util.ArrayList;&#13;&#10;import java.util.HashMap;&#13;&#10;&#13;&#10;import org.junit.Test;&#13;&#10;&#13;&#10;public class InitializeCards {&#13;&#10;&#9;public HashMap&lt;Integer, Card&gt; cardHash = new HashMap&lt;Integer, Card&gt;();&#13;&#10;&#9;//public HashMap&lt;Integer, Card&gt; cardHash = new HashMap&lt;Integer, Card&gt;();&#13;&#10;&#9;public ArrayList&lt;Integer&gt; doors = new ArrayList&lt;Integer&gt;();&#13;&#10;&#9;public ArrayList&lt;Integer&gt; treasure = new ArrayList&lt;Integer&gt;();&#13;&#10;&#9;public int numDoors;&#13;&#10;&#9;public int numTreas;&#13;&#10;&#13;&#10;&#9;public InitializeCards(ArrayList&lt;String&gt; cardInfo) {&#13;&#10;&#13;&#10;&#9;&#9;// numDoors = 68;&#13;&#10;&#9;&#9;// numTreas = 0;&#13;&#10;&#13;&#10;&#9;&#9;//numDoors = 67;&#13;&#10;&#9;&#9;//numTreas = 83;&#13;&#10;&#13;&#10;//&#9;&#9;for (int i = 0; i &lt; numDoors; i++) {&#13;&#10;//&#9;&#9;&#9;Card newCard = new Card(i + 1, cardInfo.get(i));&#13;&#10;//&#9;&#9;&#9;cardHash.put(i + 1, newCard);&#13;&#10;//&#9;&#9;&#9;doors.add(i + 1);&#13;&#10;//&#9;&#9;}&#13;&#10;//&#13;&#10;//&#9;&#9;for (int i = numDoors; i &lt; (numDoors + numTreas) - 1; i++) {&#13;&#10;//&#13;&#10;//&#9;&#9;&#9;if (i != 91) {&#13;&#10;//&#9;&#9;&#9;&#9;Card newCard = new Card(i + 1, cardInfo.get(i));&#13;&#10;//&#9;&#9;&#9;&#9;cardHash.put(i + 1, newCard);&#13;&#10;//&#9;&#9;&#9;&#9;treasure.add(i + 1);&#13;&#10;//&#9;&#9;&#9;} else {&#13;&#10;//&#13;&#10;//&#9;&#9;&#9;}&#13;&#10;//&#13;&#10;//&#9;&#9;}&#13;&#10;//&#9;&#9;this.addConditions();&#13;&#10;&#13;&#10;&#9;}&#13;&#10;&#13;&#10;&#9;public InitializeCards() {&#13;&#10;&#9;&#9;numDoors = 67;&#13;&#10;&#9;&#9;numTreas = 83;&#13;&#10;&#13;&#10;&#9;&#9;for (int i = 0; i &lt; numDoors; i++) {&#13;&#10;&#9;&#9;&#9;Card newCard = new Card(i + 1, &quot;&quot;);&#13;&#10;&#9;&#9;&#9;cardHash.put(i + 1, newCard);&#13;&#10;&#9;&#9;&#9;doors.add(i + 1);&#13;&#10;&#9;&#9;}&#13;&#10;&#13;&#10;&#9;&#9;for (int i = numDoors; i &lt; (numDoors + numTreas) - 1; i++) {&#13;&#10;&#9;&#9;&#9;if (i != 91) {&#13;&#10;&#9;&#9;&#9;&#9;Card newCard = new Card(i + 1, &quot;&quot;);&#13;&#10;&#9;&#9;&#9;&#9;cardHash.put(i + 1, newCard);&#13;&#10;&#9;&#9;&#9;&#9;treasure.add(i + 1);&#13;&#10;&#9;&#9;&#9;} else {&#13;&#10;&#13;&#10;&#9;&#9;&#9;}&#13;&#10;&#9;&#9;}&#13;&#10;&#9;&#9;this.addConditionsForSelect();&#13;&#10;&#13;&#10;&#9;}&#13;&#10;&#9;&#13;&#10;&#9;public InitializeCards(boolean test) {&#13;&#10;&#9;&#9;numDoors = 67;&#13;&#10;&#9;&#9;numTreas = 83;&#13;&#10;&#13;&#10;&#9;&#9;for (int i = 0; i &lt; numDoors; i++) {&#13;&#10;&#9;&#9;&#9;Card newCard = new Card(i + 1, &quot;&quot;);&#13;&#10;&#9;&#9;&#9;cardHash.put(i + 1, newCard);&#13;&#10;&#9;&#9;&#9;doors.add(i + 1);&#13;&#10;&#9;&#9;}&#13;&#10;&#13;&#10;&#9;&#9;for (int i = numDoors; i &lt; (numDoors + numTreas) - 1; i++) {&#13;&#10;&#9;&#9;&#9;if (i != 91) {&#13;&#10;&#9;&#9;&#9;&#9;Card newCard = new Card(i + 1, &quot;&quot;);&#13;&#10;&#9;&#9;&#9;&#9;cardHash.put(i + 1, newCard);&#13;&#10;&#9;&#9;&#9;&#9;treasure.add(i + 1);&#13;&#10;&#9;&#9;&#9;} else {&#13;&#10;&#13;&#10;&#9;&#9;&#9;}&#13;&#10;&#9;&#9;}&#13;&#10;&#9;&#9;this.addConditions();&#13;&#10;&#9;}&#13;&#10;&#9;&#13;&#10;&#9;public InitializeCards(ArrayList&lt;Integer&gt; doorAvailable, ArrayList&lt;Integer&gt; treasAvailable){&#13;&#10;&#9;&#9;for (int i = 0; i &lt; doorAvailable.size(); i++) {&#13;&#10;&#9;&#9;&#9;Card newCard = new Card(doorAvailable.get(i), &quot;&quot;);&#13;&#10;&#9;&#9;&#9;cardHash.put(doorAvailable.get(i), newCard);&#13;&#10;&#9;&#9;&#9;doors.add(doorAvailable.get(i));&#13;&#10;&#9;&#9;}&#13;&#10;&#13;&#10;&#9;&#9;for (int i = 0; i &lt; treasAvailable.size(); i++) {&#13;&#10;&#9;&#9;&#9;Card newCard = new Card(treasAvailable.get(i),&quot;&quot;);&#13;&#10;&#9;&#9;&#9;cardHash.put(treasAvailable.get(i), newCard);&#13;&#10;&#9;&#9;&#9;treasure.add(treasAvailable.get(i));&#13;&#10;&#9;&#9;}&#13;&#10;&#9;&#9;this.addConditionsForSelect();&#13;&#10;&#9;}&#13;&#10;&#13;&#10;&#9;public void addConditions() {&#13;&#10;&#9;&#9;cardHash.get(1).monsterLevelBonus = 5;&#13;&#10;&#9;&#9;cardHash.get(2).monsterLevel = 2;&#13;&#10;&#9;&#9;cardHash.get(2).monsterLevelBonus = 3;&#13;&#10;&#9;&#9;cardHash.get(2).numTreas = 1;&#13;&#10;&#9;&#9;cardHash.get(2).condForBonus = &quot;Monster Whacker&quot;;&#13;&#10;&#9;&#9;cardHash.get(3).monsterLevelBonus = 3;&#13;&#10;&#9;&#9;cardHash.get(4).numTreas = 1;&#13;&#10;&#9;&#9;cardHash.get(4).monsterLevel = 1;&#13;&#10;&#9;&#9;cardHash.get(5).monsterLevel = 6;&#13;&#10;&#9;&#9;cardHash.get(5).monsterLevelBonus = -2;&#13;&#10;&#9;&#9;cardHash.get(5).numTreas = 2;&#13;&#10;&#9;&#9;cardHash.get(5).condForBonus = &quot;Professors&quot;;&#13;&#10;&#9;&#9;cardHash.get(7).monsterLevel = 2;&#13;&#10;&#9;&#9;cardHash.get(7).monsterLevelBonus = 4;&#13;&#10;&#9;&#9;cardHash.get(7).numTreas = 1;&#13;&#10;&#9;&#9;cardHash.get(7).condForBonus = &quot;Females&quot;;&#13;&#10;&#9;&#9;cardHash.get(8).monsterLevel = 8;&#13;&#10;&#9;&#9;cardHash.get(8).monsterLevelBonus = 3;&#13;&#10;&#9;&#9;cardHash.get(8).numTreas = 2;&#13;&#10;&#9;&#9;cardHash.get(26).monsterLevel = 10;&#13;&#10;&#9;&#9;cardHash.get(26).numTreas = 3;&#13;&#10;&#9;&#9;cardHash.get(27).monsterLevel = 1;&#13;&#10;&#9;&#9;cardHash.get(27).monsterLevelBonus = 2;&#13;&#10;&#9;&#9;cardHash.get(27).numTreas = 1;&#13;&#10;&#9;&#9;cardHash.get(27).condForBonus = &quot;Investigators&quot;;&#13;&#10;&#9;&#9;cardHash.get(27).badStuff = &quot;gold&quot;;&#13;&#10;&#9;&#9;cardHash.get(27).badGold = -500;&#13;&#10;&#9;&#9;cardHash.get(28).monsterLevel = 6;&#13;&#10;&#9;&#9;cardHash.get(28).numTreas = 2;&#13;&#10;&#9;&#9;cardHash.get(29).monsterLevelBonus = 10;&#13;&#10;&#9;&#9;cardHash.get(29).bonusTreasure = 2;&#13;&#10;&#9;&#9;cardHash.get(30).monsterLevel = 12;&#13;&#10;&#9;&#9;cardHash.get(30).monsterLevelBonus = -2;&#13;&#10;&#9;&#9;cardHash.get(30).numTreas = 3;&#13;&#10;&#9;&#9;cardHash.get(30).condForBonus = &quot;Monster Whacker&quot;;&#13;&#10;&#9;&#9;cardHash.get(31).monsterLevelBonus = 3;&#13;&#10;&#9;&#9;cardHash.get(32).monsterLevel = 12;&#13;&#10;&#9;&#9;cardHash.get(32).numTreas = 3;&#13;&#10;&#9;&#9;cardHash.get(33).monsterLevel = 4;&#13;&#10;&#9;&#9;cardHash.get(33).monsterLevelBonus = -2;&#13;&#10;&#9;&#9;cardHash.get(33).numTreas = 2;&#13;&#10;&#9;&#9;cardHash.get(33).condForBonus = &quot;Females&quot;;&#13;&#10;&#9;&#9;cardHash.get(34).monsterLevelBonus = 3;&#13;&#10;&#9;&#9;cardHash.get(35).monsterLevel = 14;&#13;&#10;&#9;&#9;cardHash.get(35).monsterLevelBonus = -2;&#13;&#10;&#9;&#9;cardHash.get(35).numTreas = 4;&#13;&#10;&#9;&#9;cardHash.get(35).condForBonus = &quot;Professors&quot;;&#13;&#10;&#9;&#9;cardHash.get(36).monsterLevel=2;&#13;&#10;&#9;&#9;cardHash.get(36).monsterLevelBonus=3;&#13;&#10;&#9;&#9;cardHash.get(36).numTreas=1;&#13;&#10;&#9;&#9;cardHash.get(36).condForBonus=&quot;Males&quot;;&#13;&#10;&#9;&#9;cardHash.get(36).badStuff=&quot;level&quot;;&#13;&#10;&#9;&#9;cardHash.get(36).badLevel=-1;&#13;&#10;&#9;&#9;cardHash.get(37).monsterLevel=12;&#13;&#10;&#9;&#9;cardHash.get(37).monsterLevelBonus=-2;&#13;&#10;&#9;&#9;cardHash.get(37).numTreas=3;&#13;&#10;&#9;&#9;cardHash.get(37).condForBonus=&quot;Females&quot;;&#13;&#10;&#9;&#9;cardHash.get(38).monsterLevel=24;&#13;&#10;&#9;&#9;cardHash.get(38).numTreas=5;&#13;&#10;&#9;&#9;cardHash.get(42).monsterLevelBonus = -5;&#13;&#10;&#9;&#9;cardHash.get(42).badStuff = &quot;treas&quot;;&#13;&#10;&#9;&#9;cardHash.get(42).badTreas = -1;&#13;&#10;&#9;&#9;cardHash.get(43).monsterLevelBonus=10;&#13;&#10;&#9;&#9;cardHash.get(43).bonusTreasure=2;&#13;&#10;&#9;&#9;cardHash.get(45).monsterLevel=1;&#13;&#10;&#9;&#9;cardHash.get(45).numTreas=1;&#13;&#10;&#9;&#9;cardHash.get(46).monsterLevel=8;&#13;&#10;&#9;&#9;cardHash.get(46).numTreas=2;&#13;&#10;&#9;&#9;cardHash.get(46).badStuff=&quot;level&quot;;&#13;&#10;&#9;&#9;cardHash.get(46).badLevel=-2;&#13;&#10;&#9;&#9;cardHash.get(47).monsterLevel=4;&#13;&#10;&#9;&#9;cardHash.get(47).numTreas=2;&#13;&#10;&#9;&#9;cardHash.get(47).badStuff=&quot;level&quot;;&#13;&#10;&#9;&#9;cardHash.get(47).badLevel=-1;&#13;&#10;&#9;&#9;cardHash.get(47).selfOrOther=1;&#13;&#10;&#9;&#9;cardHash.get(48).monsterLevelBonus=5;&#13;&#10;&#9;&#9;cardHash.get(48).bonusTreasure=1;&#13;&#10;&#9;&#9;cardHash.get(51).monsterLevel=14;&#13;&#10;&#9;&#9;cardHash.get(51).numTreas=4;&#13;&#10;&#9;&#9;cardHash.get(51).monsterLevelBonus=3;&#13;&#10;&#9;&#9;cardHash.get(51).condForBonus=&quot;Males&quot;;&#13;&#10;&#9;&#9;cardHash.get(51).badStuff=&quot;items&quot;;&#13;&#10;&#9;&#9;cardHash.get(51).badItems=-3;&#13;&#10;&#9;&#9;cardHash.get(52).monsterLevel=8;&#13;&#10;&#9;&#9;cardHash.get(52).numTreas=2;&#13;&#10;&#9;&#9;cardHash.get(54).monsterLevel=18;&#13;&#10;&#9;&#9;cardHash.get(54).numTreas=5;&#13;&#10;&#9;&#9;cardHash.get(55).monsterLevel=2;&#13;&#10;&#9;&#9;cardHash.get(55).numTreas=1;&#13;&#10;&#9;&#9;cardHash.get(55).monsterLevelBonus=3;&#13;&#10;&#9;&#9;cardHash.get(55).condForBonus=&quot;Professors&quot;;&#13;&#10;&#9;&#9;cardHash.get(55).badStuff=&quot;level&quot;;&#13;&#10;&#9;&#9;cardHash.get(55).badLevel=-1;&#13;&#10;&#9;&#9;cardHash.get(59).monsterLevel=2;&#13;&#10;&#9;&#9;cardHash.get(59).numTreas=1;&#13;&#10;&#9;&#9;cardHash.get(60).monsterLevelBonus=5;&#13;&#10;&#9;&#9;cardHash.get(60).bonusTreasure=1;&#13;&#10;&#9;&#9;cardHash.get(61).monsterLevel=8;&#13;&#10;&#9;&#9;cardHash.get(61).numTreas=2;&#13;&#10;&#9;&#9;cardHash.get(61).monsterLevelBonus=2;&#13;&#10;&#9;&#9;cardHash.get(61).condForBonus=&quot;Professors&quot;;&#13;&#10;&#9;&#9;cardHash.get(62).monsterLevel=1;&#13;&#10;&#9;&#9;cardHash.get(62).numTreas=1;&#13;&#10;&#9;&#9;cardHash.get(62).badStuff=&quot;level&quot;;&#13;&#10;&#9;&#9;cardHash.get(62).badLevel=-1;&#13;&#10;&#9;&#9;cardHash.get(63).monsterLevel=16;&#13;&#10;&#9;&#9;cardHash.get(63).numTreas=4;&#13;&#10;&#9;&#9;cardHash.get(63).monsterLevelBonus=2;&#13;&#10;&#9;&#9;cardHash.get(63).condForBonus=&quot;Investigators&quot;;&#13;&#10;&#9;&#9;cardHash.get(64).monsterLevel=16;&#13;&#10;&#9;&#9;cardHash.get(64).numTreas=4;&#13;&#10;&#9;&#9;cardHash.get(64).badStuff=&quot;level&quot;;&#13;&#10;&#9;&#9;cardHash.get(64).badLevel=-3;&#13;&#10;&#9;&#9;cardHash.get(65).monsterLevel=14;&#13;&#10;&#9;&#9;cardHash.get(65).numTreas=4;&#13;&#10;&#9;&#9;cardHash.get(65).badStuff=&quot;level&quot;;&#13;&#10;&#9;&#9;cardHash.get(65).badLevel=-1;&#13;&#10;&#9;&#9;cardHash.get(65).monsterLevelBonus=3;&#13;&#10;&#9;&#9;cardHash.get(65).condForBonus=&quot;Monster Whackers&quot;;&#9;&#9;&#13;&#10;&#9;&#9;cardHash.get(66).monsterLevelBonus=5;&#13;&#10;&#9;&#9;cardHash.get(66).bonusTreasure=1;&#13;&#10;&#9;&#9;cardHash.get(84).numGold = 500;&#13;&#10;&#9;&#9;cardHash.get(84).numHands = 2;&#13;&#10;&#9;&#9;cardHash.get(84).pLevelBonus = 4;&#13;&#10;&#9;&#9;cardHash.get(85).numGold = 600;&#13;&#10;&#9;&#9;cardHash.get(86).numGold = 200;&#13;&#10;&#9;&#9;cardHash.get(86).numHands = 1;&#13;&#10;&#9;&#9;cardHash.get(86).pLevelBonus = 2;&#13;&#10;&#9;&#9;cardHash.get(87).numGold = 200;&#13;&#10;&#9;&#9;cardHash.get(87).pLevelBonus = 1;&#13;&#10;&#9;&#9;cardHash.get(88).numGold = 300;&#13;&#10;&#9;&#9;cardHash.get(88).numHands = 1;&#13;&#10;&#9;&#9;cardHash.get(88).pLevelBonus = 2;&#13;&#10;&#9;&#9;cardHash.get(89).goUpALevel = true;&#13;&#10;&#9;&#9;cardHash.get(90).numGold = 100;&#13;&#10;&#9;&#9;cardHash.get(90).numUse = 1;&#13;&#10;&#9;&#9;cardHash.get(90).forMe = false;&#13;&#10;&#9;&#9;cardHash.get(90).pLevelBonus = 3;&#13;&#10;&#9;&#9;cardHash.get(90).monsterLevelBonus = 3;&#13;&#10;&#9;&#9;cardHash.get(94).goUpALevel = true;&#13;&#10;&#9;&#9;cardHash.get(97).numGold = 700;&#13;&#10;&#9;&#9;cardHash.get(97).pLevelBonus = 3;&#13;&#10;&#9;&#9;cardHash.get(97).NotUsableBy = &quot;Monster Whacker&quot;;&#13;&#10;&#9;&#9;cardHash.get(98).numGold=800;&#13;&#10;&#9;&#9;cardHash.get(98).pLevelBonus=4;&#13;&#10;&#9;&#9;cardHash.get(98).numHands=2;&#13;&#10;&#9;&#9;cardHash.get(99).numGold=300;&#13;&#10;&#9;&#9;cardHash.get(99).pLevelBonus=1;&#13;&#10;&#9;&#9;cardHash.get(99).footGear=true;&#13;&#10;&#9;&#9;cardHash.get(102).goUpALevel=true;&#13;&#10;&#9;&#9;cardHash.get(104).goUpALevel=true;&#13;&#10;&#9;&#9;cardHash.get(107).goUpALevel=true;&#13;&#10;&#9;&#9;cardHash.get(111).numGold=400;&#13;&#10;&#9;&#9;cardHash.get(111).pLevelBonus=2;&#13;&#10;&#9;&#9;cardHash.get(111).headGear=true;&#13;&#10;&#9;&#9;cardHash.get(112).numGold=100;&#13;&#10;&#9;&#9;cardHash.get(112).pLevelBonus=1;&#13;&#10;&#9;&#9;cardHash.get(112).armor=true;&#13;&#10;&#9;}&#13;&#10;&#9;&#13;&#10;&#9;public void addConditionsForSelect() {&#13;&#10;&#9;&#9;&#13;&#10;&#9;&#9;cardHash.get(2).monsterLevel = 2;&#13;&#10;&#9;&#9;cardHash.get(2).monsterLevelCondBonus = 3;&#13;&#10;&#9;&#9;cardHash.get(2).numTreas = 1;&#13;&#10;&#9;&#9;cardHash.get(2).condForBonus = &quot;Monster Whacker&quot;;&#13;&#10;&#9;&#9;&#13;&#10;&#9;&#9;cardHash.get(4).numTreas = 1;&#13;&#10;&#9;&#9;cardHash.get(4).monsterLevel = 1;&#13;&#10;&#9;&#13;&#10;&#9;&#9;cardHash.get(7).monsterLevel = 2;&#13;&#10;&#9;&#9;cardHash.get(7).monsterLevelCondBonus = 4;&#13;&#10;&#9;&#9;cardHash.get(7).numTreas = 1;&#13;&#10;&#9;&#9;cardHash.get(7).condForBonus = &quot;Females&quot;;&#13;&#10;&#9;&#9;&#13;&#10;&#9;&#9;&#13;&#10;&#9;&#9;cardHash.get(29).monsterLevelBonus = 10;&#13;&#10;&#9;&#9;cardHash.get(29).bonusTreasure = 2;&#13;&#10;&#13;&#10;&#9;&#9;&#13;&#10;&#9;&#9;cardHash.get(42).monsterLevelBonus = -5;&#13;&#10;&#9;&#9;cardHash.get(42).badStuff = &quot;treas&quot;;&#13;&#10;&#9;&#9;cardHash.get(42).badTreas = -1;&#13;&#10;&#9;&#9;cardHash.get(84).numGold = 500;&#13;&#10;&#9;&#9;cardHash.get(84).numHands = 2;&#13;&#10;&#9;&#9;cardHash.get(84).pLevelBonus = 4;&#13;&#10;&#9;&#9;cardHash.get(85).numGold = 600;&#13;&#10;&#9;&#9;cardHash.get(86).numGold = 200;&#13;&#10;&#9;&#9;cardHash.get(86).numHands = 1;&#13;&#10;&#9;&#9;cardHash.get(86).pLevelBonus = 2;&#13;&#10;&#9;&#9;cardHash.get(87).numGold = 200;&#13;&#10;&#9;&#9;cardHash.get(87).pLevelBonus = 1;&#13;&#10;&#9;&#9;cardHash.get(88).numGold = 300;&#13;&#10;&#9;&#9;cardHash.get(88).numHands = 1;&#13;&#10;&#9;&#9;cardHash.get(88).pLevelBonus = 2;&#13;&#10;&#9;&#9;cardHash.get(89).goUpALevel = true;&#13;&#10;&#9;&#9;cardHash.get(90).numGold = 100;&#13;&#10;&#9;&#9;cardHash.get(90).numUse = 1;&#13;&#10;&#9;&#9;cardHash.get(90).forMe = false;&#13;&#10;&#9;&#9;cardHash.get(90).pLevelBonus = 3;&#13;&#10;&#9;&#9;cardHash.get(90).monsterLevelBonus = 3;&#13;&#10;&#9;&#9;cardHash.get(94).goUpALevel = true;&#13;&#10;&#9;&#9;cardHash.get(97).numGold = 700;&#13;&#10;&#9;&#9;cardHash.get(97).pLevelBonus = 3;&#13;&#10;&#9;&#9;cardHash.get(97).NotUsableBy = &quot;Monster Whacker&quot;;&#13;&#10;&#9;&#9;cardHash.get(98).numGold=800;&#13;&#10;&#9;&#9;cardHash.get(98).pLevelBonus=4;&#13;&#10;&#9;&#9;cardHash.get(98).numHands=2;&#13;&#10;&#9;&#9;cardHash.get(99).numGold=300;&#13;&#10;&#9;&#9;cardHash.get(99).pLevelBonus=1;&#13;&#10;&#9;&#9;cardHash.get(99).footGear=true;&#13;&#10;&#9;&#9;&#13;&#10;&#9;}&#13;&#10;&#13;&#10;&#9;public HashMap&lt;Integer, Card&gt; getCardHash() {&#13;&#10;&#9;&#9;return cardHash;&#13;&#10;&#9;}&#13;&#10;&#13;&#10;&#13;&#10;}&#13;&#10;" Filename="InitializeCards.java" Intrnl_Id="2"/>
<SrcFile Content="import java.io.File;&#13;&#10;import java.io.IOException;&#13;&#10;import java.util.ArrayList;&#13;&#10;import java.util.HashMap;&#13;&#10;import java.util.Random;&#13;&#10;&#13;&#10;import javax.imageio.ImageIO;&#13;&#10;&#13;&#10;public class Game {&#13;&#10;&#9;ArrayList&lt;Integer&gt; doors = new ArrayList&lt;Integer&gt;();&#13;&#10;&#9;ArrayList&lt;Integer&gt; treasures = new ArrayList&lt;Integer&gt;();&#13;&#10;&#9;ArrayList&lt;Integer&gt; discards = new ArrayList&lt;Integer&gt;();&#13;&#10;&#9;Player p1 = new Player(&quot;p1&quot;);&#13;&#10;&#9;Player p2 = new Player(&quot;p2&quot;);&#13;&#10;&#9;Player currentPlayer = new Player(&quot;p1&quot;);&#13;&#10;&#9;int turnPlayer;&#13;&#10;&#9;CardFunc funcs = new CardFunc(this);&#13;&#10;&#9;int mInPlay = 0; //0 indicates no monster, otherwise card number goes here.&#13;&#10;&#9;int mLevel = 0; //0 indicates no monster, otherwise monster level goes here.&#13;&#10;&#9;MFrame mframe;&#13;&#10;&#9;&#13;&#10;&#9;&#13;&#10;&#13;&#10;&#9;public Game(ArrayList&lt;Integer&gt; doors, ArrayList&lt;Integer&gt; treasures) {&#13;&#10; &#9;&#9;this.doors = doors;&#13;&#10;&#9;&#9;this.treasures = treasures;&#13;&#10;&#9;&#9;this.turnPlayer=1;&#13;&#10;&#9;}&#13;&#10;&#9;&#13;&#10;&#9;public void changePlayer() {&#13;&#10;&#9;&#9;if(turnPlayer == 1) {&#13;&#10;&#9;&#9;&#9;currentPlayer = p2;&#13;&#10;&#9;&#9;&#9;turnPlayer = 2;&#13;&#10;&#9;&#9;} else {&#13;&#10;&#9;&#9;&#9;currentPlayer = p1;&#13;&#10;&#9;&#9;&#9;turnPlayer = 1;&#13;&#10;&#9;&#9;}&#13;&#10;&#9;}&#13;&#10;&#9;&#13;&#10;&#13;&#10;&#9;public ArrayList&lt;Integer&gt; shuffle(ArrayList&lt;Integer&gt; cards) {&#13;&#10;&#9;&#9;Random rand = new Random();&#13;&#10;&#9;&#9;for (int i = cards.size() - 1; i &gt; 0; i--) {&#13;&#10;&#9;&#9;&#9;int randNum = rand.nextInt(i);&#13;&#10;&#9;&#9;&#9;int temp = cards.get(randNum);&#13;&#10;&#9;&#9;&#9;cards.set(randNum, cards.get(i));&#13;&#10;&#9;&#9;&#9;cards.set(i, temp);&#13;&#10;&#9;&#9;}&#13;&#10;&#9;&#9;return cards;&#13;&#10;&#9;}&#13;&#10;&#9;&#13;&#10;&#9;public void setInitialCards(){&#13;&#10;&#9;&#9;p1.pHand=this.dealCards();&#13;&#10;&#9;&#9;p2.pHand=this.dealCards();&#13;&#10;&#9;}&#13;&#10;&#13;&#10;&#9;&#13;&#10;&#9;public ArrayList&lt;Integer&gt; dealCards() {&#13;&#10;&#9;&#9;ArrayList&lt;Integer&gt; deal = new ArrayList&lt;Integer&gt;();&#13;&#10;&#9;&#9;doors = shuffle(doors);&#13;&#10;&#9;&#9;treasures = shuffle(treasures);&#13;&#10;&#9;&#9;for (int i = 0; i &lt;= 3; i++) {&#13;&#10;&#9;&#9;&#9;deal.add(doors.get(doors.size() - 1));&#13;&#10;&#9;&#9;&#9;deal.add(treasures.get(treasures.size()-1));&#13;&#10;&#9;&#9;&#9;doors.remove(doors.get(doors.size() - 1));&#13;&#10;&#9;&#9;&#9;treasures.remove(treasures.get(treasures.size()-1));&#13;&#10;&#9;&#9;&#9;&#13;&#10;&#9;&#9;}&#13;&#10;&#9;&#9;return deal;&#13;&#10;&#9;}&#13;&#10;&#9;//This function will not deal another card if the player hand size equals 8&#13;&#10;&#9;public boolean dealNewCard(ArrayList&lt;Integer&gt; cards, Player p){&#13;&#10;&#9;&#9;int size = cards.size()-1;&#13;&#10;&#9;&#9;if(p.pHand.size() &lt; 8) {&#13;&#10;&#9;&#9;&#9;p.pHand.add(cards.get(size));&#13;&#10;&#9;&#9;&#9;try {&#13;&#10;&#9;&#9;&#9;&#9;this.mframe.mainPanel.bCardPanel.largeCard = ImageIO.read(new File (&quot;src\\m&quot;+(cards.get(size))+&quot;.PNG&quot;));&#13;&#10;&#9;&#9;&#9;&#9;this.mframe.mainPanel.bCardPanel.repaint();&#13;&#10;&#9;&#9;&#9;} catch (IOException e) {&#13;&#10;&#9;&#9;&#9;&#9;System.out.println(&quot;error reading card in GAME&quot;);&#13;&#10;&#9;&#9;&#9;&#9;e.printStackTrace();&#13;&#10;&#9;&#9;&#9;}&#13;&#10;&#9;&#9;&#9;cards.remove(size);&#13;&#10;&#9;&#9;&#9;return true;&#13;&#10;&#9;&#9;} return false;&#13;&#10;&#9;}&#13;&#10;&#9;&#13;&#10;&#9;public boolean dealNewCardTest(ArrayList&lt;Integer&gt; cards, Player p){&#13;&#10;&#9;&#9;int size = cards.size()-1;&#13;&#10;&#9;&#9;if(p.pHand.size() &lt; 8) {&#13;&#10;&#9;&#9;&#9;p.pHand.add(cards.get(size));&#13;&#10;&#9;&#9;&#9;cards.remove(size);&#13;&#10;&#9;&#9;&#9;return true;&#13;&#10;&#9;&#9;} return false;&#13;&#10;&#9;}&#13;&#10;&#9;&#13;&#10;&#9;public boolean mustDiscard(Player p) {&#13;&#10;&#9;&#9;return p.pHand.size()&gt;=8;&#13;&#10;&#9;}&#13;&#10;&#9;&#13;&#10;&#9;public boolean discardCard(Player p, int card) {&#13;&#10;&#9;&#9;if(p.pHand.contains(card)) {&#13;&#10;&#9;&#9;&#9;p.pHand.remove(p.pHand.indexOf(card));&#13;&#10;&#9;&#9;&#9;discards.add(card);&#13;&#10;&#9;&#9;&#9;return true;&#13;&#10;&#9;&#9;}return false;&#13;&#10;&#9;}&#13;&#10;&#9;&#13;&#10;&#9;public ArrayList&lt;Integer&gt; returnDiscardPile() {&#13;&#10;&#9;&#9;return discards;&#13;&#10;&#9;}&#13;&#10;&#9;&#13;&#10;&#9;//num==0 indicates a random value. otherwise, use given value.&#13;&#10;&#9;public int rollDice(int num) {&#13;&#10;&#9;&#9;if(num==0){&#13;&#10;&#9;&#9;&#9;Random rand = new Random();&#13;&#10;&#9;&#9;&#9;return rand.nextInt(6) + 1;&#13;&#10;&#9;&#9;}&#13;&#10;&#9;&#9;else{&#13;&#10;&#9;&#9;&#9;return num;&#13;&#10;&#9;&#9;}&#13;&#10;&#9;&#9;&#13;&#10;&#9;}&#13;&#10;&#9;&#13;&#10;&#9;public void updateMLevel(int cardToMove){&#13;&#10;&#9;&#9;InitializeCards ic = new InitializeCards();&#13;&#10;&#9;&#9;if (cardToMove &lt; 83) { //if the card is a door card being put in play: &#13;&#10;&#9;&#9;Card cardInPlay = ic.getCardHash().get(cardToMove);&#13;&#10;&#9;&#9;if(this.mLevel==0){ //if a monster is in play, don't want to override&#13;&#10;&#9;&#9;&#9;&#9;&#9;&#9;&#9;&#9;//with another door card.&#13;&#10;&#9;&#9;&#9;//myGame.mInPlay=cardInPlay.num;&#13;&#10;&#9;&#9;&#9;System.out.println(cardToMove);&#13;&#10;&#9;&#9;&#9;this.mLevel = ic.getCardHash().get(cardToMove).monsterLevel;&#13;&#10;&#9;&#9;&#9;&#9;&#9;&#13;&#10;&#9;&#9;}&#13;&#10;&#9;&#9;if (this.mInPlay != 0) {&#13;&#10;&#9;&#9;&#9;//myGame.mLevel = ic.getCardHash().get(cardToMove).monsterLevel+myGame.mLevel;&#13;&#10;&#9;&#9;&#9;&#9;&#13;&#10;&#9;&#9;}&#13;&#10;&#9;&#13;&#10;&#9;}&#13;&#10;&#9;}&#13;&#10;&#13;&#10;&#13;&#10;}&#13;&#10;" Filename="Game.java" Intrnl_Id="3"/>
<SrcFile Content="import java.io.IOException;&#13;&#10;&#13;&#10;&#13;&#10;public class CardFunc {&#13;&#10;&#9;public Game myGame;&#13;&#10;&#9;public Player p;&#13;&#10;&#9;public CardFunc(Game game){&#13;&#10;&#9;&#9;this.myGame=game;&#13;&#10;&#9;&#9;if (myGame.turnPlayer==1){&#13;&#10;&#9;&#9;&#9;p=myGame.p1;&#13;&#10;&#9;&#9;}&#13;&#10;&#9;&#9;else{&#13;&#10;&#9;&#9;&#9;p=myGame.p2;&#13;&#10;&#9;&#9;}&#13;&#10;&#9;&#9;&#13;&#10;&#9;}&#13;&#10;&#9;&#13;&#10;&#9;public void func1Init() {&#13;&#10;&#9;&#9;myGame.currentPlayer.cLevel -= 5;&#13;&#10;&#9;}&#13;&#10;&#9;&#13;&#10;&#9;public void func1(boolean checkWin) throws IOException {&#13;&#10;&#9;&#9;//+5 to Monster&#13;&#10;&#9;&#9;//If win, draw extra treasure&#13;&#10;&#9;&#9;if(checkWin) {&#13;&#10;&#9;&#9;&#9;myGame.dealNewCardTest(myGame.treasures, myGame.currentPlayer);&#13;&#10;&#9;&#9;}&#13;&#10;&#9;}&#13;&#10;&#9;&#13;&#10;&#9;public void func2Init() {&#13;&#10;&#9;&#9;if(myGame.currentPlayer.className.equals(&quot;Monster Whacker&quot;)) {&#13;&#10;&#9;&#9;&#9;myGame.currentPlayer.cLevel -= 3;&#13;&#10;&#9;&#9;}&#13;&#10;&#9;}&#13;&#10;&#9;&#13;&#10;&#9;public void func2(boolean checkWin) {&#13;&#10;&#9;&#9;if(checkWin) {&#13;&#10;&#9;&#9;&#9;myGame.dealNewCardTest(myGame.treasures, myGame.currentPlayer);&#13;&#10;&#9;&#9;}else {&#13;&#10;&#9;&#9;&#9;if(!myGame.currentPlayer.className.equals(&quot;Cultist&quot;)) {&#13;&#10;&#9;&#9;&#9;&#9;myGame.currentPlayer.className = &quot;&quot;;&#9;&#9;&#9;&#9;&#13;&#10;&#9;&#9;&#9;&#9;//Need to discard any class card in play&#13;&#10;&#9;&#9;&#9;}&#13;&#10;&#9;&#9;}&#13;&#10;&#9;}&#13;&#10;&#9;&#13;&#10;&#9;public void func7Init() {&#13;&#10;&#9;&#9;if(myGame.currentPlayer.gender == 'F') {&#13;&#10;&#9;&#9;&#9;myGame.currentPlayer.cLevel += 4;&#13;&#10;&#9;&#9;}&#13;&#10;&#9;}&#13;&#10;&#9;&#13;&#10;&#9;public void func7(boolean checkWin) {&#13;&#10;&#9;&#9;if(checkWin) {&#13;&#10;&#9;&#9;&#9;myGame.dealNewCardTest(myGame.treasures, myGame.currentPlayer);&#13;&#10;&#9;&#9;} else {&#13;&#10;&#9;&#9;&#9;//Discard a card in your hand&#13;&#10;&#9;&#9;&#9;myGame.discardCard(myGame.currentPlayer, myGame.currentPlayer.pHand.get(0));&#13;&#10;&#9;&#9;}&#13;&#10;&#9;}&#13;&#10;&#9;&#13;&#10;&#9;public void func8Init() {&#13;&#10;&#9;&#9;if(myGame.currentPlayer.pHand.size()%2 == 0) {&#13;&#10;&#9;&#9;&#9;myGame.currentPlayer.cLevel -= 3;&#13;&#10;&#9;&#9;} &#13;&#10;&#9;}&#13;&#10;&#9;&#13;&#10;&#9;public void func8(boolean checkWin) {&#13;&#10;&#9;&#9;if(checkWin) {&#13;&#10;&#9;&#9;&#9;myGame.dealNewCardTest(myGame.treasures, myGame.currentPlayer);&#13;&#10;&#9;&#9;&#9;myGame.dealNewCardTest(myGame.treasures, myGame.currentPlayer);&#13;&#10;&#9;&#9;}&#13;&#10;&#9;}&#13;&#10;&#9;&#13;&#10;&#9;public void end(){&#13;&#10;&#9;&#9;if(myGame.turnPlayer==1){&#13;&#10;&#9;&#9;&#9;myGame.p1=p;&#13;&#10;&#9;&#9;}&#13;&#10;&#9;&#9;else{&#13;&#10;&#9;&#9;&#9;myGame.p2=p;&#13;&#10;&#9;&#9;}&#13;&#10;&#9;}&#13;&#10;&#13;&#10;}&#13;&#10;" Filename="CardFunc.java" Intrnl_Id="4"/>
<SrcFile Content="import java.util.HashMap;&#13;&#10;&#13;&#10;public class Card {&#13;&#10;&#9;public String NotUsableBy = &quot;&quot;;&#13;&#10;&#9;public int num;&#13;&#10;&#9;public String name;&#13;&#10;&#9;public int addNum;&#13;&#10;&#9;public int monsterLevel=0; //is 0 if not a monster&#13;&#10;&#9;public String badStuff=&quot;&quot;; //gold or treas or level or items&#13;&#10;&#9;public int badGold;&#13;&#10;&#9;public int badTreas;&#13;&#10;&#9;public int badLevel;&#13;&#10;&#9;public int badItems;&#13;&#10;&#9;public int numTreas;&#13;&#10;&#9;public int monsterLevelBonus = 0; //always execute&#13;&#10;&#9;public int monsterLevelCondBonus; //only execute if certain condition is met&#13;&#10;&#9;public String condForBonus;&#13;&#10;&#9;public boolean inPlay;&#13;&#10;&#9;public int numGold;&#13;&#10;&#9;public int numHands;&#13;&#10;&#9;public boolean footGear;&#13;&#10;&#9;public boolean headGear;&#13;&#10;&#9;public int pLevelBonus=0;&#13;&#10;&#9;public boolean goUpALevel;&#13;&#10;&#9;public boolean forMe;&#13;&#10;&#9;public int numUse;&#13;&#10;&#9;public int bonusTreasure=0;&#13;&#10;&#9;boolean readyToPlay=false; //means card is implemented enough to be in demo.&#13;&#10;&#9;public int selfOrOther; //1 for other&#13;&#10;&#9;public boolean armor;&#13;&#10;&#9;public boolean discard=true; //true means discard at end of combat. false means keep.&#13;&#10;&#9;&#13;&#10;&#9;&#13;&#10;&#9;&#13;&#10;&#9;&#13;&#10;&#9;public Card(int num, String name) {&#13;&#10;&#9;&#9;this.num = num;&#13;&#10;&#9;&#9;this.name = name;&#13;&#10;&#9;&#9;&#13;&#10;&#9;&#9;&#13;&#10;&#9;&#9;&#9;&#13;&#10;&#9;}&#13;&#10;&#9;&#13;&#10;&#9;public String getName(){&#13;&#10;&#9;&#9;return this.name;&#13;&#10;&#9;}&#13;&#10;&#9;&#13;&#10;&#9;public int getNumber(){&#13;&#10;&#9;&#9;return this.num;&#13;&#10;&#9;}&#13;&#10;&#13;&#10;}&#13;&#10;" Filename="Card.java" Intrnl_Id="5"/>
</SrcFileList>
<CritList>
<CritListEntry Name="org.codecover.model.utils.criteria.LoopCoverage" PluginName="org.codecover"/>
<CritListEntry Name="org.codecover.model.utils.criteria.QMOCoverage" PluginName="org.codecover"/>
<CritListEntry Name="org.codecover.model.utils.criteria.ConditionCoverage" PluginName="org.codecover"/>
<CritListEntry Name="org.codecover.model.utils.criteria.BranchCoverage" PluginName="org.codecover"/>
<CritListEntry Name="org.codecover.model.utils.criteria.SynchronizedStatementCoverage" PluginName="org.codecover"/>
<CritListEntry Name="org.codecover.model.utils.criteria.StatementCoverage" PluginName="org.codecover"/>
</CritList>
<BoolOpList>
<BoolOp Arity="1" Intrnl_Id="6" Name="not (!)">
<BoolAssgnmntBoolMapList>
<MapEntry BoolAssgnmnt="1" Value="false"/>
<MapEntry BoolAssgnmnt="0" Value="true"/>
</BoolAssgnmntBoolMapList>
</BoolOp>
</BoolOpList>
<HierarchyLvlTypeList>
<HierarchyLvlType EnglishName="method" IntrnlName="method" Intrnl_Id="7"/>
<HierarchyLvlType EnglishName="class" IntrnlName="class" Intrnl_Id="8"/>
<HierarchyLvlType EnglishName="default package" IntrnlName="default package" Intrnl_Id="9"/>
</HierarchyLvlTypeList>
<MASTRoot>
<HierarchyLvl HierarchyLvlId="2950" HierarchyLvlTypeId="9" Intrnl_Id="10" Name="default package">
<Header/>
<LocList/>
<HierarchyLvl HierarchyLvlId="2913" HierarchyLvlTypeId="8" Intrnl_Id="11" Name="Player">
<Header>
<Loc EndOffset="52" SrcFileId="1" StartOffset="33"/>
</Header>
<LocList>
<Loc EndOffset="2057" SrcFileId="1" StartOffset="33"/>
</LocList>
<StmntSeq Intrnl_Id="12">
<LocList>
<Loc EndOffset="142" SrcFileId="1" StartOffset="83"/>
<Loc EndOffset="235" SrcFileId="1" StartOffset="176"/>
<Loc EndOffset="290" SrcFileId="1" StartOffset="265"/>
<Loc EndOffset="313" SrcFileId="1" StartOffset="293"/>
<Loc EndOffset="366" SrcFileId="1" StartOffset="341"/>
<Loc EndOffset="476" SrcFileId="1" StartOffset="419"/>
</LocList>
<BasicStmnt CovItemId="S1" CovItemPrefix="Player.java" Intrnl_Id="13">
<LocList>
<Loc EndOffset="142" SrcFileId="1" StartOffset="83"/>
</LocList>
</BasicStmnt>
<BasicStmnt CovItemId="S2" CovItemPrefix="Player.java" Intrnl_Id="14">
<LocList>
<Loc EndOffset="235" SrcFileId="1" StartOffset="176"/>
</LocList>
</BasicStmnt>
<BasicStmnt CovItemId="S3" CovItemPrefix="Player.java" Intrnl_Id="15">
<LocList>
<Loc EndOffset="290" SrcFileId="1" StartOffset="265"/>
</LocList>
</BasicStmnt>
<BasicStmnt CovItemId="S4" CovItemPrefix="Player.java" Intrnl_Id="16">
<LocList>
<Loc EndOffset="313" SrcFileId="1" StartOffset="293"/>
</LocList>
</BasicStmnt>
<BasicStmnt CovItemId="S5" CovItemPrefix="Player.java" Intrnl_Id="17">
<LocList>
<Loc EndOffset="366" SrcFileId="1" StartOffset="341"/>
</LocList>
</BasicStmnt>
<BasicStmnt CovItemId="S6" CovItemPrefix="Player.java" Intrnl_Id="18">
<LocList>
<Loc EndOffset="476" SrcFileId="1" StartOffset="419"/>
</LocList>
</BasicStmnt>
</StmntSeq>
<HierarchyLvl HierarchyLvlId="2907" HierarchyLvlTypeId="7" Intrnl_Id="19" Name="Player">
<Header>
<Loc EndOffset="508" SrcFileId="1" StartOffset="482"/>
</Header>
<LocList>
<Loc EndOffset="542" SrcFileId="1" StartOffset="482"/>
</LocList>
<StmntSeq Intrnl_Id="20">
<LocList>
<Loc EndOffset="534" SrcFileId="1" StartOffset="513"/>
</LocList>
<BasicStmnt CovItemId="S7" CovItemPrefix="Player.java" Intrnl_Id="21">
<LocList>
<Loc EndOffset="534" SrcFileId="1" StartOffset="513"/>
</LocList>
</BasicStmnt>
</StmntSeq>
</HierarchyLvl>
<HierarchyLvl HierarchyLvlId="2908" HierarchyLvlTypeId="7" Intrnl_Id="22" Name="cLevelCalculation">
<Header>
<Loc EndOffset="579" SrcFileId="1" StartOffset="548"/>
</Header>
<LocList>
<Loc EndOffset="763" SrcFileId="1" StartOffset="548"/>
</LocList>
<StmntSeq Intrnl_Id="23">
<LocList>
<Loc EndOffset="622" SrcFileId="1" StartOffset="598"/>
<Loc EndOffset="759" SrcFileId="1" StartOffset="626"/>
</LocList>
<BasicStmnt CovItemId="S8" CovItemPrefix="Player.java" Intrnl_Id="24">
<LocList>
<Loc EndOffset="622" SrcFileId="1" StartOffset="598"/>
</LocList>
</BasicStmnt>
<LoopStmnt CovItemId="S9" CovItemPrefix="Player.java" Intrnl_Id="25" MltplExecId="L1-2" MltplExecPrefix="Player.java" NvrExecId="L1-0" NvrExecPrefix="Player.java" OnceExecutedId="L1-1" OnceExecutedPrefix="Player.java" OptBodyExec="true">
<StmntSeq Intrnl_Id="26">
<LocList>
<Loc EndOffset="718" SrcFileId="1" StartOffset="669"/>
<Loc EndOffset="754" SrcFileId="1" StartOffset="724"/>
</LocList>
<BasicStmnt CovItemId="S10" CovItemPrefix="Player.java" Intrnl_Id="27">
<LocList>
<Loc EndOffset="718" SrcFileId="1" StartOffset="669"/>
</LocList>
</BasicStmnt>
<BasicStmnt CovItemId="S11" CovItemPrefix="Player.java" Intrnl_Id="28">
<LocList>
<Loc EndOffset="754" SrcFileId="1" StartOffset="724"/>
</LocList>
</BasicStmnt>
</StmntSeq>
<Keyword EndOffset="629" SrcFileId="1" StartOffset="626"/>
<LocList>
<Loc EndOffset="759" SrcFileId="1" StartOffset="626"/>
</LocList>
<RootTerm CovItemId="C1" CovItemPrefix="Player.java" Intrnl_Id="29">
<BasicBoolTerm Intrnl_Id="30">
<LocList>
<Loc EndOffset="658" SrcFileId="1" StartOffset="639"/>
</LocList>
</BasicBoolTerm>
</RootTerm>
</LoopStmnt>
</StmntSeq>
</HierarchyLvl>
<HierarchyLvl HierarchyLvlId="2909" HierarchyLvlTypeId="7" Intrnl_Id="31" Name="mLevelBonusCalculation">
<Header>
<Loc EndOffset="804" SrcFileId="1" StartOffset="769"/>
</Header>
<LocList>
<Loc EndOffset="1025" SrcFileId="1" StartOffset="769"/>
</LocList>
<StmntSeq Intrnl_Id="32">
<LocList>
<Loc EndOffset="827" SrcFileId="1" StartOffset="809"/>
<Loc EndOffset="876" SrcFileId="1" StartOffset="831"/>
<Loc EndOffset="998" SrcFileId="1" StartOffset="880"/>
<Loc EndOffset="1021" SrcFileId="1" StartOffset="1002"/>
</LocList>
<BasicStmnt CovItemId="S12" CovItemPrefix="Player.java" Intrnl_Id="33">
<LocList>
<Loc EndOffset="827" SrcFileId="1" StartOffset="809"/>
</LocList>
</BasicStmnt>
<BasicStmnt CovItemId="S13" CovItemPrefix="Player.java" Intrnl_Id="34">
<LocList>
<Loc EndOffset="876" SrcFileId="1" StartOffset="831"/>
</LocList>
</BasicStmnt>
<LoopStmnt CovItemId="S14" CovItemPrefix="Player.java" Intrnl_Id="35" MltplExecId="L2-2" MltplExecPrefix="Player.java" NvrExecId="L2-0" NvrExecPrefix="Player.java" OnceExecutedId="L2-1" OnceExecutedPrefix="Player.java" OptBodyExec="true">
<StmntSeq Intrnl_Id="36">
<LocList>
<Loc EndOffset="993" SrcFileId="1" StartOffset="925"/>
</LocList>
<BasicStmnt CovItemId="S15" CovItemPrefix="Player.java" Intrnl_Id="37">
<LocList>
<Loc EndOffset="993" SrcFileId="1" StartOffset="925"/>
</LocList>
</BasicStmnt>
</StmntSeq>
<Keyword EndOffset="883" SrcFileId="1" StartOffset="880"/>
<LocList>
<Loc EndOffset="998" SrcFileId="1" StartOffset="880"/>
</LocList>
<RootTerm CovItemId="C2" CovItemPrefix="Player.java" Intrnl_Id="38">
<BasicBoolTerm Intrnl_Id="39">
<LocList>
<Loc EndOffset="914" SrcFileId="1" StartOffset="895"/>
</LocList>
</BasicBoolTerm>
</RootTerm>
</LoopStmnt>
<BasicStmnt CovItemId="S16" CovItemPrefix="Player.java" Intrnl_Id="40">
<LocList>
<Loc EndOffset="1021" SrcFileId="1" StartOffset="1002"/>
</LocList>
</BasicStmnt>
</StmntSeq>
</HierarchyLvl>
<HierarchyLvl HierarchyLvlId="2910" HierarchyLvlTypeId="7" Intrnl_Id="41" Name="didIwin">
<Header>
<Loc EndOffset="1064" SrcFileId="1" StartOffset="1031"/>
</Header>
<LocList>
<Loc EndOffset="1243" SrcFileId="1" StartOffset="1031"/>
</LocList>
<StmntSeq Intrnl_Id="42">
<LocList>
<Loc EndOffset="1101" SrcFileId="1" StartOffset="1069"/>
<Loc EndOffset="1239" SrcFileId="1" StartOffset="1105"/>
</LocList>
<BasicStmnt CovItemId="S17" CovItemPrefix="Player.java" Intrnl_Id="43">
<LocList>
<Loc EndOffset="1101" SrcFileId="1" StartOffset="1069"/>
</LocList>
</BasicStmnt>
<CondStmnt CovItemId="S18" CovItemPrefix="Player.java" Intrnl_Id="44">
<Branch CovItemId="B1" CovItemPrefix="Player.java" Implct="false" Intrnl_Id="45">
<Cond/>
<LocList>
<Loc EndOffset="1176" SrcFileId="1" StartOffset="1121"/>
</LocList>
<StmntSeq Intrnl_Id="46">
<LocList>
<Loc EndOffset="1171" SrcFileId="1" StartOffset="1127"/>
</LocList>
<BasicStmnt CovItemId="S19" CovItemPrefix="Player.java" Intrnl_Id="47">
<LocList>
<Loc EndOffset="1171" SrcFileId="1" StartOffset="1127"/>
</LocList>
</BasicStmnt>
</StmntSeq>
</Branch>
<Branch CovItemId="B2" CovItemPrefix="Player.java" Implct="false" Intrnl_Id="48">
<Cond>
<Loc EndOffset="1184" SrcFileId="1" StartOffset="1180"/>
</Cond>
<LocList>
<Loc EndOffset="1239" SrcFileId="1" StartOffset="1184"/>
</LocList>
<StmntSeq Intrnl_Id="49">
<LocList>
<Loc EndOffset="1234" SrcFileId="1" StartOffset="1190"/>
</LocList>
<BasicStmnt CovItemId="S20" CovItemPrefix="Player.java" Intrnl_Id="50">
<LocList>
<Loc EndOffset="1234" SrcFileId="1" StartOffset="1190"/>
</LocList>
</BasicStmnt>
</StmntSeq>
</Branch>
<Keyword EndOffset="1107" SrcFileId="1" StartOffset="1105"/>
<LocList>
<Loc EndOffset="1239" SrcFileId="1" StartOffset="1105"/>
</LocList>
<RootTerm CovItemId="C3" CovItemPrefix="Player.java" Intrnl_Id="51">
<BasicBoolTerm Intrnl_Id="52">
<LocList>
<Loc EndOffset="1120" SrcFileId="1" StartOffset="1108"/>
</LocList>
</BasicBoolTerm>
</RootTerm>
</CondStmnt>
</StmntSeq>
</HierarchyLvl>
<HierarchyLvl HierarchyLvlId="2911" HierarchyLvlTypeId="7" Intrnl_Id="53" Name="didIwinHelper">
<Header>
<Loc EndOffset="1313" SrcFileId="1" StartOffset="1249"/>
</Header>
<LocList>
<Loc EndOffset="1791" SrcFileId="1" StartOffset="1249"/>
</LocList>
<StmntSeq Intrnl_Id="54">
<LocList>
<Loc EndOffset="1405" SrcFileId="1" StartOffset="1318"/>
<Loc EndOffset="1500" SrcFileId="1" StartOffset="1409"/>
<Loc EndOffset="1587" SrcFileId="1" StartOffset="1504"/>
<Loc EndOffset="1652" SrcFileId="1" StartOffset="1591"/>
<Loc EndOffset="1679" SrcFileId="1" StartOffset="1656"/>
<Loc EndOffset="1755" SrcFileId="1" StartOffset="1706"/>
<Loc EndOffset="1787" SrcFileId="1" StartOffset="1759"/>
</LocList>
<BasicStmnt CovItemId="S21" CovItemPrefix="Player.java" Intrnl_Id="55">
<LocList>
<Loc EndOffset="1405" SrcFileId="1" StartOffset="1318"/>
</LocList>
</BasicStmnt>
<BasicStmnt CovItemId="S22" CovItemPrefix="Player.java" Intrnl_Id="56">
<LocList>
<Loc EndOffset="1500" SrcFileId="1" StartOffset="1409"/>
</LocList>
</BasicStmnt>
<BasicStmnt CovItemId="S23" CovItemPrefix="Player.java" Intrnl_Id="57">
<LocList>
<Loc EndOffset="1587" SrcFileId="1" StartOffset="1504"/>
</LocList>
</BasicStmnt>
<BasicStmnt CovItemId="S24" CovItemPrefix="Player.java" Intrnl_Id="58">
<LocList>
<Loc EndOffset="1652" SrcFileId="1" StartOffset="1591"/>
</LocList>
</BasicStmnt>
<BasicStmnt CovItemId="S25" CovItemPrefix="Player.java" Intrnl_Id="59">
<LocList>
<Loc EndOffset="1679" SrcFileId="1" StartOffset="1656"/>
</LocList>
</BasicStmnt>
<BasicStmnt CovItemId="S26" CovItemPrefix="Player.java" Intrnl_Id="60">
<LocList>
<Loc EndOffset="1755" SrcFileId="1" StartOffset="1706"/>
</LocList>
</BasicStmnt>
<BasicStmnt CovItemId="S27" CovItemPrefix="Player.java" Intrnl_Id="61">
<LocList>
<Loc EndOffset="1787" SrcFileId="1" StartOffset="1759"/>
</LocList>
</BasicStmnt>
</StmntSeq>
</HierarchyLvl>
<HierarchyLvl HierarchyLvlId="2912" HierarchyLvlTypeId="7" Intrnl_Id="62" Name="consequence">
<Header>
<Loc EndOffset="1840" SrcFileId="1" StartOffset="1797"/>
</Header>
<LocList>
<Loc EndOffset="2054" SrcFileId="1" StartOffset="1797"/>
</LocList>
<StmntSeq Intrnl_Id="63">
<LocList>
<Loc EndOffset="1890" SrcFileId="1" StartOffset="1846"/>
<Loc EndOffset="2050" SrcFileId="1" StartOffset="1894"/>
</LocList>
<BasicStmnt CovItemId="S28" CovItemPrefix="Player.java" Intrnl_Id="64">
<LocList>
<Loc EndOffset="1890" SrcFileId="1" StartOffset="1846"/>
</LocList>
</BasicStmnt>
<CondStmnt CovItemId="S29" CovItemPrefix="Player.java" Intrnl_Id="65">
<Branch CovItemId="B3" CovItemPrefix="Player.java" Implct="false" Intrnl_Id="66">
<Cond/>
<LocList>
<Loc EndOffset="2050" SrcFileId="1" StartOffset="1904"/>
</LocList>
<StmntSeq Intrnl_Id="67">
<LocList>
<Loc EndOffset="1949" SrcFileId="1" StartOffset="1910"/>
<Loc EndOffset="2045" SrcFileId="1" StartOffset="1954"/>
</LocList>
<BasicStmnt CovItemId="S30" CovItemPrefix="Player.java" Intrnl_Id="68">
<LocList>
<Loc EndOffset="1949" SrcFileId="1" StartOffset="1910"/>
</LocList>
</BasicStmnt>
<CondStmnt CovItemId="S31" CovItemPrefix="Player.java" Intrnl_Id="69">
<Branch CovItemId="B5" CovItemPrefix="Player.java" Implct="false" Intrnl_Id="70">
<Cond/>
<LocList>
<Loc EndOffset="2006" SrcFileId="1" StartOffset="1976"/>
</LocList>
<StmntSeq Intrnl_Id="71">
<LocList>
<Loc EndOffset="2000" SrcFileId="1" StartOffset="1983"/>
</LocList>
<BasicStmnt CovItemId="S32" CovItemPrefix="Player.java" Intrnl_Id="72">
<LocList>
<Loc EndOffset="2000" SrcFileId="1" StartOffset="1983"/>
</LocList>
</BasicStmnt>
</StmntSeq>
</Branch>
<Branch CovItemId="B6" CovItemPrefix="Player.java" Implct="false" Intrnl_Id="73">
<Cond>
<Loc EndOffset="2015" SrcFileId="1" StartOffset="2011"/>
</Cond>
<LocList>
<Loc EndOffset="2045" SrcFileId="1" StartOffset="2015"/>
</LocList>
<StmntSeq Intrnl_Id="74">
<LocList>
<Loc EndOffset="2039" SrcFileId="1" StartOffset="2022"/>
</LocList>
<BasicStmnt CovItemId="S33" CovItemPrefix="Player.java" Intrnl_Id="75">
<LocList>
<Loc EndOffset="2039" SrcFileId="1" StartOffset="2022"/>
</LocList>
</BasicStmnt>
</StmntSeq>
</Branch>
<Keyword EndOffset="1956" SrcFileId="1" StartOffset="1954"/>
<LocList>
<Loc EndOffset="2045" SrcFileId="1" StartOffset="1954"/>
</LocList>
<RootTerm CovItemId="C5" CovItemPrefix="Player.java" Intrnl_Id="76">
<BasicBoolTerm Intrnl_Id="77">
<LocList>
<Loc EndOffset="1975" SrcFileId="1" StartOffset="1957"/>
</LocList>
</BasicBoolTerm>
</RootTerm>
</CondStmnt>
</StmntSeq>
</Branch>
<Branch CovItemId="B4" CovItemPrefix="Player.java" Implct="true" Intrnl_Id="78">
<Cond/>
<LocList/>
<StmntSeq Intrnl_Id="79">
<LocList/>
</StmntSeq>
</Branch>
<Keyword EndOffset="1896" SrcFileId="1" StartOffset="1894"/>
<LocList>
<Loc EndOffset="2050" SrcFileId="1" StartOffset="1894"/>
</LocList>
<RootTerm CovItemId="C4" CovItemPrefix="Player.java" Intrnl_Id="80">
<BasicBoolTerm Intrnl_Id="81">
<LocList>
<Loc EndOffset="1903" SrcFileId="1" StartOffset="1897"/>
</LocList>
</BasicBoolTerm>
</RootTerm>
</CondStmnt>
</StmntSeq>
</HierarchyLvl>
</HierarchyLvl>
<HierarchyLvl HierarchyLvlId="2921" HierarchyLvlTypeId="8" Intrnl_Id="82" Name="InitializeCards">
<Header>
<Loc EndOffset="160" SrcFileId="2" StartOffset="132"/>
</Header>
<LocList>
<Loc EndOffset="10315" SrcFileId="2" StartOffset="132"/>
</LocList>
<StmntSeq Intrnl_Id="83">
<LocList>
<Loc EndOffset="235" SrcFileId="2" StartOffset="165"/>
<Loc EndOffset="372" SrcFileId="2" StartOffset="313"/>
<Loc EndOffset="437" SrcFileId="2" StartOffset="375"/>
</LocList>
<BasicStmnt CovItemId="S1" CovItemPrefix="InitializeCards.java" Intrnl_Id="84">
<LocList>
<Loc EndOffset="235" SrcFileId="2" StartOffset="165"/>
</LocList>
</BasicStmnt>
<BasicStmnt CovItemId="S2" CovItemPrefix="InitializeCards.java" Intrnl_Id="85">
<LocList>
<Loc EndOffset="372" SrcFileId="2" StartOffset="313"/>
</LocList>
</BasicStmnt>
<BasicStmnt CovItemId="S3" CovItemPrefix="InitializeCards.java" Intrnl_Id="86">
<LocList>
<Loc EndOffset="437" SrcFileId="2" StartOffset="375"/>
</LocList>
</BasicStmnt>
</StmntSeq>
<HierarchyLvl HierarchyLvlId="2914" HierarchyLvlTypeId="7" Intrnl_Id="87" Name="InitializeCards">
<Header>
<Loc EndOffset="538" SrcFileId="2" StartOffset="488"/>
</Header>
<LocList>
<Loc EndOffset="1078" SrcFileId="2" StartOffset="488"/>
</LocList>
</HierarchyLvl>
<HierarchyLvl HierarchyLvlId="2915" HierarchyLvlTypeId="7" Intrnl_Id="88" Name="InitializeCards">
<Header>
<Loc EndOffset="1107" SrcFileId="2" StartOffset="1083"/>
</Header>
<LocList>
<Loc EndOffset="1541" SrcFileId="2" StartOffset="1083"/>
</LocList>
<StmntSeq Intrnl_Id="89">
<LocList>
<Loc EndOffset="1127" SrcFileId="2" StartOffset="1113"/>
<Loc EndOffset="1145" SrcFileId="2" StartOffset="1131"/>
<Loc EndOffset="1288" SrcFileId="2" StartOffset="1151"/>
<Loc EndOffset="1501" SrcFileId="2" StartOffset="1294"/>
<Loc EndOffset="1535" SrcFileId="2" StartOffset="1505"/>
</LocList>
<BasicStmnt CovItemId="S4" CovItemPrefix="InitializeCards.java" Intrnl_Id="90">
<LocList>
<Loc EndOffset="1127" SrcFileId="2" StartOffset="1113"/>
</LocList>
</BasicStmnt>
<BasicStmnt CovItemId="S5" CovItemPrefix="InitializeCards.java" Intrnl_Id="91">
<LocList>
<Loc EndOffset="1145" SrcFileId="2" StartOffset="1131"/>
</LocList>
</BasicStmnt>
<LoopStmnt CovItemId="S6" CovItemPrefix="InitializeCards.java" Intrnl_Id="92" MltplExecId="L1-2" MltplExecPrefix="InitializeCards.java" NvrExecId="L1-0" NvrExecPrefix="InitializeCards.java" OnceExecutedId="L1-1" OnceExecutedPrefix="InitializeCards.java" OptBodyExec="true">
<StmntSeq Intrnl_Id="93">
<LocList>
<Loc EndOffset="1227" SrcFileId="2" StartOffset="1192"/>
<Loc EndOffset="1261" SrcFileId="2" StartOffset="1232"/>
<Loc EndOffset="1283" SrcFileId="2" StartOffset="1266"/>
</LocList>
<BasicStmnt CovItemId="S7" CovItemPrefix="InitializeCards.java" Intrnl_Id="94">
<LocList>
<Loc EndOffset="1227" SrcFileId="2" StartOffset="1192"/>
</LocList>
</BasicStmnt>
<BasicStmnt CovItemId="S8" CovItemPrefix="InitializeCards.java" Intrnl_Id="95">
<LocList>
<Loc EndOffset="1261" SrcFileId="2" StartOffset="1232"/>
</LocList>
</BasicStmnt>
<BasicStmnt CovItemId="S9" CovItemPrefix="InitializeCards.java" Intrnl_Id="96">
<LocList>
<Loc EndOffset="1283" SrcFileId="2" StartOffset="1266"/>
</LocList>
</BasicStmnt>
</StmntSeq>
<Keyword EndOffset="1154" SrcFileId="2" StartOffset="1151"/>
<LocList>
<Loc EndOffset="1288" SrcFileId="2" StartOffset="1151"/>
</LocList>
<RootTerm CovItemId="C1" CovItemPrefix="InitializeCards.java" Intrnl_Id="97">
<BasicBoolTerm Intrnl_Id="98">
<LocList>
<Loc EndOffset="1179" SrcFileId="2" StartOffset="1167"/>
</LocList>
</BasicBoolTerm>
</RootTerm>
</LoopStmnt>
<LoopStmnt CovItemId="S10" CovItemPrefix="InitializeCards.java" Intrnl_Id="99" MltplExecId="L2-2" MltplExecPrefix="InitializeCards.java" NvrExecId="L2-0" NvrExecPrefix="InitializeCards.java" OnceExecutedId="L2-1" OnceExecutedPrefix="InitializeCards.java" OptBodyExec="true">
<StmntSeq Intrnl_Id="100">
<LocList>
<Loc EndOffset="1496" SrcFileId="2" StartOffset="1359"/>
</LocList>
<CondStmnt CovItemId="S11" CovItemPrefix="InitializeCards.java" Intrnl_Id="101">
<Branch CovItemId="B1" CovItemPrefix="InitializeCards.java" Implct="false" Intrnl_Id="102">
<Cond/>
<LocList>
<Loc EndOffset="1481" SrcFileId="2" StartOffset="1372"/>
</LocList>
<StmntSeq Intrnl_Id="103">
<LocList>
<Loc EndOffset="1414" SrcFileId="2" StartOffset="1379"/>
<Loc EndOffset="1449" SrcFileId="2" StartOffset="1420"/>
<Loc EndOffset="1475" SrcFileId="2" StartOffset="1455"/>
</LocList>
<BasicStmnt CovItemId="S12" CovItemPrefix="InitializeCards.java" Intrnl_Id="104">
<LocList>
<Loc EndOffset="1414" SrcFileId="2" StartOffset="1379"/>
</LocList>
</BasicStmnt>
<BasicStmnt CovItemId="S13" CovItemPrefix="InitializeCards.java" Intrnl_Id="105">
<LocList>
<Loc EndOffset="1449" SrcFileId="2" StartOffset="1420"/>
</LocList>
</BasicStmnt>
<BasicStmnt CovItemId="S14" CovItemPrefix="InitializeCards.java" Intrnl_Id="106">
<LocList>
<Loc EndOffset="1475" SrcFileId="2" StartOffset="1455"/>
</LocList>
</BasicStmnt>
</StmntSeq>
</Branch>
<Branch CovItemId="B2" CovItemPrefix="InitializeCards.java" Implct="false" Intrnl_Id="107">
<Cond>
<Loc EndOffset="1486" SrcFileId="2" StartOffset="1482"/>
</Cond>
<LocList>
<Loc EndOffset="1496" SrcFileId="2" StartOffset="1487"/>
</LocList>
<StmntSeq Intrnl_Id="108">
<LocList/>
</StmntSeq>
</Branch>
<Keyword EndOffset="1361" SrcFileId="2" StartOffset="1359"/>
<LocList>
<Loc EndOffset="1496" SrcFileId="2" StartOffset="1359"/>
</LocList>
<RootTerm CovItemId="C3" CovItemPrefix="InitializeCards.java" Intrnl_Id="109">
<BasicBoolTerm Intrnl_Id="110">
<LocList>
<Loc EndOffset="1370" SrcFileId="2" StartOffset="1363"/>
</LocList>
</BasicBoolTerm>
</RootTerm>
</CondStmnt>
</StmntSeq>
<Keyword EndOffset="1297" SrcFileId="2" StartOffset="1294"/>
<LocList>
<Loc EndOffset="1501" SrcFileId="2" StartOffset="1294"/>
</LocList>
<RootTerm CovItemId="C2" CovItemPrefix="InitializeCards.java" Intrnl_Id="111">
<BasicBoolTerm Intrnl_Id="112">
<LocList>
<Loc EndOffset="1346" SrcFileId="2" StartOffset="1317"/>
</LocList>
</BasicBoolTerm>
</RootTerm>
</LoopStmnt>
<BasicStmnt CovItemId="S15" CovItemPrefix="InitializeCards.java" Intrnl_Id="113">
<LocList>
<Loc EndOffset="1535" SrcFileId="2" StartOffset="1505"/>
</LocList>
</BasicStmnt>
</StmntSeq>
</HierarchyLvl>
<HierarchyLvl HierarchyLvlId="2916" HierarchyLvlTypeId="7" Intrnl_Id="114" Name="InitializeCards">
<Header>
<Loc EndOffset="1583" SrcFileId="2" StartOffset="1547"/>
</Header>
<LocList>
<Loc EndOffset="2006" SrcFileId="2" StartOffset="1547"/>
</LocList>
<StmntSeq Intrnl_Id="115">
<LocList>
<Loc EndOffset="1603" SrcFileId="2" StartOffset="1589"/>
<Loc EndOffset="1621" SrcFileId="2" StartOffset="1607"/>
<Loc EndOffset="1764" SrcFileId="2" StartOffset="1627"/>
<Loc EndOffset="1977" SrcFileId="2" StartOffset="1770"/>
<Loc EndOffset="2002" SrcFileId="2" StartOffset="1981"/>
</LocList>
<BasicStmnt CovItemId="S16" CovItemPrefix="InitializeCards.java" Intrnl_Id="116">
<LocList>
<Loc EndOffset="1603" SrcFileId="2" StartOffset="1589"/>
</LocList>
</BasicStmnt>
<BasicStmnt CovItemId="S17" CovItemPrefix="InitializeCards.java" Intrnl_Id="117">
<LocList>
<Loc EndOffset="1621" SrcFileId="2" StartOffset="1607"/>
</LocList>
</BasicStmnt>
<LoopStmnt CovItemId="S18" CovItemPrefix="InitializeCards.java" Intrnl_Id="118" MltplExecId="L3-2" MltplExecPrefix="InitializeCards.java" NvrExecId="L3-0" NvrExecPrefix="InitializeCards.java" OnceExecutedId="L3-1" OnceExecutedPrefix="InitializeCards.java" OptBodyExec="true">
<StmntSeq Intrnl_Id="119">
<LocList>
<Loc EndOffset="1703" SrcFileId="2" StartOffset="1668"/>
<Loc EndOffset="1737" SrcFileId="2" StartOffset="1708"/>
<Loc EndOffset="1759" SrcFileId="2" StartOffset="1742"/>
</LocList>
<BasicStmnt CovItemId="S19" CovItemPrefix="InitializeCards.java" Intrnl_Id="120">
<LocList>
<Loc EndOffset="1703" SrcFileId="2" StartOffset="1668"/>
</LocList>
</BasicStmnt>
<BasicStmnt CovItemId="S20" CovItemPrefix="InitializeCards.java" Intrnl_Id="121">
<LocList>
<Loc EndOffset="1737" SrcFileId="2" StartOffset="1708"/>
</LocList>
</BasicStmnt>
<BasicStmnt CovItemId="S21" CovItemPrefix="InitializeCards.java" Intrnl_Id="122">
<LocList>
<Loc EndOffset="1759" SrcFileId="2" StartOffset="1742"/>
</LocList>
</BasicStmnt>
</StmntSeq>
<Keyword EndOffset="1630" SrcFileId="2" StartOffset="1627"/>
<LocList>
<Loc EndOffset="1764" SrcFileId="2" StartOffset="1627"/>
</LocList>
<RootTerm CovItemId="C4" CovItemPrefix="InitializeCards.java" Intrnl_Id="123">
<BasicBoolTerm Intrnl_Id="124">
<LocList>
<Loc EndOffset="1655" SrcFileId="2" StartOffset="1643"/>
</LocList>
</BasicBoolTerm>
</RootTerm>
</LoopStmnt>
<LoopStmnt CovItemId="S22" CovItemPrefix="InitializeCards.java" Intrnl_Id="125" MltplExecId="L4-2" MltplExecPrefix="InitializeCards.java" NvrExecId="L4-0" NvrExecPrefix="InitializeCards.java" OnceExecutedId="L4-1" OnceExecutedPrefix="InitializeCards.java" OptBodyExec="true">
<StmntSeq Intrnl_Id="126">
<LocList>
<Loc EndOffset="1972" SrcFileId="2" StartOffset="1835"/>
</LocList>
<CondStmnt CovItemId="S23" CovItemPrefix="InitializeCards.java" Intrnl_Id="127">
<Branch CovItemId="B3" CovItemPrefix="InitializeCards.java" Implct="false" Intrnl_Id="128">
<Cond/>
<LocList>
<Loc EndOffset="1957" SrcFileId="2" StartOffset="1848"/>
</LocList>
<StmntSeq Intrnl_Id="129">
<LocList>
<Loc EndOffset="1890" SrcFileId="2" StartOffset="1855"/>
<Loc EndOffset="1925" SrcFileId="2" StartOffset="1896"/>
<Loc EndOffset="1951" SrcFileId="2" StartOffset="1931"/>
</LocList>
<BasicStmnt CovItemId="S24" CovItemPrefix="InitializeCards.java" Intrnl_Id="130">
<LocList>
<Loc EndOffset="1890" SrcFileId="2" StartOffset="1855"/>
</LocList>
</BasicStmnt>
<BasicStmnt CovItemId="S25" CovItemPrefix="InitializeCards.java" Intrnl_Id="131">
<LocList>
<Loc EndOffset="1925" SrcFileId="2" StartOffset="1896"/>
</LocList>
</BasicStmnt>
<BasicStmnt CovItemId="S26" CovItemPrefix="InitializeCards.java" Intrnl_Id="132">
<LocList>
<Loc EndOffset="1951" SrcFileId="2" StartOffset="1931"/>
</LocList>
</BasicStmnt>
</StmntSeq>
</Branch>
<Branch CovItemId="B4" CovItemPrefix="InitializeCards.java" Implct="false" Intrnl_Id="133">
<Cond>
<Loc EndOffset="1962" SrcFileId="2" StartOffset="1958"/>
</Cond>
<LocList>
<Loc EndOffset="1972" SrcFileId="2" StartOffset="1963"/>
</LocList>
<StmntSeq Intrnl_Id="134">
<LocList/>
</StmntSeq>
</Branch>
<Keyword EndOffset="1837" SrcFileId="2" StartOffset="1835"/>
<LocList>
<Loc EndOffset="1972" SrcFileId="2" StartOffset="1835"/>
</LocList>
<RootTerm CovItemId="C6" CovItemPrefix="InitializeCards.java" Intrnl_Id="135">
<BasicBoolTerm Intrnl_Id="136">
<LocList>
<Loc EndOffset="1846" SrcFileId="2" StartOffset="1839"/>
</LocList>
</BasicBoolTerm>
</RootTerm>
</CondStmnt>
</StmntSeq>
<Keyword EndOffset="1773" SrcFileId="2" StartOffset="1770"/>
<LocList>
<Loc EndOffset="1977" SrcFileId="2" StartOffset="1770"/>
</LocList>
<RootTerm CovItemId="C5" CovItemPrefix="InitializeCards.java" Intrnl_Id="137">
<BasicBoolTerm Intrnl_Id="138">
<LocList>
<Loc EndOffset="1822" SrcFileId="2" StartOffset="1793"/>
</LocList>
</BasicBoolTerm>
</RootTerm>
</LoopStmnt>
<BasicStmnt CovItemId="S27" CovItemPrefix="InitializeCards.java" Intrnl_Id="139">
<LocList>
<Loc EndOffset="2002" SrcFileId="2" StartOffset="1981"/>
</LocList>
</BasicStmnt>
</StmntSeq>
</HierarchyLvl>
<HierarchyLvl HierarchyLvlId="2917" HierarchyLvlTypeId="7" Intrnl_Id="140" Name="InitializeCards">
<Header>
<Loc EndOffset="2103" SrcFileId="2" StartOffset="2012"/>
</Header>
<LocList>
<Loc EndOffset="2546" SrcFileId="2" StartOffset="2012"/>
</LocList>
<StmntSeq Intrnl_Id="141">
<LocList>
<Loc EndOffset="2302" SrcFileId="2" StartOffset="2108"/>
<Loc EndOffset="2508" SrcFileId="2" StartOffset="2308"/>
<Loc EndOffset="2542" SrcFileId="2" StartOffset="2512"/>
</LocList>
<LoopStmnt CovItemId="S28" CovItemPrefix="InitializeCards.java" Intrnl_Id="142" MltplExecId="L5-2" MltplExecPrefix="InitializeCards.java" NvrExecId="L5-0" NvrExecPrefix="InitializeCards.java" OnceExecutedId="L5-1" OnceExecutedPrefix="InitializeCards.java" OptBodyExec="true">
<StmntSeq Intrnl_Id="143">
<LocList>
<Loc EndOffset="2211" SrcFileId="2" StartOffset="2161"/>
<Loc EndOffset="2260" SrcFileId="2" StartOffset="2216"/>
<Loc EndOffset="2297" SrcFileId="2" StartOffset="2265"/>
</LocList>
<BasicStmnt CovItemId="S29" CovItemPrefix="InitializeCards.java" Intrnl_Id="144">
<LocList>
<Loc EndOffset="2211" SrcFileId="2" StartOffset="2161"/>
</LocList>
</BasicStmnt>
<BasicStmnt CovItemId="S30" CovItemPrefix="InitializeCards.java" Intrnl_Id="145">
<LocList>
<Loc EndOffset="2260" SrcFileId="2" StartOffset="2216"/>
</LocList>
</BasicStmnt>
<BasicStmnt CovItemId="S31" CovItemPrefix="InitializeCards.java" Intrnl_Id="146">
<LocList>
<Loc EndOffset="2297" SrcFileId="2" StartOffset="2265"/>
</LocList>
</BasicStmnt>
</StmntSeq>
<Keyword EndOffset="2111" SrcFileId="2" StartOffset="2108"/>
<LocList>
<Loc EndOffset="2302" SrcFileId="2" StartOffset="2108"/>
</LocList>
<RootTerm CovItemId="C7" CovItemPrefix="InitializeCards.java" Intrnl_Id="147">
<BasicBoolTerm Intrnl_Id="148">
<LocList>
<Loc EndOffset="2148" SrcFileId="2" StartOffset="2124"/>
</LocList>
</BasicBoolTerm>
</RootTerm>
</LoopStmnt>
<LoopStmnt CovItemId="S32" CovItemPrefix="InitializeCards.java" Intrnl_Id="149" MltplExecId="L6-2" MltplExecPrefix="InitializeCards.java" NvrExecId="L6-0" NvrExecPrefix="InitializeCards.java" OnceExecutedId="L6-1" OnceExecutedPrefix="InitializeCards.java" OptBodyExec="true">
<StmntSeq Intrnl_Id="150">
<LocList>
<Loc EndOffset="2412" SrcFileId="2" StartOffset="2362"/>
<Loc EndOffset="2462" SrcFileId="2" StartOffset="2417"/>
<Loc EndOffset="2503" SrcFileId="2" StartOffset="2467"/>
</LocList>
<BasicStmnt CovItemId="S33" CovItemPrefix="InitializeCards.java" Intrnl_Id="151">
<LocList>
<Loc EndOffset="2412" SrcFileId="2" StartOffset="2362"/>
</LocList>
</BasicStmnt>
<BasicStmnt CovItemId="S34" CovItemPrefix="InitializeCards.java" Intrnl_Id="152">
<LocList>
<Loc EndOffset="2462" SrcFileId="2" StartOffset="2417"/>
</LocList>
</BasicStmnt>
<BasicStmnt CovItemId="S35" CovItemPrefix="InitializeCards.java" Intrnl_Id="153">
<LocList>
<Loc EndOffset="2503" SrcFileId="2" StartOffset="2467"/>
</LocList>
</BasicStmnt>
</StmntSeq>
<Keyword EndOffset="2311" SrcFileId="2" StartOffset="2308"/>
<LocList>
<Loc EndOffset="2508" SrcFileId="2" StartOffset="2308"/>
</LocList>
<RootTerm CovItemId="C8" CovItemPrefix="InitializeCards.java" Intrnl_Id="154">
<BasicBoolTerm Intrnl_Id="155">
<LocList>
<Loc EndOffset="2349" SrcFileId="2" StartOffset="2324"/>
</LocList>
</BasicBoolTerm>
</RootTerm>
</LoopStmnt>
<BasicStmnt CovItemId="S36" CovItemPrefix="InitializeCards.java" Intrnl_Id="156">
<LocList>
<Loc EndOffset="2542" SrcFileId="2" StartOffset="2512"/>
</LocList>
</BasicStmnt>
</StmntSeq>
</HierarchyLvl>
<HierarchyLvl HierarchyLvlId="2918" HierarchyLvlTypeId="7" Intrnl_Id="157" Name="addConditions">
<Header>
<Loc EndOffset="2578" SrcFileId="2" StartOffset="2551"/>
</Header>
<LocList>
<Loc EndOffset="8542" SrcFileId="2" StartOffset="2551"/>
</LocList>
<StmntSeq Intrnl_Id="158">
<LocList>
<Loc EndOffset="2622" SrcFileId="2" StartOffset="2584"/>
<Loc EndOffset="2659" SrcFileId="2" StartOffset="2626"/>
<Loc EndOffset="2701" SrcFileId="2" StartOffset="2663"/>
<Loc EndOffset="2734" SrcFileId="2" StartOffset="2705"/>
<Loc EndOffset="2787" SrcFileId="2" StartOffset="2738"/>
<Loc EndOffset="2829" SrcFileId="2" StartOffset="2791"/>
<Loc EndOffset="2862" SrcFileId="2" StartOffset="2833"/>
<Loc EndOffset="2899" SrcFileId="2" StartOffset="2866"/>
<Loc EndOffset="2936" SrcFileId="2" StartOffset="2903"/>
<Loc EndOffset="2979" SrcFileId="2" StartOffset="2940"/>
<Loc EndOffset="3012" SrcFileId="2" StartOffset="2983"/>
<Loc EndOffset="3060" SrcFileId="2" StartOffset="3016"/>
<Loc EndOffset="3097" SrcFileId="2" StartOffset="3064"/>
<Loc EndOffset="3139" SrcFileId="2" StartOffset="3101"/>
<Loc EndOffset="3172" SrcFileId="2" StartOffset="3143"/>
<Loc EndOffset="3217" SrcFileId="2" StartOffset="3176"/>
<Loc EndOffset="3254" SrcFileId="2" StartOffset="3221"/>
<Loc EndOffset="3296" SrcFileId="2" StartOffset="3258"/>
<Loc EndOffset="3329" SrcFileId="2" StartOffset="3300"/>
<Loc EndOffset="3368" SrcFileId="2" StartOffset="3333"/>
<Loc EndOffset="3402" SrcFileId="2" StartOffset="3372"/>
<Loc EndOffset="3440" SrcFileId="2" StartOffset="3406"/>
<Loc EndOffset="3483" SrcFileId="2" StartOffset="3444"/>
<Loc EndOffset="3517" SrcFileId="2" StartOffset="3487"/>
<Loc EndOffset="3569" SrcFileId="2" StartOffset="3521"/>
<Loc EndOffset="3608" SrcFileId="2" StartOffset="3573"/>
<Loc EndOffset="3644" SrcFileId="2" StartOffset="3612"/>
<Loc EndOffset="3682" SrcFileId="2" StartOffset="3648"/>
<Loc EndOffset="3716" SrcFileId="2" StartOffset="3686"/>
<Loc EndOffset="3760" SrcFileId="2" StartOffset="3720"/>
<Loc EndOffset="3799" SrcFileId="2" StartOffset="3764"/>
<Loc EndOffset="3838" SrcFileId="2" StartOffset="3803"/>
<Loc EndOffset="3882" SrcFileId="2" StartOffset="3842"/>
<Loc EndOffset="3916" SrcFileId="2" StartOffset="3886"/>
<Loc EndOffset="3970" SrcFileId="2" StartOffset="3920"/>
<Loc EndOffset="4013" SrcFileId="2" StartOffset="3974"/>
<Loc EndOffset="4052" SrcFileId="2" StartOffset="4017"/>
<Loc EndOffset="4086" SrcFileId="2" StartOffset="4056"/>
<Loc EndOffset="4124" SrcFileId="2" StartOffset="4090"/>
<Loc EndOffset="4168" SrcFileId="2" StartOffset="4128"/>
<Loc EndOffset="4202" SrcFileId="2" StartOffset="4172"/>
<Loc EndOffset="4248" SrcFileId="2" StartOffset="4206"/>
<Loc EndOffset="4291" SrcFileId="2" StartOffset="4252"/>
<Loc EndOffset="4330" SrcFileId="2" StartOffset="4295"/>
<Loc EndOffset="4374" SrcFileId="2" StartOffset="4334"/>
<Loc EndOffset="4408" SrcFileId="2" StartOffset="4378"/>
<Loc EndOffset="4457" SrcFileId="2" StartOffset="4412"/>
<Loc EndOffset="4493" SrcFileId="2" StartOffset="4461"/>
<Loc EndOffset="4534" SrcFileId="2" StartOffset="4497"/>
<Loc EndOffset="4566" SrcFileId="2" StartOffset="4538"/>
<Loc EndOffset="4608" SrcFileId="2" StartOffset="4570"/>
<Loc EndOffset="4646" SrcFileId="2" StartOffset="4612"/>
<Loc EndOffset="4679" SrcFileId="2" StartOffset="4650"/>
<Loc EndOffset="4716" SrcFileId="2" StartOffset="4683"/>
<Loc EndOffset="4758" SrcFileId="2" StartOffset="4720"/>
<Loc EndOffset="4790" SrcFileId="2" StartOffset="4762"/>
<Loc EndOffset="4834" SrcFileId="2" StartOffset="4794"/>
<Loc EndOffset="4871" SrcFileId="2" StartOffset="4838"/>
<Loc EndOffset="4903" SrcFileId="2" StartOffset="4875"/>
<Loc EndOffset="4947" SrcFileId="2" StartOffset="4907"/>
<Loc EndOffset="4987" SrcFileId="2" StartOffset="4951"/>
<Loc EndOffset="5022" SrcFileId="2" StartOffset="4991"/>
<Loc EndOffset="5064" SrcFileId="2" StartOffset="5026"/>
<Loc EndOffset="5101" SrcFileId="2" StartOffset="5068"/>
<Loc EndOffset="5137" SrcFileId="2" StartOffset="5105"/>
<Loc EndOffset="5169" SrcFileId="2" StartOffset="5141"/>
<Loc EndOffset="5205" SrcFileId="2" StartOffset="5173"/>
<Loc EndOffset="5237" SrcFileId="2" StartOffset="5209"/>
<Loc EndOffset="5275" SrcFileId="2" StartOffset="5241"/>
<Loc EndOffset="5308" SrcFileId="2" StartOffset="5279"/>
<Loc EndOffset="5344" SrcFileId="2" StartOffset="5312"/>
<Loc EndOffset="5376" SrcFileId="2" StartOffset="5348"/>
<Loc EndOffset="5414" SrcFileId="2" StartOffset="5380"/>
<Loc EndOffset="5447" SrcFileId="2" StartOffset="5418"/>
<Loc EndOffset="5482" SrcFileId="2" StartOffset="5451"/>
<Loc EndOffset="5523" SrcFileId="2" StartOffset="5486"/>
<Loc EndOffset="5560" SrcFileId="2" StartOffset="5527"/>
<Loc EndOffset="5597" SrcFileId="2" StartOffset="5564"/>
<Loc EndOffset="5629" SrcFileId="2" StartOffset="5601"/>
<Loc EndOffset="5670" SrcFileId="2" StartOffset="5633"/>
<Loc EndOffset="5712" SrcFileId="2" StartOffset="5674"/>
<Loc EndOffset="5750" SrcFileId="2" StartOffset="5716"/>
<Loc EndOffset="5783" SrcFileId="2" StartOffset="5754"/>
<Loc EndOffset="5819" SrcFileId="2" StartOffset="5787"/>
<Loc EndOffset="5851" SrcFileId="2" StartOffset="5823"/>
<Loc EndOffset="5888" SrcFileId="2" StartOffset="5855"/>
<Loc EndOffset="5920" SrcFileId="2" StartOffset="5892"/>
<Loc EndOffset="5956" SrcFileId="2" StartOffset="5924"/>
<Loc EndOffset="5988" SrcFileId="2" StartOffset="5960"/>
<Loc EndOffset="6029" SrcFileId="2" StartOffset="5992"/>
<Loc EndOffset="6076" SrcFileId="2" StartOffset="6033"/>
<Loc EndOffset="6114" SrcFileId="2" StartOffset="6080"/>
<Loc EndOffset="6147" SrcFileId="2" StartOffset="6118"/>
<Loc EndOffset="6183" SrcFileId="2" StartOffset="6151"/>
<Loc EndOffset="6215" SrcFileId="2" StartOffset="6187"/>
<Loc EndOffset="6256" SrcFileId="2" StartOffset="6219"/>
<Loc EndOffset="6293" SrcFileId="2" StartOffset="6260"/>
<Loc EndOffset="6329" SrcFileId="2" StartOffset="6297"/>
<Loc EndOffset="6361" SrcFileId="2" StartOffset="6333"/>
<Loc EndOffset="6402" SrcFileId="2" StartOffset="6365"/>
<Loc EndOffset="6449" SrcFileId="2" StartOffset="6406"/>
<Loc EndOffset="6485" SrcFileId="2" StartOffset="6453"/>
<Loc EndOffset="6517" SrcFileId="2" StartOffset="6489"/>
<Loc EndOffset="6555" SrcFileId="2" StartOffset="6521"/>
<Loc EndOffset="6588" SrcFileId="2" StartOffset="6559"/>
<Loc EndOffset="6625" SrcFileId="2" StartOffset="6592"/>
<Loc EndOffset="6657" SrcFileId="2" StartOffset="6629"/>
<Loc EndOffset="6698" SrcFileId="2" StartOffset="6661"/>
<Loc EndOffset="6748" SrcFileId="2" StartOffset="6702"/>
<Loc EndOffset="6785" SrcFileId="2" StartOffset="6752"/>
<Loc EndOffset="6817" SrcFileId="2" StartOffset="6789"/>
<Loc EndOffset="6855" SrcFileId="2" StartOffset="6821"/>
<Loc EndOffset="6888" SrcFileId="2" StartOffset="6859"/>
<Loc EndOffset="6925" SrcFileId="2" StartOffset="6892"/>
<Loc EndOffset="6957" SrcFileId="2" StartOffset="6929"/>
<Loc EndOffset="6995" SrcFileId="2" StartOffset="6961"/>
<Loc EndOffset="7028" SrcFileId="2" StartOffset="6999"/>
<Loc EndOffset="7069" SrcFileId="2" StartOffset="7032"/>
<Loc EndOffset="7122" SrcFileId="2" StartOffset="7073"/>
<Loc EndOffset="7165" SrcFileId="2" StartOffset="7128"/>
<Loc EndOffset="7202" SrcFileId="2" StartOffset="7169"/>
<Loc EndOffset="7237" SrcFileId="2" StartOffset="7206"/>
<Loc EndOffset="7271" SrcFileId="2" StartOffset="7241"/>
<Loc EndOffset="7308" SrcFileId="2" StartOffset="7275"/>
<Loc EndOffset="7343" SrcFileId="2" StartOffset="7312"/>
<Loc EndOffset="7378" SrcFileId="2" StartOffset="7347"/>
<Loc EndOffset="7412" SrcFileId="2" StartOffset="7382"/>
<Loc EndOffset="7449" SrcFileId="2" StartOffset="7416"/>
<Loc EndOffset="7484" SrcFileId="2" StartOffset="7453"/>
<Loc EndOffset="7521" SrcFileId="2" StartOffset="7488"/>
<Loc EndOffset="7556" SrcFileId="2" StartOffset="7525"/>
<Loc EndOffset="7590" SrcFileId="2" StartOffset="7560"/>
<Loc EndOffset="7627" SrcFileId="2" StartOffset="7594"/>
<Loc EndOffset="7666" SrcFileId="2" StartOffset="7631"/>
<Loc EndOffset="7701" SrcFileId="2" StartOffset="7670"/>
<Loc EndOffset="7733" SrcFileId="2" StartOffset="7705"/>
<Loc EndOffset="7768" SrcFileId="2" StartOffset="7737"/>
<Loc EndOffset="7805" SrcFileId="2" StartOffset="7772"/>
<Loc EndOffset="7848" SrcFileId="2" StartOffset="7809"/>
<Loc EndOffset="7887" SrcFileId="2" StartOffset="7852"/>
<Loc EndOffset="7922" SrcFileId="2" StartOffset="7891"/>
<Loc EndOffset="7959" SrcFileId="2" StartOffset="7926"/>
<Loc EndOffset="8012" SrcFileId="2" StartOffset="7963"/>
<Loc EndOffset="8045" SrcFileId="2" StartOffset="8016"/>
<Loc EndOffset="8080" SrcFileId="2" StartOffset="8049"/>
<Loc EndOffset="8112" SrcFileId="2" StartOffset="8084"/>
<Loc EndOffset="8145" SrcFileId="2" StartOffset="8116"/>
<Loc EndOffset="8180" SrcFileId="2" StartOffset="8149"/>
<Loc EndOffset="8215" SrcFileId="2" StartOffset="8184"/>
<Loc EndOffset="8253" SrcFileId="2" StartOffset="8219"/>
<Loc EndOffset="8291" SrcFileId="2" StartOffset="8257"/>
<Loc EndOffset="8329" SrcFileId="2" StartOffset="8295"/>
<Loc EndOffset="8363" SrcFileId="2" StartOffset="8333"/>
<Loc EndOffset="8399" SrcFileId="2" StartOffset="8367"/>
<Loc EndOffset="8435" SrcFileId="2" StartOffset="8403"/>
<Loc EndOffset="8469" SrcFileId="2" StartOffset="8439"/>
<Loc EndOffset="8505" SrcFileId="2" StartOffset="8473"/>
<Loc EndOffset="8538" SrcFileId="2" StartOffset="8509"/>
</LocList>
<BasicStmnt CovItemId="S37" CovItemPrefix="InitializeCards.java" Intrnl_Id="159">
<LocList>
<Loc EndOffset="2622" SrcFileId="2" StartOffset="2584"/>
</LocList>
</BasicStmnt>
<BasicStmnt CovItemId="S38" CovItemPrefix="InitializeCards.java" Intrnl_Id="160">
<LocList>
<Loc EndOffset="2659" SrcFileId="2" StartOffset="2626"/>
</LocList>
</BasicStmnt>
<BasicStmnt CovItemId="S39" CovItemPrefix="InitializeCards.java" Intrnl_Id="161">
<LocList>
<Loc EndOffset="2701" SrcFileId="2" StartOffset="2663"/>
</LocList>
</BasicStmnt>
<BasicStmnt CovItemId="S40" CovItemPrefix="InitializeCards.java" Intrnl_Id="162">
<LocList>
<Loc EndOffset="2734" SrcFileId="2" StartOffset="2705"/>
</LocList>
</BasicStmnt>
<BasicStmnt CovItemId="S41" CovItemPrefix="InitializeCards.java" Intrnl_Id="163">
<LocList>
<Loc EndOffset="2787" SrcFileId="2" StartOffset="2738"/>
</LocList>
</BasicStmnt>
<BasicStmnt CovItemId="S42" CovItemPrefix="InitializeCards.java" Intrnl_Id="164">
<LocList>
<Loc EndOffset="2829" SrcFileId="2" StartOffset="2791"/>
</LocList>
</BasicStmnt>
<BasicStmnt CovItemId="S43" CovItemPrefix="InitializeCards.java" Intrnl_Id="165">
<LocList>
<Loc EndOffset="2862" SrcFileId="2" StartOffset="2833"/>
</LocList>
</BasicStmnt>
<BasicStmnt CovItemId="S44" CovItemPrefix="InitializeCards.java" Intrnl_Id="166">
<LocList>
<Loc EndOffset="2899" SrcFileId="2" StartOffset="2866"/>
</LocList>
</BasicStmnt>
<BasicStmnt CovItemId="S45" CovItemPrefix="InitializeCards.java" Intrnl_Id="167">
<LocList>
<Loc EndOffset="2936" SrcFileId="2" StartOffset="2903"/>
</LocList>
</BasicStmnt>
<BasicStmnt CovItemId="S46" CovItemPrefix="InitializeCards.java" Intrnl_Id="168">
<LocList>
<Loc EndOffset="2979" SrcFileId="2" StartOffset="2940"/>
</LocList>
</BasicStmnt>
<BasicStmnt CovItemId="S47" CovItemPrefix="InitializeCards.java" Intrnl_Id="169">
<LocList>
<Loc EndOffset="3012" SrcFileId="2" StartOffset="2983"/>
</LocList>
</BasicStmnt>
<BasicStmnt CovItemId="S48" CovItemPrefix="InitializeCards.java" Intrnl_Id="170">
<LocList>
<Loc EndOffset="3060" SrcFileId="2" StartOffset="3016"/>
</LocList>
</BasicStmnt>
<BasicStmnt CovItemId="S49" CovItemPrefix="InitializeCards.java" Intrnl_Id="171">
<LocList>
<Loc EndOffset="3097" SrcFileId="2" StartOffset="3064"/>
</LocList>
</BasicStmnt>
<BasicStmnt CovItemId="S50" CovItemPrefix="InitializeCards.java" Intrnl_Id="172">
<LocList>
<Loc EndOffset="3139" SrcFileId="2" StartOffset="3101"/>
</LocList>
</BasicStmnt>
<BasicStmnt CovItemId="S51" CovItemPrefix="InitializeCards.java" Intrnl_Id="173">
<LocList>
<Loc EndOffset="3172" SrcFileId="2" StartOffset="3143"/>
</LocList>
</BasicStmnt>
<BasicStmnt CovItemId="S52" CovItemPrefix="InitializeCards.java" Intrnl_Id="174">
<LocList>
<Loc EndOffset="3217" SrcFileId="2" StartOffset="3176"/>
</LocList>
</BasicStmnt>
<BasicStmnt CovItemId="S53" CovItemPrefix="InitializeCards.java" Intrnl_Id="175">
<LocList>
<Loc EndOffset="3254" SrcFileId="2" StartOffset="3221"/>
</LocList>
</BasicStmnt>
<BasicStmnt CovItemId="S54" CovItemPrefix="InitializeCards.java" Intrnl_Id="176">
<LocList>
<Loc EndOffset="3296" SrcFileId="2" StartOffset="3258"/>
</LocList>
</BasicStmnt>
<BasicStmnt CovItemId="S55" CovItemPrefix="InitializeCards.java" Intrnl_Id="177">
<LocList>
<Loc EndOffset="3329" SrcFileId="2" StartOffset="3300"/>
</LocList>
</BasicStmnt>
<BasicStmnt CovItemId="S56" CovItemPrefix="InitializeCards.java" Intrnl_Id="178">
<LocList>
<Loc EndOffset="3368" SrcFileId="2" StartOffset="3333"/>
</LocList>
</BasicStmnt>
<BasicStmnt CovItemId="S57" CovItemPrefix="InitializeCards.java" Intrnl_Id="179">
<LocList>
<Loc EndOffset="3402" SrcFileId="2" StartOffset="3372"/>
</LocList>
</BasicStmnt>
<BasicStmnt CovItemId="S58" CovItemPrefix="InitializeCards.java" Intrnl_Id="180">
<LocList>
<Loc EndOffset="3440" SrcFileId="2" StartOffset="3406"/>
</LocList>
</BasicStmnt>
<BasicStmnt CovItemId="S59" CovItemPrefix="InitializeCards.java" Intrnl_Id="181">
<LocList>
<Loc EndOffset="3483" SrcFileId="2" StartOffset="3444"/>
</LocList>
</BasicStmnt>
<BasicStmnt CovItemId="S60" CovItemPrefix="InitializeCards.java" Intrnl_Id="182">
<LocList>
<Loc EndOffset="3517" SrcFileId="2" StartOffset="3487"/>
</LocList>
</BasicStmnt>
<BasicStmnt CovItemId="S61" CovItemPrefix="InitializeCards.java" Intrnl_Id="183">
<LocList>
<Loc EndOffset="3569" SrcFileId="2" StartOffset="3521"/>
</LocList>
</BasicStmnt>
<BasicStmnt CovItemId="S62" CovItemPrefix="InitializeCards.java" Intrnl_Id="184">
<LocList>
<Loc EndOffset="3608" SrcFileId="2" StartOffset="3573"/>
</LocList>
</BasicStmnt>
<BasicStmnt CovItemId="S63" CovItemPrefix="InitializeCards.java" Intrnl_Id="185">
<LocList>
<Loc EndOffset="3644" SrcFileId="2" StartOffset="3612"/>
</LocList>
</BasicStmnt>
<BasicStmnt CovItemId="S64" CovItemPrefix="InitializeCards.java" Intrnl_Id="186">
<LocList>
<Loc EndOffset="3682" SrcFileId="2" StartOffset="3648"/>
</LocList>
</BasicStmnt>
<BasicStmnt CovItemId="S65" CovItemPrefix="InitializeCards.java" Intrnl_Id="187">
<LocList>
<Loc EndOffset="3716" SrcFileId="2" StartOffset="3686"/>
</LocList>
</BasicStmnt>
<BasicStmnt CovItemId="S66" CovItemPrefix="InitializeCards.java" Intrnl_Id="188">
<LocList>
<Loc EndOffset="3760" SrcFileId="2" StartOffset="3720"/>
</LocList>
</BasicStmnt>
<BasicStmnt CovItemId="S67" CovItemPrefix="InitializeCards.java" Intrnl_Id="189">
<LocList>
<Loc EndOffset="3799" SrcFileId="2" StartOffset="3764"/>
</LocList>
</BasicStmnt>
<BasicStmnt CovItemId="S68" CovItemPrefix="InitializeCards.java" Intrnl_Id="190">
<LocList>
<Loc EndOffset="3838" SrcFileId="2" StartOffset="3803"/>
</LocList>
</BasicStmnt>
<BasicStmnt CovItemId="S69" CovItemPrefix="InitializeCards.java" Intrnl_Id="191">
<LocList>
<Loc EndOffset="3882" SrcFileId="2" StartOffset="3842"/>
</LocList>
</BasicStmnt>
<BasicStmnt CovItemId="S70" CovItemPrefix="InitializeCards.java" Intrnl_Id="192">
<LocList>
<Loc EndOffset="3916" SrcFileId="2" StartOffset="3886"/>
</LocList>
</BasicStmnt>
<BasicStmnt CovItemId="S71" CovItemPrefix="InitializeCards.java" Intrnl_Id="193">
<LocList>
<Loc EndOffset="3970" SrcFileId="2" StartOffset="3920"/>
</LocList>
</BasicStmnt>
<BasicStmnt CovItemId="S72" CovItemPrefix="InitializeCards.java" Intrnl_Id="194">
<LocList>
<Loc EndOffset="4013" SrcFileId="2" StartOffset="3974"/>
</LocList>
</BasicStmnt>
<BasicStmnt CovItemId="S73" CovItemPrefix="InitializeCards.java" Intrnl_Id="195">
<LocList>
<Loc EndOffset="4052" SrcFileId="2" StartOffset="4017"/>
</LocList>
</BasicStmnt>
<BasicStmnt CovItemId="S74" CovItemPrefix="InitializeCards.java" Intrnl_Id="196">
<LocList>
<Loc EndOffset="4086" SrcFileId="2" StartOffset="4056"/>
</LocList>
</BasicStmnt>
<BasicStmnt CovItemId="S75" CovItemPrefix="InitializeCards.java" Intrnl_Id="197">
<LocList>
<Loc EndOffset="4124" SrcFileId="2" StartOffset="4090"/>
</LocList>
</BasicStmnt>
<BasicStmnt CovItemId="S76" CovItemPrefix="InitializeCards.java" Intrnl_Id="198">
<LocList>
<Loc EndOffset="4168" SrcFileId="2" StartOffset="4128"/>
</LocList>
</BasicStmnt>
<BasicStmnt CovItemId="S77" CovItemPrefix="InitializeCards.java" Intrnl_Id="199">
<LocList>
<Loc EndOffset="4202" SrcFileId="2" StartOffset="4172"/>
</LocList>
</BasicStmnt>
<BasicStmnt CovItemId="S78" CovItemPrefix="InitializeCards.java" Intrnl_Id="200">
<LocList>
<Loc EndOffset="4248" SrcFileId="2" StartOffset="4206"/>
</LocList>
</BasicStmnt>
<BasicStmnt CovItemId="S79" CovItemPrefix="InitializeCards.java" Intrnl_Id="201">
<LocList>
<Loc EndOffset="4291" SrcFileId="2" StartOffset="4252"/>
</LocList>
</BasicStmnt>
<BasicStmnt CovItemId="S80" CovItemPrefix="InitializeCards.java" Intrnl_Id="202">
<LocList>
<Loc EndOffset="4330" SrcFileId="2" StartOffset="4295"/>
</LocList>
</BasicStmnt>
<BasicStmnt CovItemId="S81" CovItemPrefix="InitializeCards.java" Intrnl_Id="203">
<LocList>
<Loc EndOffset="4374" SrcFileId="2" StartOffset="4334"/>
</LocList>
</BasicStmnt>
<BasicStmnt CovItemId="S82" CovItemPrefix="InitializeCards.java" Intrnl_Id="204">
<LocList>
<Loc EndOffset="4408" SrcFileId="2" StartOffset="4378"/>
</LocList>
</BasicStmnt>
<BasicStmnt CovItemId="S83" CovItemPrefix="InitializeCards.java" Intrnl_Id="205">
<LocList>
<Loc EndOffset="4457" SrcFileId="2" StartOffset="4412"/>
</LocList>
</BasicStmnt>
<BasicStmnt CovItemId="S84" CovItemPrefix="InitializeCards.java" Intrnl_Id="206">
<LocList>
<Loc EndOffset="4493" SrcFileId="2" StartOffset="4461"/>
</LocList>
</BasicStmnt>
<BasicStmnt CovItemId="S85" CovItemPrefix="InitializeCards.java" Intrnl_Id="207">
<LocList>
<Loc EndOffset="4534" SrcFileId="2" StartOffset="4497"/>
</LocList>
</BasicStmnt>
<BasicStmnt CovItemId="S86" CovItemPrefix="InitializeCards.java" Intrnl_Id="208">
<LocList>
<Loc EndOffset="4566" SrcFileId="2" StartOffset="4538"/>
</LocList>
</BasicStmnt>
<BasicStmnt CovItemId="S87" CovItemPrefix="InitializeCards.java" Intrnl_Id="209">
<LocList>
<Loc EndOffset="4608" SrcFileId="2" StartOffset="4570"/>
</LocList>
</BasicStmnt>
<BasicStmnt CovItemId="S88" CovItemPrefix="InitializeCards.java" Intrnl_Id="210">
<LocList>
<Loc EndOffset="4646" SrcFileId="2" StartOffset="4612"/>
</LocList>
</BasicStmnt>
<BasicStmnt CovItemId="S89" CovItemPrefix="InitializeCards.java" Intrnl_Id="211">
<LocList>
<Loc EndOffset="4679" SrcFileId="2" StartOffset="4650"/>
</LocList>
</BasicStmnt>
<BasicStmnt CovItemId="S90" CovItemPrefix="InitializeCards.java" Intrnl_Id="212">
<LocList>
<Loc EndOffset="4716" SrcFileId="2" StartOffset="4683"/>
</LocList>
</BasicStmnt>
<BasicStmnt CovItemId="S91" CovItemPrefix="InitializeCards.java" Intrnl_Id="213">
<LocList>
<Loc EndOffset="4758" SrcFileId="2" StartOffset="4720"/>
</LocList>
</BasicStmnt>
<BasicStmnt CovItemId="S92" CovItemPrefix="InitializeCards.java" Intrnl_Id="214">
<LocList>
<Loc EndOffset="4790" SrcFileId="2" StartOffset="4762"/>
</LocList>
</BasicStmnt>
<BasicStmnt CovItemId="S93" CovItemPrefix="InitializeCards.java" Intrnl_Id="215">
<LocList>
<Loc EndOffset="4834" SrcFileId="2" StartOffset="4794"/>
</LocList>
</BasicStmnt>
<BasicStmnt CovItemId="S94" CovItemPrefix="InitializeCards.java" Intrnl_Id="216">
<LocList>
<Loc EndOffset="4871" SrcFileId="2" StartOffset="4838"/>
</LocList>
</BasicStmnt>
<BasicStmnt CovItemId="S95" CovItemPrefix="InitializeCards.java" Intrnl_Id="217">
<LocList>
<Loc EndOffset="4903" SrcFileId="2" StartOffset="4875"/>
</LocList>
</BasicStmnt>
<BasicStmnt CovItemId="S96" CovItemPrefix="InitializeCards.java" Intrnl_Id="218">
<LocList>
<Loc EndOffset="4947" SrcFileId="2" StartOffset="4907"/>
</LocList>
</BasicStmnt>
<BasicStmnt CovItemId="S97" CovItemPrefix="InitializeCards.java" Intrnl_Id="219">
<LocList>
<Loc EndOffset="4987" SrcFileId="2" StartOffset="4951"/>
</LocList>
</BasicStmnt>
<BasicStmnt CovItemId="S98" CovItemPrefix="InitializeCards.java" Intrnl_Id="220">
<LocList>
<Loc EndOffset="5022" SrcFileId="2" StartOffset="4991"/>
</LocList>
</BasicStmnt>
<BasicStmnt CovItemId="S99" CovItemPrefix="InitializeCards.java" Intrnl_Id="221">
<LocList>
<Loc EndOffset="5064" SrcFileId="2" StartOffset="5026"/>
</LocList>
</BasicStmnt>
<BasicStmnt CovItemId="S100" CovItemPrefix="InitializeCards.java" Intrnl_Id="222">
<LocList>
<Loc EndOffset="5101" SrcFileId="2" StartOffset="5068"/>
</LocList>
</BasicStmnt>
<BasicStmnt CovItemId="S101" CovItemPrefix="InitializeCards.java" Intrnl_Id="223">
<LocList>
<Loc EndOffset="5137" SrcFileId="2" StartOffset="5105"/>
</LocList>
</BasicStmnt>
<BasicStmnt CovItemId="S102" CovItemPrefix="InitializeCards.java" Intrnl_Id="224">
<LocList>
<Loc EndOffset="5169" SrcFileId="2" StartOffset="5141"/>
</LocList>
</BasicStmnt>
<BasicStmnt CovItemId="S103" CovItemPrefix="InitializeCards.java" Intrnl_Id="225">
<LocList>
<Loc EndOffset="5205" SrcFileId="2" StartOffset="5173"/>
</LocList>
</BasicStmnt>
<BasicStmnt CovItemId="S104" CovItemPrefix="InitializeCards.java" Intrnl_Id="226">
<LocList>
<Loc EndOffset="5237" SrcFileId="2" StartOffset="5209"/>
</LocList>
</BasicStmnt>
<BasicStmnt CovItemId="S105" CovItemPrefix="InitializeCards.java" Intrnl_Id="227">
<LocList>
<Loc EndOffset="5275" SrcFileId="2" StartOffset="5241"/>
</LocList>
</BasicStmnt>
<BasicStmnt CovItemId="S106" CovItemPrefix="InitializeCards.java" Intrnl_Id="228">
<LocList>
<Loc EndOffset="5308" SrcFileId="2" StartOffset="5279"/>
</LocList>
</BasicStmnt>
<BasicStmnt CovItemId="S107" CovItemPrefix="InitializeCards.java" Intrnl_Id="229">
<LocList>
<Loc EndOffset="5344" SrcFileId="2" StartOffset="5312"/>
</LocList>
</BasicStmnt>
<BasicStmnt CovItemId="S108" CovItemPrefix="InitializeCards.java" Intrnl_Id="230">
<LocList>
<Loc EndOffset="5376" SrcFileId="2" StartOffset="5348"/>
</LocList>
</BasicStmnt>
<BasicStmnt CovItemId="S109" CovItemPrefix="InitializeCards.java" Intrnl_Id="231">
<LocList>
<Loc EndOffset="5414" SrcFileId="2" StartOffset="5380"/>
</LocList>
</BasicStmnt>
<BasicStmnt CovItemId="S110" CovItemPrefix="InitializeCards.java" Intrnl_Id="232">
<LocList>
<Loc EndOffset="5447" SrcFileId="2" StartOffset="5418"/>
</LocList>
</BasicStmnt>
<BasicStmnt CovItemId="S111" CovItemPrefix="InitializeCards.java" Intrnl_Id="233">
<LocList>
<Loc EndOffset="5482" SrcFileId="2" StartOffset="5451"/>
</LocList>
</BasicStmnt>
<BasicStmnt CovItemId="S112" CovItemPrefix="InitializeCards.java" Intrnl_Id="234">
<LocList>
<Loc EndOffset="5523" SrcFileId="2" StartOffset="5486"/>
</LocList>
</BasicStmnt>
<BasicStmnt CovItemId="S113" CovItemPrefix="InitializeCards.java" Intrnl_Id="235">
<LocList>
<Loc EndOffset="5560" SrcFileId="2" StartOffset="5527"/>
</LocList>
</BasicStmnt>
<BasicStmnt CovItemId="S114" CovItemPrefix="InitializeCards.java" Intrnl_Id="236">
<LocList>
<Loc EndOffset="5597" SrcFileId="2" StartOffset="5564"/>
</LocList>
</BasicStmnt>
<BasicStmnt CovItemId="S115" CovItemPrefix="InitializeCards.java" Intrnl_Id="237">
<LocList>
<Loc EndOffset="5629" SrcFileId="2" StartOffset="5601"/>
</LocList>
</BasicStmnt>
<BasicStmnt CovItemId="S116" CovItemPrefix="InitializeCards.java" Intrnl_Id="238">
<LocList>
<Loc EndOffset="5670" SrcFileId="2" StartOffset="5633"/>
</LocList>
</BasicStmnt>
<BasicStmnt CovItemId="S117" CovItemPrefix="InitializeCards.java" Intrnl_Id="239">
<LocList>
<Loc EndOffset="5712" SrcFileId="2" StartOffset="5674"/>
</LocList>
</BasicStmnt>
<BasicStmnt CovItemId="S118" CovItemPrefix="InitializeCards.java" Intrnl_Id="240">
<LocList>
<Loc EndOffset="5750" SrcFileId="2" StartOffset="5716"/>
</LocList>
</BasicStmnt>
<BasicStmnt CovItemId="S119" CovItemPrefix="InitializeCards.java" Intrnl_Id="241">
<LocList>
<Loc EndOffset="5783" SrcFileId="2" StartOffset="5754"/>
</LocList>
</BasicStmnt>
<BasicStmnt CovItemId="S120" CovItemPrefix="InitializeCards.java" Intrnl_Id="242">
<LocList>
<Loc EndOffset="5819" SrcFileId="2" StartOffset="5787"/>
</LocList>
</BasicStmnt>
<BasicStmnt CovItemId="S121" CovItemPrefix="InitializeCards.java" Intrnl_Id="243">
<LocList>
<Loc EndOffset="5851" SrcFileId="2" StartOffset="5823"/>
</LocList>
</BasicStmnt>
<BasicStmnt CovItemId="S122" CovItemPrefix="InitializeCards.java" Intrnl_Id="244">
<LocList>
<Loc EndOffset="5888" SrcFileId="2" StartOffset="5855"/>
</LocList>
</BasicStmnt>
<BasicStmnt CovItemId="S123" CovItemPrefix="InitializeCards.java" Intrnl_Id="245">
<LocList>
<Loc EndOffset="5920" SrcFileId="2" StartOffset="5892"/>
</LocList>
</BasicStmnt>
<BasicStmnt CovItemId="S124" CovItemPrefix="InitializeCards.java" Intrnl_Id="246">
<LocList>
<Loc EndOffset="5956" SrcFileId="2" StartOffset="5924"/>
</LocList>
</BasicStmnt>
<BasicStmnt CovItemId="S125" CovItemPrefix="InitializeCards.java" Intrnl_Id="247">
<LocList>
<Loc EndOffset="5988" SrcFileId="2" StartOffset="5960"/>
</LocList>
</BasicStmnt>
<BasicStmnt CovItemId="S126" CovItemPrefix="InitializeCards.java" Intrnl_Id="248">
<LocList>
<Loc EndOffset="6029" SrcFileId="2" StartOffset="5992"/>
</LocList>
</BasicStmnt>
<BasicStmnt CovItemId="S127" CovItemPrefix="InitializeCards.java" Intrnl_Id="249">
<LocList>
<Loc EndOffset="6076" SrcFileId="2" StartOffset="6033"/>
</LocList>
</BasicStmnt>
<BasicStmnt CovItemId="S128" CovItemPrefix="InitializeCards.java" Intrnl_Id="250">
<LocList>
<Loc EndOffset="6114" SrcFileId="2" StartOffset="6080"/>
</LocList>
</BasicStmnt>
<BasicStmnt CovItemId="S129" CovItemPrefix="InitializeCards.java" Intrnl_Id="251">
<LocList>
<Loc EndOffset="6147" SrcFileId="2" StartOffset="6118"/>
</LocList>
</BasicStmnt>
<BasicStmnt CovItemId="S130" CovItemPrefix="InitializeCards.java" Intrnl_Id="252">
<LocList>
<Loc EndOffset="6183" SrcFileId="2" StartOffset="6151"/>
</LocList>
</BasicStmnt>
<BasicStmnt CovItemId="S131" CovItemPrefix="InitializeCards.java" Intrnl_Id="253">
<LocList>
<Loc EndOffset="6215" SrcFileId="2" StartOffset="6187"/>
</LocList>
</BasicStmnt>
<BasicStmnt CovItemId="S132" CovItemPrefix="InitializeCards.java" Intrnl_Id="254">
<LocList>
<Loc EndOffset="6256" SrcFileId="2" StartOffset="6219"/>
</LocList>
</BasicStmnt>
<BasicStmnt CovItemId="S133" CovItemPrefix="InitializeCards.java" Intrnl_Id="255">
<LocList>
<Loc EndOffset="6293" SrcFileId="2" StartOffset="6260"/>
</LocList>
</BasicStmnt>
<BasicStmnt CovItemId="S134" CovItemPrefix="InitializeCards.java" Intrnl_Id="256">
<LocList>
<Loc EndOffset="6329" SrcFileId="2" StartOffset="6297"/>
</LocList>
</BasicStmnt>
<BasicStmnt CovItemId="S135" CovItemPrefix="InitializeCards.java" Intrnl_Id="257">
<LocList>
<Loc EndOffset="6361" SrcFileId="2" StartOffset="6333"/>
</LocList>
</BasicStmnt>
<BasicStmnt CovItemId="S136" CovItemPrefix="InitializeCards.java" Intrnl_Id="258">
<LocList>
<Loc EndOffset="6402" SrcFileId="2" StartOffset="6365"/>
</LocList>
</BasicStmnt>
<BasicStmnt CovItemId="S137" CovItemPrefix="InitializeCards.java" Intrnl_Id="259">
<LocList>
<Loc EndOffset="6449" SrcFileId="2" StartOffset="6406"/>
</LocList>
</BasicStmnt>
<BasicStmnt CovItemId="S138" CovItemPrefix="InitializeCards.java" Intrnl_Id="260">
<LocList>
<Loc EndOffset="6485" SrcFileId="2" StartOffset="6453"/>
</LocList>
</BasicStmnt>
<BasicStmnt CovItemId="S139" CovItemPrefix="InitializeCards.java" Intrnl_Id="261">
<LocList>
<Loc EndOffset="6517" SrcFileId="2" StartOffset="6489"/>
</LocList>
</BasicStmnt>
<BasicStmnt CovItemId="S140" CovItemPrefix="InitializeCards.java" Intrnl_Id="262">
<LocList>
<Loc EndOffset="6555" SrcFileId="2" StartOffset="6521"/>
</LocList>
</BasicStmnt>
<BasicStmnt CovItemId="S141" CovItemPrefix="InitializeCards.java" Intrnl_Id="263">
<LocList>
<Loc EndOffset="6588" SrcFileId="2" StartOffset="6559"/>
</LocList>
</BasicStmnt>
<BasicStmnt CovItemId="S142" CovItemPrefix="InitializeCards.java" Intrnl_Id="264">
<LocList>
<Loc EndOffset="6625" SrcFileId="2" StartOffset="6592"/>
</LocList>
</BasicStmnt>
<BasicStmnt CovItemId="S143" CovItemPrefix="InitializeCards.java" Intrnl_Id="265">
<LocList>
<Loc EndOffset="6657" SrcFileId="2" StartOffset="6629"/>
</LocList>
</BasicStmnt>
<BasicStmnt CovItemId="S144" CovItemPrefix="InitializeCards.java" Intrnl_Id="266">
<LocList>
<Loc EndOffset="6698" SrcFileId="2" StartOffset="6661"/>
</LocList>
</BasicStmnt>
<BasicStmnt CovItemId="S145" CovItemPrefix="InitializeCards.java" Intrnl_Id="267">
<LocList>
<Loc EndOffset="6748" SrcFileId="2" StartOffset="6702"/>
</LocList>
</BasicStmnt>
<BasicStmnt CovItemId="S146" CovItemPrefix="InitializeCards.java" Intrnl_Id="268">
<LocList>
<Loc EndOffset="6785" SrcFileId="2" StartOffset="6752"/>
</LocList>
</BasicStmnt>
<BasicStmnt CovItemId="S147" CovItemPrefix="InitializeCards.java" Intrnl_Id="269">
<LocList>
<Loc EndOffset="6817" SrcFileId="2" StartOffset="6789"/>
</LocList>
</BasicStmnt>
<BasicStmnt CovItemId="S148" CovItemPrefix="InitializeCards.java" Intrnl_Id="270">
<LocList>
<Loc EndOffset="6855" SrcFileId="2" StartOffset="6821"/>
</LocList>
</BasicStmnt>
<BasicStmnt CovItemId="S149" CovItemPrefix="InitializeCards.java" Intrnl_Id="271">
<LocList>
<Loc EndOffset="6888" SrcFileId="2" StartOffset="6859"/>
</LocList>
</BasicStmnt>
<BasicStmnt CovItemId="S150" CovItemPrefix="InitializeCards.java" Intrnl_Id="272">
<LocList>
<Loc EndOffset="6925" SrcFileId="2" StartOffset="6892"/>
</LocList>
</BasicStmnt>
<BasicStmnt CovItemId="S151" CovItemPrefix="InitializeCards.java" Intrnl_Id="273">
<LocList>
<Loc EndOffset="6957" SrcFileId="2" StartOffset="6929"/>
</LocList>
</BasicStmnt>
<BasicStmnt CovItemId="S152" CovItemPrefix="InitializeCards.java" Intrnl_Id="274">
<LocList>
<Loc EndOffset="6995" SrcFileId="2" StartOffset="6961"/>
</LocList>
</BasicStmnt>
<BasicStmnt CovItemId="S153" CovItemPrefix="InitializeCards.java" Intrnl_Id="275">
<LocList>
<Loc EndOffset="7028" SrcFileId="2" StartOffset="6999"/>
</LocList>
</BasicStmnt>
<BasicStmnt CovItemId="S154" CovItemPrefix="InitializeCards.java" Intrnl_Id="276">
<LocList>
<Loc EndOffset="7069" SrcFileId="2" StartOffset="7032"/>
</LocList>
</BasicStmnt>
<BasicStmnt CovItemId="S155" CovItemPrefix="InitializeCards.java" Intrnl_Id="277">
<LocList>
<Loc EndOffset="7122" SrcFileId="2" StartOffset="7073"/>
</LocList>
</BasicStmnt>
<BasicStmnt CovItemId="S156" CovItemPrefix="InitializeCards.java" Intrnl_Id="278">
<LocList>
<Loc EndOffset="7165" SrcFileId="2" StartOffset="7128"/>
</LocList>
</BasicStmnt>
<BasicStmnt CovItemId="S157" CovItemPrefix="InitializeCards.java" Intrnl_Id="279">
<LocList>
<Loc EndOffset="7202" SrcFileId="2" StartOffset="7169"/>
</LocList>
</BasicStmnt>
<BasicStmnt CovItemId="S158" CovItemPrefix="InitializeCards.java" Intrnl_Id="280">
<LocList>
<Loc EndOffset="7237" SrcFileId="2" StartOffset="7206"/>
</LocList>
</BasicStmnt>
<BasicStmnt CovItemId="S159" CovItemPrefix="InitializeCards.java" Intrnl_Id="281">
<LocList>
<Loc EndOffset="7271" SrcFileId="2" StartOffset="7241"/>
</LocList>
</BasicStmnt>
<BasicStmnt CovItemId="S160" CovItemPrefix="InitializeCards.java" Intrnl_Id="282">
<LocList>
<Loc EndOffset="7308" SrcFileId="2" StartOffset="7275"/>
</LocList>
</BasicStmnt>
<BasicStmnt CovItemId="S161" CovItemPrefix="InitializeCards.java" Intrnl_Id="283">
<LocList>
<Loc EndOffset="7343" SrcFileId="2" StartOffset="7312"/>
</LocList>
</BasicStmnt>
<BasicStmnt CovItemId="S162" CovItemPrefix="InitializeCards.java" Intrnl_Id="284">
<LocList>
<Loc EndOffset="7378" SrcFileId="2" StartOffset="7347"/>
</LocList>
</BasicStmnt>
<BasicStmnt CovItemId="S163" CovItemPrefix="InitializeCards.java" Intrnl_Id="285">
<LocList>
<Loc EndOffset="7412" SrcFileId="2" StartOffset="7382"/>
</LocList>
</BasicStmnt>
<BasicStmnt CovItemId="S164" CovItemPrefix="InitializeCards.java" Intrnl_Id="286">
<LocList>
<Loc EndOffset="7449" SrcFileId="2" StartOffset="7416"/>
</LocList>
</BasicStmnt>
<BasicStmnt CovItemId="S165" CovItemPrefix="InitializeCards.java" Intrnl_Id="287">
<LocList>
<Loc EndOffset="7484" SrcFileId="2" StartOffset="7453"/>
</LocList>
</BasicStmnt>
<BasicStmnt CovItemId="S166" CovItemPrefix="InitializeCards.java" Intrnl_Id="288">
<LocList>
<Loc EndOffset="7521" SrcFileId="2" StartOffset="7488"/>
</LocList>
</BasicStmnt>
<BasicStmnt CovItemId="S167" CovItemPrefix="InitializeCards.java" Intrnl_Id="289">
<LocList>
<Loc EndOffset="7556" SrcFileId="2" StartOffset="7525"/>
</LocList>
</BasicStmnt>
<BasicStmnt CovItemId="S168" CovItemPrefix="InitializeCards.java" Intrnl_Id="290">
<LocList>
<Loc EndOffset="7590" SrcFileId="2" StartOffset="7560"/>
</LocList>
</BasicStmnt>
<BasicStmnt CovItemId="S169" CovItemPrefix="InitializeCards.java" Intrnl_Id="291">
<LocList>
<Loc EndOffset="7627" SrcFileId="2" StartOffset="7594"/>
</LocList>
</BasicStmnt>
<BasicStmnt CovItemId="S170" CovItemPrefix="InitializeCards.java" Intrnl_Id="292">
<LocList>
<Loc EndOffset="7666" SrcFileId="2" StartOffset="7631"/>
</LocList>
</BasicStmnt>
<BasicStmnt CovItemId="S171" CovItemPrefix="InitializeCards.java" Intrnl_Id="293">
<LocList>
<Loc EndOffset="7701" SrcFileId="2" StartOffset="7670"/>
</LocList>
</BasicStmnt>
<BasicStmnt CovItemId="S172" CovItemPrefix="InitializeCards.java" Intrnl_Id="294">
<LocList>
<Loc EndOffset="7733" SrcFileId="2" StartOffset="7705"/>
</LocList>
</BasicStmnt>
<BasicStmnt CovItemId="S173" CovItemPrefix="InitializeCards.java" Intrnl_Id="295">
<LocList>
<Loc EndOffset="7768" SrcFileId="2" StartOffset="7737"/>
</LocList>
</BasicStmnt>
<BasicStmnt CovItemId="S174" CovItemPrefix="InitializeCards.java" Intrnl_Id="296">
<LocList>
<Loc EndOffset="7805" SrcFileId="2" StartOffset="7772"/>
</LocList>
</BasicStmnt>
<BasicStmnt CovItemId="S175" CovItemPrefix="InitializeCards.java" Intrnl_Id="297">
<LocList>
<Loc EndOffset="7848" SrcFileId="2" StartOffset="7809"/>
</LocList>
</BasicStmnt>
<BasicStmnt CovItemId="S176" CovItemPrefix="InitializeCards.java" Intrnl_Id="298">
<LocList>
<Loc EndOffset="7887" SrcFileId="2" StartOffset="7852"/>
</LocList>
</BasicStmnt>
<BasicStmnt CovItemId="S177" CovItemPrefix="InitializeCards.java" Intrnl_Id="299">
<LocList>
<Loc EndOffset="7922" SrcFileId="2" StartOffset="7891"/>
</LocList>
</BasicStmnt>
<BasicStmnt CovItemId="S178" CovItemPrefix="InitializeCards.java" Intrnl_Id="300">
<LocList>
<Loc EndOffset="7959" SrcFileId="2" StartOffset="7926"/>
</LocList>
</BasicStmnt>
<BasicStmnt CovItemId="S179" CovItemPrefix="InitializeCards.java" Intrnl_Id="301">
<LocList>
<Loc EndOffset="8012" SrcFileId="2" StartOffset="7963"/>
</LocList>
</BasicStmnt>
<BasicStmnt CovItemId="S180" CovItemPrefix="InitializeCards.java" Intrnl_Id="302">
<LocList>
<Loc EndOffset="8045" SrcFileId="2" StartOffset="8016"/>
</LocList>
</BasicStmnt>
<BasicStmnt CovItemId="S181" CovItemPrefix="InitializeCards.java" Intrnl_Id="303">
<LocList>
<Loc EndOffset="8080" SrcFileId="2" StartOffset="8049"/>
</LocList>
</BasicStmnt>
<BasicStmnt CovItemId="S182" CovItemPrefix="InitializeCards.java" Intrnl_Id="304">
<LocList>
<Loc EndOffset="8112" SrcFileId="2" StartOffset="8084"/>
</LocList>
</BasicStmnt>
<BasicStmnt CovItemId="S183" CovItemPrefix="InitializeCards.java" Intrnl_Id="305">
<LocList>
<Loc EndOffset="8145" SrcFileId="2" StartOffset="8116"/>
</LocList>
</BasicStmnt>
<BasicStmnt CovItemId="S184" CovItemPrefix="InitializeCards.java" Intrnl_Id="306">
<LocList>
<Loc EndOffset="8180" SrcFileId="2" StartOffset="8149"/>
</LocList>
</BasicStmnt>
<BasicStmnt CovItemId="S185" CovItemPrefix="InitializeCards.java" Intrnl_Id="307">
<LocList>
<Loc EndOffset="8215" SrcFileId="2" StartOffset="8184"/>
</LocList>
</BasicStmnt>
<BasicStmnt CovItemId="S186" CovItemPrefix="InitializeCards.java" Intrnl_Id="308">
<LocList>
<Loc EndOffset="8253" SrcFileId="2" StartOffset="8219"/>
</LocList>
</BasicStmnt>
<BasicStmnt CovItemId="S187" CovItemPrefix="InitializeCards.java" Intrnl_Id="309">
<LocList>
<Loc EndOffset="8291" SrcFileId="2" StartOffset="8257"/>
</LocList>
</BasicStmnt>
<BasicStmnt CovItemId="S188" CovItemPrefix="InitializeCards.java" Intrnl_Id="310">
<LocList>
<Loc EndOffset="8329" SrcFileId="2" StartOffset="8295"/>
</LocList>
</BasicStmnt>
<BasicStmnt CovItemId="S189" CovItemPrefix="InitializeCards.java" Intrnl_Id="311">
<LocList>
<Loc EndOffset="8363" SrcFileId="2" StartOffset="8333"/>
</LocList>
</BasicStmnt>
<BasicStmnt CovItemId="S190" CovItemPrefix="InitializeCards.java" Intrnl_Id="312">
<LocList>
<Loc EndOffset="8399" SrcFileId="2" StartOffset="8367"/>
</LocList>
</BasicStmnt>
<BasicStmnt CovItemId="S191" CovItemPrefix="InitializeCards.java" Intrnl_Id="313">
<LocList>
<Loc EndOffset="8435" SrcFileId="2" StartOffset="8403"/>
</LocList>
</BasicStmnt>
<BasicStmnt CovItemId="S192" CovItemPrefix="InitializeCards.java" Intrnl_Id="314">
<LocList>
<Loc EndOffset="8469" SrcFileId="2" StartOffset="8439"/>
</LocList>
</BasicStmnt>
<BasicStmnt CovItemId="S193" CovItemPrefix="InitializeCards.java" Intrnl_Id="315">
<LocList>
<Loc EndOffset="8505" SrcFileId="2" StartOffset="8473"/>
</LocList>
</BasicStmnt>
<BasicStmnt CovItemId="S194" CovItemPrefix="InitializeCards.java" Intrnl_Id="316">
<LocList>
<Loc EndOffset="8538" SrcFileId="2" StartOffset="8509"/>
</LocList>
</BasicStmnt>
</StmntSeq>
</HierarchyLvl>
<HierarchyLvl HierarchyLvlId="2919" HierarchyLvlTypeId="7" Intrnl_Id="317" Name="addConditionsForSelect">
<Header>
<Loc EndOffset="8584" SrcFileId="2" StartOffset="8548"/>
</Header>
<LocList>
<Loc EndOffset="10234" SrcFileId="2" StartOffset="8548"/>
</LocList>
<StmntSeq Intrnl_Id="318">
<LocList>
<Loc EndOffset="8627" SrcFileId="2" StartOffset="8594"/>
<Loc EndOffset="8673" SrcFileId="2" StartOffset="8631"/>
<Loc EndOffset="8706" SrcFileId="2" StartOffset="8677"/>
<Loc EndOffset="8759" SrcFileId="2" StartOffset="8710"/>
<Loc EndOffset="8796" SrcFileId="2" StartOffset="8767"/>
<Loc EndOffset="8833" SrcFileId="2" StartOffset="8800"/>
<Loc EndOffset="8873" SrcFileId="2" StartOffset="8840"/>
<Loc EndOffset="8919" SrcFileId="2" StartOffset="8877"/>
<Loc EndOffset="8952" SrcFileId="2" StartOffset="8923"/>
<Loc EndOffset="8997" SrcFileId="2" StartOffset="8956"/>
<Loc EndOffset="9049" SrcFileId="2" StartOffset="9009"/>
<Loc EndOffset="9088" SrcFileId="2" StartOffset="9053"/>
<Loc EndOffset="9138" SrcFileId="2" StartOffset="9098"/>
<Loc EndOffset="9178" SrcFileId="2" StartOffset="9142"/>
<Loc EndOffset="9213" SrcFileId="2" StartOffset="9182"/>
<Loc EndOffset="9248" SrcFileId="2" StartOffset="9217"/>
<Loc EndOffset="9282" SrcFileId="2" StartOffset="9252"/>
<Loc EndOffset="9319" SrcFileId="2" StartOffset="9286"/>
<Loc EndOffset="9354" SrcFileId="2" StartOffset="9323"/>
<Loc EndOffset="9389" SrcFileId="2" StartOffset="9358"/>
<Loc EndOffset="9423" SrcFileId="2" StartOffset="9393"/>
<Loc EndOffset="9460" SrcFileId="2" StartOffset="9427"/>
<Loc EndOffset="9495" SrcFileId="2" StartOffset="9464"/>
<Loc EndOffset="9532" SrcFileId="2" StartOffset="9499"/>
<Loc EndOffset="9567" SrcFileId="2" StartOffset="9536"/>
<Loc EndOffset="9601" SrcFileId="2" StartOffset="9571"/>
<Loc EndOffset="9638" SrcFileId="2" StartOffset="9605"/>
<Loc EndOffset="9677" SrcFileId="2" StartOffset="9642"/>
<Loc EndOffset="9712" SrcFileId="2" StartOffset="9681"/>
<Loc EndOffset="9744" SrcFileId="2" StartOffset="9716"/>
<Loc EndOffset="9779" SrcFileId="2" StartOffset="9748"/>
<Loc EndOffset="9816" SrcFileId="2" StartOffset="9783"/>
<Loc EndOffset="9859" SrcFileId="2" StartOffset="9820"/>
<Loc EndOffset="9898" SrcFileId="2" StartOffset="9863"/>
<Loc EndOffset="9933" SrcFileId="2" StartOffset="9902"/>
<Loc EndOffset="9970" SrcFileId="2" StartOffset="9937"/>
<Loc EndOffset="10023" SrcFileId="2" StartOffset="9974"/>
<Loc EndOffset="10056" SrcFileId="2" StartOffset="10027"/>
<Loc EndOffset="10091" SrcFileId="2" StartOffset="10060"/>
<Loc EndOffset="10123" SrcFileId="2" StartOffset="10095"/>
<Loc EndOffset="10156" SrcFileId="2" StartOffset="10127"/>
<Loc EndOffset="10191" SrcFileId="2" StartOffset="10160"/>
<Loc EndOffset="10226" SrcFileId="2" StartOffset="10195"/>
</LocList>
<BasicStmnt CovItemId="S195" CovItemPrefix="InitializeCards.java" Intrnl_Id="319">
<LocList>
<Loc EndOffset="8627" SrcFileId="2" StartOffset="8594"/>
</LocList>
</BasicStmnt>
<BasicStmnt CovItemId="S196" CovItemPrefix="InitializeCards.java" Intrnl_Id="320">
<LocList>
<Loc EndOffset="8673" SrcFileId="2" StartOffset="8631"/>
</LocList>
</BasicStmnt>
<BasicStmnt CovItemId="S197" CovItemPrefix="InitializeCards.java" Intrnl_Id="321">
<LocList>
<Loc EndOffset="8706" SrcFileId="2" StartOffset="8677"/>
</LocList>
</BasicStmnt>
<BasicStmnt CovItemId="S198" CovItemPrefix="InitializeCards.java" Intrnl_Id="322">
<LocList>
<Loc EndOffset="8759" SrcFileId="2" StartOffset="8710"/>
</LocList>
</BasicStmnt>
<BasicStmnt CovItemId="S199" CovItemPrefix="InitializeCards.java" Intrnl_Id="323">
<LocList>
<Loc EndOffset="8796" SrcFileId="2" StartOffset="8767"/>
</LocList>
</BasicStmnt>
<BasicStmnt CovItemId="S200" CovItemPrefix="InitializeCards.java" Intrnl_Id="324">
<LocList>
<Loc EndOffset="8833" SrcFileId="2" StartOffset="8800"/>
</LocList>
</BasicStmnt>
<BasicStmnt CovItemId="S201" CovItemPrefix="InitializeCards.java" Intrnl_Id="325">
<LocList>
<Loc EndOffset="8873" SrcFileId="2" StartOffset="8840"/>
</LocList>
</BasicStmnt>
<BasicStmnt CovItemId="S202" CovItemPrefix="InitializeCards.java" Intrnl_Id="326">
<LocList>
<Loc EndOffset="8919" SrcFileId="2" StartOffset="8877"/>
</LocList>
</BasicStmnt>
<BasicStmnt CovItemId="S203" CovItemPrefix="InitializeCards.java" Intrnl_Id="327">
<LocList>
<Loc EndOffset="8952" SrcFileId="2" StartOffset="8923"/>
</LocList>
</BasicStmnt>
<BasicStmnt CovItemId="S204" CovItemPrefix="InitializeCards.java" Intrnl_Id="328">
<LocList>
<Loc EndOffset="8997" SrcFileId="2" StartOffset="8956"/>
</LocList>
</BasicStmnt>
<BasicStmnt CovItemId="S205" CovItemPrefix="InitializeCards.java" Intrnl_Id="329">
<LocList>
<Loc EndOffset="9049" SrcFileId="2" StartOffset="9009"/>
</LocList>
</BasicStmnt>
<BasicStmnt CovItemId="S206" CovItemPrefix="InitializeCards.java" Intrnl_Id="330">
<LocList>
<Loc EndOffset="9088" SrcFileId="2" StartOffset="9053"/>
</LocList>
</BasicStmnt>
<BasicStmnt CovItemId="S207" CovItemPrefix="InitializeCards.java" Intrnl_Id="331">
<LocList>
<Loc EndOffset="9138" SrcFileId="2" StartOffset="9098"/>
</LocList>
</BasicStmnt>
<BasicStmnt CovItemId="S208" CovItemPrefix="InitializeCards.java" Intrnl_Id="332">
<LocList>
<Loc EndOffset="9178" SrcFileId="2" StartOffset="9142"/>
</LocList>
</BasicStmnt>
<BasicStmnt CovItemId="S209" CovItemPrefix="InitializeCards.java" Intrnl_Id="333">
<LocList>
<Loc EndOffset="9213" SrcFileId="2" StartOffset="9182"/>
</LocList>
</BasicStmnt>
<BasicStmnt CovItemId="S210" CovItemPrefix="InitializeCards.java" Intrnl_Id="334">
<LocList>
<Loc EndOffset="9248" SrcFileId="2" StartOffset="9217"/>
</LocList>
</BasicStmnt>
<BasicStmnt CovItemId="S211" CovItemPrefix="InitializeCards.java" Intrnl_Id="335">
<LocList>
<Loc EndOffset="9282" SrcFileId="2" StartOffset="9252"/>
</LocList>
</BasicStmnt>
<BasicStmnt CovItemId="S212" CovItemPrefix="InitializeCards.java" Intrnl_Id="336">
<LocList>
<Loc EndOffset="9319" SrcFileId="2" StartOffset="9286"/>
</LocList>
</BasicStmnt>
<BasicStmnt CovItemId="S213" CovItemPrefix="InitializeCards.java" Intrnl_Id="337">
<LocList>
<Loc EndOffset="9354" SrcFileId="2" StartOffset="9323"/>
</LocList>
</BasicStmnt>
<BasicStmnt CovItemId="S214" CovItemPrefix="InitializeCards.java" Intrnl_Id="338">
<LocList>
<Loc EndOffset="9389" SrcFileId="2" StartOffset="9358"/>
</LocList>
</BasicStmnt>
<BasicStmnt CovItemId="S215" CovItemPrefix="InitializeCards.java" Intrnl_Id="339">
<LocList>
<Loc EndOffset="9423" SrcFileId="2" StartOffset="9393"/>
</LocList>
</BasicStmnt>
<BasicStmnt CovItemId="S216" CovItemPrefix="InitializeCards.java" Intrnl_Id="340">
<LocList>
<Loc EndOffset="9460" SrcFileId="2" StartOffset="9427"/>
</LocList>
</BasicStmnt>
<BasicStmnt CovItemId="S217" CovItemPrefix="InitializeCards.java" Intrnl_Id="341">
<LocList>
<Loc EndOffset="9495" SrcFileId="2" StartOffset="9464"/>
</LocList>
</BasicStmnt>
<BasicStmnt CovItemId="S218" CovItemPrefix="InitializeCards.java" Intrnl_Id="342">
<LocList>
<Loc EndOffset="9532" SrcFileId="2" StartOffset="9499"/>
</LocList>
</BasicStmnt>
<BasicStmnt CovItemId="S219" CovItemPrefix="InitializeCards.java" Intrnl_Id="343">
<LocList>
<Loc EndOffset="9567" SrcFileId="2" StartOffset="9536"/>
</LocList>
</BasicStmnt>
<BasicStmnt CovItemId="S220" CovItemPrefix="InitializeCards.java" Intrnl_Id="344">
<LocList>
<Loc EndOffset="9601" SrcFileId="2" StartOffset="9571"/>
</LocList>
</BasicStmnt>
<BasicStmnt CovItemId="S221" CovItemPrefix="InitializeCards.java" Intrnl_Id="345">
<LocList>
<Loc EndOffset="9638" SrcFileId="2" StartOffset="9605"/>
</LocList>
</BasicStmnt>
<BasicStmnt CovItemId="S222" CovItemPrefix="InitializeCards.java" Intrnl_Id="346">
<LocList>
<Loc EndOffset="9677" SrcFileId="2" StartOffset="9642"/>
</LocList>
</BasicStmnt>
<BasicStmnt CovItemId="S223" CovItemPrefix="InitializeCards.java" Intrnl_Id="347">
<LocList>
<Loc EndOffset="9712" SrcFileId="2" StartOffset="9681"/>
</LocList>
</BasicStmnt>
<BasicStmnt CovItemId="S224" CovItemPrefix="InitializeCards.java" Intrnl_Id="348">
<LocList>
<Loc EndOffset="9744" SrcFileId="2" StartOffset="9716"/>
</LocList>
</BasicStmnt>
<BasicStmnt CovItemId="S225" CovItemPrefix="InitializeCards.java" Intrnl_Id="349">
<LocList>
<Loc EndOffset="9779" SrcFileId="2" StartOffset="9748"/>
</LocList>
</BasicStmnt>
<BasicStmnt CovItemId="S226" CovItemPrefix="InitializeCards.java" Intrnl_Id="350">
<LocList>
<Loc EndOffset="9816" SrcFileId="2" StartOffset="9783"/>
</LocList>
</BasicStmnt>
<BasicStmnt CovItemId="S227" CovItemPrefix="InitializeCards.java" Intrnl_Id="351">
<LocList>
<Loc EndOffset="9859" SrcFileId="2" StartOffset="9820"/>
</LocList>
</BasicStmnt>
<BasicStmnt CovItemId="S228" CovItemPrefix="InitializeCards.java" Intrnl_Id="352">
<LocList>
<Loc EndOffset="9898" SrcFileId="2" StartOffset="9863"/>
</LocList>
</BasicStmnt>
<BasicStmnt CovItemId="S229" CovItemPrefix="InitializeCards.java" Intrnl_Id="353">
<LocList>
<Loc EndOffset="9933" SrcFileId="2" StartOffset="9902"/>
</LocList>
</BasicStmnt>
<BasicStmnt CovItemId="S230" CovItemPrefix="InitializeCards.java" Intrnl_Id="354">
<LocList>
<Loc EndOffset="9970" SrcFileId="2" StartOffset="9937"/>
</LocList>
</BasicStmnt>
<BasicStmnt CovItemId="S231" CovItemPrefix="InitializeCards.java" Intrnl_Id="355">
<LocList>
<Loc EndOffset="10023" SrcFileId="2" StartOffset="9974"/>
</LocList>
</BasicStmnt>
<BasicStmnt CovItemId="S232" CovItemPrefix="InitializeCards.java" Intrnl_Id="356">
<LocList>
<Loc EndOffset="10056" SrcFileId="2" StartOffset="10027"/>
</LocList>
</BasicStmnt>
<BasicStmnt CovItemId="S233" CovItemPrefix="InitializeCards.java" Intrnl_Id="357">
<LocList>
<Loc EndOffset="10091" SrcFileId="2" StartOffset="10060"/>
</LocList>
</BasicStmnt>
<BasicStmnt CovItemId="S234" CovItemPrefix="InitializeCards.java" Intrnl_Id="358">
<LocList>
<Loc EndOffset="10123" SrcFileId="2" StartOffset="10095"/>
</LocList>
</BasicStmnt>
<BasicStmnt CovItemId="S235" CovItemPrefix="InitializeCards.java" Intrnl_Id="359">
<LocList>
<Loc EndOffset="10156" SrcFileId="2" StartOffset="10127"/>
</LocList>
</BasicStmnt>
<BasicStmnt CovItemId="S236" CovItemPrefix="InitializeCards.java" Intrnl_Id="360">
<LocList>
<Loc EndOffset="10191" SrcFileId="2" StartOffset="10160"/>
</LocList>
</BasicStmnt>
<BasicStmnt CovItemId="S237" CovItemPrefix="InitializeCards.java" Intrnl_Id="361">
<LocList>
<Loc EndOffset="10226" SrcFileId="2" StartOffset="10195"/>
</LocList>
</BasicStmnt>
</StmntSeq>
</HierarchyLvl>
<HierarchyLvl HierarchyLvlId="2920" HierarchyLvlTypeId="7" Intrnl_Id="362" Name="getCardHash">
<Header>
<Loc EndOffset="10282" SrcFileId="2" StartOffset="10239"/>
</Header>
<LocList>
<Loc EndOffset="10308" SrcFileId="2" StartOffset="10239"/>
</LocList>
<StmntSeq Intrnl_Id="363">
<LocList>
<Loc EndOffset="10304" SrcFileId="2" StartOffset="10288"/>
</LocList>
<BasicStmnt CovItemId="S238" CovItemPrefix="InitializeCards.java" Intrnl_Id="364">
<LocList>
<Loc EndOffset="10304" SrcFileId="2" StartOffset="10288"/>
</LocList>
</BasicStmnt>
</StmntSeq>
</HierarchyLvl>
</HierarchyLvl>
<HierarchyLvl HierarchyLvlId="2934" HierarchyLvlTypeId="8" Intrnl_Id="365" Name="Game">
<Header>
<Loc EndOffset="185" SrcFileId="3" StartOffset="168"/>
</Header>
<LocList>
<Loc EndOffset="3862" SrcFileId="3" StartOffset="168"/>
</LocList>
<StmntSeq Intrnl_Id="366">
<LocList>
<Loc EndOffset="242" SrcFileId="3" StartOffset="190"/>
<Loc EndOffset="301" SrcFileId="3" StartOffset="245"/>
<Loc EndOffset="359" SrcFileId="3" StartOffset="304"/>
<Loc EndOffset="391" SrcFileId="3" StartOffset="362"/>
<Loc EndOffset="423" SrcFileId="3" StartOffset="394"/>
<Loc EndOffset="466" SrcFileId="3" StartOffset="426"/>
<Loc EndOffset="523" SrcFileId="3" StartOffset="487"/>
<Loc EndOffset="542" SrcFileId="3" StartOffset="526"/>
<Loc EndOffset="619" SrcFileId="3" StartOffset="604"/>
</LocList>
<BasicStmnt CovItemId="S1" CovItemPrefix="Game.java" Intrnl_Id="367">
<LocList>
<Loc EndOffset="242" SrcFileId="3" StartOffset="190"/>
</LocList>
</BasicStmnt>
<BasicStmnt CovItemId="S2" CovItemPrefix="Game.java" Intrnl_Id="368">
<LocList>
<Loc EndOffset="301" SrcFileId="3" StartOffset="245"/>
</LocList>
</BasicStmnt>
<BasicStmnt CovItemId="S3" CovItemPrefix="Game.java" Intrnl_Id="369">
<LocList>
<Loc EndOffset="359" SrcFileId="3" StartOffset="304"/>
</LocList>
</BasicStmnt>
<BasicStmnt CovItemId="S4" CovItemPrefix="Game.java" Intrnl_Id="370">
<LocList>
<Loc EndOffset="391" SrcFileId="3" StartOffset="362"/>
</LocList>
</BasicStmnt>
<BasicStmnt CovItemId="S5" CovItemPrefix="Game.java" Intrnl_Id="371">
<LocList>
<Loc EndOffset="423" SrcFileId="3" StartOffset="394"/>
</LocList>
</BasicStmnt>
<BasicStmnt CovItemId="S6" CovItemPrefix="Game.java" Intrnl_Id="372">
<LocList>
<Loc EndOffset="466" SrcFileId="3" StartOffset="426"/>
</LocList>
</BasicStmnt>
<BasicStmnt CovItemId="S7" CovItemPrefix="Game.java" Intrnl_Id="373">
<LocList>
<Loc EndOffset="523" SrcFileId="3" StartOffset="487"/>
</LocList>
</BasicStmnt>
<BasicStmnt CovItemId="S8" CovItemPrefix="Game.java" Intrnl_Id="374">
<LocList>
<Loc EndOffset="542" SrcFileId="3" StartOffset="526"/>
</LocList>
</BasicStmnt>
<BasicStmnt CovItemId="S9" CovItemPrefix="Game.java" Intrnl_Id="375">
<LocList>
<Loc EndOffset="619" SrcFileId="3" StartOffset="604"/>
</LocList>
</BasicStmnt>
</StmntSeq>
<HierarchyLvl HierarchyLvlId="2922" HierarchyLvlTypeId="7" Intrnl_Id="376" Name="Game">
<Header>
<Loc EndOffset="775" SrcFileId="3" StartOffset="708"/>
</Header>
<LocList>
<Loc EndOffset="858" SrcFileId="3" StartOffset="708"/>
</LocList>
<StmntSeq Intrnl_Id="377">
<LocList>
<Loc EndOffset="801" SrcFileId="3" StartOffset="782"/>
<Loc EndOffset="832" SrcFileId="3" StartOffset="805"/>
<Loc EndOffset="854" SrcFileId="3" StartOffset="836"/>
</LocList>
<BasicStmnt CovItemId="S10" CovItemPrefix="Game.java" Intrnl_Id="378">
<LocList>
<Loc EndOffset="801" SrcFileId="3" StartOffset="782"/>
</LocList>
</BasicStmnt>
<BasicStmnt CovItemId="S11" CovItemPrefix="Game.java" Intrnl_Id="379">
<LocList>
<Loc EndOffset="832" SrcFileId="3" StartOffset="805"/>
</LocList>
</BasicStmnt>
<BasicStmnt CovItemId="S12" CovItemPrefix="Game.java" Intrnl_Id="380">
<LocList>
<Loc EndOffset="854" SrcFileId="3" StartOffset="836"/>
</LocList>
</BasicStmnt>
</StmntSeq>
</HierarchyLvl>
<HierarchyLvl HierarchyLvlId="2923" HierarchyLvlTypeId="7" Intrnl_Id="381" Name="changePlayer">
<Header>
<Loc EndOffset="890" SrcFileId="3" StartOffset="864"/>
</Header>
<LocList>
<Loc EndOffset="1026" SrcFileId="3" StartOffset="864"/>
</LocList>
<StmntSeq Intrnl_Id="382">
<LocList>
<Loc EndOffset="1022" SrcFileId="3" StartOffset="896"/>
</LocList>
<CondStmnt CovItemId="S13" CovItemPrefix="Game.java" Intrnl_Id="383">
<Branch CovItemId="B1" CovItemPrefix="Game.java" Implct="false" Intrnl_Id="384">
<Cond/>
<LocList>
<Loc EndOffset="966" SrcFileId="3" StartOffset="916"/>
</LocList>
<StmntSeq Intrnl_Id="385">
<LocList>
<Loc EndOffset="941" SrcFileId="3" StartOffset="922"/>
<Loc EndOffset="961" SrcFileId="3" StartOffset="946"/>
</LocList>
<BasicStmnt CovItemId="S14" CovItemPrefix="Game.java" Intrnl_Id="386">
<LocList>
<Loc EndOffset="941" SrcFileId="3" StartOffset="922"/>
</LocList>
</BasicStmnt>
<BasicStmnt CovItemId="S15" CovItemPrefix="Game.java" Intrnl_Id="387">
<LocList>
<Loc EndOffset="961" SrcFileId="3" StartOffset="946"/>
</LocList>
</BasicStmnt>
</StmntSeq>
</Branch>
<Branch CovItemId="B2" CovItemPrefix="Game.java" Implct="false" Intrnl_Id="388">
<Cond>
<Loc EndOffset="971" SrcFileId="3" StartOffset="967"/>
</Cond>
<LocList>
<Loc EndOffset="1022" SrcFileId="3" StartOffset="972"/>
</LocList>
<StmntSeq Intrnl_Id="389">
<LocList>
<Loc EndOffset="997" SrcFileId="3" StartOffset="978"/>
<Loc EndOffset="1017" SrcFileId="3" StartOffset="1002"/>
</LocList>
<BasicStmnt CovItemId="S16" CovItemPrefix="Game.java" Intrnl_Id="390">
<LocList>
<Loc EndOffset="997" SrcFileId="3" StartOffset="978"/>
</LocList>
</BasicStmnt>
<BasicStmnt CovItemId="S17" CovItemPrefix="Game.java" Intrnl_Id="391">
<LocList>
<Loc EndOffset="1017" SrcFileId="3" StartOffset="1002"/>
</LocList>
</BasicStmnt>
</StmntSeq>
</Branch>
<Keyword EndOffset="898" SrcFileId="3" StartOffset="896"/>
<LocList>
<Loc EndOffset="1022" SrcFileId="3" StartOffset="896"/>
</LocList>
<RootTerm CovItemId="C1" CovItemPrefix="Game.java" Intrnl_Id="392">
<BasicBoolTerm Intrnl_Id="393">
<LocList>
<Loc EndOffset="914" SrcFileId="3" StartOffset="899"/>
</LocList>
</BasicBoolTerm>
</RootTerm>
</CondStmnt>
</StmntSeq>
</HierarchyLvl>
<HierarchyLvl HierarchyLvlId="2924" HierarchyLvlTypeId="7" Intrnl_Id="394" Name="shuffle">
<Header>
<Loc EndOffset="1093" SrcFileId="3" StartOffset="1034"/>
</Header>
<LocList>
<Loc EndOffset="1332" SrcFileId="3" StartOffset="1034"/>
</LocList>
<StmntSeq Intrnl_Id="395">
<LocList>
<Loc EndOffset="1126" SrcFileId="3" StartOffset="1099"/>
<Loc EndOffset="1311" SrcFileId="3" StartOffset="1130"/>
<Loc EndOffset="1328" SrcFileId="3" StartOffset="1315"/>
</LocList>
<BasicStmnt CovItemId="S18" CovItemPrefix="Game.java" Intrnl_Id="396">
<LocList>
<Loc EndOffset="1126" SrcFileId="3" StartOffset="1099"/>
</LocList>
</BasicStmnt>
<LoopStmnt CovItemId="S19" CovItemPrefix="Game.java" Intrnl_Id="397" MltplExecId="L1-2" MltplExecPrefix="Game.java" NvrExecId="L1-0" NvrExecPrefix="Game.java" OnceExecutedId="L1-1" OnceExecutedPrefix="Game.java" OptBodyExec="true">
<StmntSeq Intrnl_Id="398">
<LocList>
<Loc EndOffset="1209" SrcFileId="3" StartOffset="1179"/>
<Loc EndOffset="1244" SrcFileId="3" StartOffset="1214"/>
<Loc EndOffset="1282" SrcFileId="3" StartOffset="1249"/>
<Loc EndOffset="1306" SrcFileId="3" StartOffset="1287"/>
</LocList>
<BasicStmnt CovItemId="S20" CovItemPrefix="Game.java" Intrnl_Id="399">
<LocList>
<Loc EndOffset="1209" SrcFileId="3" StartOffset="1179"/>
</LocList>
</BasicStmnt>
<BasicStmnt CovItemId="S21" CovItemPrefix="Game.java" Intrnl_Id="400">
<LocList>
<Loc EndOffset="1244" SrcFileId="3" StartOffset="1214"/>
</LocList>
</BasicStmnt>
<BasicStmnt CovItemId="S22" CovItemPrefix="Game.java" Intrnl_Id="401">
<LocList>
<Loc EndOffset="1282" SrcFileId="3" StartOffset="1249"/>
</LocList>
</BasicStmnt>
<BasicStmnt CovItemId="S23" CovItemPrefix="Game.java" Intrnl_Id="402">
<LocList>
<Loc EndOffset="1306" SrcFileId="3" StartOffset="1287"/>
</LocList>
</BasicStmnt>
</StmntSeq>
<Keyword EndOffset="1133" SrcFileId="3" StartOffset="1130"/>
<LocList>
<Loc EndOffset="1311" SrcFileId="3" StartOffset="1130"/>
</LocList>
<RootTerm CovItemId="C2" CovItemPrefix="Game.java" Intrnl_Id="403">
<BasicBoolTerm Intrnl_Id="404">
<LocList>
<Loc EndOffset="1166" SrcFileId="3" StartOffset="1161"/>
</LocList>
</BasicBoolTerm>
</RootTerm>
</LoopStmnt>
<BasicStmnt CovItemId="S24" CovItemPrefix="Game.java" Intrnl_Id="405">
<LocList>
<Loc EndOffset="1328" SrcFileId="3" StartOffset="1315"/>
</LocList>
</BasicStmnt>
</StmntSeq>
</HierarchyLvl>
<HierarchyLvl HierarchyLvlId="2925" HierarchyLvlTypeId="7" Intrnl_Id="406" Name="setInitialCards">
<Header>
<Loc EndOffset="1367" SrcFileId="3" StartOffset="1338"/>
</Header>
<LocList>
<Loc EndOffset="1432" SrcFileId="3" StartOffset="1338"/>
</LocList>
<StmntSeq Intrnl_Id="407">
<LocList>
<Loc EndOffset="1398" SrcFileId="3" StartOffset="1372"/>
<Loc EndOffset="1428" SrcFileId="3" StartOffset="1402"/>
</LocList>
<BasicStmnt CovItemId="S25" CovItemPrefix="Game.java" Intrnl_Id="408">
<LocList>
<Loc EndOffset="1398" SrcFileId="3" StartOffset="1372"/>
</LocList>
</BasicStmnt>
<BasicStmnt CovItemId="S26" CovItemPrefix="Game.java" Intrnl_Id="409">
<LocList>
<Loc EndOffset="1428" SrcFileId="3" StartOffset="1402"/>
</LocList>
</BasicStmnt>
</StmntSeq>
</HierarchyLvl>
<HierarchyLvl HierarchyLvlId="2926" HierarchyLvlTypeId="7" Intrnl_Id="410" Name="dealCards">
<Header>
<Loc EndOffset="1477" SrcFileId="3" StartOffset="1440"/>
</Header>
<LocList>
<Loc EndOffset="1856" SrcFileId="3" StartOffset="1440"/>
</LocList>
<StmntSeq Intrnl_Id="411">
<LocList>
<Loc EndOffset="1534" SrcFileId="3" StartOffset="1483"/>
<Loc EndOffset="1561" SrcFileId="3" StartOffset="1538"/>
<Loc EndOffset="1596" SrcFileId="3" StartOffset="1565"/>
<Loc EndOffset="1836" SrcFileId="3" StartOffset="1600"/>
<Loc EndOffset="1852" SrcFileId="3" StartOffset="1840"/>
</LocList>
<BasicStmnt CovItemId="S27" CovItemPrefix="Game.java" Intrnl_Id="412">
<LocList>
<Loc EndOffset="1534" SrcFileId="3" StartOffset="1483"/>
</LocList>
</BasicStmnt>
<BasicStmnt CovItemId="S28" CovItemPrefix="Game.java" Intrnl_Id="413">
<LocList>
<Loc EndOffset="1561" SrcFileId="3" StartOffset="1538"/>
</LocList>
</BasicStmnt>
<BasicStmnt CovItemId="S29" CovItemPrefix="Game.java" Intrnl_Id="414">
<LocList>
<Loc EndOffset="1596" SrcFileId="3" StartOffset="1565"/>
</LocList>
</BasicStmnt>
<LoopStmnt CovItemId="S30" CovItemPrefix="Game.java" Intrnl_Id="415" MltplExecId="L2-2" MltplExecPrefix="Game.java" NvrExecId="L2-0" NvrExecPrefix="Game.java" OnceExecutedId="L2-1" OnceExecutedPrefix="Game.java" OptBodyExec="true">
<StmntSeq Intrnl_Id="416">
<LocList>
<Loc EndOffset="1673" SrcFileId="3" StartOffset="1635"/>
<Loc EndOffset="1722" SrcFileId="3" StartOffset="1678"/>
<Loc EndOffset="1769" SrcFileId="3" StartOffset="1727"/>
<Loc EndOffset="1826" SrcFileId="3" StartOffset="1774"/>
</LocList>
<BasicStmnt CovItemId="S31" CovItemPrefix="Game.java" Intrnl_Id="417">
<LocList>
<Loc EndOffset="1673" SrcFileId="3" StartOffset="1635"/>
</LocList>
</BasicStmnt>
<BasicStmnt CovItemId="S32" CovItemPrefix="Game.java" Intrnl_Id="418">
<LocList>
<Loc EndOffset="1722" SrcFileId="3" StartOffset="1678"/>
</LocList>
</BasicStmnt>
<BasicStmnt CovItemId="S33" CovItemPrefix="Game.java" Intrnl_Id="419">
<LocList>
<Loc EndOffset="1769" SrcFileId="3" StartOffset="1727"/>
</LocList>
</BasicStmnt>
<BasicStmnt CovItemId="S34" CovItemPrefix="Game.java" Intrnl_Id="420">
<LocList>
<Loc EndOffset="1826" SrcFileId="3" StartOffset="1774"/>
</LocList>
</BasicStmnt>
</StmntSeq>
<Keyword EndOffset="1603" SrcFileId="3" StartOffset="1600"/>
<LocList>
<Loc EndOffset="1836" SrcFileId="3" StartOffset="1600"/>
</LocList>
<RootTerm CovItemId="C3" CovItemPrefix="Game.java" Intrnl_Id="421">
<BasicBoolTerm Intrnl_Id="422">
<LocList>
<Loc EndOffset="1622" SrcFileId="3" StartOffset="1616"/>
</LocList>
</BasicBoolTerm>
</RootTerm>
</LoopStmnt>
<BasicStmnt CovItemId="S35" CovItemPrefix="Game.java" Intrnl_Id="423">
<LocList>
<Loc EndOffset="1852" SrcFileId="3" StartOffset="1840"/>
</LocList>
</BasicStmnt>
</StmntSeq>
</HierarchyLvl>
<HierarchyLvl HierarchyLvlId="2927" HierarchyLvlTypeId="7" Intrnl_Id="424" Name="dealNewCard">
<Header>
<Loc EndOffset="1999" SrcFileId="3" StartOffset="1937"/>
</Header>
<LocList>
<Loc EndOffset="2442" SrcFileId="3" StartOffset="1937"/>
</LocList>
<StmntSeq Intrnl_Id="425">
<LocList>
<Loc EndOffset="2030" SrcFileId="3" StartOffset="2004"/>
<Loc EndOffset="2424" SrcFileId="3" StartOffset="2034"/>
<Loc EndOffset="2438" SrcFileId="3" StartOffset="2425"/>
</LocList>
<BasicStmnt CovItemId="S36" CovItemPrefix="Game.java" Intrnl_Id="426">
<LocList>
<Loc EndOffset="2030" SrcFileId="3" StartOffset="2004"/>
</LocList>
</BasicStmnt>
<CondStmnt CovItemId="S37" CovItemPrefix="Game.java" Intrnl_Id="427">
<Branch CovItemId="B3" CovItemPrefix="Game.java" Implct="false" Intrnl_Id="428">
<Cond/>
<LocList>
<Loc EndOffset="2424" SrcFileId="3" StartOffset="2057"/>
</LocList>
<StmntSeq Intrnl_Id="429">
<LocList>
<Loc EndOffset="2092" SrcFileId="3" StartOffset="2063"/>
<Loc EndOffset="2212" SrcFileId="3" StartOffset="2108"/>
<Loc EndOffset="2261" SrcFileId="3" StartOffset="2218"/>
<Loc EndOffset="2378" SrcFileId="3" StartOffset="2097"/>
<Loc EndOffset="2402" SrcFileId="3" StartOffset="2383"/>
<Loc EndOffset="2419" SrcFileId="3" StartOffset="2407"/>
</LocList>
<BasicStmnt CovItemId="S38" CovItemPrefix="Game.java" Intrnl_Id="430">
<LocList>
<Loc EndOffset="2092" SrcFileId="3" StartOffset="2063"/>
</LocList>
</BasicStmnt>
<BasicStmnt CovItemId="S40" CovItemPrefix="Game.java" Intrnl_Id="431">
<LocList>
<Loc EndOffset="2212" SrcFileId="3" StartOffset="2108"/>
</LocList>
</BasicStmnt>
<BasicStmnt CovItemId="S41" CovItemPrefix="Game.java" Intrnl_Id="432">
<LocList>
<Loc EndOffset="2261" SrcFileId="3" StartOffset="2218"/>
</LocList>
</BasicStmnt>
<CondStmnt CovItemId="S39" CovItemPrefix="Game.java" Intrnl_Id="433">
<Branch CovItemId="B5" CovItemPrefix="Game.java" Implct="true" Intrnl_Id="434">
<Cond/>
<LocList/>
<StmntSeq Intrnl_Id="435">
<LocList/>
</StmntSeq>
</Branch>
<Branch CovItemId="B6" CovItemPrefix="Game.java" Implct="false" Intrnl_Id="436">
<Cond>
<Loc EndOffset="2289" SrcFileId="3" StartOffset="2268"/>
</Cond>
<LocList>
<Loc EndOffset="2378" SrcFileId="3" StartOffset="2290"/>
</LocList>
<StmntSeq Intrnl_Id="437">
<LocList>
<Loc EndOffset="2346" SrcFileId="3" StartOffset="2297"/>
<Loc EndOffset="2372" SrcFileId="3" StartOffset="2352"/>
</LocList>
<BasicStmnt CovItemId="S42" CovItemPrefix="Game.java" Intrnl_Id="438">
<LocList>
<Loc EndOffset="2346" SrcFileId="3" StartOffset="2297"/>
</LocList>
</BasicStmnt>
<BasicStmnt CovItemId="S43" CovItemPrefix="Game.java" Intrnl_Id="439">
<LocList>
<Loc EndOffset="2372" SrcFileId="3" StartOffset="2352"/>
</LocList>
</BasicStmnt>
</StmntSeq>
</Branch>
<Keyword EndOffset="2100" SrcFileId="3" StartOffset="2097"/>
<LocList>
<Loc EndOffset="2378" SrcFileId="3" StartOffset="2097"/>
</LocList>
</CondStmnt>
<BasicStmnt CovItemId="S44" CovItemPrefix="Game.java" Intrnl_Id="440">
<LocList>
<Loc EndOffset="2402" SrcFileId="3" StartOffset="2383"/>
</LocList>
</BasicStmnt>
<BasicStmnt CovItemId="S45" CovItemPrefix="Game.java" Intrnl_Id="441">
<LocList>
<Loc EndOffset="2419" SrcFileId="3" StartOffset="2407"/>
</LocList>
</BasicStmnt>
</StmntSeq>
</Branch>
<Branch CovItemId="B4" CovItemPrefix="Game.java" Implct="true" Intrnl_Id="442">
<Cond/>
<LocList/>
<StmntSeq Intrnl_Id="443">
<LocList/>
</StmntSeq>
</Branch>
<Keyword EndOffset="2036" SrcFileId="3" StartOffset="2034"/>
<LocList>
<Loc EndOffset="2424" SrcFileId="3" StartOffset="2034"/>
</LocList>
<RootTerm CovItemId="C4" CovItemPrefix="Game.java" Intrnl_Id="444">
<BasicBoolTerm Intrnl_Id="445">
<LocList>
<Loc EndOffset="2055" SrcFileId="3" StartOffset="2037"/>
</LocList>
</BasicBoolTerm>
</RootTerm>
</CondStmnt>
<BasicStmnt CovItemId="S46" CovItemPrefix="Game.java" Intrnl_Id="446">
<LocList>
<Loc EndOffset="2438" SrcFileId="3" StartOffset="2425"/>
</LocList>
</BasicStmnt>
</StmntSeq>
</HierarchyLvl>
<HierarchyLvl HierarchyLvlId="2928" HierarchyLvlTypeId="7" Intrnl_Id="447" Name="dealNewCardTest">
<Header>
<Loc EndOffset="2514" SrcFileId="3" StartOffset="2448"/>
</Header>
<LocList>
<Loc EndOffset="2671" SrcFileId="3" StartOffset="2448"/>
</LocList>
<StmntSeq Intrnl_Id="448">
<LocList>
<Loc EndOffset="2545" SrcFileId="3" StartOffset="2519"/>
<Loc EndOffset="2653" SrcFileId="3" StartOffset="2549"/>
<Loc EndOffset="2667" SrcFileId="3" StartOffset="2654"/>
</LocList>
<BasicStmnt CovItemId="S47" CovItemPrefix="Game.java" Intrnl_Id="449">
<LocList>
<Loc EndOffset="2545" SrcFileId="3" StartOffset="2519"/>
</LocList>
</BasicStmnt>
<CondStmnt CovItemId="S48" CovItemPrefix="Game.java" Intrnl_Id="450">
<Branch CovItemId="B7" CovItemPrefix="Game.java" Implct="false" Intrnl_Id="451">
<Cond/>
<LocList>
<Loc EndOffset="2653" SrcFileId="3" StartOffset="2572"/>
</LocList>
<StmntSeq Intrnl_Id="452">
<LocList>
<Loc EndOffset="2607" SrcFileId="3" StartOffset="2578"/>
<Loc EndOffset="2631" SrcFileId="3" StartOffset="2612"/>
<Loc EndOffset="2648" SrcFileId="3" StartOffset="2636"/>
</LocList>
<BasicStmnt CovItemId="S49" CovItemPrefix="Game.java" Intrnl_Id="453">
<LocList>
<Loc EndOffset="2607" SrcFileId="3" StartOffset="2578"/>
</LocList>
</BasicStmnt>
<BasicStmnt CovItemId="S50" CovItemPrefix="Game.java" Intrnl_Id="454">
<LocList>
<Loc EndOffset="2631" SrcFileId="3" StartOffset="2612"/>
</LocList>
</BasicStmnt>
<BasicStmnt CovItemId="S51" CovItemPrefix="Game.java" Intrnl_Id="455">
<LocList>
<Loc EndOffset="2648" SrcFileId="3" StartOffset="2636"/>
</LocList>
</BasicStmnt>
</StmntSeq>
</Branch>
<Branch CovItemId="B8" CovItemPrefix="Game.java" Implct="true" Intrnl_Id="456">
<Cond/>
<LocList/>
<StmntSeq Intrnl_Id="457">
<LocList/>
</StmntSeq>
</Branch>
<Keyword EndOffset="2551" SrcFileId="3" StartOffset="2549"/>
<LocList>
<Loc EndOffset="2653" SrcFileId="3" StartOffset="2549"/>
</LocList>
<RootTerm CovItemId="C5" CovItemPrefix="Game.java" Intrnl_Id="458">
<BasicBoolTerm Intrnl_Id="459">
<LocList>
<Loc EndOffset="2570" SrcFileId="3" StartOffset="2552"/>
</LocList>
</BasicBoolTerm>
</RootTerm>
</CondStmnt>
<BasicStmnt CovItemId="S52" CovItemPrefix="Game.java" Intrnl_Id="460">
<LocList>
<Loc EndOffset="2667" SrcFileId="3" StartOffset="2654"/>
</LocList>
</BasicStmnt>
</StmntSeq>
</HierarchyLvl>
<HierarchyLvl HierarchyLvlId="2929" HierarchyLvlTypeId="7" Intrnl_Id="461" Name="mustDiscard">
<Header>
<Loc EndOffset="2713" SrcFileId="3" StartOffset="2677"/>
</Header>
<LocList>
<Loc EndOffset="2748" SrcFileId="3" StartOffset="2677"/>
</LocList>
<StmntSeq Intrnl_Id="462">
<LocList>
<Loc EndOffset="2744" SrcFileId="3" StartOffset="2719"/>
</LocList>
<BasicStmnt CovItemId="S53" CovItemPrefix="Game.java" Intrnl_Id="463">
<LocList>
<Loc EndOffset="2744" SrcFileId="3" StartOffset="2719"/>
</LocList>
</BasicStmnt>
</StmntSeq>
</HierarchyLvl>
<HierarchyLvl HierarchyLvlId="2930" HierarchyLvlTypeId="7" Intrnl_Id="464" Name="discardCard">
<Header>
<Loc EndOffset="2800" SrcFileId="3" StartOffset="2754"/>
</Header>
<LocList>
<Loc EndOffset="2940" SrcFileId="3" StartOffset="2754"/>
</LocList>
<StmntSeq Intrnl_Id="465">
<LocList>
<Loc EndOffset="2923" SrcFileId="3" StartOffset="2806"/>
<Loc EndOffset="2936" SrcFileId="3" StartOffset="2923"/>
</LocList>
<CondStmnt CovItemId="S54" CovItemPrefix="Game.java" Intrnl_Id="466">
<Branch CovItemId="B9" CovItemPrefix="Game.java" Implct="false" Intrnl_Id="467">
<Cond/>
<LocList>
<Loc EndOffset="2923" SrcFileId="3" StartOffset="2833"/>
</LocList>
<StmntSeq Intrnl_Id="468">
<LocList>
<Loc EndOffset="2877" SrcFileId="3" StartOffset="2839"/>
<Loc EndOffset="2901" SrcFileId="3" StartOffset="2882"/>
<Loc EndOffset="2918" SrcFileId="3" StartOffset="2906"/>
</LocList>
<BasicStmnt CovItemId="S55" CovItemPrefix="Game.java" Intrnl_Id="469">
<LocList>
<Loc EndOffset="2877" SrcFileId="3" StartOffset="2839"/>
</LocList>
</BasicStmnt>
<BasicStmnt CovItemId="S56" CovItemPrefix="Game.java" Intrnl_Id="470">
<LocList>
<Loc EndOffset="2901" SrcFileId="3" StartOffset="2882"/>
</LocList>
</BasicStmnt>
<BasicStmnt CovItemId="S57" CovItemPrefix="Game.java" Intrnl_Id="471">
<LocList>
<Loc EndOffset="2918" SrcFileId="3" StartOffset="2906"/>
</LocList>
</BasicStmnt>
</StmntSeq>
</Branch>
<Branch CovItemId="B10" CovItemPrefix="Game.java" Implct="true" Intrnl_Id="472">
<Cond/>
<LocList/>
<StmntSeq Intrnl_Id="473">
<LocList/>
</StmntSeq>
</Branch>
<Keyword EndOffset="2808" SrcFileId="3" StartOffset="2806"/>
<LocList>
<Loc EndOffset="2923" SrcFileId="3" StartOffset="2806"/>
</LocList>
<RootTerm CovItemId="C6" CovItemPrefix="Game.java" Intrnl_Id="474">
<BasicBoolTerm Intrnl_Id="475">
<LocList>
<Loc EndOffset="2831" SrcFileId="3" StartOffset="2809"/>
</LocList>
</BasicBoolTerm>
</RootTerm>
</CondStmnt>
<BasicStmnt CovItemId="S58" CovItemPrefix="Game.java" Intrnl_Id="476">
<LocList>
<Loc EndOffset="2936" SrcFileId="3" StartOffset="2923"/>
</LocList>
</BasicStmnt>
</StmntSeq>
</HierarchyLvl>
<HierarchyLvl HierarchyLvlId="2931" HierarchyLvlTypeId="7" Intrnl_Id="477" Name="returnDiscardPile">
<Header>
<Loc EndOffset="2991" SrcFileId="3" StartOffset="2946"/>
</Header>
<LocList>
<Loc EndOffset="3017" SrcFileId="3" StartOffset="2946"/>
</LocList>
<StmntSeq Intrnl_Id="478">
<LocList>
<Loc EndOffset="3013" SrcFileId="3" StartOffset="2997"/>
</LocList>
<BasicStmnt CovItemId="S59" CovItemPrefix="Game.java" Intrnl_Id="479">
<LocList>
<Loc EndOffset="3013" SrcFileId="3" StartOffset="2997"/>
</LocList>
</BasicStmnt>
</StmntSeq>
</HierarchyLvl>
<HierarchyLvl HierarchyLvlId="2932" HierarchyLvlTypeId="7" Intrnl_Id="480" Name="rollDice">
<Header>
<Loc EndOffset="3116" SrcFileId="3" StartOffset="3088"/>
</Header>
<LocList>
<Loc EndOffset="3240" SrcFileId="3" StartOffset="3088"/>
</LocList>
<StmntSeq Intrnl_Id="481">
<LocList>
<Loc EndOffset="3232" SrcFileId="3" StartOffset="3122"/>
</LocList>
<CondStmnt CovItemId="S60" CovItemPrefix="Game.java" Intrnl_Id="482">
<Branch CovItemId="B11" CovItemPrefix="Game.java" Implct="false" Intrnl_Id="483">
<Cond/>
<LocList>
<Loc EndOffset="3202" SrcFileId="3" StartOffset="3132"/>
</LocList>
<StmntSeq Intrnl_Id="484">
<LocList>
<Loc EndOffset="3165" SrcFileId="3" StartOffset="3138"/>
<Loc EndOffset="3197" SrcFileId="3" StartOffset="3170"/>
</LocList>
<BasicStmnt CovItemId="S61" CovItemPrefix="Game.java" Intrnl_Id="485">
<LocList>
<Loc EndOffset="3165" SrcFileId="3" StartOffset="3138"/>
</LocList>
</BasicStmnt>
<BasicStmnt CovItemId="S62" CovItemPrefix="Game.java" Intrnl_Id="486">
<LocList>
<Loc EndOffset="3197" SrcFileId="3" StartOffset="3170"/>
</LocList>
</BasicStmnt>
</StmntSeq>
</Branch>
<Branch CovItemId="B12" CovItemPrefix="Game.java" Implct="false" Intrnl_Id="487">
<Cond>
<Loc EndOffset="3210" SrcFileId="3" StartOffset="3206"/>
</Cond>
<LocList>
<Loc EndOffset="3232" SrcFileId="3" StartOffset="3210"/>
</LocList>
<StmntSeq Intrnl_Id="488">
<LocList>
<Loc EndOffset="3227" SrcFileId="3" StartOffset="3216"/>
</LocList>
<BasicStmnt CovItemId="S63" CovItemPrefix="Game.java" Intrnl_Id="489">
<LocList>
<Loc EndOffset="3227" SrcFileId="3" StartOffset="3216"/>
</LocList>
</BasicStmnt>
</StmntSeq>
</Branch>
<Keyword EndOffset="3124" SrcFileId="3" StartOffset="3122"/>
<LocList>
<Loc EndOffset="3232" SrcFileId="3" StartOffset="3122"/>
</LocList>
<RootTerm CovItemId="C7" CovItemPrefix="Game.java" Intrnl_Id="490">
<BasicBoolTerm Intrnl_Id="491">
<LocList>
<Loc EndOffset="3131" SrcFileId="3" StartOffset="3125"/>
</LocList>
</BasicBoolTerm>
</RootTerm>
</CondStmnt>
</StmntSeq>
</HierarchyLvl>
<HierarchyLvl HierarchyLvlId="2933" HierarchyLvlTypeId="7" Intrnl_Id="492" Name="updateMLevel">
<Header>
<Loc EndOffset="3286" SrcFileId="3" StartOffset="3246"/>
</Header>
<LocList>
<Loc EndOffset="3855" SrcFileId="3" StartOffset="3246"/>
</LocList>
<StmntSeq Intrnl_Id="493">
<LocList>
<Loc EndOffset="3334" SrcFileId="3" StartOffset="3291"/>
<Loc EndOffset="3851" SrcFileId="3" StartOffset="3338"/>
</LocList>
<BasicStmnt CovItemId="S64" CovItemPrefix="Game.java" Intrnl_Id="494">
<LocList>
<Loc EndOffset="3334" SrcFileId="3" StartOffset="3291"/>
</LocList>
</BasicStmnt>
<CondStmnt CovItemId="S65" CovItemPrefix="Game.java" Intrnl_Id="495">
<Branch CovItemId="B13" CovItemPrefix="Game.java" Implct="false" Intrnl_Id="496">
<Cond/>
<LocList>
<Loc EndOffset="3851" SrcFileId="3" StartOffset="3359"/>
</LocList>
<StmntSeq Intrnl_Id="497">
<LocList>
<Loc EndOffset="3464" SrcFileId="3" StartOffset="3413"/>
<Loc EndOffset="3722" SrcFileId="3" StartOffset="3468"/>
<Loc EndOffset="3844" SrcFileId="3" StartOffset="3726"/>
</LocList>
<BasicStmnt CovItemId="S66" CovItemPrefix="Game.java" Intrnl_Id="498">
<LocList>
<Loc EndOffset="3464" SrcFileId="3" StartOffset="3413"/>
</LocList>
</BasicStmnt>
<CondStmnt CovItemId="S67" CovItemPrefix="Game.java" Intrnl_Id="499">
<Branch CovItemId="B15" CovItemPrefix="Game.java" Implct="false" Intrnl_Id="500">
<Cond/>
<LocList>
<Loc EndOffset="3722" SrcFileId="3" StartOffset="3486"/>
</LocList>
<StmntSeq Intrnl_Id="501">
<LocList>
<Loc EndOffset="3645" SrcFileId="3" StartOffset="3614"/>
<Loc EndOffset="3710" SrcFileId="3" StartOffset="3650"/>
</LocList>
<BasicStmnt CovItemId="S68" CovItemPrefix="Game.java" Intrnl_Id="502">
<LocList>
<Loc EndOffset="3645" SrcFileId="3" StartOffset="3614"/>
</LocList>
</BasicStmnt>
<BasicStmnt CovItemId="S69" CovItemPrefix="Game.java" Intrnl_Id="503">
<LocList>
<Loc EndOffset="3710" SrcFileId="3" StartOffset="3650"/>
</LocList>
</BasicStmnt>
</StmntSeq>
</Branch>
<Branch CovItemId="B16" CovItemPrefix="Game.java" Implct="true" Intrnl_Id="504">
<Cond/>
<LocList/>
<StmntSeq Intrnl_Id="505">
<LocList/>
</StmntSeq>
</Branch>
<Keyword EndOffset="3470" SrcFileId="3" StartOffset="3468"/>
<LocList>
<Loc EndOffset="3722" SrcFileId="3" StartOffset="3468"/>
</LocList>
<RootTerm CovItemId="C9" CovItemPrefix="Game.java" Intrnl_Id="506">
<BasicBoolTerm Intrnl_Id="507">
<LocList>
<Loc EndOffset="3485" SrcFileId="3" StartOffset="3471"/>
</LocList>
</BasicBoolTerm>
</RootTerm>
</CondStmnt>
<CondStmnt CovItemId="S70" CovItemPrefix="Game.java" Intrnl_Id="508">
<Branch CovItemId="B17" CovItemPrefix="Game.java" Implct="false" Intrnl_Id="509">
<Cond/>
<LocList>
<Loc EndOffset="3844" SrcFileId="3" StartOffset="3749"/>
</LocList>
<StmntSeq Intrnl_Id="510">
<LocList/>
</StmntSeq>
</Branch>
<Branch CovItemId="B18" CovItemPrefix="Game.java" Implct="true" Intrnl_Id="511">
<Cond/>
<LocList/>
<StmntSeq Intrnl_Id="512">
<LocList/>
</StmntSeq>
</Branch>
<Keyword EndOffset="3728" SrcFileId="3" StartOffset="3726"/>
<LocList>
<Loc EndOffset="3844" SrcFileId="3" StartOffset="3726"/>
</LocList>
<RootTerm CovItemId="C10" CovItemPrefix="Game.java" Intrnl_Id="513">
<BasicBoolTerm Intrnl_Id="514">
<LocList>
<Loc EndOffset="3747" SrcFileId="3" StartOffset="3730"/>
</LocList>
</BasicBoolTerm>
</RootTerm>
</CondStmnt>
</StmntSeq>
</Branch>
<Branch CovItemId="B14" CovItemPrefix="Game.java" Implct="true" Intrnl_Id="515">
<Cond/>
<LocList/>
<StmntSeq Intrnl_Id="516">
<LocList/>
</StmntSeq>
</Branch>
<Keyword EndOffset="3340" SrcFileId="3" StartOffset="3338"/>
<LocList>
<Loc EndOffset="3851" SrcFileId="3" StartOffset="3338"/>
</LocList>
<RootTerm CovItemId="C8" CovItemPrefix="Game.java" Intrnl_Id="517">
<BasicBoolTerm Intrnl_Id="518">
<LocList>
<Loc EndOffset="3357" SrcFileId="3" StartOffset="3342"/>
</LocList>
</BasicBoolTerm>
</RootTerm>
</CondStmnt>
</StmntSeq>
</HierarchyLvl>
</HierarchyLvl>
<HierarchyLvl HierarchyLvlId="2945" HierarchyLvlTypeId="8" Intrnl_Id="519" Name="CardFunc">
<Header>
<Loc EndOffset="54" SrcFileId="4" StartOffset="33"/>
</Header>
<LocList>
<Loc EndOffset="1808" SrcFileId="4" StartOffset="33"/>
</LocList>
<HierarchyLvl HierarchyLvlId="2935" HierarchyLvlTypeId="7" Intrnl_Id="520" Name="CardFunc">
<Header>
<Loc EndOffset="126" SrcFileId="4" StartOffset="100"/>
</Header>
<LocList>
<Loc EndOffset="239" SrcFileId="4" StartOffset="100"/>
</LocList>
<StmntSeq Intrnl_Id="521">
<LocList>
<Loc EndOffset="148" SrcFileId="4" StartOffset="131"/>
<Loc EndOffset="231" SrcFileId="4" StartOffset="152"/>
</LocList>
<BasicStmnt CovItemId="S1" CovItemPrefix="CardFunc.java" Intrnl_Id="522">
<LocList>
<Loc EndOffset="148" SrcFileId="4" StartOffset="131"/>
</LocList>
</BasicStmnt>
<CondStmnt CovItemId="S2" CovItemPrefix="CardFunc.java" Intrnl_Id="523">
<Branch CovItemId="B1" CovItemPrefix="CardFunc.java" Implct="false" Intrnl_Id="524">
<Cond/>
<LocList>
<Loc EndOffset="200" SrcFileId="4" StartOffset="177"/>
</LocList>
<StmntSeq Intrnl_Id="525">
<LocList>
<Loc EndOffset="195" SrcFileId="4" StartOffset="183"/>
</LocList>
<BasicStmnt CovItemId="S3" CovItemPrefix="CardFunc.java" Intrnl_Id="526">
<LocList>
<Loc EndOffset="195" SrcFileId="4" StartOffset="183"/>
</LocList>
</BasicStmnt>
</StmntSeq>
</Branch>
<Branch CovItemId="B2" CovItemPrefix="CardFunc.java" Implct="false" Intrnl_Id="527">
<Cond>
<Loc EndOffset="208" SrcFileId="4" StartOffset="204"/>
</Cond>
<LocList>
<Loc EndOffset="231" SrcFileId="4" StartOffset="208"/>
</LocList>
<StmntSeq Intrnl_Id="528">
<LocList>
<Loc EndOffset="226" SrcFileId="4" StartOffset="214"/>
</LocList>
<BasicStmnt CovItemId="S4" CovItemPrefix="CardFunc.java" Intrnl_Id="529">
<LocList>
<Loc EndOffset="226" SrcFileId="4" StartOffset="214"/>
</LocList>
</BasicStmnt>
</StmntSeq>
</Branch>
<Keyword EndOffset="154" SrcFileId="4" StartOffset="152"/>
<LocList>
<Loc EndOffset="231" SrcFileId="4" StartOffset="152"/>
</LocList>
<RootTerm CovItemId="C1" CovItemPrefix="CardFunc.java" Intrnl_Id="530">
<BasicBoolTerm Intrnl_Id="531">
<LocList>
<Loc EndOffset="176" SrcFileId="4" StartOffset="156"/>
</LocList>
</BasicBoolTerm>
</RootTerm>
</CondStmnt>
</StmntSeq>
</HierarchyLvl>
<HierarchyLvl HierarchyLvlId="2936" HierarchyLvlTypeId="7" Intrnl_Id="532" Name="func1Init">
<Header>
<Loc EndOffset="268" SrcFileId="4" StartOffset="245"/>
</Header>
<LocList>
<Loc EndOffset="311" SrcFileId="4" StartOffset="245"/>
</LocList>
<StmntSeq Intrnl_Id="533">
<LocList>
<Loc EndOffset="307" SrcFileId="4" StartOffset="274"/>
</LocList>
<BasicStmnt CovItemId="S5" CovItemPrefix="CardFunc.java" Intrnl_Id="534">
<LocList>
<Loc EndOffset="307" SrcFileId="4" StartOffset="274"/>
</LocList>
</BasicStmnt>
</StmntSeq>
</HierarchyLvl>
<HierarchyLvl HierarchyLvlId="2937" HierarchyLvlTypeId="7" Intrnl_Id="535" Name="func1">
<Header>
<Loc EndOffset="371" SrcFileId="4" StartOffset="317"/>
</Header>
<LocList>
<Loc EndOffset="520" SrcFileId="4" StartOffset="317"/>
</LocList>
<StmntSeq Intrnl_Id="536">
<LocList>
<Loc EndOffset="516" SrcFileId="4" StartOffset="429"/>
</LocList>
<CondStmnt CovItemId="S6" CovItemPrefix="CardFunc.java" Intrnl_Id="537">
<Branch CovItemId="B3" CovItemPrefix="CardFunc.java" Implct="false" Intrnl_Id="538">
<Cond/>
<LocList>
<Loc EndOffset="516" SrcFileId="4" StartOffset="442"/>
</LocList>
<StmntSeq Intrnl_Id="539">
<LocList>
<Loc EndOffset="511" SrcFileId="4" StartOffset="448"/>
</LocList>
<BasicStmnt CovItemId="S7" CovItemPrefix="CardFunc.java" Intrnl_Id="540">
<LocList>
<Loc EndOffset="511" SrcFileId="4" StartOffset="448"/>
</LocList>
</BasicStmnt>
</StmntSeq>
</Branch>
<Branch CovItemId="B4" CovItemPrefix="CardFunc.java" Implct="true" Intrnl_Id="541">
<Cond/>
<LocList/>
<StmntSeq Intrnl_Id="542">
<LocList/>
</StmntSeq>
</Branch>
<Keyword EndOffset="431" SrcFileId="4" StartOffset="429"/>
<LocList>
<Loc EndOffset="516" SrcFileId="4" StartOffset="429"/>
</LocList>
<RootTerm CovItemId="C2" CovItemPrefix="CardFunc.java" Intrnl_Id="543">
<BasicBoolTerm Intrnl_Id="544">
<LocList>
<Loc EndOffset="440" SrcFileId="4" StartOffset="432"/>
</LocList>
</BasicBoolTerm>
</RootTerm>
</CondStmnt>
</StmntSeq>
</HierarchyLvl>
<HierarchyLvl HierarchyLvlId="2938" HierarchyLvlTypeId="7" Intrnl_Id="545" Name="func2Init">
<Header>
<Loc EndOffset="549" SrcFileId="4" StartOffset="526"/>
</Header>
<LocList>
<Loc EndOffset="664" SrcFileId="4" StartOffset="526"/>
</LocList>
<StmntSeq Intrnl_Id="546">
<LocList>
<Loc EndOffset="660" SrcFileId="4" StartOffset="555"/>
</LocList>
<CondStmnt CovItemId="S8" CovItemPrefix="CardFunc.java" Intrnl_Id="547">
<Branch CovItemId="B5" CovItemPrefix="CardFunc.java" Implct="false" Intrnl_Id="548">
<Cond/>
<LocList>
<Loc EndOffset="660" SrcFileId="4" StartOffset="616"/>
</LocList>
<StmntSeq Intrnl_Id="549">
<LocList>
<Loc EndOffset="655" SrcFileId="4" StartOffset="622"/>
</LocList>
<BasicStmnt CovItemId="S9" CovItemPrefix="CardFunc.java" Intrnl_Id="550">
<LocList>
<Loc EndOffset="655" SrcFileId="4" StartOffset="622"/>
</LocList>
</BasicStmnt>
</StmntSeq>
</Branch>
<Branch CovItemId="B6" CovItemPrefix="CardFunc.java" Implct="true" Intrnl_Id="551">
<Cond/>
<LocList/>
<StmntSeq Intrnl_Id="552">
<LocList/>
</StmntSeq>
</Branch>
<Keyword EndOffset="557" SrcFileId="4" StartOffset="555"/>
<LocList>
<Loc EndOffset="660" SrcFileId="4" StartOffset="555"/>
</LocList>
<RootTerm CovItemId="C3" CovItemPrefix="CardFunc.java" Intrnl_Id="553">
<BasicBoolTerm Intrnl_Id="554">
<LocList>
<Loc EndOffset="614" SrcFileId="4" StartOffset="558"/>
</LocList>
</BasicBoolTerm>
</RootTerm>
</CondStmnt>
</StmntSeq>
</HierarchyLvl>
<HierarchyLvl HierarchyLvlId="2939" HierarchyLvlTypeId="7" Intrnl_Id="555" Name="func2">
<Header>
<Loc EndOffset="705" SrcFileId="4" StartOffset="670"/>
</Header>
<LocList>
<Loc EndOffset="971" SrcFileId="4" StartOffset="670"/>
</LocList>
<StmntSeq Intrnl_Id="556">
<LocList>
<Loc EndOffset="967" SrcFileId="4" StartOffset="711"/>
</LocList>
<CondStmnt CovItemId="S10" CovItemPrefix="CardFunc.java" Intrnl_Id="557">
<Branch CovItemId="B7" CovItemPrefix="CardFunc.java" Implct="false" Intrnl_Id="558">
<Cond/>
<LocList>
<Loc EndOffset="798" SrcFileId="4" StartOffset="724"/>
</LocList>
<StmntSeq Intrnl_Id="559">
<LocList>
<Loc EndOffset="793" SrcFileId="4" StartOffset="730"/>
</LocList>
<BasicStmnt CovItemId="S11" CovItemPrefix="CardFunc.java" Intrnl_Id="560">
<LocList>
<Loc EndOffset="793" SrcFileId="4" StartOffset="730"/>
</LocList>
</BasicStmnt>
</StmntSeq>
</Branch>
<Branch CovItemId="B8" CovItemPrefix="CardFunc.java" Implct="false" Intrnl_Id="561">
<Cond>
<Loc EndOffset="802" SrcFileId="4" StartOffset="798"/>
</Cond>
<LocList>
<Loc EndOffset="967" SrcFileId="4" StartOffset="803"/>
</LocList>
<StmntSeq Intrnl_Id="562">
<LocList>
<Loc EndOffset="962" SrcFileId="4" StartOffset="809"/>
</LocList>
<CondStmnt CovItemId="S12" CovItemPrefix="CardFunc.java" Intrnl_Id="563">
<Branch CovItemId="B9" CovItemPrefix="CardFunc.java" Implct="false" Intrnl_Id="564">
<Cond/>
<LocList>
<Loc EndOffset="962" SrcFileId="4" StartOffset="863"/>
</LocList>
<StmntSeq Intrnl_Id="565">
<LocList>
<Loc EndOffset="906" SrcFileId="4" StartOffset="870"/>
</LocList>
<BasicStmnt CovItemId="S13" CovItemPrefix="CardFunc.java" Intrnl_Id="566">
<LocList>
<Loc EndOffset="906" SrcFileId="4" StartOffset="870"/>
</LocList>
</BasicStmnt>
</StmntSeq>
</Branch>
<Branch CovItemId="B10" CovItemPrefix="CardFunc.java" Implct="true" Intrnl_Id="567">
<Cond/>
<LocList/>
<StmntSeq Intrnl_Id="568">
<LocList/>
</StmntSeq>
</Branch>
<Keyword EndOffset="811" SrcFileId="4" StartOffset="809"/>
<LocList>
<Loc EndOffset="962" SrcFileId="4" StartOffset="809"/>
</LocList>
<RootTerm CovItemId="C5" CovItemPrefix="CardFunc.java" Intrnl_Id="569">
<OpTerm BooleanOpId="6" Intrnl_Id="570">
<BasicBoolTerm Intrnl_Id="571">
<LocList>
<Loc EndOffset="861" SrcFileId="4" StartOffset="813"/>
</LocList>
</BasicBoolTerm>
<LocList>
<Loc EndOffset="813" SrcFileId="4" StartOffset="812"/>
</LocList>
</OpTerm>
</RootTerm>
</CondStmnt>
</StmntSeq>
</Branch>
<Keyword EndOffset="713" SrcFileId="4" StartOffset="711"/>
<LocList>
<Loc EndOffset="967" SrcFileId="4" StartOffset="711"/>
</LocList>
<RootTerm CovItemId="C4" CovItemPrefix="CardFunc.java" Intrnl_Id="572">
<BasicBoolTerm Intrnl_Id="573">
<LocList>
<Loc EndOffset="722" SrcFileId="4" StartOffset="714"/>
</LocList>
</BasicBoolTerm>
</RootTerm>
</CondStmnt>
</StmntSeq>
</HierarchyLvl>
<HierarchyLvl HierarchyLvlId="2940" HierarchyLvlTypeId="7" Intrnl_Id="574" Name="func7Init">
<Header>
<Loc EndOffset="1000" SrcFileId="4" StartOffset="977"/>
</Header>
<LocList>
<Loc EndOffset="1093" SrcFileId="4" StartOffset="977"/>
</LocList>
<StmntSeq Intrnl_Id="575">
<LocList>
<Loc EndOffset="1089" SrcFileId="4" StartOffset="1006"/>
</LocList>
<CondStmnt CovItemId="S14" CovItemPrefix="CardFunc.java" Intrnl_Id="576">
<Branch CovItemId="B11" CovItemPrefix="CardFunc.java" Implct="false" Intrnl_Id="577">
<Cond/>
<LocList>
<Loc EndOffset="1089" SrcFileId="4" StartOffset="1045"/>
</LocList>
<StmntSeq Intrnl_Id="578">
<LocList>
<Loc EndOffset="1084" SrcFileId="4" StartOffset="1051"/>
</LocList>
<BasicStmnt CovItemId="S15" CovItemPrefix="CardFunc.java" Intrnl_Id="579">
<LocList>
<Loc EndOffset="1084" SrcFileId="4" StartOffset="1051"/>
</LocList>
</BasicStmnt>
</StmntSeq>
</Branch>
<Branch CovItemId="B12" CovItemPrefix="CardFunc.java" Implct="true" Intrnl_Id="580">
<Cond/>
<LocList/>
<StmntSeq Intrnl_Id="581">
<LocList/>
</StmntSeq>
</Branch>
<Keyword EndOffset="1008" SrcFileId="4" StartOffset="1006"/>
<LocList>
<Loc EndOffset="1089" SrcFileId="4" StartOffset="1006"/>
</LocList>
<RootTerm CovItemId="C6" CovItemPrefix="CardFunc.java" Intrnl_Id="582">
<BasicBoolTerm Intrnl_Id="583">
<LocList>
<Loc EndOffset="1043" SrcFileId="4" StartOffset="1009"/>
</LocList>
</BasicBoolTerm>
</RootTerm>
</CondStmnt>
</StmntSeq>
</HierarchyLvl>
<HierarchyLvl HierarchyLvlId="2941" HierarchyLvlTypeId="7" Intrnl_Id="584" Name="func7">
<Header>
<Loc EndOffset="1134" SrcFileId="4" StartOffset="1099"/>
</Header>
<LocList>
<Loc EndOffset="1358" SrcFileId="4" StartOffset="1099"/>
</LocList>
<StmntSeq Intrnl_Id="585">
<LocList>
<Loc EndOffset="1354" SrcFileId="4" StartOffset="1140"/>
</LocList>
<CondStmnt CovItemId="S16" CovItemPrefix="CardFunc.java" Intrnl_Id="586">
<Branch CovItemId="B13" CovItemPrefix="CardFunc.java" Implct="false" Intrnl_Id="587">
<Cond/>
<LocList>
<Loc EndOffset="1227" SrcFileId="4" StartOffset="1153"/>
</LocList>
<StmntSeq Intrnl_Id="588">
<LocList>
<Loc EndOffset="1222" SrcFileId="4" StartOffset="1159"/>
</LocList>
<BasicStmnt CovItemId="S17" CovItemPrefix="CardFunc.java" Intrnl_Id="589">
<LocList>
<Loc EndOffset="1222" SrcFileId="4" StartOffset="1159"/>
</LocList>
</BasicStmnt>
</StmntSeq>
</Branch>
<Branch CovItemId="B14" CovItemPrefix="CardFunc.java" Implct="false" Intrnl_Id="590">
<Cond>
<Loc EndOffset="1232" SrcFileId="4" StartOffset="1228"/>
</Cond>
<LocList>
<Loc EndOffset="1354" SrcFileId="4" StartOffset="1233"/>
</LocList>
<StmntSeq Intrnl_Id="591">
<LocList>
<Loc EndOffset="1349" SrcFileId="4" StartOffset="1273"/>
</LocList>
<BasicStmnt CovItemId="S18" CovItemPrefix="CardFunc.java" Intrnl_Id="592">
<LocList>
<Loc EndOffset="1349" SrcFileId="4" StartOffset="1273"/>
</LocList>
</BasicStmnt>
</StmntSeq>
</Branch>
<Keyword EndOffset="1142" SrcFileId="4" StartOffset="1140"/>
<LocList>
<Loc EndOffset="1354" SrcFileId="4" StartOffset="1140"/>
</LocList>
<RootTerm CovItemId="C7" CovItemPrefix="CardFunc.java" Intrnl_Id="593">
<BasicBoolTerm Intrnl_Id="594">
<LocList>
<Loc EndOffset="1151" SrcFileId="4" StartOffset="1143"/>
</LocList>
</BasicBoolTerm>
</RootTerm>
</CondStmnt>
</StmntSeq>
</HierarchyLvl>
<HierarchyLvl HierarchyLvlId="2942" HierarchyLvlTypeId="7" Intrnl_Id="595" Name="func8Init">
<Header>
<Loc EndOffset="1387" SrcFileId="4" StartOffset="1364"/>
</Header>
<LocList>
<Loc EndOffset="1487" SrcFileId="4" StartOffset="1364"/>
</LocList>
<StmntSeq Intrnl_Id="596">
<LocList>
<Loc EndOffset="1482" SrcFileId="4" StartOffset="1393"/>
</LocList>
<CondStmnt CovItemId="S19" CovItemPrefix="CardFunc.java" Intrnl_Id="597">
<Branch CovItemId="B15" CovItemPrefix="CardFunc.java" Implct="false" Intrnl_Id="598">
<Cond/>
<LocList>
<Loc EndOffset="1482" SrcFileId="4" StartOffset="1438"/>
</LocList>
<StmntSeq Intrnl_Id="599">
<LocList>
<Loc EndOffset="1477" SrcFileId="4" StartOffset="1444"/>
</LocList>
<BasicStmnt CovItemId="S20" CovItemPrefix="CardFunc.java" Intrnl_Id="600">
<LocList>
<Loc EndOffset="1477" SrcFileId="4" StartOffset="1444"/>
</LocList>
</BasicStmnt>
</StmntSeq>
</Branch>
<Branch CovItemId="B16" CovItemPrefix="CardFunc.java" Implct="true" Intrnl_Id="601">
<Cond/>
<LocList/>
<StmntSeq Intrnl_Id="602">
<LocList/>
</StmntSeq>
</Branch>
<Keyword EndOffset="1395" SrcFileId="4" StartOffset="1393"/>
<LocList>
<Loc EndOffset="1482" SrcFileId="4" StartOffset="1393"/>
</LocList>
<RootTerm CovItemId="C8" CovItemPrefix="CardFunc.java" Intrnl_Id="603">
<BasicBoolTerm Intrnl_Id="604">
<LocList>
<Loc EndOffset="1436" SrcFileId="4" StartOffset="1396"/>
</LocList>
</BasicBoolTerm>
</RootTerm>
</CondStmnt>
</StmntSeq>
</HierarchyLvl>
<HierarchyLvl HierarchyLvlId="2943" HierarchyLvlTypeId="7" Intrnl_Id="605" Name="func8">
<Header>
<Loc EndOffset="1528" SrcFileId="4" StartOffset="1493"/>
</Header>
<LocList>
<Loc EndOffset="1693" SrcFileId="4" StartOffset="1493"/>
</LocList>
<StmntSeq Intrnl_Id="606">
<LocList>
<Loc EndOffset="1689" SrcFileId="4" StartOffset="1534"/>
</LocList>
<CondStmnt CovItemId="S21" CovItemPrefix="CardFunc.java" Intrnl_Id="607">
<Branch CovItemId="B17" CovItemPrefix="CardFunc.java" Implct="false" Intrnl_Id="608">
<Cond/>
<LocList>
<Loc EndOffset="1689" SrcFileId="4" StartOffset="1547"/>
</LocList>
<StmntSeq Intrnl_Id="609">
<LocList>
<Loc EndOffset="1616" SrcFileId="4" StartOffset="1553"/>
<Loc EndOffset="1684" SrcFileId="4" StartOffset="1621"/>
</LocList>
<BasicStmnt CovItemId="S22" CovItemPrefix="CardFunc.java" Intrnl_Id="610">
<LocList>
<Loc EndOffset="1616" SrcFileId="4" StartOffset="1553"/>
</LocList>
</BasicStmnt>
<BasicStmnt CovItemId="S23" CovItemPrefix="CardFunc.java" Intrnl_Id="611">
<LocList>
<Loc EndOffset="1684" SrcFileId="4" StartOffset="1621"/>
</LocList>
</BasicStmnt>
</StmntSeq>
</Branch>
<Branch CovItemId="B18" CovItemPrefix="CardFunc.java" Implct="true" Intrnl_Id="612">
<Cond/>
<LocList/>
<StmntSeq Intrnl_Id="613">
<LocList/>
</StmntSeq>
</Branch>
<Keyword EndOffset="1536" SrcFileId="4" StartOffset="1534"/>
<LocList>
<Loc EndOffset="1689" SrcFileId="4" StartOffset="1534"/>
</LocList>
<RootTerm CovItemId="C9" CovItemPrefix="CardFunc.java" Intrnl_Id="614">
<BasicBoolTerm Intrnl_Id="615">
<LocList>
<Loc EndOffset="1545" SrcFileId="4" StartOffset="1537"/>
</LocList>
</BasicBoolTerm>
</RootTerm>
</CondStmnt>
</StmntSeq>
</HierarchyLvl>
<HierarchyLvl HierarchyLvlId="2944" HierarchyLvlTypeId="7" Intrnl_Id="616" Name="end">
<Header>
<Loc EndOffset="1716" SrcFileId="4" StartOffset="1699"/>
</Header>
<LocList>
<Loc EndOffset="1803" SrcFileId="4" StartOffset="1699"/>
</LocList>
<StmntSeq Intrnl_Id="617">
<LocList>
<Loc EndOffset="1799" SrcFileId="4" StartOffset="1721"/>
</LocList>
<CondStmnt CovItemId="S24" CovItemPrefix="CardFunc.java" Intrnl_Id="618">
<Branch CovItemId="B19" CovItemPrefix="CardFunc.java" Implct="false" Intrnl_Id="619">
<Cond/>
<LocList>
<Loc EndOffset="1768" SrcFileId="4" StartOffset="1745"/>
</LocList>
<StmntSeq Intrnl_Id="620">
<LocList>
<Loc EndOffset="1763" SrcFileId="4" StartOffset="1751"/>
</LocList>
<BasicStmnt CovItemId="S25" CovItemPrefix="CardFunc.java" Intrnl_Id="621">
<LocList>
<Loc EndOffset="1763" SrcFileId="4" StartOffset="1751"/>
</LocList>
</BasicStmnt>
</StmntSeq>
</Branch>
<Branch CovItemId="B20" CovItemPrefix="CardFunc.java" Implct="false" Intrnl_Id="622">
<Cond>
<Loc EndOffset="1776" SrcFileId="4" StartOffset="1772"/>
</Cond>
<LocList>
<Loc EndOffset="1799" SrcFileId="4" StartOffset="1776"/>
</LocList>
<StmntSeq Intrnl_Id="623">
<LocList>
<Loc EndOffset="1794" SrcFileId="4" StartOffset="1782"/>
</LocList>
<BasicStmnt CovItemId="S26" CovItemPrefix="CardFunc.java" Intrnl_Id="624">
<LocList>
<Loc EndOffset="1794" SrcFileId="4" StartOffset="1782"/>
</LocList>
</BasicStmnt>
</StmntSeq>
</Branch>
<Keyword EndOffset="1723" SrcFileId="4" StartOffset="1721"/>
<LocList>
<Loc EndOffset="1799" SrcFileId="4" StartOffset="1721"/>
</LocList>
<RootTerm CovItemId="C10" CovItemPrefix="CardFunc.java" Intrnl_Id="625">
<BasicBoolTerm Intrnl_Id="626">
<LocList>
<Loc EndOffset="1744" SrcFileId="4" StartOffset="1724"/>
</LocList>
</BasicBoolTerm>
</RootTerm>
</CondStmnt>
</StmntSeq>
</HierarchyLvl>
</HierarchyLvl>
<HierarchyLvl HierarchyLvlId="2949" HierarchyLvlTypeId="8" Intrnl_Id="627" Name="Card">
<Header>
<Loc EndOffset="46" SrcFileId="5" StartOffset="29"/>
</Header>
<LocList>
<Loc EndOffset="1242" SrcFileId="5" StartOffset="29"/>
</LocList>
<StmntSeq Intrnl_Id="628">
<LocList>
<Loc EndOffset="82" SrcFileId="5" StartOffset="51"/>
<Loc EndOffset="172" SrcFileId="5" StartOffset="146"/>
<Loc EndOffset="225" SrcFileId="5" StartOffset="199"/>
<Loc EndOffset="409" SrcFileId="5" StartOffset="376"/>
<Loc EndOffset="687" SrcFileId="5" StartOffset="662"/>
<Loc EndOffset="791" SrcFileId="5" StartOffset="764"/>
<Loc EndOffset="820" SrcFileId="5" StartOffset="794"/>
<Loc EndOffset="965" SrcFileId="5" StartOffset="937"/>
</LocList>
<BasicStmnt CovItemId="S1" CovItemPrefix="Card.java" Intrnl_Id="629">
<LocList>
<Loc EndOffset="82" SrcFileId="5" StartOffset="51"/>
</LocList>
</BasicStmnt>
<BasicStmnt CovItemId="S2" CovItemPrefix="Card.java" Intrnl_Id="630">
<LocList>
<Loc EndOffset="172" SrcFileId="5" StartOffset="146"/>
</LocList>
</BasicStmnt>
<BasicStmnt CovItemId="S3" CovItemPrefix="Card.java" Intrnl_Id="631">
<LocList>
<Loc EndOffset="225" SrcFileId="5" StartOffset="199"/>
</LocList>
</BasicStmnt>
<BasicStmnt CovItemId="S4" CovItemPrefix="Card.java" Intrnl_Id="632">
<LocList>
<Loc EndOffset="409" SrcFileId="5" StartOffset="376"/>
</LocList>
</BasicStmnt>
<BasicStmnt CovItemId="S5" CovItemPrefix="Card.java" Intrnl_Id="633">
<LocList>
<Loc EndOffset="687" SrcFileId="5" StartOffset="662"/>
</LocList>
</BasicStmnt>
<BasicStmnt CovItemId="S6" CovItemPrefix="Card.java" Intrnl_Id="634">
<LocList>
<Loc EndOffset="791" SrcFileId="5" StartOffset="764"/>
</LocList>
</BasicStmnt>
<BasicStmnt CovItemId="S7" CovItemPrefix="Card.java" Intrnl_Id="635">
<LocList>
<Loc EndOffset="820" SrcFileId="5" StartOffset="794"/>
</LocList>
</BasicStmnt>
<BasicStmnt CovItemId="S8" CovItemPrefix="Card.java" Intrnl_Id="636">
<LocList>
<Loc EndOffset="965" SrcFileId="5" StartOffset="937"/>
</LocList>
</BasicStmnt>
</StmntSeq>
<HierarchyLvl HierarchyLvlId="2946" HierarchyLvlTypeId="7" Intrnl_Id="637" Name="Card">
<Header>
<Loc EndOffset="1070" SrcFileId="5" StartOffset="1037"/>
</Header>
<LocList>
<Loc EndOffset="1129" SrcFileId="5" StartOffset="1037"/>
</LocList>
<StmntSeq Intrnl_Id="638">
<LocList>
<Loc EndOffset="1091" SrcFileId="5" StartOffset="1076"/>
<Loc EndOffset="1112" SrcFileId="5" StartOffset="1095"/>
</LocList>
<BasicStmnt CovItemId="S9" CovItemPrefix="Card.java" Intrnl_Id="639">
<LocList>
<Loc EndOffset="1091" SrcFileId="5" StartOffset="1076"/>
</LocList>
</BasicStmnt>
<BasicStmnt CovItemId="S10" CovItemPrefix="Card.java" Intrnl_Id="640">
<LocList>
<Loc EndOffset="1112" SrcFileId="5" StartOffset="1095"/>
</LocList>
</BasicStmnt>
</StmntSeq>
</HierarchyLvl>
<HierarchyLvl HierarchyLvlId="2947" HierarchyLvlTypeId="7" Intrnl_Id="641" Name="getName">
<Header>
<Loc EndOffset="1158" SrcFileId="5" StartOffset="1135"/>
</Header>
<LocList>
<Loc EndOffset="1184" SrcFileId="5" StartOffset="1135"/>
</LocList>
<StmntSeq Intrnl_Id="642">
<LocList>
<Loc EndOffset="1180" SrcFileId="5" StartOffset="1163"/>
</LocList>
<BasicStmnt CovItemId="S11" CovItemPrefix="Card.java" Intrnl_Id="643">
<LocList>
<Loc EndOffset="1180" SrcFileId="5" StartOffset="1163"/>
</LocList>
</BasicStmnt>
</StmntSeq>
</HierarchyLvl>
<HierarchyLvl HierarchyLvlId="2948" HierarchyLvlTypeId="7" Intrnl_Id="644" Name="getNumber">
<Header>
<Loc EndOffset="1212" SrcFileId="5" StartOffset="1190"/>
</Header>
<LocList>
<Loc EndOffset="1237" SrcFileId="5" StartOffset="1190"/>
</LocList>
<StmntSeq Intrnl_Id="645">
<LocList>
<Loc EndOffset="1233" SrcFileId="5" StartOffset="1217"/>
</LocList>
<BasicStmnt CovItemId="S12" CovItemPrefix="Card.java" Intrnl_Id="646">
<LocList>
<Loc EndOffset="1233" SrcFileId="5" StartOffset="1217"/>
</LocList>
</BasicStmnt>
</StmntSeq>
</HierarchyLvl>
</HierarchyLvl>
</HierarchyLvl>
</MASTRoot>
</TestSessionContainer>
