<?xml version="1.0" encoding="UTF-8"?><TestSessionContainer xmlns="http://www.codecover.org/xml/testsession-container" Date="1430450350930" TestSessionContainerId="3d9b1a2b-0ed9-4265-9df1-928d8f4978b0" version="1.0">
<SrcFileList>
<SrcFile Content="import java.util.ArrayList;&#13;&#10;&#13;&#10;&#13;&#10;public class Player {&#13;&#10;&#9;public String username;&#13;&#10;&#9;public ArrayList&lt;Integer&gt; pHand = new ArrayList&lt;Integer&gt;();&#13;&#10;&#9;public boolean classAbility;&#13;&#10;&#9;public ArrayList&lt;Integer&gt; pPlay = new ArrayList&lt;Integer&gt;();&#13;&#10;&#9;public String className;&#13;&#10;&#9;public char gender = 'F';&#13;&#10;&#9;public int pLevel=1; //actual level of player&#13;&#10;&#9;public int cLevel=pLevel; //the level a player is with door cards in combat&#13;&#10;&#9;public InitializeCards initCards = new InitializeCards();&#13;&#10;&#9;&#13;&#10;&#9;public Player(String name){&#13;&#10;&#9;&#9;this.username = name;&#13;&#10;&#9;&#9;&#13;&#10;&#9;}&#13;&#10;&#9;&#13;&#10;&#9;public void cLevelCalculation(){&#13;&#10;&#9;&#9;Card card;&#13;&#10;&#9;&#9;this.cLevel=this.pLevel;&#13;&#10;&#9;&#9;for(int i=0; i&lt;this.pPlay.size();i++){&#13;&#10;&#9;&#9;&#9;card = initCards.getCardHash().get(pPlay.get(i));&#9;&#13;&#10;&#9;&#9;&#9;this.cLevel+=card.pLevelBonus;&#13;&#10;&#9;&#9;}&#13;&#10;&#9;}&#13;&#10;&#9;&#13;&#10;&#9;public int mLevelBonusCalculation(){&#13;&#10;&#9;&#9;int mLevelBonus=0;&#13;&#10;&#9;&#9;InitializeCards init = new InitializeCards();&#13;&#10;&#9;&#9;for(int i = 0; i&lt;this.pPlay.size();i++){&#13;&#10;&#9;&#9;&#9;mLevelBonus+=init.cardHash.get(this.pPlay.get(i)).monsterLevelBonus;&#13;&#10;&#9;&#9;}&#13;&#10;&#9;&#9;return mLevelBonus;&#13;&#10;&#9;}&#13;&#10;&#9;&#13;&#10;&#9;public boolean didIwin(Game game){&#13;&#10;&#9;&#9;int playerInt = game.turnPlayer;&#13;&#10;&#9;&#9;if(playerInt==1){&#13;&#10;&#9;&#9;&#9;return didIwinHelper(game.p1, game.p2,game);&#13;&#10;&#9;&#9;}&#13;&#10;&#9;&#9;else{&#13;&#10;&#9;&#9;&#9;return didIwinHelper(game.p2,game.p1, game);&#13;&#10;&#9;&#9;}&#13;&#10;&#9;}&#13;&#10;&#9;&#13;&#10;&#9;public boolean didIwinHelper(Player me, Player other, Game game){&#13;&#10;&#9;&#9;int monster = game.mLevel + me.mLevelBonusCalculation()+other.mLevelBonusCalculation();&#13;&#10;&#9;&#9;System.out.println(&quot;Other person's monster bonus level &quot; + other.mLevelBonusCalculation());&#13;&#10;&#9;&#9;System.out.println(&quot;monster level in combat is: &quot; + monster);&#13;&#10;&#9;&#9;me.cLevelCalculation(); //me.cLevel is now set&#13;&#10;&#9;&#9;System.out.println(&quot;my clevel is: &quot; + me.cLevel);&#13;&#10;&#9;&#9;return (me.cLevel&gt;=monster);&#13;&#10;&#9;}&#13;&#10;&#9;&#13;&#10;&#9;public void consequence(Game game, int win) {&#13;&#10;&#9;&#9;System.out.println(&quot;Consequence is &quot; + win);&#13;&#10;&#9;}&#13;&#10;}&#13;&#10;" Filename="Player.java" Intrnl_Id="1"/>
<SrcFile Content="import static org.junit.Assert.assertEquals;&#13;&#10;&#13;&#10;import java.util.ArrayList;&#13;&#10;import java.util.HashMap;&#13;&#10;&#13;&#10;public class InitializeCards {&#13;&#10;&#9;public HashMap&lt;Integer, Card&gt; cardHash = new HashMap&lt;Integer, Card&gt;();&#13;&#10;&#9;//public HashMap&lt;Integer, Card&gt; cardHash = new HashMap&lt;Integer, Card&gt;();&#13;&#10;&#9;public ArrayList&lt;Integer&gt; doors = new ArrayList&lt;Integer&gt;();&#13;&#10;&#9;public ArrayList&lt;Integer&gt; treasure = new ArrayList&lt;Integer&gt;();&#13;&#10;&#9;public int numDoors;&#13;&#10;&#9;public int numTreas;&#13;&#10;&#13;&#10;&#9;public InitializeCards(ArrayList&lt;String&gt; cardInfo) {&#13;&#10;&#13;&#10;&#9;&#9;// numDoors = 68;&#13;&#10;&#9;&#9;// numTreas = 0;&#13;&#10;&#13;&#10;&#9;&#9;//numDoors = 67;&#13;&#10;&#9;&#9;//numTreas = 83;&#13;&#10;&#13;&#10;//&#9;&#9;for (int i = 0; i &lt; numDoors; i++) {&#13;&#10;//&#9;&#9;&#9;Card newCard = new Card(i + 1, cardInfo.get(i));&#13;&#10;//&#9;&#9;&#9;cardHash.put(i + 1, newCard);&#13;&#10;//&#9;&#9;&#9;doors.add(i + 1);&#13;&#10;//&#9;&#9;}&#13;&#10;//&#13;&#10;//&#9;&#9;for (int i = numDoors; i &lt; (numDoors + numTreas) - 1; i++) {&#13;&#10;//&#13;&#10;//&#9;&#9;&#9;if (i != 91) {&#13;&#10;//&#9;&#9;&#9;&#9;Card newCard = new Card(i + 1, cardInfo.get(i));&#13;&#10;//&#9;&#9;&#9;&#9;cardHash.put(i + 1, newCard);&#13;&#10;//&#9;&#9;&#9;&#9;treasure.add(i + 1);&#13;&#10;//&#9;&#9;&#9;} else {&#13;&#10;//&#13;&#10;//&#9;&#9;&#9;}&#13;&#10;//&#13;&#10;//&#9;&#9;}&#13;&#10;//&#9;&#9;this.addConditions();&#13;&#10;&#13;&#10;&#9;}&#13;&#10;&#13;&#10;&#9;public InitializeCards() {&#13;&#10;&#9;&#9;numDoors = 67;&#13;&#10;&#9;&#9;numTreas = 83;&#13;&#10;&#13;&#10;&#9;&#9;for (int i = 0; i &lt; numDoors; i++) {&#13;&#10;&#9;&#9;&#9;Card newCard = new Card(i + 1, &quot;&quot;);&#13;&#10;&#9;&#9;&#9;cardHash.put(i + 1, newCard);&#13;&#10;&#9;&#9;&#9;doors.add(i + 1);&#13;&#10;&#9;&#9;}&#13;&#10;&#13;&#10;&#9;&#9;for (int i = numDoors; i &lt; (numDoors + numTreas) - 1; i++) {&#13;&#10;&#9;&#9;&#9;if (i != 91) {&#13;&#10;&#9;&#9;&#9;&#9;Card newCard = new Card(i + 1, &quot;&quot;);&#13;&#10;&#9;&#9;&#9;&#9;cardHash.put(i + 1, newCard);&#13;&#10;&#9;&#9;&#9;&#9;treasure.add(i + 1);&#13;&#10;&#9;&#9;&#9;} else {&#13;&#10;&#13;&#10;&#9;&#9;&#9;}&#13;&#10;&#9;&#9;}&#13;&#10;&#9;&#9;this.addConditionsForSelect();&#13;&#10;&#13;&#10;&#9;}&#13;&#10;&#9;&#13;&#10;&#9;public InitializeCards(boolean test) {&#13;&#10;&#9;&#9;numDoors = 67;&#13;&#10;&#9;&#9;numTreas = 83;&#13;&#10;&#13;&#10;&#9;&#9;for (int i = 0; i &lt; numDoors; i++) {&#13;&#10;&#9;&#9;&#9;Card newCard = new Card(i + 1, &quot;&quot;);&#13;&#10;&#9;&#9;&#9;cardHash.put(i + 1, newCard);&#13;&#10;&#9;&#9;&#9;doors.add(i + 1);&#13;&#10;&#9;&#9;}&#13;&#10;&#13;&#10;&#9;&#9;for (int i = numDoors; i &lt; (numDoors + numTreas) - 1; i++) {&#13;&#10;&#9;&#9;&#9;if (i != 91) {&#13;&#10;&#9;&#9;&#9;&#9;Card newCard = new Card(i + 1, &quot;&quot;);&#13;&#10;&#9;&#9;&#9;&#9;cardHash.put(i + 1, newCard);&#13;&#10;&#9;&#9;&#9;&#9;treasure.add(i + 1);&#13;&#10;&#9;&#9;&#9;} else {&#13;&#10;&#13;&#10;&#9;&#9;&#9;}&#13;&#10;&#9;&#9;}&#13;&#10;&#9;&#9;this.addConditions();&#13;&#10;&#9;}&#13;&#10;&#9;&#13;&#10;&#9;public InitializeCards(ArrayList&lt;Integer&gt; doorAvailable, ArrayList&lt;Integer&gt; treasAvailable){&#13;&#10;&#9;&#9;for (int i = 0; i &lt; doorAvailable.size(); i++) {&#13;&#10;&#9;&#9;&#9;Card newCard = new Card(doorAvailable.get(i), &quot;&quot;);&#13;&#10;&#9;&#9;&#9;cardHash.put(doorAvailable.get(i), newCard);&#13;&#10;&#9;&#9;&#9;doors.add(doorAvailable.get(i));&#13;&#10;&#9;&#9;}&#13;&#10;&#13;&#10;&#9;&#9;for (int i = 0; i &lt; treasAvailable.size(); i++) {&#13;&#10;&#9;&#9;&#9;Card newCard = new Card(treasAvailable.get(i),&quot;&quot;);&#13;&#10;&#9;&#9;&#9;cardHash.put(treasAvailable.get(i), newCard);&#13;&#10;&#9;&#9;&#9;treasure.add(treasAvailable.get(i));&#13;&#10;&#9;&#9;}&#13;&#10;&#9;&#9;this.addConditionsForSelect();&#13;&#10;&#9;}&#13;&#10;&#13;&#10;&#9;public void addConditions() {&#13;&#10;&#9;&#9;cardHash.get(1).monsterLevelBonus = 5;&#13;&#10;&#9;&#9;cardHash.get(2).monsterLevel = 2;&#13;&#10;&#9;&#9;cardHash.get(2).monsterLevelBonus = 3;&#13;&#10;&#9;&#9;cardHash.get(2).numTreas = 1;&#13;&#10;&#9;&#9;cardHash.get(2).condForBonus = &quot;Monster Whacker&quot;;&#13;&#10;&#9;&#9;cardHash.get(3).monsterLevelBonus = 3;&#13;&#10;&#9;&#9;cardHash.get(4).numTreas = 1;&#13;&#10;&#9;&#9;cardHash.get(4).monsterLevel = 1;&#13;&#10;&#9;&#9;cardHash.get(5).monsterLevel = 6;&#13;&#10;&#9;&#9;cardHash.get(5).monsterLevelBonus = -2;&#13;&#10;&#9;&#9;cardHash.get(5).numTreas = 2;&#13;&#10;&#9;&#9;cardHash.get(5).condForBonus = &quot;Professors&quot;;&#13;&#10;&#9;&#9;cardHash.get(7).monsterLevel = 2;&#13;&#10;&#9;&#9;cardHash.get(7).monsterLevelBonus = 4;&#13;&#10;&#9;&#9;cardHash.get(7).numTreas = 1;&#13;&#10;&#9;&#9;cardHash.get(7).condForBonus = &quot;Females&quot;;&#13;&#10;&#9;&#9;cardHash.get(8).monsterLevel = 8;&#13;&#10;&#9;&#9;cardHash.get(8).monsterLevelBonus = 3;&#13;&#10;&#9;&#9;cardHash.get(8).numTreas = 2;&#13;&#10;&#9;&#9;cardHash.get(26).monsterLevel = 10;&#13;&#10;&#9;&#9;cardHash.get(26).numTreas = 3;&#13;&#10;&#9;&#9;cardHash.get(27).monsterLevel = 1;&#13;&#10;&#9;&#9;cardHash.get(27).monsterLevelBonus = 2;&#13;&#10;&#9;&#9;cardHash.get(27).numTreas = 1;&#13;&#10;&#9;&#9;cardHash.get(27).condForBonus = &quot;Investigators&quot;;&#13;&#10;&#9;&#9;cardHash.get(27).badStuff = &quot;gold&quot;;&#13;&#10;&#9;&#9;cardHash.get(27).badGold = -500;&#13;&#10;&#9;&#9;cardHash.get(28).monsterLevel = 6;&#13;&#10;&#9;&#9;cardHash.get(28).numTreas = 2;&#13;&#10;&#9;&#9;cardHash.get(29).monsterLevelBonus = 10;&#13;&#10;&#9;&#9;cardHash.get(29).bonusTreasure = 2;&#13;&#10;&#9;&#9;cardHash.get(30).monsterLevel = 12;&#13;&#10;&#9;&#9;cardHash.get(30).monsterLevelBonus = -2;&#13;&#10;&#9;&#9;cardHash.get(30).numTreas = 3;&#13;&#10;&#9;&#9;cardHash.get(30).condForBonus = &quot;Monster Whacker&quot;;&#13;&#10;&#9;&#9;cardHash.get(31).monsterLevelBonus = 3;&#13;&#10;&#9;&#9;cardHash.get(32).monsterLevel = 12;&#13;&#10;&#9;&#9;cardHash.get(32).numTreas = 3;&#13;&#10;&#9;&#9;cardHash.get(33).monsterLevel = 4;&#13;&#10;&#9;&#9;cardHash.get(33).monsterLevelBonus = -2;&#13;&#10;&#9;&#9;cardHash.get(33).numTreas = 2;&#13;&#10;&#9;&#9;cardHash.get(33).condForBonus = &quot;Females&quot;;&#13;&#10;&#9;&#9;cardHash.get(34).monsterLevelBonus = 3;&#13;&#10;&#9;&#9;cardHash.get(35).monsterLevel = 14;&#13;&#10;&#9;&#9;cardHash.get(35).monsterLevelBonus = -2;&#13;&#10;&#9;&#9;cardHash.get(35).numTreas = 4;&#13;&#10;&#9;&#9;cardHash.get(35).condForBonus = &quot;Professors&quot;;&#13;&#10;&#9;&#9;cardHash.get(42).monsterLevelBonus = -5;&#13;&#10;&#9;&#9;cardHash.get(42).badStuff = &quot;treas&quot;;&#13;&#10;&#9;&#9;cardHash.get(42).badTreas = -1;&#13;&#10;&#9;&#9;cardHash.get(84).numGold = 500;&#13;&#10;&#9;&#9;cardHash.get(84).numHands = 2;&#13;&#10;&#9;&#9;cardHash.get(84).pLevelBonus = 4;&#13;&#10;&#9;&#9;cardHash.get(85).numGold = 600;&#13;&#10;&#9;&#9;cardHash.get(86).numGold = 200;&#13;&#10;&#9;&#9;cardHash.get(86).numHands = 1;&#13;&#10;&#9;&#9;cardHash.get(86).pLevelBonus = 2;&#13;&#10;&#9;&#9;cardHash.get(87).numGold = 200;&#13;&#10;&#9;&#9;cardHash.get(87).pLevelBonus = 1;&#13;&#10;&#9;&#9;cardHash.get(88).numGold = 300;&#13;&#10;&#9;&#9;cardHash.get(88).numHands = 1;&#13;&#10;&#9;&#9;cardHash.get(88).pLevelBonus = 2;&#13;&#10;&#9;&#9;cardHash.get(89).goUpALevel = true;&#13;&#10;&#9;&#9;cardHash.get(90).numGold = 100;&#13;&#10;&#9;&#9;cardHash.get(90).numUse = 1;&#13;&#10;&#9;&#9;cardHash.get(90).forMe = false;&#13;&#10;&#9;&#9;cardHash.get(90).pLevelBonus = 3;&#13;&#10;&#9;&#9;cardHash.get(90).monsterLevelBonus = 3;&#13;&#10;&#9;&#9;cardHash.get(94).goUpALevel = true;&#13;&#10;&#9;&#9;cardHash.get(97).numGold = 700;&#13;&#10;&#9;&#9;cardHash.get(97).pLevelBonus = 3;&#13;&#10;&#9;&#9;cardHash.get(97).NotUsableBy = &quot;Monster Whacker&quot;;&#13;&#10;&#9;&#9;cardHash.get(98).numGold=800;&#13;&#10;&#9;&#9;cardHash.get(98).pLevelBonus=4;&#13;&#10;&#9;&#9;cardHash.get(98).numHands=2;&#13;&#10;&#9;&#9;cardHash.get(99).numGold=300;&#13;&#10;&#9;&#9;cardHash.get(99).pLevelBonus=1;&#13;&#10;&#9;&#9;cardHash.get(99).footGear=true;&#13;&#10;&#9;}&#13;&#10;&#9;&#13;&#10;&#9;public void addConditionsForSelect() {&#13;&#10;&#9;&#9;&#13;&#10;&#9;&#9;cardHash.get(2).monsterLevel = 2;&#13;&#10;&#9;&#9;cardHash.get(2).monsterLevelCondBonus = 3;&#13;&#10;&#9;&#9;cardHash.get(2).numTreas = 1;&#13;&#10;&#9;&#9;cardHash.get(2).condForBonus = &quot;Monster Whacker&quot;;&#13;&#10;&#9;&#9;&#13;&#10;&#9;&#9;cardHash.get(4).numTreas = 1;&#13;&#10;&#9;&#9;cardHash.get(4).monsterLevel = 1;&#13;&#10;&#9;&#13;&#10;&#9;&#9;cardHash.get(7).monsterLevel = 2;&#13;&#10;&#9;&#9;cardHash.get(7).monsterLevelCondBonus = 4;&#13;&#10;&#9;&#9;cardHash.get(7).numTreas = 1;&#13;&#10;&#9;&#9;cardHash.get(7).condForBonus = &quot;Females&quot;;&#13;&#10;&#9;&#9;&#13;&#10;&#9;&#9;&#13;&#10;&#9;&#9;cardHash.get(29).monsterLevelBonus = 10;&#13;&#10;&#9;&#9;cardHash.get(29).bonusTreasure = 2;&#13;&#10;&#9;&#9;&#13;&#10;&#9;&#9;&#13;&#10;&#9;&#9;cardHash.get(42).monsterLevelBonus = -5;&#13;&#10;&#9;&#9;cardHash.get(42).badStuff = &quot;treas&quot;;&#13;&#10;&#9;&#9;cardHash.get(42).badTreas = -1;&#13;&#10;&#9;&#9;cardHash.get(84).numGold = 500;&#13;&#10;&#9;&#9;cardHash.get(84).numHands = 2;&#13;&#10;&#9;&#9;cardHash.get(84).pLevelBonus = 4;&#13;&#10;&#9;&#9;cardHash.get(85).numGold = 600;&#13;&#10;&#9;&#9;cardHash.get(86).numGold = 200;&#13;&#10;&#9;&#9;cardHash.get(86).numHands = 1;&#13;&#10;&#9;&#9;cardHash.get(86).pLevelBonus = 2;&#13;&#10;&#9;&#9;cardHash.get(87).numGold = 200;&#13;&#10;&#9;&#9;cardHash.get(87).pLevelBonus = 1;&#13;&#10;&#9;&#9;cardHash.get(88).numGold = 300;&#13;&#10;&#9;&#9;cardHash.get(88).numHands = 1;&#13;&#10;&#9;&#9;cardHash.get(88).pLevelBonus = 2;&#13;&#10;&#9;&#9;cardHash.get(89).goUpALevel = true;&#13;&#10;&#9;&#9;cardHash.get(90).numGold = 100;&#13;&#10;&#9;&#9;cardHash.get(90).numUse = 1;&#13;&#10;&#9;&#9;cardHash.get(90).forMe = false;&#13;&#10;&#9;&#9;cardHash.get(90).pLevelBonus = 3;&#13;&#10;&#9;&#9;cardHash.get(90).monsterLevelBonus = 3;&#13;&#10;&#9;&#9;cardHash.get(94).goUpALevel = true;&#13;&#10;&#9;&#9;cardHash.get(97).numGold = 700;&#13;&#10;&#9;&#9;cardHash.get(97).pLevelBonus = 3;&#13;&#10;&#9;&#9;cardHash.get(97).NotUsableBy = &quot;Monster Whacker&quot;;&#13;&#10;&#9;&#9;cardHash.get(98).numGold=800;&#13;&#10;&#9;&#9;cardHash.get(98).pLevelBonus=4;&#13;&#10;&#9;&#9;cardHash.get(98).numHands=2;&#13;&#10;&#9;&#9;cardHash.get(99).numGold=300;&#13;&#10;&#9;&#9;cardHash.get(99).pLevelBonus=1;&#13;&#10;&#9;&#9;cardHash.get(99).footGear=true;&#13;&#10;&#9;}&#13;&#10;&#13;&#10;&#9;public HashMap&lt;Integer, Card&gt; getCardHash() {&#13;&#10;&#9;&#9;return cardHash;&#13;&#10;&#9;}&#13;&#10;&#13;&#10;&#13;&#10;}&#13;&#10;" Filename="InitializeCards.java" Intrnl_Id="2"/>
<SrcFile Content="import java.util.ArrayList;&#13;&#10;import java.util.HashMap;&#13;&#10;import java.util.Random;&#13;&#10;&#13;&#10;public class Game {&#13;&#10;&#9;ArrayList&lt;Integer&gt; doors = new ArrayList&lt;Integer&gt;();&#13;&#10;&#9;ArrayList&lt;Integer&gt; treasures = new ArrayList&lt;Integer&gt;();&#13;&#10;&#9;ArrayList&lt;Integer&gt; discards = new ArrayList&lt;Integer&gt;();&#13;&#10;&#9;Player p1 = new Player(&quot;p1&quot;);&#13;&#10;&#9;Player p2 = new Player(&quot;p2&quot;);&#13;&#10;&#9;int turnPlayer;&#13;&#10;&#9;CardFunc funcs = new CardFunc(this);&#13;&#10;&#9;int mInPlay = 0; //0 indicates no monster, otherwise card number goes here.&#13;&#10;&#9;int mLevel = 0; //0 indicates no monster, otherwise monster level goes here.&#13;&#10;&#9;&#13;&#10;&#9;&#13;&#10;&#13;&#10;&#9;public Game(ArrayList&lt;Integer&gt; doors, ArrayList&lt;Integer&gt; treasures) {&#13;&#10; &#9;&#9;this.doors = doors;&#13;&#10;&#9;&#9;this.treasures = treasures;&#13;&#10;&#9;&#9;this.turnPlayer=1;&#13;&#10;&#9;}&#13;&#10;&#9;&#13;&#10;&#13;&#10;&#9;public ArrayList&lt;Integer&gt; shuffle(ArrayList&lt;Integer&gt; cards) {&#13;&#10;&#9;&#9;Random rand = new Random();&#13;&#10;&#9;&#9;for (int i = cards.size() - 1; i &gt; 0; i--) {&#13;&#10;&#9;&#9;&#9;int randNum = rand.nextInt(i);&#13;&#10;&#9;&#9;&#9;int temp = cards.get(randNum);&#13;&#10;&#9;&#9;&#9;cards.set(randNum, cards.get(i));&#13;&#10;&#9;&#9;&#9;cards.set(i, temp);&#13;&#10;&#9;&#9;}&#13;&#10;&#9;&#9;return cards;&#13;&#10;&#9;}&#13;&#10;&#9;&#13;&#10;&#9;public void setInitialCards(){&#13;&#10;&#9;&#9;p1.pHand=this.dealCards();&#13;&#10;&#9;&#9;p2.pHand=this.dealCards();&#13;&#10;&#9;}&#13;&#10;&#13;&#10;&#9;&#13;&#10;&#9;public ArrayList&lt;Integer&gt; dealCards() {&#13;&#10;&#9;&#9;ArrayList&lt;Integer&gt; deal = new ArrayList&lt;Integer&gt;();&#13;&#10;&#9;&#9;doors = shuffle(doors);&#13;&#10;&#9;&#9;treasures = shuffle(treasures);&#13;&#10;&#9;&#9;for (int i = 0; i &lt;= 3; i++) {&#13;&#10;&#9;&#9;&#9;deal.add(doors.get(doors.size() - 1));&#13;&#10;&#9;&#9;&#9;deal.add(treasures.get(treasures.size()-1));&#13;&#10;&#9;&#9;&#9;doors.remove(doors.get(doors.size() - 1));&#13;&#10;&#9;&#9;&#9;treasures.remove(treasures.get(treasures.size()-1));&#13;&#10;&#9;&#9;&#9;&#13;&#10;&#9;&#9;}&#13;&#10;&#9;&#9;return deal;&#13;&#10;&#9;}&#13;&#10;&#9;//This function will not deal another card if the player hand size equals 8&#13;&#10;&#9;public boolean dealNewCard(ArrayList&lt;Integer&gt; cards, Player p) {&#13;&#10;&#9;&#9;int size = cards.size()-1;&#13;&#10;&#9;&#9;if(p.pHand.size() &lt; 8) {&#13;&#10;&#9;&#9;&#9;p.pHand.add(cards.get(size));&#13;&#10;&#9;&#9;&#9;cards.remove(size);&#13;&#10;&#9;&#9;&#9;return true;&#13;&#10;&#9;&#9;} return false;&#13;&#10;&#9;}&#13;&#10;&#9;&#13;&#10;&#9;public boolean mustDiscard(Player p) {&#13;&#10;&#9;&#9;return p.pHand.size()&gt;=8;&#13;&#10;&#9;}&#13;&#10;&#9;&#13;&#10;&#9;public boolean discardCard(Player p, int card) {&#13;&#10;&#9;&#9;if(p.pHand.contains(card)) {&#13;&#10;&#9;&#9;&#9;p.pHand.remove(card);&#13;&#10;&#9;&#9;&#9;discards.add(card);&#13;&#10;&#9;&#9;&#9;return true;&#13;&#10;&#9;&#9;}return false;&#13;&#10;&#9;}&#13;&#10;&#9;&#13;&#10;&#9;public ArrayList&lt;Integer&gt; returnDiscardPile() {&#13;&#10;&#9;&#9;return discards;&#13;&#10;&#9;}&#13;&#10;&#9;&#13;&#10;&#9;public int rollDice() {&#13;&#10;&#9;&#9;Random rand = new Random();&#13;&#10;&#9;&#9;return rand.nextInt(6) + 1;&#13;&#10;&#9;}&#13;&#10;&#13;&#10;}&#13;&#10;" Filename="Game.java" Intrnl_Id="3"/>
<SrcFile Content="&#13;&#10;public class CardFunc {&#13;&#10;&#9;public Game myGame;&#13;&#10;&#9;public Player p;&#13;&#10;&#9;public CardFunc(Game game){&#13;&#10;&#9;&#9;this.myGame=game;&#13;&#10;&#9;&#9;if (myGame.turnPlayer==1){&#13;&#10;&#9;&#9;&#9;p=myGame.p1;&#13;&#10;&#9;&#9;}&#13;&#10;&#9;&#9;else{&#13;&#10;&#9;&#9;&#9;p=myGame.p2;&#13;&#10;&#9;&#9;}&#13;&#10;&#9;&#9;&#13;&#10;&#9;}&#13;&#10;&#9;&#13;&#10;&#9;public void func1Init() {&#13;&#10;&#9;&#9;p.cLevel -= 5;&#13;&#10;&#9;}&#13;&#10;&#9;&#13;&#10;&#9;public void func1(boolean checkWin) {&#13;&#10;&#9;&#9;//+5 to Monster&#13;&#10;&#9;&#9;//If win, draw extra treasure&#13;&#10;&#9;&#9;if(checkWin) {&#13;&#10;&#9;&#9;&#9;myGame.dealNewCard(myGame.treasures, p);&#13;&#10;&#9;&#9;}&#13;&#10;&#9;}&#13;&#10;&#9;&#13;&#10;&#9;public void func2Init() {&#13;&#10;&#9;&#9;if(p.className.equals(&quot;Monster Whacker&quot;)) {&#13;&#10;&#9;&#9;&#9;p.cLevel -= 3;&#13;&#10;&#9;&#9;}&#13;&#10;&#9;}&#13;&#10;&#9;&#13;&#10;&#9;public void func2(boolean checkWin) {&#13;&#10;&#9;&#9;//+3 against Monster Whackers&#13;&#10;&#9;&#9;//Bad: Lose your class, unless you are a cultist&#13;&#10;&#9;&#9;if(checkWin) {&#13;&#10;&#9;&#9;&#9;myGame.dealNewCard(myGame.treasures, p);&#13;&#10;&#9;&#9;} else {&#13;&#10;&#9;&#9;&#9;if(!p.className.equals(&quot;Cultist&quot;)) {&#13;&#10;&#9;&#9;&#9;&#9;p.className = &quot;&quot;;&#9;&#9;&#9;&#9;&#13;&#10;&#9;&#9;&#9;&#9;//Need to discard any class card in play&#13;&#10;&#9;&#9;&#9;}&#13;&#10;&#9;&#9;}&#13;&#10;&#9;}&#13;&#10;&#9;&#13;&#10;&#9;public void func3() {&#13;&#10;&#9;&#9;//+3 to monster&#13;&#10;&#9;&#9;//Play on a cultist for bonus...&#13;&#10;&#9;}&#13;&#10;&#9;&#13;&#10;&#9;public void func4Init() {&#13;&#10;&#9;&#9;//No class abilties are used&#13;&#10;&#9;&#9;p.classAbility = false; //maybe...&#13;&#10;&#9;}&#13;&#10;&#9;&#13;&#10;&#9;public void func4Result(boolean checkWin) {&#13;&#10;&#9;&#9;//no class abilties&#13;&#10;&#9;&#9;//Bad: Discard your armour&#13;&#10;&#9;&#9;if(checkWin) {&#13;&#10;&#9;&#9;&#9;myGame.dealNewCard(myGame.treasures, p);&#13;&#10;&#9;&#9;} else {&#13;&#10;&#9;&#9;&#9;//Discard armour&#13;&#10;&#9;&#9;}&#13;&#10;&#9;}&#13;&#10;&#9;&#13;&#10;&#9;public void func5Init() {&#13;&#10;&#9;&#9;if(p.className.equals(&quot;Professor&quot;)) {&#13;&#10;&#9;&#9;&#9;p.cLevel += 2;&#13;&#10;&#9;&#9;} else if(p.className.equals(&quot;Cultist&quot;)) {&#13;&#10;&#9;&#9;&#9;p.cLevel -= 2;&#13;&#10;&#9;&#9;}&#13;&#10;&#9;}&#13;&#10;&#9;&#13;&#10;&#9;public void func5(boolean checkWin) {&#13;&#10;&#9;&#9;//-2 against professors&#13;&#10;&#9;&#9;//+2 against cultists&#13;&#10;&#9;&#9;//Bad: Become a cultist, if already a cultist, donate 1000 gold&#13;&#10;&#9;&#9;if(checkWin) {&#13;&#10;&#9;&#9;&#9;myGame.dealNewCard(myGame.treasures, p);&#13;&#10;&#9;&#9;} else {&#13;&#10;&#9;&#9;&#9;if (p.className.equals(&quot;Cultist&quot;)) {&#13;&#10;&#9;&#9;&#9;&#9;//Discard treasures that add up to 1000 gold&#13;&#10;&#9;&#9;&#9;} else {&#13;&#10;&#9;&#9;&#9;&#9;p.className = &quot;Cultist&quot;;&#13;&#10;&#9;&#9;&#9;}&#13;&#10;&#9;&#9;}&#13;&#10;&#9;}&#13;&#10;&#9;&#13;&#10;&#9;public void func7Init() {&#13;&#10;&#9;&#9;if(p.gender == 'F') {&#13;&#10;&#9;&#9;&#9;p.cLevel += 4;&#13;&#10;&#9;&#9;}&#13;&#10;&#9;}&#13;&#10;&#9;&#13;&#10;&#9;public void func7(boolean checkWin) {&#13;&#10;&#9;&#9;//-4 against females&#13;&#10;&#9;&#9;//Bad: Cultists must donate highest valued item in hand&#13;&#10;&#9;&#9;//Bad: Others must discard a card&#13;&#10;&#9;&#9;if(p.className.equals(&quot;Cultist&quot;)) {&#13;&#10;&#9;&#9;&#9;//Discard highest value in hand&#13;&#10;&#9;&#9;&#9;System.out.println(&quot;Discard highest valued item in hand&quot;);&#13;&#10;&#9;&#9;} else {&#13;&#10;&#9;&#9;&#9;//Discard a card in your hand&#13;&#10;&#9;&#9;&#9;System.out.println(&quot;Discard a card in your hand&quot;);&#13;&#10;&#9;&#9;}&#13;&#10;&#9;}&#13;&#10;&#9;&#13;&#10;&#9;public void func8Init() {&#13;&#10;&#9;&#9;if(p.pHand.size()%2 == 0) {&#13;&#10;&#9;&#9;&#9;p.cLevel -= 3;&#13;&#10;&#9;&#9;}&#13;&#10;&#9;}&#13;&#10;&#9;&#13;&#10;&#9;public void func8(boolean checkWin) {&#13;&#10;&#9;&#9;//if number of cards in hand is even, +3 for monster&#13;&#10;&#9;&#9;//Bad: lose two levels and discard a card from your hand&#13;&#10;&#9;&#9;if(checkWin) {&#13;&#10;&#9;&#9;&#9;myGame.dealNewCard(myGame.treasures, p);&#13;&#10;&#9;&#9;&#9;myGame.dealNewCard(myGame.treasures, p);&#13;&#10;&#9;&#9;} else {&#13;&#10;&#9;&#9;&#9;p.pLevel -= 2;&#13;&#10;&#9;&#9;&#9;if(p.pLevel&lt;1) {&#13;&#10;&#9;&#9;&#9;&#9;p.pLevel = 1;&#13;&#10;&#9;&#9;&#9;}&#13;&#10;&#9;&#9;&#9;//Discard a card from your hand&#13;&#10;&#9;&#9;}&#13;&#10;&#9;}&#13;&#10;&#9;&#13;&#10;&#9;public void func26Init() {&#13;&#10;&#9;&#9;//if ichor cards are in play to give them combat bonus, double effect&#13;&#10;&#9;}&#13;&#10;&#9;&#13;&#10;&#9;public void func26(boolean checkWin) {&#13;&#10;&#9;&#9;//Immune to Ichor cards, except Ichor cards player for them are double bonus&#13;&#10;&#9;&#9;//Bad: Give a card to every Cultist in the game&#13;&#10;&#9;&#9;if(checkWin) {&#13;&#10;&#9;&#9;&#9;for(int i = 0; i &lt; 3; i++) {&#13;&#10;&#9;&#9;&#9;&#9;myGame.dealNewCard(myGame.treasures, p);&#13;&#10;&#9;&#9;&#9;}&#13;&#10;&#9;&#9;} else {&#13;&#10;&#9;&#9;&#9;//Give a card to other player if they are a Cultist&#13;&#10;&#9;&#9;}&#13;&#10;&#9;}&#13;&#10;&#9;&#13;&#10;&#9;public void func27Init() {&#13;&#10;&#9;&#9;if(p.className.equals(&quot;Professor&quot;)) {&#13;&#10;&#9;&#9;&#9;p.cLevel -= 2;&#13;&#10;&#9;&#9;}&#13;&#10;&#9;}&#13;&#10;&#9;&#13;&#10;&#9;public void func27(boolean checkWin) {&#13;&#10;&#9;&#9;//+2 against Investigators&#13;&#10;&#9;&#9;//Bad: Discard items worth at least 500 gold&#13;&#10;&#9;&#9;if(checkWin) {&#13;&#10;&#9;&#9;&#9;myGame.dealNewCard(myGame.treasures, p);&#13;&#10;&#9;&#9;} else {&#13;&#10;&#9;&#9;&#9;//Discard items worth at least 500 gold&#13;&#10;&#9;&#9;}&#13;&#10;&#9;}&#13;&#10;&#9;&#13;&#10;&#9;public void func28Init() {&#13;&#10;&#9;&#9;p.cLevel = p.pLevel; //Reset to initial level&#13;&#10;&#9;&#9;//Check for Ichor cards in play, all other items are useless&#13;&#10;&#9;}&#13;&#10;&#9;&#13;&#10;&#9;public void func28(boolean checkWin) {&#13;&#10;&#9;&#9;//Only Inchor cards work (fire/flame has double effect)&#13;&#10;&#9;&#9;//Bad: Give a card to the other player&#13;&#10;&#9;&#9;if(checkWin) {&#13;&#10;&#9;&#9;&#9;myGame.dealNewCard(myGame.treasures, p);&#13;&#10;&#9;&#9;&#9;myGame.dealNewCard(myGame.treasures, p);&#13;&#10;&#9;&#9;} else {&#13;&#10;&#9;&#9;&#9;//Give a card to the other player&#13;&#10;&#9;&#9;}&#13;&#10;&#9;}&#13;&#10;&#9;&#13;&#10;&#9;public void func29Init() {&#13;&#10;&#9;&#9;p.cLevel -= 10;&#13;&#10;&#9;&#9;myGame.mLevel += 10;&#13;&#10;&#9;}&#13;&#10;&#9;&#13;&#10;&#9;public void func29(boolean checkWin) {&#13;&#10;&#9;&#9;//+10 to Monster&#13;&#10;&#9;&#9;//If win, draw two extra treasures&#13;&#10;&#9;&#9;if(checkWin) {&#13;&#10;&#9;&#9;&#9;myGame.dealNewCard(myGame.treasures, p);&#13;&#10;&#9;&#9;&#9;myGame.dealNewCard(myGame.treasures, p);&#13;&#10;&#9;&#9;}&#13;&#10;&#9;}&#13;&#10;&#9;&#13;&#10;&#9;public void func30Init() {&#13;&#10;&#9;&#9;if(p.className.equals(&quot;Monster Whacker&quot;)) {&#13;&#10;&#9;&#9;&#9;p.cLevel += 2;&#13;&#10;&#9;&#9;}&#13;&#10;&#9;}&#13;&#10;&#9;&#13;&#10;&#9;public void func30(boolean checkWin) {&#13;&#10;&#9;&#9;//-2 against Monster Whackers&#13;&#10;&#9;&#9;//Bad: You are dead&#13;&#10;&#9;&#9;if(checkWin) {&#13;&#10;&#9;&#9;&#9;for(int i = 0; i &lt; 3; i++) {&#13;&#10;&#9;&#9;&#9;&#9;myGame.dealNewCard(myGame.treasures, p);&#13;&#10;&#9;&#9;&#9;}&#13;&#10;&#9;&#9;} else {&#13;&#10;&#9;&#9;&#9;//You are dead...&#13;&#10;&#9;&#9;}&#13;&#10;&#9;}&#13;&#10;&#9;&#13;&#10;&#9;public void func31() {&#13;&#10;&#9;&#9;//+3 to monster&#13;&#10;&#9;&#9;//or play on cultist until they die or they lose the class&#13;&#10;&#9;&#9;//+3 permanant bonus&#13;&#10;&#9;&#9;//same as func3()&#13;&#10;&#9;}&#13;&#10;&#9;&#13;&#10;&#9;public void func32Init() {&#13;&#10;&#9;&#9;//Discard one card from your hand&#13;&#10;&#9;}&#13;&#10;&#9;&#13;&#10;&#9;public void func32(boolean checkWin) {&#13;&#10;&#9;&#9;//Other player discards card from your hand&#13;&#10;&#9;&#9;//Bad: Discard all Ichor cards&#13;&#10;&#9;&#9;if(checkWin) {&#13;&#10;&#9;&#9;&#9;for(int i = 0; i &lt; 3; i++) {&#13;&#10;&#9;&#9;&#9;&#9;myGame.dealNewCard(myGame.treasures, p);&#13;&#10;&#9;&#9;&#9;}&#13;&#10;&#9;&#9;} else {&#13;&#10;&#9;&#9;&#9;//Discard all ichor cards from hand&#13;&#10;&#9;&#9;}&#13;&#10;&#9;}&#13;&#10;&#9;&#13;&#10;&#9;public void func33Init() {&#13;&#10;&#9;&#9;if(p.gender == 'F') {&#13;&#10;&#9;&#9;&#9;p.cLevel += 2;&#13;&#10;&#9;&#9;}&#13;&#10;&#9;}&#13;&#10;&#9;&#13;&#10;&#9;public void func33(boolean checkWin) {&#13;&#10;&#9;&#9;//-2 against females&#13;&#10;&#9;&#9;//Can't help anyone out until you go up a level (useless)&#13;&#10;&#9;&#9;if(checkWin) {&#13;&#10;&#9;&#9;&#9;myGame.dealNewCard(myGame.treasures, p);&#13;&#10;&#9;&#9;&#9;myGame.dealNewCard(myGame.treasures, p);&#13;&#10;&#9;&#9;} else {&#13;&#10;&#9;&#9;&#9;//somewhat useless...&#13;&#10;&#9;&#9;}&#13;&#10;&#9;}&#13;&#10;&#9;&#13;&#10;&#9;public void func34() {&#13;&#10;&#9;&#9;//Same as func3()&#13;&#10;&#9;}&#13;&#10;&#9;&#13;&#10;&#9;public void func35Init() {&#13;&#10;&#9;&#9;if(p.className.equals(&quot;Professor&quot;)) {&#13;&#10;&#9;&#9;&#9;p.cLevel += 2;&#13;&#10;&#9;&#9;} else if(p.className.equals(&quot;Investigator&quot;)){&#13;&#10;&#9;&#9;&#9;p.cLevel += 2;&#13;&#10;&#9;&#9;}&#13;&#10;&#9;}&#13;&#10;&#9;&#13;&#10;&#9;public void func35(boolean checkWin) {&#13;&#10;&#9;&#9;//-2 against professors or investigators&#13;&#10;&#9;&#9;//Bad: You must help anyone, no reward&#13;&#10;&#9;&#9;if(checkWin) {&#13;&#10;&#9;&#9;&#9;for(int i = 0; i &lt; 4; i++) {&#13;&#10;&#9;&#9;&#9;&#9;myGame.dealNewCard(myGame.treasures, p);&#13;&#10;&#9;&#9;&#9;}&#13;&#10;&#9;&#9;} else {&#13;&#10;&#9;&#9;&#9;//Must help everyone...&#13;&#10;&#9;&#9;}&#13;&#10;&#9;}&#13;&#10;&#9;&#13;&#10;&#9;public void func36Init() {&#13;&#10;&#9;&#9;if(p.gender == 'M') {&#13;&#10;&#9;&#9;&#9;p.cLevel -= 3;&#13;&#10;&#9;&#9;}&#13;&#10;&#9;}&#13;&#10;&#9;&#13;&#10;&#9;public void func36(boolean checkWin) {&#13;&#10;&#9;&#9;//+3 against males&#13;&#10;&#9;&#9;//Male munchkins cannot help&#13;&#10;&#9;&#9;//Bad: Lose a level&#13;&#10;&#9;&#9;if(checkWin) {&#13;&#10;&#9;&#9;&#9;myGame.dealNewCard(myGame.treasures, p);&#13;&#10;&#9;&#9;} else {&#13;&#10;&#9;&#9;&#9;p.pLevel -= 1;&#13;&#10;&#9;&#9;}&#13;&#10;&#9;}&#13;&#10;&#9;&#13;&#10;&#9;public void func37Init() {&#13;&#10;&#9;&#9;if(p.gender == 'F') {&#13;&#10;&#9;&#9;&#9;p.cLevel += 2;&#13;&#10;&#9;&#9;}&#13;&#10;&#9;}&#13;&#10;&#9;&#13;&#10;&#9;public void func37(boolean checkWin) {&#13;&#10;&#9;&#9;//-2 against females&#13;&#10;&#9;&#9;//Bad: Discard whole hand&#13;&#10;&#9;&#9;if(checkWin) {&#13;&#10;&#9;&#9;&#9;for(int i = 0; i &lt; 3; i++) {&#13;&#10;&#9;&#9;&#9;&#9;myGame.dealNewCard(myGame.treasures, p);&#13;&#10;&#9;&#9;&#9;}&#13;&#10;&#9;&#9;} else {&#13;&#10;&#9;&#9;&#9;//Discard entire hand&#13;&#10;&#9;&#9;}&#13;&#10;&#9;}&#13;&#10;&#9;&#13;&#10;&#9;public void func38Init() {&#13;&#10;&#9;&#9;if(!p.className.equals(&quot;Cultist&quot;)) {&#13;&#10;&#9;&#9;&#9;p.cLevel -= 4;&#13;&#10;&#9;&#9;}&#13;&#10;&#9;}&#13;&#10;&#9;&#13;&#10;&#9;public void func38(boolean checkWin) {&#13;&#10;&#9;&#9;//+4 any non cultists&#13;&#10;&#9;&#9;//Bad: You die, new character is a Cultist&#13;&#10;&#9;&#9;if(checkWin) {&#13;&#10;&#9;&#9;&#9;for(int i = 0; i &lt; 5; i++) {&#13;&#10;&#9;&#9;&#9;&#9;myGame.dealNewCard(myGame.treasures, p);&#13;&#10;&#9;&#9;&#9;}&#13;&#10;&#9;&#9;} else {&#13;&#10;&#9;&#9;&#9;//You die&#13;&#10;&#9;&#9;&#9;p.className = &quot;Cultist&quot;;&#13;&#10;&#9;&#9;}&#13;&#10;&#9;}&#13;&#10;&#9;&#13;&#10;&#9;public void func39Init() {&#13;&#10;&#9;&#9;if(p.className.equals(&quot;Investigators&quot;)) {&#13;&#10;&#9;&#9;&#9;p.cLevel -= 3;&#13;&#10;&#9;&#9;}&#13;&#10;&#9;&#9;p.className = &quot;Cultist&quot;;&#13;&#10;&#9;}&#13;&#10;&#9;&#13;&#10;&#9;public void func39(boolean checkWin) {&#13;&#10;&#9;&#9;//+3 against investigators&#13;&#10;&#9;&#9;//You are now a cultist&#13;&#10;&#9;&#9;//Bad: You are still a cultist&#13;&#10;&#9;&#9;if(checkWin) {&#13;&#10;&#9;&#9;&#9;myGame.dealNewCard(myGame.treasures, p);&#13;&#10;&#9;&#9;&#9;myGame.dealNewCard(myGame.treasures, p);&#13;&#10;&#9;&#9;} else {&#13;&#10;&#9;&#9;&#9;//Nothing happens, you are still a cultist&#13;&#10;&#9;&#9;}&#13;&#10;&#9;}&#13;&#10;&#9;&#13;&#10;&#9;public void func42Init() {&#13;&#10;&#9;&#9;p.cLevel += 5;&#13;&#10;&#9;}&#13;&#10;&#9;&#13;&#10;&#9;public void func42(boolean checkWin) {&#13;&#10;&#9;&#9;//-5 to monster&#13;&#10;&#9;&#9;//If win, draw one fewer treasure (minimum 1)&#13;&#10;&#9;&#9;if(checkWin) {&#13;&#10;&#9;&#9;&#9;//Draw one fewer treasure method&#13;&#10;&#9;&#9;&#9;//Perhaps discards last treasure card drawn&#13;&#10;&#9;&#9;}&#13;&#10;&#9;}&#13;&#10;&#9;&#13;&#10;&#9;public void func43Init() {&#13;&#10;&#9;&#9;p.cLevel -= 10;&#13;&#10;&#9;}&#13;&#10;&#9;&#13;&#10;&#9;public void func43(boolean checkWin) {&#13;&#10;&#9;&#9;//+10 to monster&#13;&#10;&#9;&#9;//If defeated, draw two extra treasures&#13;&#10;&#9;&#9;if(checkWin) {&#13;&#10;&#9;&#9;&#9;myGame.dealNewCard(myGame.treasures, p);&#13;&#10;&#9;&#9;&#9;myGame.dealNewCard(myGame.treasures, p);&#13;&#10;&#9;&#9;}&#13;&#10;&#9;}&#13;&#10;&#9;&#13;&#10;&#9;public void func44Init() {&#13;&#10;&#9;&#9;p.className = &quot;Investigator&quot;;&#13;&#10;&#9;}&#13;&#10;&#9;&#13;&#10;&#9;public void func44() {&#13;&#10;&#9;&#9;//Peek: Look at door, can discard three cards and keep door card and turn over next door&#13;&#10;&#9;&#9;//Look for trouble: If win, draw extra treasure&#13;&#10;&#9;}&#13;&#10;&#9;&#13;&#10;&#9;public void func45(boolean checkWin) {&#13;&#10;&#9;&#9;//Footgear does not count until end of fight&#13;&#10;&#9;&#9;//-2 run away&#13;&#10;&#9;&#9;//Bad: Discard card that other player chooses&#13;&#10;&#9;&#9;if(checkWin) {&#13;&#10;&#9;&#9;&#9;myGame.dealNewCard(myGame.treasures, p);&#13;&#10;&#9;&#9;} else {&#13;&#10;&#9;&#9;&#9;//Discard one card chosen by other player&#13;&#10;&#9;&#9;}&#13;&#10;&#9;}&#13;&#10;&#9;&#13;&#10;&#9;public void func46Init() {&#13;&#10;&#9;&#9;if(p.className.equals(&quot;Cultist&quot;)) {&#13;&#10;&#9;&#9;&#9;p.cLevel += 2;&#13;&#10;&#9;&#9;}&#13;&#10;&#9;}&#13;&#10;&#9;public void func46(boolean checkWin) {&#13;&#10;&#9;&#9;//-2 against Cultists&#13;&#10;&#9;&#9;//Bad: Lose two levels&#13;&#10;&#9;&#9;if(checkWin) {&#13;&#10;&#9;&#9;&#9;myGame.dealNewCard(myGame.treasures, p);&#13;&#10;&#9;&#9;&#9;myGame.dealNewCard(myGame.treasures, p);&#13;&#10;&#9;&#9;} else {&#13;&#10;&#9;&#9;&#9;p.pLevel -= 2; //Can levels go negative?&#13;&#10;&#9;&#9;}&#13;&#10;&#9;}&#13;&#10;&#9;&#13;&#10;&#9;public void func47(boolean checkWin) {&#13;&#10;&#9;&#9;//Bad: Anyone who helps loses a level&#13;&#10;&#9;&#9;if(checkWin) {&#13;&#10;&#9;&#9;&#9;myGame.dealNewCard(myGame.treasures, p);&#13;&#10;&#9;&#9;} else {&#13;&#10;&#9;&#9;&#9;//Check to see if other player helped...&#13;&#10;&#9;&#9;}&#13;&#10;&#9;}&#13;&#10;&#9;&#13;&#10;&#9;public void func48Init() {&#13;&#10;&#9;&#9;p.cLevel -= 5;&#13;&#10;&#9;}&#13;&#10;&#9;&#13;&#10;&#9;public void func48(boolean checkWin) {&#13;&#10;&#9;&#9;//+5 to monster&#13;&#10;&#9;&#9;//If win, draw extra treasure&#13;&#10;&#9;&#9;if(checkWin) {&#13;&#10;&#9;&#9;&#9;myGame.dealNewCard(myGame.treasures, p);&#13;&#10;&#9;&#9;}&#13;&#10;&#9;}&#13;&#10;&#9;&#13;&#10;&#9;public void func49() {&#13;&#10;&#9;&#9;//Monster Whacker&#13;&#10;&#9;&#9;p.className = &quot;Monster Whacker&quot;;&#13;&#10;&#9;}&#13;&#10;&#9;&#13;&#10;&#9;public void func51Init() {&#13;&#10;&#9;&#9;if(p.gender == 'M') {&#13;&#10;&#9;&#9;&#9;p.cLevel -= 3;&#13;&#10;&#9;&#9;}&#13;&#10;&#9;}&#13;&#10;&#9;&#13;&#10;&#9;public void func51(boolean checkWin) {&#13;&#10;&#9;&#9;//+3 against males&#13;&#10;&#9;&#9;//Bad: Discard 3 cards&#13;&#10;&#9;&#9;if(checkWin) {&#13;&#10;&#9;&#9;&#9;for(int i = 0; i &lt; 4; i++) {&#13;&#10;&#9;&#9;&#9;&#9;myGame.dealNewCard(myGame.treasures, p);&#13;&#10;&#9;&#9;&#9;}&#13;&#10;&#9;&#9;} else {&#13;&#10;&#9;&#9;&#9;//Discard 3 cards&#13;&#10;&#9;&#9;}&#13;&#10;&#9;}&#13;&#10;&#9;&#13;&#10;&#9;public void func52Init() {&#13;&#10;&#9;&#9;int pNum = myGame.turnPlayer;&#13;&#10;&#9;&#9;if(pNum == 1) {&#13;&#10;&#9;&#9;&#9;if(myGame.p1.pLevel &lt; myGame.p2.pLevel) {&#13;&#10;&#9;&#9;&#9;&#9;p.cLevel -= 4;&#13;&#10;&#9;&#9;&#9;}&#13;&#10;&#9;&#9;} else {&#13;&#10;&#9;&#9;&#9;if(myGame.p2.pLevel &lt; myGame.p1.pLevel) {&#13;&#10;&#9;&#9;&#9;&#9;p.cLevel -= 4;&#13;&#10;&#9;&#9;&#9;}&#13;&#10;&#9;&#9;}&#13;&#10;&#9;}&#13;&#10;&#9;&#13;&#10;&#9;public void func52(boolean checkWin) {&#13;&#10;&#9;&#9;//If you are the lowest level, +4 against you&#13;&#10;&#9;&#9;//Bad: Other player takes one of your cards in play&#13;&#10;&#9;&#9;if(checkWin) {&#13;&#10;&#9;&#9;&#9;myGame.dealNewCard(myGame.treasures, p);&#13;&#10;&#9;&#9;&#9;myGame.dealNewCard(myGame.treasures, p);&#13;&#10;&#9;&#9;} else {&#13;&#10;&#9;&#9;&#9;//Other player takes one of your cards in play&#13;&#10;&#9;&#9;}&#13;&#10;&#9;}&#13;&#10;&#9;&#13;&#10;&#9;public void func54(boolean checkWin) {&#13;&#10;&#9;&#9;//Does not pursue of Level 4 or below (No roll dice)&#13;&#10;&#9;&#9;//Defeated by Song of Madness, but you become a Cultist&#13;&#10;&#9;&#9;//Bad: You die&#13;&#10;&#9;&#9;if(checkWin) {&#13;&#10;&#9;&#9;&#9;for(int i = 0; i &lt; 5; i++) {&#13;&#10;&#9;&#9;&#9;&#9;myGame.dealNewCard(myGame.treasures, p);&#13;&#10;&#9;&#9;&#9;}&#13;&#10;&#9;&#9;&#9;p.pLevel += 2;&#13;&#10;&#9;&#9;} else {&#13;&#10;&#9;&#9;&#9;//You die&#13;&#10;&#9;&#9;}&#13;&#10;&#9;}&#13;&#10;&#9;&#13;&#10;&#9;public void func55Init() {&#13;&#10;&#9;&#9;if(p.className.equals(&quot;Professor&quot;)) {&#13;&#10;&#9;&#9;&#9;p.cLevel -= 3;&#13;&#10;&#9;&#9;}&#13;&#10;&#9;}&#13;&#10; &#9;&#13;&#10;&#9;public void func55(boolean checkWin) {&#13;&#10;&#9;&#9;//+3 against Professors&#13;&#10;&#9;&#9;//Bad: Lose a level&#13;&#10;&#9;&#9;if(checkWin) {&#13;&#10;&#9;&#9;&#9;myGame.dealNewCard(myGame.treasures, p);&#13;&#10;&#9;&#9;} else {&#13;&#10;&#9;&#9;&#9;p.pLevel -= 1;&#13;&#10;&#9;&#9;}&#13;&#10;&#9;}&#13;&#10;&#9;&#13;&#10;&#9;public void func57() {&#13;&#10;&#9;&#9;//Professor&#13;&#10;&#9;&#9;p.className = &quot;Professor&quot;;&#13;&#10;&#9;}&#13;&#10;&#9;&#13;&#10;&#9;public void func58(boolean checkWin) {&#13;&#10;&#9;&#9;//same as func3()&#13;&#10;&#9;}&#13;&#10;&#9;&#13;&#10;&#9;public void func59(boolean checkWin) {&#13;&#10;&#9;&#9;//Bad: Become a cultist&#13;&#10;&#9;&#9;if(checkWin) {&#13;&#10;&#9;&#9;&#9;myGame.dealNewCard(myGame.treasures, p);&#13;&#10;&#9;&#9;} else {&#13;&#10;&#9;&#9;&#9;p.className = &quot;Cultist&quot;;&#13;&#10;&#9;&#9;}&#13;&#10;&#9;}&#13;&#10;&#9;&#13;&#10;&#9;public void func60Init() {&#13;&#10;&#9;&#9;p.cLevel -= 5;&#13;&#10;&#9;}&#13;&#10;&#9;&#13;&#10;&#9;public void func60(boolean checkWin) {&#13;&#10;&#9;&#9;//+5 to monster&#13;&#10;&#9;&#9;//if win, draw extra treasure&#13;&#10;&#9;&#9;if(checkWin) {&#13;&#10;&#9;&#9;&#9;myGame.dealNewCard(myGame.treasures, p);&#13;&#10;&#9;&#9;}&#13;&#10;&#9;}&#13;&#10;&#9;&#13;&#10;&#9;public void func61Init() {&#13;&#10;&#9;&#9;if(p.className.equals(&quot;Professor&quot;)) {&#13;&#10;&#9;&#9;&#9;p.cLevel -= 2;&#13;&#10;&#9;&#9;}&#13;&#10;&#9;}&#13;&#10;&#9;&#13;&#10;&#9;public void func61(boolean checkWin) {&#13;&#10;&#9;&#9;//+2 against professors&#13;&#10;&#9;&#9;//Bad: You are dead&#13;&#10;&#9;&#9;if(checkWin) {&#13;&#10;&#9;&#9;&#9;myGame.dealNewCard(myGame.treasures, p);&#13;&#10;&#9;&#9;&#9;myGame.dealNewCard(myGame.treasures, p);&#13;&#10;&#9;&#9;} else {&#13;&#10;&#9;&#9;&#9;//You die&#13;&#10;&#9;&#9;}&#13;&#10;&#9;}&#13;&#10;&#9;&#13;&#10;&#9;public void func62Init() {&#13;&#10;&#9;&#9;if(p.className.equals(&quot;Cultist&quot;)) {&#13;&#10;&#9;&#9;&#9;p.cLevel -= 3;&#13;&#10;&#9;&#9;}&#13;&#10;&#9;}&#13;&#10;&#9;&#13;&#10;&#9;public void func62(boolean checkWin) {&#13;&#10;&#9;&#9;//+3 against Cultists&#13;&#10;&#9;&#9;//Bad: Lose a level&#13;&#10;&#9;&#9;if(checkWin) {&#13;&#10;&#9;&#9;&#9;myGame.dealNewCard(myGame.treasures, p);&#13;&#10;&#9;&#9;} else {&#13;&#10;&#9;&#9;&#9;p.pLevel -= 1;&#13;&#10;&#9;&#9;}&#13;&#10;&#9;}&#13;&#10;&#9;&#13;&#10;&#9;public void func63Init() {&#13;&#10;&#9;&#9;if(p.className.equals(&quot;Investigator&quot;)) {&#13;&#10;&#9;&#9;&#9;p.cLevel += 2;&#13;&#10;&#9;&#9;}&#13;&#10;&#9;}&#13;&#10;&#9;&#13;&#10;&#9;public void func63(boolean checkWin) {&#13;&#10;&#9;&#9;//-2 against investigators&#13;&#10;&#9;&#9;//Will not pursue anyone of Level 2 or below&#13;&#10;&#9;&#9;//Bad: Become a cultist&#13;&#10;&#9;&#9;if(checkWin) {&#13;&#10;&#9;&#9;&#9;for(int i = 0; i &lt; 4; i++) {&#13;&#10;&#9;&#9;&#9;&#9;myGame.dealNewCard(myGame.treasures, p);&#13;&#10;&#9;&#9;&#9;}&#13;&#10;&#9;&#9;&#9;p.pLevel += 2;&#13;&#10;&#9;&#9;} else {&#13;&#10;&#9;&#9;&#9;p.className = &quot;Cultist&quot;;&#13;&#10;&#9;&#9;}&#13;&#10;&#9;}&#13;&#10;&#9;&#13;&#10;&#9;public void func64(boolean checkWin) {&#13;&#10;&#9;&#9;//Will not pursue anyone of Level 3 or below&#13;&#10;&#9;&#9;//Bad: Lose three levels and your footgear&#13;&#10;&#9;&#9;if(checkWin) {&#13;&#10;&#9;&#9;&#9;for(int i = 0; i &lt; 4; i++) {&#13;&#10;&#9;&#9;&#9;&#9;myGame.dealNewCard(myGame.treasures, p);&#13;&#10;&#9;&#9;&#9;}&#13;&#10;&#9;&#9;&#9;p.pLevel += 2;&#13;&#10;&#9;&#9;} else {&#13;&#10;&#9;&#9;&#9;//Lose footgear&#13;&#10;&#9;&#9;&#9;p.pLevel -= 3;&#13;&#10;&#9;&#9;}&#13;&#10;&#9;}&#13;&#10;&#9;&#13;&#10;&#9;public void func65Init() {&#13;&#10;&#9;&#9;if(p.className.equals(&quot;Monster Whacker&quot;)) {&#13;&#10;&#9;&#9;&#9;p.cLevel += 3;&#13;&#10;&#9;&#9;}&#13;&#10;&#9;}&#13;&#10;&#9;&#13;&#10;&#9;public void func65(boolean checkWin) {&#13;&#10;&#9;&#9;//-3 against Monster Whackers&#13;&#10;&#9;&#9;//Bad: If you are the lowest level, lose a level, otherwise, p2 goes up a level&#13;&#10;&#9;&#9;if(checkWin) {&#13;&#10;&#9;&#9;&#9;for(int i = 0; i &lt; 4; i++) {&#13;&#10;&#9;&#9;&#9;&#9;myGame.dealNewCard(myGame.treasures, p);&#13;&#10;&#9;&#9;&#9;}&#13;&#10;&#9;&#9;} else {&#13;&#10;&#9;&#9;&#9;//If you are the lowest level, lose a level, otherwise, p2 goes up a level&#13;&#10;&#9;&#9;}&#13;&#10;&#9;}&#13;&#10;&#9;&#13;&#10;&#9;public void func66Init() {&#13;&#10;&#9;&#9;p.cLevel -= 5;&#13;&#10;&#9;}&#13;&#10;&#9;&#13;&#10;&#9;public void func66(boolean checkWin) {&#13;&#10;&#9;&#9;//+5 to monster&#13;&#10;&#9;&#9;//If win, draw extra treasure&#13;&#10;&#9;&#9;if(checkWin) {&#13;&#10;&#9;&#9;&#9;myGame.dealNewCard(myGame.treasures, p);&#13;&#10;&#9;&#9;}&#13;&#10;&#9;}&#13;&#10;&#9;&#13;&#10;&#9;public void func70(boolean checkWin) {&#13;&#10;&#9;&#9;//Bad: Discard all door cards in your hand&#13;&#10;&#9;&#9;//If win, draw extra door card face down&#13;&#10;&#9;&#9;if(checkWin) {&#13;&#10;&#9;&#9;&#9;myGame.dealNewCard(myGame.treasures, p);&#13;&#10;&#9;&#9;&#9;myGame.dealNewCard(myGame.treasures, p);&#13;&#10;&#9;&#9;&#9;//Deal out a new door card&#13;&#10;&#9;&#9;} else {&#13;&#10;&#9;&#9;&#9;//Discard all door cards in your hand&#13;&#10;&#9;&#9;}&#13;&#10;&#9;}&#13;&#10;&#9;&#13;&#10;&#9;public void func71Init() {&#13;&#10;&#9;&#9;if(p.gender == 'F') {&#13;&#10;&#9;&#9;&#9;p.cLevel -= 2;&#13;&#10;&#9;&#9;}&#13;&#10;&#9;}&#13;&#10;&#9;&#13;&#10;&#9;public void func71(boolean checkWin) {&#13;&#10;&#9;&#9;//+2 against females&#13;&#10;&#9;&#9;//Bad: Discard all helpful class card&#13;&#10;&#9;&#9;if(checkWin) {&#13;&#10;&#9;&#9;&#9;for(int i = 0; i &lt; 3; i++) {&#13;&#10;&#9;&#9;&#9;&#9;myGame.dealNewCard(myGame.treasures, p);&#13;&#10;&#9;&#9;&#9;}&#13;&#10;&#9;&#9;} else {&#13;&#10;&#9;&#9;&#9;//Discard all helpful class cards&#13;&#10;&#9;&#9;}&#13;&#10;&#9;}&#13;&#10;&#9;&#13;&#10;&#9;public void func72Init() {&#13;&#10;&#9;&#9;if(p.className.equals(&quot;Monster Whacker&quot;)) {&#13;&#10;&#9;&#9;&#9;p.cLevel -= 6;&#13;&#10;&#9;&#9;}&#13;&#10;&#9;}&#13;&#10;&#9;&#13;&#10;&#9;public void func72(boolean checkWin) {&#13;&#10;&#9;&#9;//+6 against Monster Whackers&#13;&#10;&#9;&#9;//Bad: Lose your headgear and footgear&#13;&#10;&#9;&#9;if(checkWin) {&#13;&#10;&#9;&#9;&#9;myGame.dealNewCard(myGame.treasures, p);&#13;&#10;&#9;&#9;&#9;myGame.dealNewCard(myGame.treasures, p);&#13;&#10;&#9;&#9;} else {&#13;&#10;&#9;&#9;&#9;//Discard your headgear and footgear&#13;&#10;&#9;&#9;}&#13;&#10;&#9;}&#13;&#10;&#9;&#13;&#10;&#9;&#9;&#13;&#10;&#9;public void playClass(){&#13;&#10;&#9;&#9;&#13;&#10;&#9;}&#13;&#10;&#9;&#13;&#10;&#9;public void end(){&#13;&#10;&#9;&#9;if(myGame.turnPlayer==1){&#13;&#10;&#9;&#9;&#9;myGame.p1=p;&#13;&#10;&#9;&#9;}&#13;&#10;&#9;&#9;else{&#13;&#10;&#9;&#9;&#9;myGame.p2=p;&#13;&#10;&#9;&#9;}&#13;&#10;&#9;}&#13;&#10;&#9;&#13;&#10;&#9;&#13;&#10;}&#13;&#10;" Filename="CardFunc.java" Intrnl_Id="4"/>
<SrcFile Content="import java.util.HashMap;&#13;&#10;&#13;&#10;public class Card {&#13;&#10;&#9;public String NotUsableBy = &quot;&quot;;&#13;&#10;&#9;public int num;&#13;&#10;&#9;public String name;&#13;&#10;&#9;public int addNum;&#13;&#10;&#9;public int monsterLevel=0; //is 0 if not a monster&#13;&#10;&#9;public String badStuff=&quot;&quot;; //gold or treas or level&#13;&#10;&#9;public int badGold;&#13;&#10;&#9;public int badTreas;&#13;&#10;&#9;public int badLevel;&#13;&#10;&#9;public int numTreas;&#13;&#10;&#9;public int monsterLevelBonus = 0; //always execute&#13;&#10;&#9;public int monsterLevelCondBonus; //only execute if certain condition is met&#13;&#10;&#9;public String condForBonus;&#13;&#10;&#9;public boolean inPlay;&#13;&#10;&#9;public int numGold;&#13;&#10;&#9;public int numHands;&#13;&#10;&#9;public boolean footGear;&#13;&#10;&#9;public boolean headGear;&#13;&#10;&#9;public int pLevelBonus=0;&#13;&#10;&#9;public boolean goUpALevel;&#13;&#10;&#9;public boolean forMe;&#13;&#10;&#9;public int numUse;&#13;&#10;&#9;public int bonusTreasure=0;&#13;&#10;&#9;boolean readyToPlay=false; //means card is implemented enough to be in demo.&#13;&#10;&#9;&#13;&#10;&#9;&#13;&#10;&#9;&#13;&#10;&#9;public Card(int num, String name) {&#13;&#10;&#9;&#9;this.num = num;&#13;&#10;&#9;&#9;this.name = name;&#13;&#10;&#9;&#9;&#13;&#10;&#9;&#9;&#13;&#10;&#9;&#9;&#9;&#13;&#10;&#9;}&#13;&#10;&#9;&#13;&#10;&#9;public String getName(){&#13;&#10;&#9;&#9;return this.name;&#13;&#10;&#9;}&#13;&#10;&#9;&#13;&#10;&#9;public int getNumber(){&#13;&#10;&#9;&#9;return this.num;&#13;&#10;&#9;}&#13;&#10;&#13;&#10;}&#13;&#10;" Filename="Card.java" Intrnl_Id="5"/>
</SrcFileList>
<CritList>
<CritListEntry Name="org.codecover.model.utils.criteria.LoopCoverage" PluginName="org.codecover"/>
<CritListEntry Name="org.codecover.model.utils.criteria.QMOCoverage" PluginName="org.codecover"/>
<CritListEntry Name="org.codecover.model.utils.criteria.ConditionCoverage" PluginName="org.codecover"/>
<CritListEntry Name="org.codecover.model.utils.criteria.BranchCoverage" PluginName="org.codecover"/>
<CritListEntry Name="org.codecover.model.utils.criteria.SynchronizedStatementCoverage" PluginName="org.codecover"/>
<CritListEntry Name="org.codecover.model.utils.criteria.StatementCoverage" PluginName="org.codecover"/>
</CritList>
<BoolOpList>
<BoolOp Arity="1" Intrnl_Id="6" Name="not (!)">
<BoolAssgnmntBoolMapList>
<MapEntry BoolAssgnmnt="1" Value="false"/>
<MapEntry BoolAssgnmnt="0" Value="true"/>
</BoolAssgnmntBoolMapList>
</BoolOp>
</BoolOpList>
<HierarchyLvlTypeList>
<HierarchyLvlType EnglishName="method" IntrnlName="method" Intrnl_Id="7"/>
<HierarchyLvlType EnglishName="class" IntrnlName="class" Intrnl_Id="8"/>
<HierarchyLvlType EnglishName="default package" IntrnlName="default package" Intrnl_Id="9"/>
</HierarchyLvlTypeList>
<MASTRoot>
<HierarchyLvl HierarchyLvlId="3423" HierarchyLvlTypeId="9" Intrnl_Id="10" Name="default package">
<Header/>
<LocList/>
<HierarchyLvl HierarchyLvlId="3316" HierarchyLvlTypeId="8" Intrnl_Id="11" Name="Player">
<Header>
<Loc EndOffset="52" SrcFileId="1" StartOffset="33"/>
</Header>
<LocList>
<Loc EndOffset="1810" SrcFileId="1" StartOffset="33"/>
</LocList>
<StmntSeq Intrnl_Id="12">
<LocList>
<Loc EndOffset="142" SrcFileId="1" StartOffset="83"/>
<Loc EndOffset="235" SrcFileId="1" StartOffset="176"/>
<Loc EndOffset="290" SrcFileId="1" StartOffset="265"/>
<Loc EndOffset="313" SrcFileId="1" StartOffset="293"/>
<Loc EndOffset="366" SrcFileId="1" StartOffset="341"/>
<Loc EndOffset="476" SrcFileId="1" StartOffset="419"/>
</LocList>
<BasicStmnt CovItemId="S1" CovItemPrefix="Player.java" Intrnl_Id="13">
<LocList>
<Loc EndOffset="142" SrcFileId="1" StartOffset="83"/>
</LocList>
</BasicStmnt>
<BasicStmnt CovItemId="S2" CovItemPrefix="Player.java" Intrnl_Id="14">
<LocList>
<Loc EndOffset="235" SrcFileId="1" StartOffset="176"/>
</LocList>
</BasicStmnt>
<BasicStmnt CovItemId="S3" CovItemPrefix="Player.java" Intrnl_Id="15">
<LocList>
<Loc EndOffset="290" SrcFileId="1" StartOffset="265"/>
</LocList>
</BasicStmnt>
<BasicStmnt CovItemId="S4" CovItemPrefix="Player.java" Intrnl_Id="16">
<LocList>
<Loc EndOffset="313" SrcFileId="1" StartOffset="293"/>
</LocList>
</BasicStmnt>
<BasicStmnt CovItemId="S5" CovItemPrefix="Player.java" Intrnl_Id="17">
<LocList>
<Loc EndOffset="366" SrcFileId="1" StartOffset="341"/>
</LocList>
</BasicStmnt>
<BasicStmnt CovItemId="S6" CovItemPrefix="Player.java" Intrnl_Id="18">
<LocList>
<Loc EndOffset="476" SrcFileId="1" StartOffset="419"/>
</LocList>
</BasicStmnt>
</StmntSeq>
<HierarchyLvl HierarchyLvlId="3310" HierarchyLvlTypeId="7" Intrnl_Id="19" Name="Player">
<Header>
<Loc EndOffset="508" SrcFileId="1" StartOffset="482"/>
</Header>
<LocList>
<Loc EndOffset="542" SrcFileId="1" StartOffset="482"/>
</LocList>
<StmntSeq Intrnl_Id="20">
<LocList>
<Loc EndOffset="534" SrcFileId="1" StartOffset="513"/>
</LocList>
<BasicStmnt CovItemId="S7" CovItemPrefix="Player.java" Intrnl_Id="21">
<LocList>
<Loc EndOffset="534" SrcFileId="1" StartOffset="513"/>
</LocList>
</BasicStmnt>
</StmntSeq>
</HierarchyLvl>
<HierarchyLvl HierarchyLvlId="3311" HierarchyLvlTypeId="7" Intrnl_Id="22" Name="cLevelCalculation">
<Header>
<Loc EndOffset="579" SrcFileId="1" StartOffset="548"/>
</Header>
<LocList>
<Loc EndOffset="763" SrcFileId="1" StartOffset="548"/>
</LocList>
<StmntSeq Intrnl_Id="23">
<LocList>
<Loc EndOffset="622" SrcFileId="1" StartOffset="598"/>
<Loc EndOffset="759" SrcFileId="1" StartOffset="626"/>
</LocList>
<BasicStmnt CovItemId="S8" CovItemPrefix="Player.java" Intrnl_Id="24">
<LocList>
<Loc EndOffset="622" SrcFileId="1" StartOffset="598"/>
</LocList>
</BasicStmnt>
<LoopStmnt CovItemId="S9" CovItemPrefix="Player.java" Intrnl_Id="25" MltplExecId="L1-2" MltplExecPrefix="Player.java" NvrExecId="L1-0" NvrExecPrefix="Player.java" OnceExecutedId="L1-1" OnceExecutedPrefix="Player.java" OptBodyExec="true">
<StmntSeq Intrnl_Id="26">
<LocList>
<Loc EndOffset="718" SrcFileId="1" StartOffset="669"/>
<Loc EndOffset="754" SrcFileId="1" StartOffset="724"/>
</LocList>
<BasicStmnt CovItemId="S10" CovItemPrefix="Player.java" Intrnl_Id="27">
<LocList>
<Loc EndOffset="718" SrcFileId="1" StartOffset="669"/>
</LocList>
</BasicStmnt>
<BasicStmnt CovItemId="S11" CovItemPrefix="Player.java" Intrnl_Id="28">
<LocList>
<Loc EndOffset="754" SrcFileId="1" StartOffset="724"/>
</LocList>
</BasicStmnt>
</StmntSeq>
<Keyword EndOffset="629" SrcFileId="1" StartOffset="626"/>
<LocList>
<Loc EndOffset="759" SrcFileId="1" StartOffset="626"/>
</LocList>
<RootTerm CovItemId="C1" CovItemPrefix="Player.java" Intrnl_Id="29">
<BasicBoolTerm Intrnl_Id="30">
<LocList>
<Loc EndOffset="658" SrcFileId="1" StartOffset="639"/>
</LocList>
</BasicBoolTerm>
</RootTerm>
</LoopStmnt>
</StmntSeq>
</HierarchyLvl>
<HierarchyLvl HierarchyLvlId="3312" HierarchyLvlTypeId="7" Intrnl_Id="31" Name="mLevelBonusCalculation">
<Header>
<Loc EndOffset="804" SrcFileId="1" StartOffset="769"/>
</Header>
<LocList>
<Loc EndOffset="1025" SrcFileId="1" StartOffset="769"/>
</LocList>
<StmntSeq Intrnl_Id="32">
<LocList>
<Loc EndOffset="827" SrcFileId="1" StartOffset="809"/>
<Loc EndOffset="876" SrcFileId="1" StartOffset="831"/>
<Loc EndOffset="998" SrcFileId="1" StartOffset="880"/>
<Loc EndOffset="1021" SrcFileId="1" StartOffset="1002"/>
</LocList>
<BasicStmnt CovItemId="S12" CovItemPrefix="Player.java" Intrnl_Id="33">
<LocList>
<Loc EndOffset="827" SrcFileId="1" StartOffset="809"/>
</LocList>
</BasicStmnt>
<BasicStmnt CovItemId="S13" CovItemPrefix="Player.java" Intrnl_Id="34">
<LocList>
<Loc EndOffset="876" SrcFileId="1" StartOffset="831"/>
</LocList>
</BasicStmnt>
<LoopStmnt CovItemId="S14" CovItemPrefix="Player.java" Intrnl_Id="35" MltplExecId="L2-2" MltplExecPrefix="Player.java" NvrExecId="L2-0" NvrExecPrefix="Player.java" OnceExecutedId="L2-1" OnceExecutedPrefix="Player.java" OptBodyExec="true">
<StmntSeq Intrnl_Id="36">
<LocList>
<Loc EndOffset="993" SrcFileId="1" StartOffset="925"/>
</LocList>
<BasicStmnt CovItemId="S15" CovItemPrefix="Player.java" Intrnl_Id="37">
<LocList>
<Loc EndOffset="993" SrcFileId="1" StartOffset="925"/>
</LocList>
</BasicStmnt>
</StmntSeq>
<Keyword EndOffset="883" SrcFileId="1" StartOffset="880"/>
<LocList>
<Loc EndOffset="998" SrcFileId="1" StartOffset="880"/>
</LocList>
<RootTerm CovItemId="C2" CovItemPrefix="Player.java" Intrnl_Id="38">
<BasicBoolTerm Intrnl_Id="39">
<LocList>
<Loc EndOffset="914" SrcFileId="1" StartOffset="895"/>
</LocList>
</BasicBoolTerm>
</RootTerm>
</LoopStmnt>
<BasicStmnt CovItemId="S16" CovItemPrefix="Player.java" Intrnl_Id="40">
<LocList>
<Loc EndOffset="1021" SrcFileId="1" StartOffset="1002"/>
</LocList>
</BasicStmnt>
</StmntSeq>
</HierarchyLvl>
<HierarchyLvl HierarchyLvlId="3313" HierarchyLvlTypeId="7" Intrnl_Id="41" Name="didIwin">
<Header>
<Loc EndOffset="1064" SrcFileId="1" StartOffset="1031"/>
</Header>
<LocList>
<Loc EndOffset="1243" SrcFileId="1" StartOffset="1031"/>
</LocList>
<StmntSeq Intrnl_Id="42">
<LocList>
<Loc EndOffset="1101" SrcFileId="1" StartOffset="1069"/>
<Loc EndOffset="1239" SrcFileId="1" StartOffset="1105"/>
</LocList>
<BasicStmnt CovItemId="S17" CovItemPrefix="Player.java" Intrnl_Id="43">
<LocList>
<Loc EndOffset="1101" SrcFileId="1" StartOffset="1069"/>
</LocList>
</BasicStmnt>
<CondStmnt CovItemId="S18" CovItemPrefix="Player.java" Intrnl_Id="44">
<Branch CovItemId="B1" CovItemPrefix="Player.java" Implct="false" Intrnl_Id="45">
<Cond/>
<LocList>
<Loc EndOffset="1176" SrcFileId="1" StartOffset="1121"/>
</LocList>
<StmntSeq Intrnl_Id="46">
<LocList>
<Loc EndOffset="1171" SrcFileId="1" StartOffset="1127"/>
</LocList>
<BasicStmnt CovItemId="S19" CovItemPrefix="Player.java" Intrnl_Id="47">
<LocList>
<Loc EndOffset="1171" SrcFileId="1" StartOffset="1127"/>
</LocList>
</BasicStmnt>
</StmntSeq>
</Branch>
<Branch CovItemId="B2" CovItemPrefix="Player.java" Implct="false" Intrnl_Id="48">
<Cond>
<Loc EndOffset="1184" SrcFileId="1" StartOffset="1180"/>
</Cond>
<LocList>
<Loc EndOffset="1239" SrcFileId="1" StartOffset="1184"/>
</LocList>
<StmntSeq Intrnl_Id="49">
<LocList>
<Loc EndOffset="1234" SrcFileId="1" StartOffset="1190"/>
</LocList>
<BasicStmnt CovItemId="S20" CovItemPrefix="Player.java" Intrnl_Id="50">
<LocList>
<Loc EndOffset="1234" SrcFileId="1" StartOffset="1190"/>
</LocList>
</BasicStmnt>
</StmntSeq>
</Branch>
<Keyword EndOffset="1107" SrcFileId="1" StartOffset="1105"/>
<LocList>
<Loc EndOffset="1239" SrcFileId="1" StartOffset="1105"/>
</LocList>
<RootTerm CovItemId="C3" CovItemPrefix="Player.java" Intrnl_Id="51">
<BasicBoolTerm Intrnl_Id="52">
<LocList>
<Loc EndOffset="1120" SrcFileId="1" StartOffset="1108"/>
</LocList>
</BasicBoolTerm>
</RootTerm>
</CondStmnt>
</StmntSeq>
</HierarchyLvl>
<HierarchyLvl HierarchyLvlId="3314" HierarchyLvlTypeId="7" Intrnl_Id="53" Name="didIwinHelper">
<Header>
<Loc EndOffset="1313" SrcFileId="1" StartOffset="1249"/>
</Header>
<LocList>
<Loc EndOffset="1704" SrcFileId="1" StartOffset="1249"/>
</LocList>
<StmntSeq Intrnl_Id="54">
<LocList>
<Loc EndOffset="1405" SrcFileId="1" StartOffset="1318"/>
<Loc EndOffset="1500" SrcFileId="1" StartOffset="1409"/>
<Loc EndOffset="1565" SrcFileId="1" StartOffset="1504"/>
<Loc EndOffset="1592" SrcFileId="1" StartOffset="1569"/>
<Loc EndOffset="1668" SrcFileId="1" StartOffset="1619"/>
<Loc EndOffset="1700" SrcFileId="1" StartOffset="1672"/>
</LocList>
<BasicStmnt CovItemId="S21" CovItemPrefix="Player.java" Intrnl_Id="55">
<LocList>
<Loc EndOffset="1405" SrcFileId="1" StartOffset="1318"/>
</LocList>
</BasicStmnt>
<BasicStmnt CovItemId="S22" CovItemPrefix="Player.java" Intrnl_Id="56">
<LocList>
<Loc EndOffset="1500" SrcFileId="1" StartOffset="1409"/>
</LocList>
</BasicStmnt>
<BasicStmnt CovItemId="S23" CovItemPrefix="Player.java" Intrnl_Id="57">
<LocList>
<Loc EndOffset="1565" SrcFileId="1" StartOffset="1504"/>
</LocList>
</BasicStmnt>
<BasicStmnt CovItemId="S24" CovItemPrefix="Player.java" Intrnl_Id="58">
<LocList>
<Loc EndOffset="1592" SrcFileId="1" StartOffset="1569"/>
</LocList>
</BasicStmnt>
<BasicStmnt CovItemId="S25" CovItemPrefix="Player.java" Intrnl_Id="59">
<LocList>
<Loc EndOffset="1668" SrcFileId="1" StartOffset="1619"/>
</LocList>
</BasicStmnt>
<BasicStmnt CovItemId="S26" CovItemPrefix="Player.java" Intrnl_Id="60">
<LocList>
<Loc EndOffset="1700" SrcFileId="1" StartOffset="1672"/>
</LocList>
</BasicStmnt>
</StmntSeq>
</HierarchyLvl>
<HierarchyLvl HierarchyLvlId="3315" HierarchyLvlTypeId="7" Intrnl_Id="61" Name="consequence">
<Header>
<Loc EndOffset="1753" SrcFileId="1" StartOffset="1710"/>
</Header>
<LocList>
<Loc EndOffset="1807" SrcFileId="1" StartOffset="1710"/>
</LocList>
<StmntSeq Intrnl_Id="62">
<LocList>
<Loc EndOffset="1803" SrcFileId="1" StartOffset="1759"/>
</LocList>
<BasicStmnt CovItemId="S27" CovItemPrefix="Player.java" Intrnl_Id="63">
<LocList>
<Loc EndOffset="1803" SrcFileId="1" StartOffset="1759"/>
</LocList>
</BasicStmnt>
</StmntSeq>
</HierarchyLvl>
</HierarchyLvl>
<HierarchyLvl HierarchyLvlId="3324" HierarchyLvlTypeId="8" Intrnl_Id="64" Name="InitializeCards">
<Header>
<Loc EndOffset="134" SrcFileId="2" StartOffset="106"/>
</Header>
<LocList>
<Loc EndOffset="7338" SrcFileId="2" StartOffset="106"/>
</LocList>
<StmntSeq Intrnl_Id="65">
<LocList>
<Loc EndOffset="209" SrcFileId="2" StartOffset="139"/>
<Loc EndOffset="346" SrcFileId="2" StartOffset="287"/>
<Loc EndOffset="411" SrcFileId="2" StartOffset="349"/>
</LocList>
<BasicStmnt CovItemId="S1" CovItemPrefix="InitializeCards.java" Intrnl_Id="66">
<LocList>
<Loc EndOffset="209" SrcFileId="2" StartOffset="139"/>
</LocList>
</BasicStmnt>
<BasicStmnt CovItemId="S2" CovItemPrefix="InitializeCards.java" Intrnl_Id="67">
<LocList>
<Loc EndOffset="346" SrcFileId="2" StartOffset="287"/>
</LocList>
</BasicStmnt>
<BasicStmnt CovItemId="S3" CovItemPrefix="InitializeCards.java" Intrnl_Id="68">
<LocList>
<Loc EndOffset="411" SrcFileId="2" StartOffset="349"/>
</LocList>
</BasicStmnt>
</StmntSeq>
<HierarchyLvl HierarchyLvlId="3317" HierarchyLvlTypeId="7" Intrnl_Id="69" Name="InitializeCards">
<Header>
<Loc EndOffset="512" SrcFileId="2" StartOffset="462"/>
</Header>
<LocList>
<Loc EndOffset="1052" SrcFileId="2" StartOffset="462"/>
</LocList>
</HierarchyLvl>
<HierarchyLvl HierarchyLvlId="3318" HierarchyLvlTypeId="7" Intrnl_Id="70" Name="InitializeCards">
<Header>
<Loc EndOffset="1081" SrcFileId="2" StartOffset="1057"/>
</Header>
<LocList>
<Loc EndOffset="1515" SrcFileId="2" StartOffset="1057"/>
</LocList>
<StmntSeq Intrnl_Id="71">
<LocList>
<Loc EndOffset="1101" SrcFileId="2" StartOffset="1087"/>
<Loc EndOffset="1119" SrcFileId="2" StartOffset="1105"/>
<Loc EndOffset="1262" SrcFileId="2" StartOffset="1125"/>
<Loc EndOffset="1475" SrcFileId="2" StartOffset="1268"/>
<Loc EndOffset="1509" SrcFileId="2" StartOffset="1479"/>
</LocList>
<BasicStmnt CovItemId="S4" CovItemPrefix="InitializeCards.java" Intrnl_Id="72">
<LocList>
<Loc EndOffset="1101" SrcFileId="2" StartOffset="1087"/>
</LocList>
</BasicStmnt>
<BasicStmnt CovItemId="S5" CovItemPrefix="InitializeCards.java" Intrnl_Id="73">
<LocList>
<Loc EndOffset="1119" SrcFileId="2" StartOffset="1105"/>
</LocList>
</BasicStmnt>
<LoopStmnt CovItemId="S6" CovItemPrefix="InitializeCards.java" Intrnl_Id="74" MltplExecId="L1-2" MltplExecPrefix="InitializeCards.java" NvrExecId="L1-0" NvrExecPrefix="InitializeCards.java" OnceExecutedId="L1-1" OnceExecutedPrefix="InitializeCards.java" OptBodyExec="true">
<StmntSeq Intrnl_Id="75">
<LocList>
<Loc EndOffset="1201" SrcFileId="2" StartOffset="1166"/>
<Loc EndOffset="1235" SrcFileId="2" StartOffset="1206"/>
<Loc EndOffset="1257" SrcFileId="2" StartOffset="1240"/>
</LocList>
<BasicStmnt CovItemId="S7" CovItemPrefix="InitializeCards.java" Intrnl_Id="76">
<LocList>
<Loc EndOffset="1201" SrcFileId="2" StartOffset="1166"/>
</LocList>
</BasicStmnt>
<BasicStmnt CovItemId="S8" CovItemPrefix="InitializeCards.java" Intrnl_Id="77">
<LocList>
<Loc EndOffset="1235" SrcFileId="2" StartOffset="1206"/>
</LocList>
</BasicStmnt>
<BasicStmnt CovItemId="S9" CovItemPrefix="InitializeCards.java" Intrnl_Id="78">
<LocList>
<Loc EndOffset="1257" SrcFileId="2" StartOffset="1240"/>
</LocList>
</BasicStmnt>
</StmntSeq>
<Keyword EndOffset="1128" SrcFileId="2" StartOffset="1125"/>
<LocList>
<Loc EndOffset="1262" SrcFileId="2" StartOffset="1125"/>
</LocList>
<RootTerm CovItemId="C1" CovItemPrefix="InitializeCards.java" Intrnl_Id="79">
<BasicBoolTerm Intrnl_Id="80">
<LocList>
<Loc EndOffset="1153" SrcFileId="2" StartOffset="1141"/>
</LocList>
</BasicBoolTerm>
</RootTerm>
</LoopStmnt>
<LoopStmnt CovItemId="S10" CovItemPrefix="InitializeCards.java" Intrnl_Id="81" MltplExecId="L2-2" MltplExecPrefix="InitializeCards.java" NvrExecId="L2-0" NvrExecPrefix="InitializeCards.java" OnceExecutedId="L2-1" OnceExecutedPrefix="InitializeCards.java" OptBodyExec="true">
<StmntSeq Intrnl_Id="82">
<LocList>
<Loc EndOffset="1470" SrcFileId="2" StartOffset="1333"/>
</LocList>
<CondStmnt CovItemId="S11" CovItemPrefix="InitializeCards.java" Intrnl_Id="83">
<Branch CovItemId="B1" CovItemPrefix="InitializeCards.java" Implct="false" Intrnl_Id="84">
<Cond/>
<LocList>
<Loc EndOffset="1455" SrcFileId="2" StartOffset="1346"/>
</LocList>
<StmntSeq Intrnl_Id="85">
<LocList>
<Loc EndOffset="1388" SrcFileId="2" StartOffset="1353"/>
<Loc EndOffset="1423" SrcFileId="2" StartOffset="1394"/>
<Loc EndOffset="1449" SrcFileId="2" StartOffset="1429"/>
</LocList>
<BasicStmnt CovItemId="S12" CovItemPrefix="InitializeCards.java" Intrnl_Id="86">
<LocList>
<Loc EndOffset="1388" SrcFileId="2" StartOffset="1353"/>
</LocList>
</BasicStmnt>
<BasicStmnt CovItemId="S13" CovItemPrefix="InitializeCards.java" Intrnl_Id="87">
<LocList>
<Loc EndOffset="1423" SrcFileId="2" StartOffset="1394"/>
</LocList>
</BasicStmnt>
<BasicStmnt CovItemId="S14" CovItemPrefix="InitializeCards.java" Intrnl_Id="88">
<LocList>
<Loc EndOffset="1449" SrcFileId="2" StartOffset="1429"/>
</LocList>
</BasicStmnt>
</StmntSeq>
</Branch>
<Branch CovItemId="B2" CovItemPrefix="InitializeCards.java" Implct="false" Intrnl_Id="89">
<Cond>
<Loc EndOffset="1460" SrcFileId="2" StartOffset="1456"/>
</Cond>
<LocList>
<Loc EndOffset="1470" SrcFileId="2" StartOffset="1461"/>
</LocList>
<StmntSeq Intrnl_Id="90">
<LocList/>
</StmntSeq>
</Branch>
<Keyword EndOffset="1335" SrcFileId="2" StartOffset="1333"/>
<LocList>
<Loc EndOffset="1470" SrcFileId="2" StartOffset="1333"/>
</LocList>
<RootTerm CovItemId="C3" CovItemPrefix="InitializeCards.java" Intrnl_Id="91">
<BasicBoolTerm Intrnl_Id="92">
<LocList>
<Loc EndOffset="1344" SrcFileId="2" StartOffset="1337"/>
</LocList>
</BasicBoolTerm>
</RootTerm>
</CondStmnt>
</StmntSeq>
<Keyword EndOffset="1271" SrcFileId="2" StartOffset="1268"/>
<LocList>
<Loc EndOffset="1475" SrcFileId="2" StartOffset="1268"/>
</LocList>
<RootTerm CovItemId="C2" CovItemPrefix="InitializeCards.java" Intrnl_Id="93">
<BasicBoolTerm Intrnl_Id="94">
<LocList>
<Loc EndOffset="1320" SrcFileId="2" StartOffset="1291"/>
</LocList>
</BasicBoolTerm>
</RootTerm>
</LoopStmnt>
<BasicStmnt CovItemId="S15" CovItemPrefix="InitializeCards.java" Intrnl_Id="95">
<LocList>
<Loc EndOffset="1509" SrcFileId="2" StartOffset="1479"/>
</LocList>
</BasicStmnt>
</StmntSeq>
</HierarchyLvl>
<HierarchyLvl HierarchyLvlId="3319" HierarchyLvlTypeId="7" Intrnl_Id="96" Name="InitializeCards">
<Header>
<Loc EndOffset="1557" SrcFileId="2" StartOffset="1521"/>
</Header>
<LocList>
<Loc EndOffset="1980" SrcFileId="2" StartOffset="1521"/>
</LocList>
<StmntSeq Intrnl_Id="97">
<LocList>
<Loc EndOffset="1577" SrcFileId="2" StartOffset="1563"/>
<Loc EndOffset="1595" SrcFileId="2" StartOffset="1581"/>
<Loc EndOffset="1738" SrcFileId="2" StartOffset="1601"/>
<Loc EndOffset="1951" SrcFileId="2" StartOffset="1744"/>
<Loc EndOffset="1976" SrcFileId="2" StartOffset="1955"/>
</LocList>
<BasicStmnt CovItemId="S16" CovItemPrefix="InitializeCards.java" Intrnl_Id="98">
<LocList>
<Loc EndOffset="1577" SrcFileId="2" StartOffset="1563"/>
</LocList>
</BasicStmnt>
<BasicStmnt CovItemId="S17" CovItemPrefix="InitializeCards.java" Intrnl_Id="99">
<LocList>
<Loc EndOffset="1595" SrcFileId="2" StartOffset="1581"/>
</LocList>
</BasicStmnt>
<LoopStmnt CovItemId="S18" CovItemPrefix="InitializeCards.java" Intrnl_Id="100" MltplExecId="L3-2" MltplExecPrefix="InitializeCards.java" NvrExecId="L3-0" NvrExecPrefix="InitializeCards.java" OnceExecutedId="L3-1" OnceExecutedPrefix="InitializeCards.java" OptBodyExec="true">
<StmntSeq Intrnl_Id="101">
<LocList>
<Loc EndOffset="1677" SrcFileId="2" StartOffset="1642"/>
<Loc EndOffset="1711" SrcFileId="2" StartOffset="1682"/>
<Loc EndOffset="1733" SrcFileId="2" StartOffset="1716"/>
</LocList>
<BasicStmnt CovItemId="S19" CovItemPrefix="InitializeCards.java" Intrnl_Id="102">
<LocList>
<Loc EndOffset="1677" SrcFileId="2" StartOffset="1642"/>
</LocList>
</BasicStmnt>
<BasicStmnt CovItemId="S20" CovItemPrefix="InitializeCards.java" Intrnl_Id="103">
<LocList>
<Loc EndOffset="1711" SrcFileId="2" StartOffset="1682"/>
</LocList>
</BasicStmnt>
<BasicStmnt CovItemId="S21" CovItemPrefix="InitializeCards.java" Intrnl_Id="104">
<LocList>
<Loc EndOffset="1733" SrcFileId="2" StartOffset="1716"/>
</LocList>
</BasicStmnt>
</StmntSeq>
<Keyword EndOffset="1604" SrcFileId="2" StartOffset="1601"/>
<LocList>
<Loc EndOffset="1738" SrcFileId="2" StartOffset="1601"/>
</LocList>
<RootTerm CovItemId="C4" CovItemPrefix="InitializeCards.java" Intrnl_Id="105">
<BasicBoolTerm Intrnl_Id="106">
<LocList>
<Loc EndOffset="1629" SrcFileId="2" StartOffset="1617"/>
</LocList>
</BasicBoolTerm>
</RootTerm>
</LoopStmnt>
<LoopStmnt CovItemId="S22" CovItemPrefix="InitializeCards.java" Intrnl_Id="107" MltplExecId="L4-2" MltplExecPrefix="InitializeCards.java" NvrExecId="L4-0" NvrExecPrefix="InitializeCards.java" OnceExecutedId="L4-1" OnceExecutedPrefix="InitializeCards.java" OptBodyExec="true">
<StmntSeq Intrnl_Id="108">
<LocList>
<Loc EndOffset="1946" SrcFileId="2" StartOffset="1809"/>
</LocList>
<CondStmnt CovItemId="S23" CovItemPrefix="InitializeCards.java" Intrnl_Id="109">
<Branch CovItemId="B3" CovItemPrefix="InitializeCards.java" Implct="false" Intrnl_Id="110">
<Cond/>
<LocList>
<Loc EndOffset="1931" SrcFileId="2" StartOffset="1822"/>
</LocList>
<StmntSeq Intrnl_Id="111">
<LocList>
<Loc EndOffset="1864" SrcFileId="2" StartOffset="1829"/>
<Loc EndOffset="1899" SrcFileId="2" StartOffset="1870"/>
<Loc EndOffset="1925" SrcFileId="2" StartOffset="1905"/>
</LocList>
<BasicStmnt CovItemId="S24" CovItemPrefix="InitializeCards.java" Intrnl_Id="112">
<LocList>
<Loc EndOffset="1864" SrcFileId="2" StartOffset="1829"/>
</LocList>
</BasicStmnt>
<BasicStmnt CovItemId="S25" CovItemPrefix="InitializeCards.java" Intrnl_Id="113">
<LocList>
<Loc EndOffset="1899" SrcFileId="2" StartOffset="1870"/>
</LocList>
</BasicStmnt>
<BasicStmnt CovItemId="S26" CovItemPrefix="InitializeCards.java" Intrnl_Id="114">
<LocList>
<Loc EndOffset="1925" SrcFileId="2" StartOffset="1905"/>
</LocList>
</BasicStmnt>
</StmntSeq>
</Branch>
<Branch CovItemId="B4" CovItemPrefix="InitializeCards.java" Implct="false" Intrnl_Id="115">
<Cond>
<Loc EndOffset="1936" SrcFileId="2" StartOffset="1932"/>
</Cond>
<LocList>
<Loc EndOffset="1946" SrcFileId="2" StartOffset="1937"/>
</LocList>
<StmntSeq Intrnl_Id="116">
<LocList/>
</StmntSeq>
</Branch>
<Keyword EndOffset="1811" SrcFileId="2" StartOffset="1809"/>
<LocList>
<Loc EndOffset="1946" SrcFileId="2" StartOffset="1809"/>
</LocList>
<RootTerm CovItemId="C6" CovItemPrefix="InitializeCards.java" Intrnl_Id="117">
<BasicBoolTerm Intrnl_Id="118">
<LocList>
<Loc EndOffset="1820" SrcFileId="2" StartOffset="1813"/>
</LocList>
</BasicBoolTerm>
</RootTerm>
</CondStmnt>
</StmntSeq>
<Keyword EndOffset="1747" SrcFileId="2" StartOffset="1744"/>
<LocList>
<Loc EndOffset="1951" SrcFileId="2" StartOffset="1744"/>
</LocList>
<RootTerm CovItemId="C5" CovItemPrefix="InitializeCards.java" Intrnl_Id="119">
<BasicBoolTerm Intrnl_Id="120">
<LocList>
<Loc EndOffset="1796" SrcFileId="2" StartOffset="1767"/>
</LocList>
</BasicBoolTerm>
</RootTerm>
</LoopStmnt>
<BasicStmnt CovItemId="S27" CovItemPrefix="InitializeCards.java" Intrnl_Id="121">
<LocList>
<Loc EndOffset="1976" SrcFileId="2" StartOffset="1955"/>
</LocList>
</BasicStmnt>
</StmntSeq>
</HierarchyLvl>
<HierarchyLvl HierarchyLvlId="3320" HierarchyLvlTypeId="7" Intrnl_Id="122" Name="InitializeCards">
<Header>
<Loc EndOffset="2077" SrcFileId="2" StartOffset="1986"/>
</Header>
<LocList>
<Loc EndOffset="2520" SrcFileId="2" StartOffset="1986"/>
</LocList>
<StmntSeq Intrnl_Id="123">
<LocList>
<Loc EndOffset="2276" SrcFileId="2" StartOffset="2082"/>
<Loc EndOffset="2482" SrcFileId="2" StartOffset="2282"/>
<Loc EndOffset="2516" SrcFileId="2" StartOffset="2486"/>
</LocList>
<LoopStmnt CovItemId="S28" CovItemPrefix="InitializeCards.java" Intrnl_Id="124" MltplExecId="L5-2" MltplExecPrefix="InitializeCards.java" NvrExecId="L5-0" NvrExecPrefix="InitializeCards.java" OnceExecutedId="L5-1" OnceExecutedPrefix="InitializeCards.java" OptBodyExec="true">
<StmntSeq Intrnl_Id="125">
<LocList>
<Loc EndOffset="2185" SrcFileId="2" StartOffset="2135"/>
<Loc EndOffset="2234" SrcFileId="2" StartOffset="2190"/>
<Loc EndOffset="2271" SrcFileId="2" StartOffset="2239"/>
</LocList>
<BasicStmnt CovItemId="S29" CovItemPrefix="InitializeCards.java" Intrnl_Id="126">
<LocList>
<Loc EndOffset="2185" SrcFileId="2" StartOffset="2135"/>
</LocList>
</BasicStmnt>
<BasicStmnt CovItemId="S30" CovItemPrefix="InitializeCards.java" Intrnl_Id="127">
<LocList>
<Loc EndOffset="2234" SrcFileId="2" StartOffset="2190"/>
</LocList>
</BasicStmnt>
<BasicStmnt CovItemId="S31" CovItemPrefix="InitializeCards.java" Intrnl_Id="128">
<LocList>
<Loc EndOffset="2271" SrcFileId="2" StartOffset="2239"/>
</LocList>
</BasicStmnt>
</StmntSeq>
<Keyword EndOffset="2085" SrcFileId="2" StartOffset="2082"/>
<LocList>
<Loc EndOffset="2276" SrcFileId="2" StartOffset="2082"/>
</LocList>
<RootTerm CovItemId="C7" CovItemPrefix="InitializeCards.java" Intrnl_Id="129">
<BasicBoolTerm Intrnl_Id="130">
<LocList>
<Loc EndOffset="2122" SrcFileId="2" StartOffset="2098"/>
</LocList>
</BasicBoolTerm>
</RootTerm>
</LoopStmnt>
<LoopStmnt CovItemId="S32" CovItemPrefix="InitializeCards.java" Intrnl_Id="131" MltplExecId="L6-2" MltplExecPrefix="InitializeCards.java" NvrExecId="L6-0" NvrExecPrefix="InitializeCards.java" OnceExecutedId="L6-1" OnceExecutedPrefix="InitializeCards.java" OptBodyExec="true">
<StmntSeq Intrnl_Id="132">
<LocList>
<Loc EndOffset="2386" SrcFileId="2" StartOffset="2336"/>
<Loc EndOffset="2436" SrcFileId="2" StartOffset="2391"/>
<Loc EndOffset="2477" SrcFileId="2" StartOffset="2441"/>
</LocList>
<BasicStmnt CovItemId="S33" CovItemPrefix="InitializeCards.java" Intrnl_Id="133">
<LocList>
<Loc EndOffset="2386" SrcFileId="2" StartOffset="2336"/>
</LocList>
</BasicStmnt>
<BasicStmnt CovItemId="S34" CovItemPrefix="InitializeCards.java" Intrnl_Id="134">
<LocList>
<Loc EndOffset="2436" SrcFileId="2" StartOffset="2391"/>
</LocList>
</BasicStmnt>
<BasicStmnt CovItemId="S35" CovItemPrefix="InitializeCards.java" Intrnl_Id="135">
<LocList>
<Loc EndOffset="2477" SrcFileId="2" StartOffset="2441"/>
</LocList>
</BasicStmnt>
</StmntSeq>
<Keyword EndOffset="2285" SrcFileId="2" StartOffset="2282"/>
<LocList>
<Loc EndOffset="2482" SrcFileId="2" StartOffset="2282"/>
</LocList>
<RootTerm CovItemId="C8" CovItemPrefix="InitializeCards.java" Intrnl_Id="136">
<BasicBoolTerm Intrnl_Id="137">
<LocList>
<Loc EndOffset="2323" SrcFileId="2" StartOffset="2298"/>
</LocList>
</BasicBoolTerm>
</RootTerm>
</LoopStmnt>
<BasicStmnt CovItemId="S36" CovItemPrefix="InitializeCards.java" Intrnl_Id="138">
<LocList>
<Loc EndOffset="2516" SrcFileId="2" StartOffset="2486"/>
</LocList>
</BasicStmnt>
</StmntSeq>
</HierarchyLvl>
<HierarchyLvl HierarchyLvlId="3321" HierarchyLvlTypeId="7" Intrnl_Id="139" Name="addConditions">
<Header>
<Loc EndOffset="2552" SrcFileId="2" StartOffset="2525"/>
</Header>
<LocList>
<Loc EndOffset="5567" SrcFileId="2" StartOffset="2525"/>
</LocList>
<StmntSeq Intrnl_Id="140">
<LocList>
<Loc EndOffset="2596" SrcFileId="2" StartOffset="2558"/>
<Loc EndOffset="2633" SrcFileId="2" StartOffset="2600"/>
<Loc EndOffset="2675" SrcFileId="2" StartOffset="2637"/>
<Loc EndOffset="2708" SrcFileId="2" StartOffset="2679"/>
<Loc EndOffset="2761" SrcFileId="2" StartOffset="2712"/>
<Loc EndOffset="2803" SrcFileId="2" StartOffset="2765"/>
<Loc EndOffset="2836" SrcFileId="2" StartOffset="2807"/>
<Loc EndOffset="2873" SrcFileId="2" StartOffset="2840"/>
<Loc EndOffset="2910" SrcFileId="2" StartOffset="2877"/>
<Loc EndOffset="2953" SrcFileId="2" StartOffset="2914"/>
<Loc EndOffset="2986" SrcFileId="2" StartOffset="2957"/>
<Loc EndOffset="3034" SrcFileId="2" StartOffset="2990"/>
<Loc EndOffset="3071" SrcFileId="2" StartOffset="3038"/>
<Loc EndOffset="3113" SrcFileId="2" StartOffset="3075"/>
<Loc EndOffset="3146" SrcFileId="2" StartOffset="3117"/>
<Loc EndOffset="3191" SrcFileId="2" StartOffset="3150"/>
<Loc EndOffset="3228" SrcFileId="2" StartOffset="3195"/>
<Loc EndOffset="3270" SrcFileId="2" StartOffset="3232"/>
<Loc EndOffset="3303" SrcFileId="2" StartOffset="3274"/>
<Loc EndOffset="3342" SrcFileId="2" StartOffset="3307"/>
<Loc EndOffset="3376" SrcFileId="2" StartOffset="3346"/>
<Loc EndOffset="3414" SrcFileId="2" StartOffset="3380"/>
<Loc EndOffset="3457" SrcFileId="2" StartOffset="3418"/>
<Loc EndOffset="3491" SrcFileId="2" StartOffset="3461"/>
<Loc EndOffset="3543" SrcFileId="2" StartOffset="3495"/>
<Loc EndOffset="3582" SrcFileId="2" StartOffset="3547"/>
<Loc EndOffset="3618" SrcFileId="2" StartOffset="3586"/>
<Loc EndOffset="3656" SrcFileId="2" StartOffset="3622"/>
<Loc EndOffset="3690" SrcFileId="2" StartOffset="3660"/>
<Loc EndOffset="3734" SrcFileId="2" StartOffset="3694"/>
<Loc EndOffset="3773" SrcFileId="2" StartOffset="3738"/>
<Loc EndOffset="3812" SrcFileId="2" StartOffset="3777"/>
<Loc EndOffset="3856" SrcFileId="2" StartOffset="3816"/>
<Loc EndOffset="3890" SrcFileId="2" StartOffset="3860"/>
<Loc EndOffset="3944" SrcFileId="2" StartOffset="3894"/>
<Loc EndOffset="3987" SrcFileId="2" StartOffset="3948"/>
<Loc EndOffset="4026" SrcFileId="2" StartOffset="3991"/>
<Loc EndOffset="4060" SrcFileId="2" StartOffset="4030"/>
<Loc EndOffset="4098" SrcFileId="2" StartOffset="4064"/>
<Loc EndOffset="4142" SrcFileId="2" StartOffset="4102"/>
<Loc EndOffset="4176" SrcFileId="2" StartOffset="4146"/>
<Loc EndOffset="4222" SrcFileId="2" StartOffset="4180"/>
<Loc EndOffset="4265" SrcFileId="2" StartOffset="4226"/>
<Loc EndOffset="4304" SrcFileId="2" StartOffset="4269"/>
<Loc EndOffset="4348" SrcFileId="2" StartOffset="4308"/>
<Loc EndOffset="4382" SrcFileId="2" StartOffset="4352"/>
<Loc EndOffset="4431" SrcFileId="2" StartOffset="4386"/>
<Loc EndOffset="4475" SrcFileId="2" StartOffset="4435"/>
<Loc EndOffset="4515" SrcFileId="2" StartOffset="4479"/>
<Loc EndOffset="4550" SrcFileId="2" StartOffset="4519"/>
<Loc EndOffset="4585" SrcFileId="2" StartOffset="4554"/>
<Loc EndOffset="4619" SrcFileId="2" StartOffset="4589"/>
<Loc EndOffset="4656" SrcFileId="2" StartOffset="4623"/>
<Loc EndOffset="4691" SrcFileId="2" StartOffset="4660"/>
<Loc EndOffset="4726" SrcFileId="2" StartOffset="4695"/>
<Loc EndOffset="4760" SrcFileId="2" StartOffset="4730"/>
<Loc EndOffset="4797" SrcFileId="2" StartOffset="4764"/>
<Loc EndOffset="4832" SrcFileId="2" StartOffset="4801"/>
<Loc EndOffset="4869" SrcFileId="2" StartOffset="4836"/>
<Loc EndOffset="4904" SrcFileId="2" StartOffset="4873"/>
<Loc EndOffset="4938" SrcFileId="2" StartOffset="4908"/>
<Loc EndOffset="4975" SrcFileId="2" StartOffset="4942"/>
<Loc EndOffset="5014" SrcFileId="2" StartOffset="4979"/>
<Loc EndOffset="5049" SrcFileId="2" StartOffset="5018"/>
<Loc EndOffset="5081" SrcFileId="2" StartOffset="5053"/>
<Loc EndOffset="5116" SrcFileId="2" StartOffset="5085"/>
<Loc EndOffset="5153" SrcFileId="2" StartOffset="5120"/>
<Loc EndOffset="5196" SrcFileId="2" StartOffset="5157"/>
<Loc EndOffset="5235" SrcFileId="2" StartOffset="5200"/>
<Loc EndOffset="5270" SrcFileId="2" StartOffset="5239"/>
<Loc EndOffset="5307" SrcFileId="2" StartOffset="5274"/>
<Loc EndOffset="5360" SrcFileId="2" StartOffset="5311"/>
<Loc EndOffset="5393" SrcFileId="2" StartOffset="5364"/>
<Loc EndOffset="5428" SrcFileId="2" StartOffset="5397"/>
<Loc EndOffset="5460" SrcFileId="2" StartOffset="5432"/>
<Loc EndOffset="5493" SrcFileId="2" StartOffset="5464"/>
<Loc EndOffset="5528" SrcFileId="2" StartOffset="5497"/>
<Loc EndOffset="5563" SrcFileId="2" StartOffset="5532"/>
</LocList>
<BasicStmnt CovItemId="S37" CovItemPrefix="InitializeCards.java" Intrnl_Id="141">
<LocList>
<Loc EndOffset="2596" SrcFileId="2" StartOffset="2558"/>
</LocList>
</BasicStmnt>
<BasicStmnt CovItemId="S38" CovItemPrefix="InitializeCards.java" Intrnl_Id="142">
<LocList>
<Loc EndOffset="2633" SrcFileId="2" StartOffset="2600"/>
</LocList>
</BasicStmnt>
<BasicStmnt CovItemId="S39" CovItemPrefix="InitializeCards.java" Intrnl_Id="143">
<LocList>
<Loc EndOffset="2675" SrcFileId="2" StartOffset="2637"/>
</LocList>
</BasicStmnt>
<BasicStmnt CovItemId="S40" CovItemPrefix="InitializeCards.java" Intrnl_Id="144">
<LocList>
<Loc EndOffset="2708" SrcFileId="2" StartOffset="2679"/>
</LocList>
</BasicStmnt>
<BasicStmnt CovItemId="S41" CovItemPrefix="InitializeCards.java" Intrnl_Id="145">
<LocList>
<Loc EndOffset="2761" SrcFileId="2" StartOffset="2712"/>
</LocList>
</BasicStmnt>
<BasicStmnt CovItemId="S42" CovItemPrefix="InitializeCards.java" Intrnl_Id="146">
<LocList>
<Loc EndOffset="2803" SrcFileId="2" StartOffset="2765"/>
</LocList>
</BasicStmnt>
<BasicStmnt CovItemId="S43" CovItemPrefix="InitializeCards.java" Intrnl_Id="147">
<LocList>
<Loc EndOffset="2836" SrcFileId="2" StartOffset="2807"/>
</LocList>
</BasicStmnt>
<BasicStmnt CovItemId="S44" CovItemPrefix="InitializeCards.java" Intrnl_Id="148">
<LocList>
<Loc EndOffset="2873" SrcFileId="2" StartOffset="2840"/>
</LocList>
</BasicStmnt>
<BasicStmnt CovItemId="S45" CovItemPrefix="InitializeCards.java" Intrnl_Id="149">
<LocList>
<Loc EndOffset="2910" SrcFileId="2" StartOffset="2877"/>
</LocList>
</BasicStmnt>
<BasicStmnt CovItemId="S46" CovItemPrefix="InitializeCards.java" Intrnl_Id="150">
<LocList>
<Loc EndOffset="2953" SrcFileId="2" StartOffset="2914"/>
</LocList>
</BasicStmnt>
<BasicStmnt CovItemId="S47" CovItemPrefix="InitializeCards.java" Intrnl_Id="151">
<LocList>
<Loc EndOffset="2986" SrcFileId="2" StartOffset="2957"/>
</LocList>
</BasicStmnt>
<BasicStmnt CovItemId="S48" CovItemPrefix="InitializeCards.java" Intrnl_Id="152">
<LocList>
<Loc EndOffset="3034" SrcFileId="2" StartOffset="2990"/>
</LocList>
</BasicStmnt>
<BasicStmnt CovItemId="S49" CovItemPrefix="InitializeCards.java" Intrnl_Id="153">
<LocList>
<Loc EndOffset="3071" SrcFileId="2" StartOffset="3038"/>
</LocList>
</BasicStmnt>
<BasicStmnt CovItemId="S50" CovItemPrefix="InitializeCards.java" Intrnl_Id="154">
<LocList>
<Loc EndOffset="3113" SrcFileId="2" StartOffset="3075"/>
</LocList>
</BasicStmnt>
<BasicStmnt CovItemId="S51" CovItemPrefix="InitializeCards.java" Intrnl_Id="155">
<LocList>
<Loc EndOffset="3146" SrcFileId="2" StartOffset="3117"/>
</LocList>
</BasicStmnt>
<BasicStmnt CovItemId="S52" CovItemPrefix="InitializeCards.java" Intrnl_Id="156">
<LocList>
<Loc EndOffset="3191" SrcFileId="2" StartOffset="3150"/>
</LocList>
</BasicStmnt>
<BasicStmnt CovItemId="S53" CovItemPrefix="InitializeCards.java" Intrnl_Id="157">
<LocList>
<Loc EndOffset="3228" SrcFileId="2" StartOffset="3195"/>
</LocList>
</BasicStmnt>
<BasicStmnt CovItemId="S54" CovItemPrefix="InitializeCards.java" Intrnl_Id="158">
<LocList>
<Loc EndOffset="3270" SrcFileId="2" StartOffset="3232"/>
</LocList>
</BasicStmnt>
<BasicStmnt CovItemId="S55" CovItemPrefix="InitializeCards.java" Intrnl_Id="159">
<LocList>
<Loc EndOffset="3303" SrcFileId="2" StartOffset="3274"/>
</LocList>
</BasicStmnt>
<BasicStmnt CovItemId="S56" CovItemPrefix="InitializeCards.java" Intrnl_Id="160">
<LocList>
<Loc EndOffset="3342" SrcFileId="2" StartOffset="3307"/>
</LocList>
</BasicStmnt>
<BasicStmnt CovItemId="S57" CovItemPrefix="InitializeCards.java" Intrnl_Id="161">
<LocList>
<Loc EndOffset="3376" SrcFileId="2" StartOffset="3346"/>
</LocList>
</BasicStmnt>
<BasicStmnt CovItemId="S58" CovItemPrefix="InitializeCards.java" Intrnl_Id="162">
<LocList>
<Loc EndOffset="3414" SrcFileId="2" StartOffset="3380"/>
</LocList>
</BasicStmnt>
<BasicStmnt CovItemId="S59" CovItemPrefix="InitializeCards.java" Intrnl_Id="163">
<LocList>
<Loc EndOffset="3457" SrcFileId="2" StartOffset="3418"/>
</LocList>
</BasicStmnt>
<BasicStmnt CovItemId="S60" CovItemPrefix="InitializeCards.java" Intrnl_Id="164">
<LocList>
<Loc EndOffset="3491" SrcFileId="2" StartOffset="3461"/>
</LocList>
</BasicStmnt>
<BasicStmnt CovItemId="S61" CovItemPrefix="InitializeCards.java" Intrnl_Id="165">
<LocList>
<Loc EndOffset="3543" SrcFileId="2" StartOffset="3495"/>
</LocList>
</BasicStmnt>
<BasicStmnt CovItemId="S62" CovItemPrefix="InitializeCards.java" Intrnl_Id="166">
<LocList>
<Loc EndOffset="3582" SrcFileId="2" StartOffset="3547"/>
</LocList>
</BasicStmnt>
<BasicStmnt CovItemId="S63" CovItemPrefix="InitializeCards.java" Intrnl_Id="167">
<LocList>
<Loc EndOffset="3618" SrcFileId="2" StartOffset="3586"/>
</LocList>
</BasicStmnt>
<BasicStmnt CovItemId="S64" CovItemPrefix="InitializeCards.java" Intrnl_Id="168">
<LocList>
<Loc EndOffset="3656" SrcFileId="2" StartOffset="3622"/>
</LocList>
</BasicStmnt>
<BasicStmnt CovItemId="S65" CovItemPrefix="InitializeCards.java" Intrnl_Id="169">
<LocList>
<Loc EndOffset="3690" SrcFileId="2" StartOffset="3660"/>
</LocList>
</BasicStmnt>
<BasicStmnt CovItemId="S66" CovItemPrefix="InitializeCards.java" Intrnl_Id="170">
<LocList>
<Loc EndOffset="3734" SrcFileId="2" StartOffset="3694"/>
</LocList>
</BasicStmnt>
<BasicStmnt CovItemId="S67" CovItemPrefix="InitializeCards.java" Intrnl_Id="171">
<LocList>
<Loc EndOffset="3773" SrcFileId="2" StartOffset="3738"/>
</LocList>
</BasicStmnt>
<BasicStmnt CovItemId="S68" CovItemPrefix="InitializeCards.java" Intrnl_Id="172">
<LocList>
<Loc EndOffset="3812" SrcFileId="2" StartOffset="3777"/>
</LocList>
</BasicStmnt>
<BasicStmnt CovItemId="S69" CovItemPrefix="InitializeCards.java" Intrnl_Id="173">
<LocList>
<Loc EndOffset="3856" SrcFileId="2" StartOffset="3816"/>
</LocList>
</BasicStmnt>
<BasicStmnt CovItemId="S70" CovItemPrefix="InitializeCards.java" Intrnl_Id="174">
<LocList>
<Loc EndOffset="3890" SrcFileId="2" StartOffset="3860"/>
</LocList>
</BasicStmnt>
<BasicStmnt CovItemId="S71" CovItemPrefix="InitializeCards.java" Intrnl_Id="175">
<LocList>
<Loc EndOffset="3944" SrcFileId="2" StartOffset="3894"/>
</LocList>
</BasicStmnt>
<BasicStmnt CovItemId="S72" CovItemPrefix="InitializeCards.java" Intrnl_Id="176">
<LocList>
<Loc EndOffset="3987" SrcFileId="2" StartOffset="3948"/>
</LocList>
</BasicStmnt>
<BasicStmnt CovItemId="S73" CovItemPrefix="InitializeCards.java" Intrnl_Id="177">
<LocList>
<Loc EndOffset="4026" SrcFileId="2" StartOffset="3991"/>
</LocList>
</BasicStmnt>
<BasicStmnt CovItemId="S74" CovItemPrefix="InitializeCards.java" Intrnl_Id="178">
<LocList>
<Loc EndOffset="4060" SrcFileId="2" StartOffset="4030"/>
</LocList>
</BasicStmnt>
<BasicStmnt CovItemId="S75" CovItemPrefix="InitializeCards.java" Intrnl_Id="179">
<LocList>
<Loc EndOffset="4098" SrcFileId="2" StartOffset="4064"/>
</LocList>
</BasicStmnt>
<BasicStmnt CovItemId="S76" CovItemPrefix="InitializeCards.java" Intrnl_Id="180">
<LocList>
<Loc EndOffset="4142" SrcFileId="2" StartOffset="4102"/>
</LocList>
</BasicStmnt>
<BasicStmnt CovItemId="S77" CovItemPrefix="InitializeCards.java" Intrnl_Id="181">
<LocList>
<Loc EndOffset="4176" SrcFileId="2" StartOffset="4146"/>
</LocList>
</BasicStmnt>
<BasicStmnt CovItemId="S78" CovItemPrefix="InitializeCards.java" Intrnl_Id="182">
<LocList>
<Loc EndOffset="4222" SrcFileId="2" StartOffset="4180"/>
</LocList>
</BasicStmnt>
<BasicStmnt CovItemId="S79" CovItemPrefix="InitializeCards.java" Intrnl_Id="183">
<LocList>
<Loc EndOffset="4265" SrcFileId="2" StartOffset="4226"/>
</LocList>
</BasicStmnt>
<BasicStmnt CovItemId="S80" CovItemPrefix="InitializeCards.java" Intrnl_Id="184">
<LocList>
<Loc EndOffset="4304" SrcFileId="2" StartOffset="4269"/>
</LocList>
</BasicStmnt>
<BasicStmnt CovItemId="S81" CovItemPrefix="InitializeCards.java" Intrnl_Id="185">
<LocList>
<Loc EndOffset="4348" SrcFileId="2" StartOffset="4308"/>
</LocList>
</BasicStmnt>
<BasicStmnt CovItemId="S82" CovItemPrefix="InitializeCards.java" Intrnl_Id="186">
<LocList>
<Loc EndOffset="4382" SrcFileId="2" StartOffset="4352"/>
</LocList>
</BasicStmnt>
<BasicStmnt CovItemId="S83" CovItemPrefix="InitializeCards.java" Intrnl_Id="187">
<LocList>
<Loc EndOffset="4431" SrcFileId="2" StartOffset="4386"/>
</LocList>
</BasicStmnt>
<BasicStmnt CovItemId="S84" CovItemPrefix="InitializeCards.java" Intrnl_Id="188">
<LocList>
<Loc EndOffset="4475" SrcFileId="2" StartOffset="4435"/>
</LocList>
</BasicStmnt>
<BasicStmnt CovItemId="S85" CovItemPrefix="InitializeCards.java" Intrnl_Id="189">
<LocList>
<Loc EndOffset="4515" SrcFileId="2" StartOffset="4479"/>
</LocList>
</BasicStmnt>
<BasicStmnt CovItemId="S86" CovItemPrefix="InitializeCards.java" Intrnl_Id="190">
<LocList>
<Loc EndOffset="4550" SrcFileId="2" StartOffset="4519"/>
</LocList>
</BasicStmnt>
<BasicStmnt CovItemId="S87" CovItemPrefix="InitializeCards.java" Intrnl_Id="191">
<LocList>
<Loc EndOffset="4585" SrcFileId="2" StartOffset="4554"/>
</LocList>
</BasicStmnt>
<BasicStmnt CovItemId="S88" CovItemPrefix="InitializeCards.java" Intrnl_Id="192">
<LocList>
<Loc EndOffset="4619" SrcFileId="2" StartOffset="4589"/>
</LocList>
</BasicStmnt>
<BasicStmnt CovItemId="S89" CovItemPrefix="InitializeCards.java" Intrnl_Id="193">
<LocList>
<Loc EndOffset="4656" SrcFileId="2" StartOffset="4623"/>
</LocList>
</BasicStmnt>
<BasicStmnt CovItemId="S90" CovItemPrefix="InitializeCards.java" Intrnl_Id="194">
<LocList>
<Loc EndOffset="4691" SrcFileId="2" StartOffset="4660"/>
</LocList>
</BasicStmnt>
<BasicStmnt CovItemId="S91" CovItemPrefix="InitializeCards.java" Intrnl_Id="195">
<LocList>
<Loc EndOffset="4726" SrcFileId="2" StartOffset="4695"/>
</LocList>
</BasicStmnt>
<BasicStmnt CovItemId="S92" CovItemPrefix="InitializeCards.java" Intrnl_Id="196">
<LocList>
<Loc EndOffset="4760" SrcFileId="2" StartOffset="4730"/>
</LocList>
</BasicStmnt>
<BasicStmnt CovItemId="S93" CovItemPrefix="InitializeCards.java" Intrnl_Id="197">
<LocList>
<Loc EndOffset="4797" SrcFileId="2" StartOffset="4764"/>
</LocList>
</BasicStmnt>
<BasicStmnt CovItemId="S94" CovItemPrefix="InitializeCards.java" Intrnl_Id="198">
<LocList>
<Loc EndOffset="4832" SrcFileId="2" StartOffset="4801"/>
</LocList>
</BasicStmnt>
<BasicStmnt CovItemId="S95" CovItemPrefix="InitializeCards.java" Intrnl_Id="199">
<LocList>
<Loc EndOffset="4869" SrcFileId="2" StartOffset="4836"/>
</LocList>
</BasicStmnt>
<BasicStmnt CovItemId="S96" CovItemPrefix="InitializeCards.java" Intrnl_Id="200">
<LocList>
<Loc EndOffset="4904" SrcFileId="2" StartOffset="4873"/>
</LocList>
</BasicStmnt>
<BasicStmnt CovItemId="S97" CovItemPrefix="InitializeCards.java" Intrnl_Id="201">
<LocList>
<Loc EndOffset="4938" SrcFileId="2" StartOffset="4908"/>
</LocList>
</BasicStmnt>
<BasicStmnt CovItemId="S98" CovItemPrefix="InitializeCards.java" Intrnl_Id="202">
<LocList>
<Loc EndOffset="4975" SrcFileId="2" StartOffset="4942"/>
</LocList>
</BasicStmnt>
<BasicStmnt CovItemId="S99" CovItemPrefix="InitializeCards.java" Intrnl_Id="203">
<LocList>
<Loc EndOffset="5014" SrcFileId="2" StartOffset="4979"/>
</LocList>
</BasicStmnt>
<BasicStmnt CovItemId="S100" CovItemPrefix="InitializeCards.java" Intrnl_Id="204">
<LocList>
<Loc EndOffset="5049" SrcFileId="2" StartOffset="5018"/>
</LocList>
</BasicStmnt>
<BasicStmnt CovItemId="S101" CovItemPrefix="InitializeCards.java" Intrnl_Id="205">
<LocList>
<Loc EndOffset="5081" SrcFileId="2" StartOffset="5053"/>
</LocList>
</BasicStmnt>
<BasicStmnt CovItemId="S102" CovItemPrefix="InitializeCards.java" Intrnl_Id="206">
<LocList>
<Loc EndOffset="5116" SrcFileId="2" StartOffset="5085"/>
</LocList>
</BasicStmnt>
<BasicStmnt CovItemId="S103" CovItemPrefix="InitializeCards.java" Intrnl_Id="207">
<LocList>
<Loc EndOffset="5153" SrcFileId="2" StartOffset="5120"/>
</LocList>
</BasicStmnt>
<BasicStmnt CovItemId="S104" CovItemPrefix="InitializeCards.java" Intrnl_Id="208">
<LocList>
<Loc EndOffset="5196" SrcFileId="2" StartOffset="5157"/>
</LocList>
</BasicStmnt>
<BasicStmnt CovItemId="S105" CovItemPrefix="InitializeCards.java" Intrnl_Id="209">
<LocList>
<Loc EndOffset="5235" SrcFileId="2" StartOffset="5200"/>
</LocList>
</BasicStmnt>
<BasicStmnt CovItemId="S106" CovItemPrefix="InitializeCards.java" Intrnl_Id="210">
<LocList>
<Loc EndOffset="5270" SrcFileId="2" StartOffset="5239"/>
</LocList>
</BasicStmnt>
<BasicStmnt CovItemId="S107" CovItemPrefix="InitializeCards.java" Intrnl_Id="211">
<LocList>
<Loc EndOffset="5307" SrcFileId="2" StartOffset="5274"/>
</LocList>
</BasicStmnt>
<BasicStmnt CovItemId="S108" CovItemPrefix="InitializeCards.java" Intrnl_Id="212">
<LocList>
<Loc EndOffset="5360" SrcFileId="2" StartOffset="5311"/>
</LocList>
</BasicStmnt>
<BasicStmnt CovItemId="S109" CovItemPrefix="InitializeCards.java" Intrnl_Id="213">
<LocList>
<Loc EndOffset="5393" SrcFileId="2" StartOffset="5364"/>
</LocList>
</BasicStmnt>
<BasicStmnt CovItemId="S110" CovItemPrefix="InitializeCards.java" Intrnl_Id="214">
<LocList>
<Loc EndOffset="5428" SrcFileId="2" StartOffset="5397"/>
</LocList>
</BasicStmnt>
<BasicStmnt CovItemId="S111" CovItemPrefix="InitializeCards.java" Intrnl_Id="215">
<LocList>
<Loc EndOffset="5460" SrcFileId="2" StartOffset="5432"/>
</LocList>
</BasicStmnt>
<BasicStmnt CovItemId="S112" CovItemPrefix="InitializeCards.java" Intrnl_Id="216">
<LocList>
<Loc EndOffset="5493" SrcFileId="2" StartOffset="5464"/>
</LocList>
</BasicStmnt>
<BasicStmnt CovItemId="S113" CovItemPrefix="InitializeCards.java" Intrnl_Id="217">
<LocList>
<Loc EndOffset="5528" SrcFileId="2" StartOffset="5497"/>
</LocList>
</BasicStmnt>
<BasicStmnt CovItemId="S114" CovItemPrefix="InitializeCards.java" Intrnl_Id="218">
<LocList>
<Loc EndOffset="5563" SrcFileId="2" StartOffset="5532"/>
</LocList>
</BasicStmnt>
</StmntSeq>
</HierarchyLvl>
<HierarchyLvl HierarchyLvlId="3322" HierarchyLvlTypeId="7" Intrnl_Id="219" Name="addConditionsForSelect">
<Header>
<Loc EndOffset="5609" SrcFileId="2" StartOffset="5573"/>
</Header>
<LocList>
<Loc EndOffset="7257" SrcFileId="2" StartOffset="5573"/>
</LocList>
<StmntSeq Intrnl_Id="220">
<LocList>
<Loc EndOffset="5652" SrcFileId="2" StartOffset="5619"/>
<Loc EndOffset="5698" SrcFileId="2" StartOffset="5656"/>
<Loc EndOffset="5731" SrcFileId="2" StartOffset="5702"/>
<Loc EndOffset="5784" SrcFileId="2" StartOffset="5735"/>
<Loc EndOffset="5821" SrcFileId="2" StartOffset="5792"/>
<Loc EndOffset="5858" SrcFileId="2" StartOffset="5825"/>
<Loc EndOffset="5898" SrcFileId="2" StartOffset="5865"/>
<Loc EndOffset="5944" SrcFileId="2" StartOffset="5902"/>
<Loc EndOffset="5977" SrcFileId="2" StartOffset="5948"/>
<Loc EndOffset="6022" SrcFileId="2" StartOffset="5981"/>
<Loc EndOffset="6074" SrcFileId="2" StartOffset="6034"/>
<Loc EndOffset="6113" SrcFileId="2" StartOffset="6078"/>
<Loc EndOffset="6165" SrcFileId="2" StartOffset="6125"/>
<Loc EndOffset="6205" SrcFileId="2" StartOffset="6169"/>
<Loc EndOffset="6240" SrcFileId="2" StartOffset="6209"/>
<Loc EndOffset="6275" SrcFileId="2" StartOffset="6244"/>
<Loc EndOffset="6309" SrcFileId="2" StartOffset="6279"/>
<Loc EndOffset="6346" SrcFileId="2" StartOffset="6313"/>
<Loc EndOffset="6381" SrcFileId="2" StartOffset="6350"/>
<Loc EndOffset="6416" SrcFileId="2" StartOffset="6385"/>
<Loc EndOffset="6450" SrcFileId="2" StartOffset="6420"/>
<Loc EndOffset="6487" SrcFileId="2" StartOffset="6454"/>
<Loc EndOffset="6522" SrcFileId="2" StartOffset="6491"/>
<Loc EndOffset="6559" SrcFileId="2" StartOffset="6526"/>
<Loc EndOffset="6594" SrcFileId="2" StartOffset="6563"/>
<Loc EndOffset="6628" SrcFileId="2" StartOffset="6598"/>
<Loc EndOffset="6665" SrcFileId="2" StartOffset="6632"/>
<Loc EndOffset="6704" SrcFileId="2" StartOffset="6669"/>
<Loc EndOffset="6739" SrcFileId="2" StartOffset="6708"/>
<Loc EndOffset="6771" SrcFileId="2" StartOffset="6743"/>
<Loc EndOffset="6806" SrcFileId="2" StartOffset="6775"/>
<Loc EndOffset="6843" SrcFileId="2" StartOffset="6810"/>
<Loc EndOffset="6886" SrcFileId="2" StartOffset="6847"/>
<Loc EndOffset="6925" SrcFileId="2" StartOffset="6890"/>
<Loc EndOffset="6960" SrcFileId="2" StartOffset="6929"/>
<Loc EndOffset="6997" SrcFileId="2" StartOffset="6964"/>
<Loc EndOffset="7050" SrcFileId="2" StartOffset="7001"/>
<Loc EndOffset="7083" SrcFileId="2" StartOffset="7054"/>
<Loc EndOffset="7118" SrcFileId="2" StartOffset="7087"/>
<Loc EndOffset="7150" SrcFileId="2" StartOffset="7122"/>
<Loc EndOffset="7183" SrcFileId="2" StartOffset="7154"/>
<Loc EndOffset="7218" SrcFileId="2" StartOffset="7187"/>
<Loc EndOffset="7253" SrcFileId="2" StartOffset="7222"/>
</LocList>
<BasicStmnt CovItemId="S115" CovItemPrefix="InitializeCards.java" Intrnl_Id="221">
<LocList>
<Loc EndOffset="5652" SrcFileId="2" StartOffset="5619"/>
</LocList>
</BasicStmnt>
<BasicStmnt CovItemId="S116" CovItemPrefix="InitializeCards.java" Intrnl_Id="222">
<LocList>
<Loc EndOffset="5698" SrcFileId="2" StartOffset="5656"/>
</LocList>
</BasicStmnt>
<BasicStmnt CovItemId="S117" CovItemPrefix="InitializeCards.java" Intrnl_Id="223">
<LocList>
<Loc EndOffset="5731" SrcFileId="2" StartOffset="5702"/>
</LocList>
</BasicStmnt>
<BasicStmnt CovItemId="S118" CovItemPrefix="InitializeCards.java" Intrnl_Id="224">
<LocList>
<Loc EndOffset="5784" SrcFileId="2" StartOffset="5735"/>
</LocList>
</BasicStmnt>
<BasicStmnt CovItemId="S119" CovItemPrefix="InitializeCards.java" Intrnl_Id="225">
<LocList>
<Loc EndOffset="5821" SrcFileId="2" StartOffset="5792"/>
</LocList>
</BasicStmnt>
<BasicStmnt CovItemId="S120" CovItemPrefix="InitializeCards.java" Intrnl_Id="226">
<LocList>
<Loc EndOffset="5858" SrcFileId="2" StartOffset="5825"/>
</LocList>
</BasicStmnt>
<BasicStmnt CovItemId="S121" CovItemPrefix="InitializeCards.java" Intrnl_Id="227">
<LocList>
<Loc EndOffset="5898" SrcFileId="2" StartOffset="5865"/>
</LocList>
</BasicStmnt>
<BasicStmnt CovItemId="S122" CovItemPrefix="InitializeCards.java" Intrnl_Id="228">
<LocList>
<Loc EndOffset="5944" SrcFileId="2" StartOffset="5902"/>
</LocList>
</BasicStmnt>
<BasicStmnt CovItemId="S123" CovItemPrefix="InitializeCards.java" Intrnl_Id="229">
<LocList>
<Loc EndOffset="5977" SrcFileId="2" StartOffset="5948"/>
</LocList>
</BasicStmnt>
<BasicStmnt CovItemId="S124" CovItemPrefix="InitializeCards.java" Intrnl_Id="230">
<LocList>
<Loc EndOffset="6022" SrcFileId="2" StartOffset="5981"/>
</LocList>
</BasicStmnt>
<BasicStmnt CovItemId="S125" CovItemPrefix="InitializeCards.java" Intrnl_Id="231">
<LocList>
<Loc EndOffset="6074" SrcFileId="2" StartOffset="6034"/>
</LocList>
</BasicStmnt>
<BasicStmnt CovItemId="S126" CovItemPrefix="InitializeCards.java" Intrnl_Id="232">
<LocList>
<Loc EndOffset="6113" SrcFileId="2" StartOffset="6078"/>
</LocList>
</BasicStmnt>
<BasicStmnt CovItemId="S127" CovItemPrefix="InitializeCards.java" Intrnl_Id="233">
<LocList>
<Loc EndOffset="6165" SrcFileId="2" StartOffset="6125"/>
</LocList>
</BasicStmnt>
<BasicStmnt CovItemId="S128" CovItemPrefix="InitializeCards.java" Intrnl_Id="234">
<LocList>
<Loc EndOffset="6205" SrcFileId="2" StartOffset="6169"/>
</LocList>
</BasicStmnt>
<BasicStmnt CovItemId="S129" CovItemPrefix="InitializeCards.java" Intrnl_Id="235">
<LocList>
<Loc EndOffset="6240" SrcFileId="2" StartOffset="6209"/>
</LocList>
</BasicStmnt>
<BasicStmnt CovItemId="S130" CovItemPrefix="InitializeCards.java" Intrnl_Id="236">
<LocList>
<Loc EndOffset="6275" SrcFileId="2" StartOffset="6244"/>
</LocList>
</BasicStmnt>
<BasicStmnt CovItemId="S131" CovItemPrefix="InitializeCards.java" Intrnl_Id="237">
<LocList>
<Loc EndOffset="6309" SrcFileId="2" StartOffset="6279"/>
</LocList>
</BasicStmnt>
<BasicStmnt CovItemId="S132" CovItemPrefix="InitializeCards.java" Intrnl_Id="238">
<LocList>
<Loc EndOffset="6346" SrcFileId="2" StartOffset="6313"/>
</LocList>
</BasicStmnt>
<BasicStmnt CovItemId="S133" CovItemPrefix="InitializeCards.java" Intrnl_Id="239">
<LocList>
<Loc EndOffset="6381" SrcFileId="2" StartOffset="6350"/>
</LocList>
</BasicStmnt>
<BasicStmnt CovItemId="S134" CovItemPrefix="InitializeCards.java" Intrnl_Id="240">
<LocList>
<Loc EndOffset="6416" SrcFileId="2" StartOffset="6385"/>
</LocList>
</BasicStmnt>
<BasicStmnt CovItemId="S135" CovItemPrefix="InitializeCards.java" Intrnl_Id="241">
<LocList>
<Loc EndOffset="6450" SrcFileId="2" StartOffset="6420"/>
</LocList>
</BasicStmnt>
<BasicStmnt CovItemId="S136" CovItemPrefix="InitializeCards.java" Intrnl_Id="242">
<LocList>
<Loc EndOffset="6487" SrcFileId="2" StartOffset="6454"/>
</LocList>
</BasicStmnt>
<BasicStmnt CovItemId="S137" CovItemPrefix="InitializeCards.java" Intrnl_Id="243">
<LocList>
<Loc EndOffset="6522" SrcFileId="2" StartOffset="6491"/>
</LocList>
</BasicStmnt>
<BasicStmnt CovItemId="S138" CovItemPrefix="InitializeCards.java" Intrnl_Id="244">
<LocList>
<Loc EndOffset="6559" SrcFileId="2" StartOffset="6526"/>
</LocList>
</BasicStmnt>
<BasicStmnt CovItemId="S139" CovItemPrefix="InitializeCards.java" Intrnl_Id="245">
<LocList>
<Loc EndOffset="6594" SrcFileId="2" StartOffset="6563"/>
</LocList>
</BasicStmnt>
<BasicStmnt CovItemId="S140" CovItemPrefix="InitializeCards.java" Intrnl_Id="246">
<LocList>
<Loc EndOffset="6628" SrcFileId="2" StartOffset="6598"/>
</LocList>
</BasicStmnt>
<BasicStmnt CovItemId="S141" CovItemPrefix="InitializeCards.java" Intrnl_Id="247">
<LocList>
<Loc EndOffset="6665" SrcFileId="2" StartOffset="6632"/>
</LocList>
</BasicStmnt>
<BasicStmnt CovItemId="S142" CovItemPrefix="InitializeCards.java" Intrnl_Id="248">
<LocList>
<Loc EndOffset="6704" SrcFileId="2" StartOffset="6669"/>
</LocList>
</BasicStmnt>
<BasicStmnt CovItemId="S143" CovItemPrefix="InitializeCards.java" Intrnl_Id="249">
<LocList>
<Loc EndOffset="6739" SrcFileId="2" StartOffset="6708"/>
</LocList>
</BasicStmnt>
<BasicStmnt CovItemId="S144" CovItemPrefix="InitializeCards.java" Intrnl_Id="250">
<LocList>
<Loc EndOffset="6771" SrcFileId="2" StartOffset="6743"/>
</LocList>
</BasicStmnt>
<BasicStmnt CovItemId="S145" CovItemPrefix="InitializeCards.java" Intrnl_Id="251">
<LocList>
<Loc EndOffset="6806" SrcFileId="2" StartOffset="6775"/>
</LocList>
</BasicStmnt>
<BasicStmnt CovItemId="S146" CovItemPrefix="InitializeCards.java" Intrnl_Id="252">
<LocList>
<Loc EndOffset="6843" SrcFileId="2" StartOffset="6810"/>
</LocList>
</BasicStmnt>
<BasicStmnt CovItemId="S147" CovItemPrefix="InitializeCards.java" Intrnl_Id="253">
<LocList>
<Loc EndOffset="6886" SrcFileId="2" StartOffset="6847"/>
</LocList>
</BasicStmnt>
<BasicStmnt CovItemId="S148" CovItemPrefix="InitializeCards.java" Intrnl_Id="254">
<LocList>
<Loc EndOffset="6925" SrcFileId="2" StartOffset="6890"/>
</LocList>
</BasicStmnt>
<BasicStmnt CovItemId="S149" CovItemPrefix="InitializeCards.java" Intrnl_Id="255">
<LocList>
<Loc EndOffset="6960" SrcFileId="2" StartOffset="6929"/>
</LocList>
</BasicStmnt>
<BasicStmnt CovItemId="S150" CovItemPrefix="InitializeCards.java" Intrnl_Id="256">
<LocList>
<Loc EndOffset="6997" SrcFileId="2" StartOffset="6964"/>
</LocList>
</BasicStmnt>
<BasicStmnt CovItemId="S151" CovItemPrefix="InitializeCards.java" Intrnl_Id="257">
<LocList>
<Loc EndOffset="7050" SrcFileId="2" StartOffset="7001"/>
</LocList>
</BasicStmnt>
<BasicStmnt CovItemId="S152" CovItemPrefix="InitializeCards.java" Intrnl_Id="258">
<LocList>
<Loc EndOffset="7083" SrcFileId="2" StartOffset="7054"/>
</LocList>
</BasicStmnt>
<BasicStmnt CovItemId="S153" CovItemPrefix="InitializeCards.java" Intrnl_Id="259">
<LocList>
<Loc EndOffset="7118" SrcFileId="2" StartOffset="7087"/>
</LocList>
</BasicStmnt>
<BasicStmnt CovItemId="S154" CovItemPrefix="InitializeCards.java" Intrnl_Id="260">
<LocList>
<Loc EndOffset="7150" SrcFileId="2" StartOffset="7122"/>
</LocList>
</BasicStmnt>
<BasicStmnt CovItemId="S155" CovItemPrefix="InitializeCards.java" Intrnl_Id="261">
<LocList>
<Loc EndOffset="7183" SrcFileId="2" StartOffset="7154"/>
</LocList>
</BasicStmnt>
<BasicStmnt CovItemId="S156" CovItemPrefix="InitializeCards.java" Intrnl_Id="262">
<LocList>
<Loc EndOffset="7218" SrcFileId="2" StartOffset="7187"/>
</LocList>
</BasicStmnt>
<BasicStmnt CovItemId="S157" CovItemPrefix="InitializeCards.java" Intrnl_Id="263">
<LocList>
<Loc EndOffset="7253" SrcFileId="2" StartOffset="7222"/>
</LocList>
</BasicStmnt>
</StmntSeq>
</HierarchyLvl>
<HierarchyLvl HierarchyLvlId="3323" HierarchyLvlTypeId="7" Intrnl_Id="264" Name="getCardHash">
<Header>
<Loc EndOffset="7305" SrcFileId="2" StartOffset="7262"/>
</Header>
<LocList>
<Loc EndOffset="7331" SrcFileId="2" StartOffset="7262"/>
</LocList>
<StmntSeq Intrnl_Id="265">
<LocList>
<Loc EndOffset="7327" SrcFileId="2" StartOffset="7311"/>
</LocList>
<BasicStmnt CovItemId="S158" CovItemPrefix="InitializeCards.java" Intrnl_Id="266">
<LocList>
<Loc EndOffset="7327" SrcFileId="2" StartOffset="7311"/>
</LocList>
</BasicStmnt>
</StmntSeq>
</HierarchyLvl>
</HierarchyLvl>
<HierarchyLvl HierarchyLvlId="3334" HierarchyLvlTypeId="8" Intrnl_Id="267" Name="Game">
<Header>
<Loc EndOffset="101" SrcFileId="3" StartOffset="84"/>
</Header>
<LocList>
<Loc EndOffset="2274" SrcFileId="3" StartOffset="84"/>
</LocList>
<StmntSeq Intrnl_Id="268">
<LocList>
<Loc EndOffset="158" SrcFileId="3" StartOffset="106"/>
<Loc EndOffset="217" SrcFileId="3" StartOffset="161"/>
<Loc EndOffset="275" SrcFileId="3" StartOffset="220"/>
<Loc EndOffset="307" SrcFileId="3" StartOffset="278"/>
<Loc EndOffset="339" SrcFileId="3" StartOffset="310"/>
<Loc EndOffset="396" SrcFileId="3" StartOffset="360"/>
<Loc EndOffset="415" SrcFileId="3" StartOffset="399"/>
<Loc EndOffset="492" SrcFileId="3" StartOffset="477"/>
</LocList>
<BasicStmnt CovItemId="S1" CovItemPrefix="Game.java" Intrnl_Id="269">
<LocList>
<Loc EndOffset="158" SrcFileId="3" StartOffset="106"/>
</LocList>
</BasicStmnt>
<BasicStmnt CovItemId="S2" CovItemPrefix="Game.java" Intrnl_Id="270">
<LocList>
<Loc EndOffset="217" SrcFileId="3" StartOffset="161"/>
</LocList>
</BasicStmnt>
<BasicStmnt CovItemId="S3" CovItemPrefix="Game.java" Intrnl_Id="271">
<LocList>
<Loc EndOffset="275" SrcFileId="3" StartOffset="220"/>
</LocList>
</BasicStmnt>
<BasicStmnt CovItemId="S4" CovItemPrefix="Game.java" Intrnl_Id="272">
<LocList>
<Loc EndOffset="307" SrcFileId="3" StartOffset="278"/>
</LocList>
</BasicStmnt>
<BasicStmnt CovItemId="S5" CovItemPrefix="Game.java" Intrnl_Id="273">
<LocList>
<Loc EndOffset="339" SrcFileId="3" StartOffset="310"/>
</LocList>
</BasicStmnt>
<BasicStmnt CovItemId="S6" CovItemPrefix="Game.java" Intrnl_Id="274">
<LocList>
<Loc EndOffset="396" SrcFileId="3" StartOffset="360"/>
</LocList>
</BasicStmnt>
<BasicStmnt CovItemId="S7" CovItemPrefix="Game.java" Intrnl_Id="275">
<LocList>
<Loc EndOffset="415" SrcFileId="3" StartOffset="399"/>
</LocList>
</BasicStmnt>
<BasicStmnt CovItemId="S8" CovItemPrefix="Game.java" Intrnl_Id="276">
<LocList>
<Loc EndOffset="492" SrcFileId="3" StartOffset="477"/>
</LocList>
</BasicStmnt>
</StmntSeq>
<HierarchyLvl HierarchyLvlId="3325" HierarchyLvlTypeId="7" Intrnl_Id="277" Name="Game">
<Header>
<Loc EndOffset="631" SrcFileId="3" StartOffset="564"/>
</Header>
<LocList>
<Loc EndOffset="714" SrcFileId="3" StartOffset="564"/>
</LocList>
<StmntSeq Intrnl_Id="278">
<LocList>
<Loc EndOffset="657" SrcFileId="3" StartOffset="638"/>
<Loc EndOffset="688" SrcFileId="3" StartOffset="661"/>
<Loc EndOffset="710" SrcFileId="3" StartOffset="692"/>
</LocList>
<BasicStmnt CovItemId="S9" CovItemPrefix="Game.java" Intrnl_Id="279">
<LocList>
<Loc EndOffset="657" SrcFileId="3" StartOffset="638"/>
</LocList>
</BasicStmnt>
<BasicStmnt CovItemId="S10" CovItemPrefix="Game.java" Intrnl_Id="280">
<LocList>
<Loc EndOffset="688" SrcFileId="3" StartOffset="661"/>
</LocList>
</BasicStmnt>
<BasicStmnt CovItemId="S11" CovItemPrefix="Game.java" Intrnl_Id="281">
<LocList>
<Loc EndOffset="710" SrcFileId="3" StartOffset="692"/>
</LocList>
</BasicStmnt>
</StmntSeq>
</HierarchyLvl>
<HierarchyLvl HierarchyLvlId="3326" HierarchyLvlTypeId="7" Intrnl_Id="282" Name="shuffle">
<Header>
<Loc EndOffset="781" SrcFileId="3" StartOffset="722"/>
</Header>
<LocList>
<Loc EndOffset="1020" SrcFileId="3" StartOffset="722"/>
</LocList>
<StmntSeq Intrnl_Id="283">
<LocList>
<Loc EndOffset="814" SrcFileId="3" StartOffset="787"/>
<Loc EndOffset="999" SrcFileId="3" StartOffset="818"/>
<Loc EndOffset="1016" SrcFileId="3" StartOffset="1003"/>
</LocList>
<BasicStmnt CovItemId="S12" CovItemPrefix="Game.java" Intrnl_Id="284">
<LocList>
<Loc EndOffset="814" SrcFileId="3" StartOffset="787"/>
</LocList>
</BasicStmnt>
<LoopStmnt CovItemId="S13" CovItemPrefix="Game.java" Intrnl_Id="285" MltplExecId="L1-2" MltplExecPrefix="Game.java" NvrExecId="L1-0" NvrExecPrefix="Game.java" OnceExecutedId="L1-1" OnceExecutedPrefix="Game.java" OptBodyExec="true">
<StmntSeq Intrnl_Id="286">
<LocList>
<Loc EndOffset="897" SrcFileId="3" StartOffset="867"/>
<Loc EndOffset="932" SrcFileId="3" StartOffset="902"/>
<Loc EndOffset="970" SrcFileId="3" StartOffset="937"/>
<Loc EndOffset="994" SrcFileId="3" StartOffset="975"/>
</LocList>
<BasicStmnt CovItemId="S14" CovItemPrefix="Game.java" Intrnl_Id="287">
<LocList>
<Loc EndOffset="897" SrcFileId="3" StartOffset="867"/>
</LocList>
</BasicStmnt>
<BasicStmnt CovItemId="S15" CovItemPrefix="Game.java" Intrnl_Id="288">
<LocList>
<Loc EndOffset="932" SrcFileId="3" StartOffset="902"/>
</LocList>
</BasicStmnt>
<BasicStmnt CovItemId="S16" CovItemPrefix="Game.java" Intrnl_Id="289">
<LocList>
<Loc EndOffset="970" SrcFileId="3" StartOffset="937"/>
</LocList>
</BasicStmnt>
<BasicStmnt CovItemId="S17" CovItemPrefix="Game.java" Intrnl_Id="290">
<LocList>
<Loc EndOffset="994" SrcFileId="3" StartOffset="975"/>
</LocList>
</BasicStmnt>
</StmntSeq>
<Keyword EndOffset="821" SrcFileId="3" StartOffset="818"/>
<LocList>
<Loc EndOffset="999" SrcFileId="3" StartOffset="818"/>
</LocList>
<RootTerm CovItemId="C1" CovItemPrefix="Game.java" Intrnl_Id="291">
<BasicBoolTerm Intrnl_Id="292">
<LocList>
<Loc EndOffset="854" SrcFileId="3" StartOffset="849"/>
</LocList>
</BasicBoolTerm>
</RootTerm>
</LoopStmnt>
<BasicStmnt CovItemId="S18" CovItemPrefix="Game.java" Intrnl_Id="293">
<LocList>
<Loc EndOffset="1016" SrcFileId="3" StartOffset="1003"/>
</LocList>
</BasicStmnt>
</StmntSeq>
</HierarchyLvl>
<HierarchyLvl HierarchyLvlId="3327" HierarchyLvlTypeId="7" Intrnl_Id="294" Name="setInitialCards">
<Header>
<Loc EndOffset="1055" SrcFileId="3" StartOffset="1026"/>
</Header>
<LocList>
<Loc EndOffset="1120" SrcFileId="3" StartOffset="1026"/>
</LocList>
<StmntSeq Intrnl_Id="295">
<LocList>
<Loc EndOffset="1086" SrcFileId="3" StartOffset="1060"/>
<Loc EndOffset="1116" SrcFileId="3" StartOffset="1090"/>
</LocList>
<BasicStmnt CovItemId="S19" CovItemPrefix="Game.java" Intrnl_Id="296">
<LocList>
<Loc EndOffset="1086" SrcFileId="3" StartOffset="1060"/>
</LocList>
</BasicStmnt>
<BasicStmnt CovItemId="S20" CovItemPrefix="Game.java" Intrnl_Id="297">
<LocList>
<Loc EndOffset="1116" SrcFileId="3" StartOffset="1090"/>
</LocList>
</BasicStmnt>
</StmntSeq>
</HierarchyLvl>
<HierarchyLvl HierarchyLvlId="3328" HierarchyLvlTypeId="7" Intrnl_Id="298" Name="dealCards">
<Header>
<Loc EndOffset="1165" SrcFileId="3" StartOffset="1128"/>
</Header>
<LocList>
<Loc EndOffset="1544" SrcFileId="3" StartOffset="1128"/>
</LocList>
<StmntSeq Intrnl_Id="299">
<LocList>
<Loc EndOffset="1222" SrcFileId="3" StartOffset="1171"/>
<Loc EndOffset="1249" SrcFileId="3" StartOffset="1226"/>
<Loc EndOffset="1284" SrcFileId="3" StartOffset="1253"/>
<Loc EndOffset="1524" SrcFileId="3" StartOffset="1288"/>
<Loc EndOffset="1540" SrcFileId="3" StartOffset="1528"/>
</LocList>
<BasicStmnt CovItemId="S21" CovItemPrefix="Game.java" Intrnl_Id="300">
<LocList>
<Loc EndOffset="1222" SrcFileId="3" StartOffset="1171"/>
</LocList>
</BasicStmnt>
<BasicStmnt CovItemId="S22" CovItemPrefix="Game.java" Intrnl_Id="301">
<LocList>
<Loc EndOffset="1249" SrcFileId="3" StartOffset="1226"/>
</LocList>
</BasicStmnt>
<BasicStmnt CovItemId="S23" CovItemPrefix="Game.java" Intrnl_Id="302">
<LocList>
<Loc EndOffset="1284" SrcFileId="3" StartOffset="1253"/>
</LocList>
</BasicStmnt>
<LoopStmnt CovItemId="S24" CovItemPrefix="Game.java" Intrnl_Id="303" MltplExecId="L2-2" MltplExecPrefix="Game.java" NvrExecId="L2-0" NvrExecPrefix="Game.java" OnceExecutedId="L2-1" OnceExecutedPrefix="Game.java" OptBodyExec="true">
<StmntSeq Intrnl_Id="304">
<LocList>
<Loc EndOffset="1361" SrcFileId="3" StartOffset="1323"/>
<Loc EndOffset="1410" SrcFileId="3" StartOffset="1366"/>
<Loc EndOffset="1457" SrcFileId="3" StartOffset="1415"/>
<Loc EndOffset="1514" SrcFileId="3" StartOffset="1462"/>
</LocList>
<BasicStmnt CovItemId="S25" CovItemPrefix="Game.java" Intrnl_Id="305">
<LocList>
<Loc EndOffset="1361" SrcFileId="3" StartOffset="1323"/>
</LocList>
</BasicStmnt>
<BasicStmnt CovItemId="S26" CovItemPrefix="Game.java" Intrnl_Id="306">
<LocList>
<Loc EndOffset="1410" SrcFileId="3" StartOffset="1366"/>
</LocList>
</BasicStmnt>
<BasicStmnt CovItemId="S27" CovItemPrefix="Game.java" Intrnl_Id="307">
<LocList>
<Loc EndOffset="1457" SrcFileId="3" StartOffset="1415"/>
</LocList>
</BasicStmnt>
<BasicStmnt CovItemId="S28" CovItemPrefix="Game.java" Intrnl_Id="308">
<LocList>
<Loc EndOffset="1514" SrcFileId="3" StartOffset="1462"/>
</LocList>
</BasicStmnt>
</StmntSeq>
<Keyword EndOffset="1291" SrcFileId="3" StartOffset="1288"/>
<LocList>
<Loc EndOffset="1524" SrcFileId="3" StartOffset="1288"/>
</LocList>
<RootTerm CovItemId="C2" CovItemPrefix="Game.java" Intrnl_Id="309">
<BasicBoolTerm Intrnl_Id="310">
<LocList>
<Loc EndOffset="1310" SrcFileId="3" StartOffset="1304"/>
</LocList>
</BasicBoolTerm>
</RootTerm>
</LoopStmnt>
<BasicStmnt CovItemId="S29" CovItemPrefix="Game.java" Intrnl_Id="311">
<LocList>
<Loc EndOffset="1540" SrcFileId="3" StartOffset="1528"/>
</LocList>
</BasicStmnt>
</StmntSeq>
</HierarchyLvl>
<HierarchyLvl HierarchyLvlId="3329" HierarchyLvlTypeId="7" Intrnl_Id="312" Name="dealNewCard">
<Header>
<Loc EndOffset="1687" SrcFileId="3" StartOffset="1625"/>
</Header>
<LocList>
<Loc EndOffset="1845" SrcFileId="3" StartOffset="1625"/>
</LocList>
<StmntSeq Intrnl_Id="313">
<LocList>
<Loc EndOffset="1719" SrcFileId="3" StartOffset="1693"/>
<Loc EndOffset="1827" SrcFileId="3" StartOffset="1723"/>
<Loc EndOffset="1841" SrcFileId="3" StartOffset="1828"/>
</LocList>
<BasicStmnt CovItemId="S30" CovItemPrefix="Game.java" Intrnl_Id="314">
<LocList>
<Loc EndOffset="1719" SrcFileId="3" StartOffset="1693"/>
</LocList>
</BasicStmnt>
<CondStmnt CovItemId="S31" CovItemPrefix="Game.java" Intrnl_Id="315">
<Branch CovItemId="B1" CovItemPrefix="Game.java" Implct="false" Intrnl_Id="316">
<Cond/>
<LocList>
<Loc EndOffset="1827" SrcFileId="3" StartOffset="1746"/>
</LocList>
<StmntSeq Intrnl_Id="317">
<LocList>
<Loc EndOffset="1781" SrcFileId="3" StartOffset="1752"/>
<Loc EndOffset="1805" SrcFileId="3" StartOffset="1786"/>
<Loc EndOffset="1822" SrcFileId="3" StartOffset="1810"/>
</LocList>
<BasicStmnt CovItemId="S32" CovItemPrefix="Game.java" Intrnl_Id="318">
<LocList>
<Loc EndOffset="1781" SrcFileId="3" StartOffset="1752"/>
</LocList>
</BasicStmnt>
<BasicStmnt CovItemId="S33" CovItemPrefix="Game.java" Intrnl_Id="319">
<LocList>
<Loc EndOffset="1805" SrcFileId="3" StartOffset="1786"/>
</LocList>
</BasicStmnt>
<BasicStmnt CovItemId="S34" CovItemPrefix="Game.java" Intrnl_Id="320">
<LocList>
<Loc EndOffset="1822" SrcFileId="3" StartOffset="1810"/>
</LocList>
</BasicStmnt>
</StmntSeq>
</Branch>
<Branch CovItemId="B2" CovItemPrefix="Game.java" Implct="true" Intrnl_Id="321">
<Cond/>
<LocList/>
<StmntSeq Intrnl_Id="322">
<LocList/>
</StmntSeq>
</Branch>
<Keyword EndOffset="1725" SrcFileId="3" StartOffset="1723"/>
<LocList>
<Loc EndOffset="1827" SrcFileId="3" StartOffset="1723"/>
</LocList>
<RootTerm CovItemId="C3" CovItemPrefix="Game.java" Intrnl_Id="323">
<BasicBoolTerm Intrnl_Id="324">
<LocList>
<Loc EndOffset="1744" SrcFileId="3" StartOffset="1726"/>
</LocList>
</BasicBoolTerm>
</RootTerm>
</CondStmnt>
<BasicStmnt CovItemId="S35" CovItemPrefix="Game.java" Intrnl_Id="325">
<LocList>
<Loc EndOffset="1841" SrcFileId="3" StartOffset="1828"/>
</LocList>
</BasicStmnt>
</StmntSeq>
</HierarchyLvl>
<HierarchyLvl HierarchyLvlId="3330" HierarchyLvlTypeId="7" Intrnl_Id="326" Name="mustDiscard">
<Header>
<Loc EndOffset="1887" SrcFileId="3" StartOffset="1851"/>
</Header>
<LocList>
<Loc EndOffset="1922" SrcFileId="3" StartOffset="1851"/>
</LocList>
<StmntSeq Intrnl_Id="327">
<LocList>
<Loc EndOffset="1918" SrcFileId="3" StartOffset="1893"/>
</LocList>
<BasicStmnt CovItemId="S36" CovItemPrefix="Game.java" Intrnl_Id="328">
<LocList>
<Loc EndOffset="1918" SrcFileId="3" StartOffset="1893"/>
</LocList>
</BasicStmnt>
</StmntSeq>
</HierarchyLvl>
<HierarchyLvl HierarchyLvlId="3331" HierarchyLvlTypeId="7" Intrnl_Id="329" Name="discardCard">
<Header>
<Loc EndOffset="1974" SrcFileId="3" StartOffset="1928"/>
</Header>
<LocList>
<Loc EndOffset="2097" SrcFileId="3" StartOffset="1928"/>
</LocList>
<StmntSeq Intrnl_Id="330">
<LocList>
<Loc EndOffset="2080" SrcFileId="3" StartOffset="1980"/>
<Loc EndOffset="2093" SrcFileId="3" StartOffset="2080"/>
</LocList>
<CondStmnt CovItemId="S37" CovItemPrefix="Game.java" Intrnl_Id="331">
<Branch CovItemId="B3" CovItemPrefix="Game.java" Implct="false" Intrnl_Id="332">
<Cond/>
<LocList>
<Loc EndOffset="2080" SrcFileId="3" StartOffset="2007"/>
</LocList>
<StmntSeq Intrnl_Id="333">
<LocList>
<Loc EndOffset="2034" SrcFileId="3" StartOffset="2013"/>
<Loc EndOffset="2058" SrcFileId="3" StartOffset="2039"/>
<Loc EndOffset="2075" SrcFileId="3" StartOffset="2063"/>
</LocList>
<BasicStmnt CovItemId="S38" CovItemPrefix="Game.java" Intrnl_Id="334">
<LocList>
<Loc EndOffset="2034" SrcFileId="3" StartOffset="2013"/>
</LocList>
</BasicStmnt>
<BasicStmnt CovItemId="S39" CovItemPrefix="Game.java" Intrnl_Id="335">
<LocList>
<Loc EndOffset="2058" SrcFileId="3" StartOffset="2039"/>
</LocList>
</BasicStmnt>
<BasicStmnt CovItemId="S40" CovItemPrefix="Game.java" Intrnl_Id="336">
<LocList>
<Loc EndOffset="2075" SrcFileId="3" StartOffset="2063"/>
</LocList>
</BasicStmnt>
</StmntSeq>
</Branch>
<Branch CovItemId="B4" CovItemPrefix="Game.java" Implct="true" Intrnl_Id="337">
<Cond/>
<LocList/>
<StmntSeq Intrnl_Id="338">
<LocList/>
</StmntSeq>
</Branch>
<Keyword EndOffset="1982" SrcFileId="3" StartOffset="1980"/>
<LocList>
<Loc EndOffset="2080" SrcFileId="3" StartOffset="1980"/>
</LocList>
<RootTerm CovItemId="C4" CovItemPrefix="Game.java" Intrnl_Id="339">
<BasicBoolTerm Intrnl_Id="340">
<LocList>
<Loc EndOffset="2005" SrcFileId="3" StartOffset="1983"/>
</LocList>
</BasicBoolTerm>
</RootTerm>
</CondStmnt>
<BasicStmnt CovItemId="S41" CovItemPrefix="Game.java" Intrnl_Id="341">
<LocList>
<Loc EndOffset="2093" SrcFileId="3" StartOffset="2080"/>
</LocList>
</BasicStmnt>
</StmntSeq>
</HierarchyLvl>
<HierarchyLvl HierarchyLvlId="3332" HierarchyLvlTypeId="7" Intrnl_Id="342" Name="returnDiscardPile">
<Header>
<Loc EndOffset="2148" SrcFileId="3" StartOffset="2103"/>
</Header>
<LocList>
<Loc EndOffset="2174" SrcFileId="3" StartOffset="2103"/>
</LocList>
<StmntSeq Intrnl_Id="343">
<LocList>
<Loc EndOffset="2170" SrcFileId="3" StartOffset="2154"/>
</LocList>
<BasicStmnt CovItemId="S42" CovItemPrefix="Game.java" Intrnl_Id="344">
<LocList>
<Loc EndOffset="2170" SrcFileId="3" StartOffset="2154"/>
</LocList>
</BasicStmnt>
</StmntSeq>
</HierarchyLvl>
<HierarchyLvl HierarchyLvlId="3333" HierarchyLvlTypeId="7" Intrnl_Id="345" Name="rollDice">
<Header>
<Loc EndOffset="2201" SrcFileId="3" StartOffset="2180"/>
</Header>
<LocList>
<Loc EndOffset="2269" SrcFileId="3" StartOffset="2180"/>
</LocList>
<StmntSeq Intrnl_Id="346">
<LocList>
<Loc EndOffset="2234" SrcFileId="3" StartOffset="2207"/>
<Loc EndOffset="2265" SrcFileId="3" StartOffset="2238"/>
</LocList>
<BasicStmnt CovItemId="S43" CovItemPrefix="Game.java" Intrnl_Id="347">
<LocList>
<Loc EndOffset="2234" SrcFileId="3" StartOffset="2207"/>
</LocList>
</BasicStmnt>
<BasicStmnt CovItemId="S44" CovItemPrefix="Game.java" Intrnl_Id="348">
<LocList>
<Loc EndOffset="2265" SrcFileId="3" StartOffset="2238"/>
</LocList>
</BasicStmnt>
</StmntSeq>
</HierarchyLvl>
</HierarchyLvl>
<HierarchyLvl HierarchyLvlId="3418" HierarchyLvlTypeId="8" Intrnl_Id="349" Name="CardFunc">
<Header>
<Loc EndOffset="23" SrcFileId="4" StartOffset="2"/>
</Header>
<LocList>
<Loc EndOffset="14959" SrcFileId="4" StartOffset="2"/>
</LocList>
<HierarchyLvl HierarchyLvlId="3335" HierarchyLvlTypeId="7" Intrnl_Id="350" Name="CardFunc">
<Header>
<Loc EndOffset="95" SrcFileId="4" StartOffset="69"/>
</Header>
<LocList>
<Loc EndOffset="208" SrcFileId="4" StartOffset="69"/>
</LocList>
<StmntSeq Intrnl_Id="351">
<LocList>
<Loc EndOffset="117" SrcFileId="4" StartOffset="100"/>
<Loc EndOffset="200" SrcFileId="4" StartOffset="121"/>
</LocList>
<BasicStmnt CovItemId="S1" CovItemPrefix="CardFunc.java" Intrnl_Id="352">
<LocList>
<Loc EndOffset="117" SrcFileId="4" StartOffset="100"/>
</LocList>
</BasicStmnt>
<CondStmnt CovItemId="S2" CovItemPrefix="CardFunc.java" Intrnl_Id="353">
<Branch CovItemId="B1" CovItemPrefix="CardFunc.java" Implct="false" Intrnl_Id="354">
<Cond/>
<LocList>
<Loc EndOffset="169" SrcFileId="4" StartOffset="146"/>
</LocList>
<StmntSeq Intrnl_Id="355">
<LocList>
<Loc EndOffset="164" SrcFileId="4" StartOffset="152"/>
</LocList>
<BasicStmnt CovItemId="S3" CovItemPrefix="CardFunc.java" Intrnl_Id="356">
<LocList>
<Loc EndOffset="164" SrcFileId="4" StartOffset="152"/>
</LocList>
</BasicStmnt>
</StmntSeq>
</Branch>
<Branch CovItemId="B2" CovItemPrefix="CardFunc.java" Implct="false" Intrnl_Id="357">
<Cond>
<Loc EndOffset="177" SrcFileId="4" StartOffset="173"/>
</Cond>
<LocList>
<Loc EndOffset="200" SrcFileId="4" StartOffset="177"/>
</LocList>
<StmntSeq Intrnl_Id="358">
<LocList>
<Loc EndOffset="195" SrcFileId="4" StartOffset="183"/>
</LocList>
<BasicStmnt CovItemId="S4" CovItemPrefix="CardFunc.java" Intrnl_Id="359">
<LocList>
<Loc EndOffset="195" SrcFileId="4" StartOffset="183"/>
</LocList>
</BasicStmnt>
</StmntSeq>
</Branch>
<Keyword EndOffset="123" SrcFileId="4" StartOffset="121"/>
<LocList>
<Loc EndOffset="200" SrcFileId="4" StartOffset="121"/>
</LocList>
<RootTerm CovItemId="C1" CovItemPrefix="CardFunc.java" Intrnl_Id="360">
<BasicBoolTerm Intrnl_Id="361">
<LocList>
<Loc EndOffset="145" SrcFileId="4" StartOffset="125"/>
</LocList>
</BasicBoolTerm>
</RootTerm>
</CondStmnt>
</StmntSeq>
</HierarchyLvl>
<HierarchyLvl HierarchyLvlId="3336" HierarchyLvlTypeId="7" Intrnl_Id="362" Name="func1Init">
<Header>
<Loc EndOffset="237" SrcFileId="4" StartOffset="214"/>
</Header>
<LocList>
<Loc EndOffset="261" SrcFileId="4" StartOffset="214"/>
</LocList>
<StmntSeq Intrnl_Id="363">
<LocList>
<Loc EndOffset="257" SrcFileId="4" StartOffset="243"/>
</LocList>
<BasicStmnt CovItemId="S5" CovItemPrefix="CardFunc.java" Intrnl_Id="364">
<LocList>
<Loc EndOffset="257" SrcFileId="4" StartOffset="243"/>
</LocList>
</BasicStmnt>
</StmntSeq>
</HierarchyLvl>
<HierarchyLvl HierarchyLvlId="3337" HierarchyLvlTypeId="7" Intrnl_Id="365" Name="func1">
<Header>
<Loc EndOffset="302" SrcFileId="4" StartOffset="267"/>
</Header>
<LocList>
<Loc EndOffset="428" SrcFileId="4" StartOffset="267"/>
</LocList>
<StmntSeq Intrnl_Id="366">
<LocList>
<Loc EndOffset="424" SrcFileId="4" StartOffset="360"/>
</LocList>
<CondStmnt CovItemId="S6" CovItemPrefix="CardFunc.java" Intrnl_Id="367">
<Branch CovItemId="B3" CovItemPrefix="CardFunc.java" Implct="false" Intrnl_Id="368">
<Cond/>
<LocList>
<Loc EndOffset="424" SrcFileId="4" StartOffset="373"/>
</LocList>
<StmntSeq Intrnl_Id="369">
<LocList>
<Loc EndOffset="419" SrcFileId="4" StartOffset="379"/>
</LocList>
<BasicStmnt CovItemId="S7" CovItemPrefix="CardFunc.java" Intrnl_Id="370">
<LocList>
<Loc EndOffset="419" SrcFileId="4" StartOffset="379"/>
</LocList>
</BasicStmnt>
</StmntSeq>
</Branch>
<Branch CovItemId="B4" CovItemPrefix="CardFunc.java" Implct="true" Intrnl_Id="371">
<Cond/>
<LocList/>
<StmntSeq Intrnl_Id="372">
<LocList/>
</StmntSeq>
</Branch>
<Keyword EndOffset="362" SrcFileId="4" StartOffset="360"/>
<LocList>
<Loc EndOffset="424" SrcFileId="4" StartOffset="360"/>
</LocList>
<RootTerm CovItemId="C2" CovItemPrefix="CardFunc.java" Intrnl_Id="373">
<BasicBoolTerm Intrnl_Id="374">
<LocList>
<Loc EndOffset="371" SrcFileId="4" StartOffset="363"/>
</LocList>
</BasicBoolTerm>
</RootTerm>
</CondStmnt>
</StmntSeq>
</HierarchyLvl>
<HierarchyLvl HierarchyLvlId="3338" HierarchyLvlTypeId="7" Intrnl_Id="375" Name="func2Init">
<Header>
<Loc EndOffset="457" SrcFileId="4" StartOffset="434"/>
</Header>
<LocList>
<Loc EndOffset="534" SrcFileId="4" StartOffset="434"/>
</LocList>
<StmntSeq Intrnl_Id="376">
<LocList>
<Loc EndOffset="530" SrcFileId="4" StartOffset="463"/>
</LocList>
<CondStmnt CovItemId="S8" CovItemPrefix="CardFunc.java" Intrnl_Id="377">
<Branch CovItemId="B5" CovItemPrefix="CardFunc.java" Implct="false" Intrnl_Id="378">
<Cond/>
<LocList>
<Loc EndOffset="530" SrcFileId="4" StartOffset="505"/>
</LocList>
<StmntSeq Intrnl_Id="379">
<LocList>
<Loc EndOffset="525" SrcFileId="4" StartOffset="511"/>
</LocList>
<BasicStmnt CovItemId="S9" CovItemPrefix="CardFunc.java" Intrnl_Id="380">
<LocList>
<Loc EndOffset="525" SrcFileId="4" StartOffset="511"/>
</LocList>
</BasicStmnt>
</StmntSeq>
</Branch>
<Branch CovItemId="B6" CovItemPrefix="CardFunc.java" Implct="true" Intrnl_Id="381">
<Cond/>
<LocList/>
<StmntSeq Intrnl_Id="382">
<LocList/>
</StmntSeq>
</Branch>
<Keyword EndOffset="465" SrcFileId="4" StartOffset="463"/>
<LocList>
<Loc EndOffset="530" SrcFileId="4" StartOffset="463"/>
</LocList>
<RootTerm CovItemId="C3" CovItemPrefix="CardFunc.java" Intrnl_Id="383">
<BasicBoolTerm Intrnl_Id="384">
<LocList>
<Loc EndOffset="503" SrcFileId="4" StartOffset="466"/>
</LocList>
</BasicBoolTerm>
</RootTerm>
</CondStmnt>
</StmntSeq>
</HierarchyLvl>
<HierarchyLvl HierarchyLvlId="3339" HierarchyLvlTypeId="7" Intrnl_Id="385" Name="func2">
<Header>
<Loc EndOffset="575" SrcFileId="4" StartOffset="540"/>
</Header>
<LocList>
<Loc EndOffset="866" SrcFileId="4" StartOffset="540"/>
</LocList>
<StmntSeq Intrnl_Id="386">
<LocList>
<Loc EndOffset="862" SrcFileId="4" StartOffset="666"/>
</LocList>
<CondStmnt CovItemId="S10" CovItemPrefix="CardFunc.java" Intrnl_Id="387">
<Branch CovItemId="B7" CovItemPrefix="CardFunc.java" Implct="false" Intrnl_Id="388">
<Cond/>
<LocList>
<Loc EndOffset="730" SrcFileId="4" StartOffset="679"/>
</LocList>
<StmntSeq Intrnl_Id="389">
<LocList>
<Loc EndOffset="725" SrcFileId="4" StartOffset="685"/>
</LocList>
<BasicStmnt CovItemId="S11" CovItemPrefix="CardFunc.java" Intrnl_Id="390">
<LocList>
<Loc EndOffset="725" SrcFileId="4" StartOffset="685"/>
</LocList>
</BasicStmnt>
</StmntSeq>
</Branch>
<Branch CovItemId="B8" CovItemPrefix="CardFunc.java" Implct="false" Intrnl_Id="391">
<Cond>
<Loc EndOffset="735" SrcFileId="4" StartOffset="731"/>
</Cond>
<LocList>
<Loc EndOffset="862" SrcFileId="4" StartOffset="736"/>
</LocList>
<StmntSeq Intrnl_Id="392">
<LocList>
<Loc EndOffset="857" SrcFileId="4" StartOffset="742"/>
</LocList>
<CondStmnt CovItemId="S12" CovItemPrefix="CardFunc.java" Intrnl_Id="393">
<Branch CovItemId="B9" CovItemPrefix="CardFunc.java" Implct="false" Intrnl_Id="394">
<Cond/>
<LocList>
<Loc EndOffset="857" SrcFileId="4" StartOffset="777"/>
</LocList>
<StmntSeq Intrnl_Id="395">
<LocList>
<Loc EndOffset="801" SrcFileId="4" StartOffset="784"/>
</LocList>
<BasicStmnt CovItemId="S13" CovItemPrefix="CardFunc.java" Intrnl_Id="396">
<LocList>
<Loc EndOffset="801" SrcFileId="4" StartOffset="784"/>
</LocList>
</BasicStmnt>
</StmntSeq>
</Branch>
<Branch CovItemId="B10" CovItemPrefix="CardFunc.java" Implct="true" Intrnl_Id="397">
<Cond/>
<LocList/>
<StmntSeq Intrnl_Id="398">
<LocList/>
</StmntSeq>
</Branch>
<Keyword EndOffset="744" SrcFileId="4" StartOffset="742"/>
<LocList>
<Loc EndOffset="857" SrcFileId="4" StartOffset="742"/>
</LocList>
<RootTerm CovItemId="C5" CovItemPrefix="CardFunc.java" Intrnl_Id="399">
<OpTerm BooleanOpId="6" Intrnl_Id="400">
<BasicBoolTerm Intrnl_Id="401">
<LocList>
<Loc EndOffset="775" SrcFileId="4" StartOffset="746"/>
</LocList>
</BasicBoolTerm>
<LocList>
<Loc EndOffset="746" SrcFileId="4" StartOffset="745"/>
</LocList>
</OpTerm>
</RootTerm>
</CondStmnt>
</StmntSeq>
</Branch>
<Keyword EndOffset="668" SrcFileId="4" StartOffset="666"/>
<LocList>
<Loc EndOffset="862" SrcFileId="4" StartOffset="666"/>
</LocList>
<RootTerm CovItemId="C4" CovItemPrefix="CardFunc.java" Intrnl_Id="402">
<BasicBoolTerm Intrnl_Id="403">
<LocList>
<Loc EndOffset="677" SrcFileId="4" StartOffset="669"/>
</LocList>
</BasicBoolTerm>
</RootTerm>
</CondStmnt>
</StmntSeq>
</HierarchyLvl>
<HierarchyLvl HierarchyLvlId="3340" HierarchyLvlTypeId="7" Intrnl_Id="404" Name="func3">
<Header>
<Loc EndOffset="891" SrcFileId="4" StartOffset="872"/>
</Header>
<LocList>
<Loc EndOffset="952" SrcFileId="4" StartOffset="872"/>
</LocList>
</HierarchyLvl>
<HierarchyLvl HierarchyLvlId="3341" HierarchyLvlTypeId="7" Intrnl_Id="405" Name="func4Init">
<Header>
<Loc EndOffset="981" SrcFileId="4" StartOffset="958"/>
</Header>
<LocList>
<Loc EndOffset="1057" SrcFileId="4" StartOffset="958"/>
</LocList>
<StmntSeq Intrnl_Id="406">
<LocList>
<Loc EndOffset="1042" SrcFileId="4" StartOffset="1019"/>
</LocList>
<BasicStmnt CovItemId="S14" CovItemPrefix="CardFunc.java" Intrnl_Id="407">
<LocList>
<Loc EndOffset="1042" SrcFileId="4" StartOffset="1019"/>
</LocList>
</BasicStmnt>
</StmntSeq>
</HierarchyLvl>
<HierarchyLvl HierarchyLvlId="3342" HierarchyLvlTypeId="7" Intrnl_Id="408" Name="func4Result">
<Header>
<Loc EndOffset="1104" SrcFileId="4" StartOffset="1063"/>
</Header>
<LocList>
<Loc EndOffset="1264" SrcFileId="4" StartOffset="1063"/>
</LocList>
<StmntSeq Intrnl_Id="409">
<LocList>
<Loc EndOffset="1260" SrcFileId="4" StartOffset="1163"/>
</LocList>
<CondStmnt CovItemId="S15" CovItemPrefix="CardFunc.java" Intrnl_Id="410">
<Branch CovItemId="B11" CovItemPrefix="CardFunc.java" Implct="false" Intrnl_Id="411">
<Cond/>
<LocList>
<Loc EndOffset="1227" SrcFileId="4" StartOffset="1176"/>
</LocList>
<StmntSeq Intrnl_Id="412">
<LocList>
<Loc EndOffset="1222" SrcFileId="4" StartOffset="1182"/>
</LocList>
<BasicStmnt CovItemId="S16" CovItemPrefix="CardFunc.java" Intrnl_Id="413">
<LocList>
<Loc EndOffset="1222" SrcFileId="4" StartOffset="1182"/>
</LocList>
</BasicStmnt>
</StmntSeq>
</Branch>
<Branch CovItemId="B12" CovItemPrefix="CardFunc.java" Implct="false" Intrnl_Id="414">
<Cond>
<Loc EndOffset="1232" SrcFileId="4" StartOffset="1228"/>
</Cond>
<LocList>
<Loc EndOffset="1260" SrcFileId="4" StartOffset="1233"/>
</LocList>
<StmntSeq Intrnl_Id="415">
<LocList/>
</StmntSeq>
</Branch>
<Keyword EndOffset="1165" SrcFileId="4" StartOffset="1163"/>
<LocList>
<Loc EndOffset="1260" SrcFileId="4" StartOffset="1163"/>
</LocList>
<RootTerm CovItemId="C6" CovItemPrefix="CardFunc.java" Intrnl_Id="416">
<BasicBoolTerm Intrnl_Id="417">
<LocList>
<Loc EndOffset="1174" SrcFileId="4" StartOffset="1166"/>
</LocList>
</BasicBoolTerm>
</RootTerm>
</CondStmnt>
</StmntSeq>
</HierarchyLvl>
<HierarchyLvl HierarchyLvlId="3343" HierarchyLvlTypeId="7" Intrnl_Id="418" Name="func5Init">
<Header>
<Loc EndOffset="1293" SrcFileId="4" StartOffset="1270"/>
</Header>
<LocList>
<Loc EndOffset="1429" SrcFileId="4" StartOffset="1270"/>
</LocList>
<StmntSeq Intrnl_Id="419">
<LocList>
<Loc EndOffset="1425" SrcFileId="4" StartOffset="1299"/>
</LocList>
<CondStmnt CovItemId="S17" CovItemPrefix="CardFunc.java" Intrnl_Id="420">
<Branch CovItemId="B13" CovItemPrefix="CardFunc.java" Implct="false" Intrnl_Id="421">
<Cond/>
<LocList>
<Loc EndOffset="1360" SrcFileId="4" StartOffset="1335"/>
</LocList>
<StmntSeq Intrnl_Id="422">
<LocList>
<Loc EndOffset="1355" SrcFileId="4" StartOffset="1341"/>
</LocList>
<BasicStmnt CovItemId="S18" CovItemPrefix="CardFunc.java" Intrnl_Id="423">
<LocList>
<Loc EndOffset="1355" SrcFileId="4" StartOffset="1341"/>
</LocList>
</BasicStmnt>
</StmntSeq>
</Branch>
<Branch CovItemId="B14" CovItemPrefix="CardFunc.java" Implct="false" Intrnl_Id="424">
<Cond>
<Loc EndOffset="1365" SrcFileId="4" StartOffset="1361"/>
</Cond>
<LocList>
<Loc EndOffset="1425" SrcFileId="4" StartOffset="1366"/>
</LocList>
<StmntSeq Intrnl_Id="425">
<LocList>
<Loc EndOffset="1425" SrcFileId="4" StartOffset="1366"/>
</LocList>
<CondStmnt CovItemId="S19" CovItemPrefix="CardFunc.java" Intrnl_Id="426">
<Branch CovItemId="B15" CovItemPrefix="CardFunc.java" Implct="false" Intrnl_Id="427">
<Cond/>
<LocList>
<Loc EndOffset="1425" SrcFileId="4" StartOffset="1400"/>
</LocList>
<StmntSeq Intrnl_Id="428">
<LocList>
<Loc EndOffset="1420" SrcFileId="4" StartOffset="1406"/>
</LocList>
<BasicStmnt CovItemId="S20" CovItemPrefix="CardFunc.java" Intrnl_Id="429">
<LocList>
<Loc EndOffset="1420" SrcFileId="4" StartOffset="1406"/>
</LocList>
</BasicStmnt>
</StmntSeq>
</Branch>
<Branch CovItemId="B16" CovItemPrefix="CardFunc.java" Implct="true" Intrnl_Id="430">
<Cond/>
<LocList/>
<StmntSeq Intrnl_Id="431">
<LocList/>
</StmntSeq>
</Branch>
<Keyword EndOffset="1368" SrcFileId="4" StartOffset="1366"/>
<LocList>
<Loc EndOffset="1425" SrcFileId="4" StartOffset="1366"/>
</LocList>
<RootTerm CovItemId="C8" CovItemPrefix="CardFunc.java" Intrnl_Id="432">
<BasicBoolTerm Intrnl_Id="433">
<LocList>
<Loc EndOffset="1398" SrcFileId="4" StartOffset="1369"/>
</LocList>
</BasicBoolTerm>
</RootTerm>
</CondStmnt>
</StmntSeq>
</Branch>
<Keyword EndOffset="1301" SrcFileId="4" StartOffset="1299"/>
<LocList>
<Loc EndOffset="1425" SrcFileId="4" StartOffset="1299"/>
</LocList>
<RootTerm CovItemId="C7" CovItemPrefix="CardFunc.java" Intrnl_Id="434">
<BasicBoolTerm Intrnl_Id="435">
<LocList>
<Loc EndOffset="1333" SrcFileId="4" StartOffset="1302"/>
</LocList>
</BasicBoolTerm>
</RootTerm>
</CondStmnt>
</StmntSeq>
</HierarchyLvl>
<HierarchyLvl HierarchyLvlId="3344" HierarchyLvlTypeId="7" Intrnl_Id="436" Name="func5">
<Header>
<Loc EndOffset="1470" SrcFileId="4" StartOffset="1435"/>
</Header>
<LocList>
<Loc EndOffset="1815" SrcFileId="4" StartOffset="1435"/>
</LocList>
<StmntSeq Intrnl_Id="437">
<LocList>
<Loc EndOffset="1811" SrcFileId="4" StartOffset="1595"/>
</LocList>
<CondStmnt CovItemId="S21" CovItemPrefix="CardFunc.java" Intrnl_Id="438">
<Branch CovItemId="B17" CovItemPrefix="CardFunc.java" Implct="false" Intrnl_Id="439">
<Cond/>
<LocList>
<Loc EndOffset="1659" SrcFileId="4" StartOffset="1608"/>
</LocList>
<StmntSeq Intrnl_Id="440">
<LocList>
<Loc EndOffset="1654" SrcFileId="4" StartOffset="1614"/>
</LocList>
<BasicStmnt CovItemId="S22" CovItemPrefix="CardFunc.java" Intrnl_Id="441">
<LocList>
<Loc EndOffset="1654" SrcFileId="4" StartOffset="1614"/>
</LocList>
</BasicStmnt>
</StmntSeq>
</Branch>
<Branch CovItemId="B18" CovItemPrefix="CardFunc.java" Implct="false" Intrnl_Id="442">
<Cond>
<Loc EndOffset="1664" SrcFileId="4" StartOffset="1660"/>
</Cond>
<LocList>
<Loc EndOffset="1811" SrcFileId="4" StartOffset="1665"/>
</LocList>
<StmntSeq Intrnl_Id="443">
<LocList>
<Loc EndOffset="1806" SrcFileId="4" StartOffset="1671"/>
</LocList>
<CondStmnt CovItemId="S23" CovItemPrefix="CardFunc.java" Intrnl_Id="444">
<Branch CovItemId="B19" CovItemPrefix="CardFunc.java" Implct="false" Intrnl_Id="445">
<Cond/>
<LocList>
<Loc EndOffset="1763" SrcFileId="4" StartOffset="1706"/>
</LocList>
<StmntSeq Intrnl_Id="446">
<LocList/>
</StmntSeq>
</Branch>
<Branch CovItemId="B20" CovItemPrefix="CardFunc.java" Implct="false" Intrnl_Id="447">
<Cond>
<Loc EndOffset="1768" SrcFileId="4" StartOffset="1764"/>
</Cond>
<LocList>
<Loc EndOffset="1806" SrcFileId="4" StartOffset="1769"/>
</LocList>
<StmntSeq Intrnl_Id="448">
<LocList>
<Loc EndOffset="1800" SrcFileId="4" StartOffset="1776"/>
</LocList>
<BasicStmnt CovItemId="S24" CovItemPrefix="CardFunc.java" Intrnl_Id="449">
<LocList>
<Loc EndOffset="1800" SrcFileId="4" StartOffset="1776"/>
</LocList>
</BasicStmnt>
</StmntSeq>
</Branch>
<Keyword EndOffset="1673" SrcFileId="4" StartOffset="1671"/>
<LocList>
<Loc EndOffset="1806" SrcFileId="4" StartOffset="1671"/>
</LocList>
<RootTerm CovItemId="C10" CovItemPrefix="CardFunc.java" Intrnl_Id="450">
<BasicBoolTerm Intrnl_Id="451">
<LocList>
<Loc EndOffset="1704" SrcFileId="4" StartOffset="1675"/>
</LocList>
</BasicBoolTerm>
</RootTerm>
</CondStmnt>
</StmntSeq>
</Branch>
<Keyword EndOffset="1597" SrcFileId="4" StartOffset="1595"/>
<LocList>
<Loc EndOffset="1811" SrcFileId="4" StartOffset="1595"/>
</LocList>
<RootTerm CovItemId="C9" CovItemPrefix="CardFunc.java" Intrnl_Id="452">
<BasicBoolTerm Intrnl_Id="453">
<LocList>
<Loc EndOffset="1606" SrcFileId="4" StartOffset="1598"/>
</LocList>
</BasicBoolTerm>
</RootTerm>
</CondStmnt>
</StmntSeq>
</HierarchyLvl>
<HierarchyLvl HierarchyLvlId="3345" HierarchyLvlTypeId="7" Intrnl_Id="454" Name="func7Init">
<Header>
<Loc EndOffset="1844" SrcFileId="4" StartOffset="1821"/>
</Header>
<LocList>
<Loc EndOffset="1899" SrcFileId="4" StartOffset="1821"/>
</LocList>
<StmntSeq Intrnl_Id="455">
<LocList>
<Loc EndOffset="1895" SrcFileId="4" StartOffset="1850"/>
</LocList>
<CondStmnt CovItemId="S25" CovItemPrefix="CardFunc.java" Intrnl_Id="456">
<Branch CovItemId="B21" CovItemPrefix="CardFunc.java" Implct="false" Intrnl_Id="457">
<Cond/>
<LocList>
<Loc EndOffset="1895" SrcFileId="4" StartOffset="1870"/>
</LocList>
<StmntSeq Intrnl_Id="458">
<LocList>
<Loc EndOffset="1890" SrcFileId="4" StartOffset="1876"/>
</LocList>
<BasicStmnt CovItemId="S26" CovItemPrefix="CardFunc.java" Intrnl_Id="459">
<LocList>
<Loc EndOffset="1890" SrcFileId="4" StartOffset="1876"/>
</LocList>
</BasicStmnt>
</StmntSeq>
</Branch>
<Branch CovItemId="B22" CovItemPrefix="CardFunc.java" Implct="true" Intrnl_Id="460">
<Cond/>
<LocList/>
<StmntSeq Intrnl_Id="461">
<LocList/>
</StmntSeq>
</Branch>
<Keyword EndOffset="1852" SrcFileId="4" StartOffset="1850"/>
<LocList>
<Loc EndOffset="1895" SrcFileId="4" StartOffset="1850"/>
</LocList>
<RootTerm CovItemId="C11" CovItemPrefix="CardFunc.java" Intrnl_Id="462">
<BasicBoolTerm Intrnl_Id="463">
<LocList>
<Loc EndOffset="1868" SrcFileId="4" StartOffset="1853"/>
</LocList>
</BasicBoolTerm>
</RootTerm>
</CondStmnt>
</StmntSeq>
</HierarchyLvl>
<HierarchyLvl HierarchyLvlId="3346" HierarchyLvlTypeId="7" Intrnl_Id="464" Name="func7">
<Header>
<Loc EndOffset="1940" SrcFileId="4" StartOffset="1905"/>
</Header>
<LocList>
<Loc EndOffset="2310" SrcFileId="4" StartOffset="1905"/>
</LocList>
<StmntSeq Intrnl_Id="465">
<LocList>
<Loc EndOffset="2306" SrcFileId="4" StartOffset="2066"/>
</LocList>
<CondStmnt CovItemId="S27" CovItemPrefix="CardFunc.java" Intrnl_Id="466">
<Branch CovItemId="B23" CovItemPrefix="CardFunc.java" Implct="false" Intrnl_Id="467">
<Cond/>
<LocList>
<Loc EndOffset="2205" SrcFileId="4" StartOffset="2100"/>
</LocList>
<StmntSeq Intrnl_Id="468">
<LocList>
<Loc EndOffset="2200" SrcFileId="4" StartOffset="2142"/>
</LocList>
<BasicStmnt CovItemId="S28" CovItemPrefix="CardFunc.java" Intrnl_Id="469">
<LocList>
<Loc EndOffset="2200" SrcFileId="4" StartOffset="2142"/>
</LocList>
</BasicStmnt>
</StmntSeq>
</Branch>
<Branch CovItemId="B24" CovItemPrefix="CardFunc.java" Implct="false" Intrnl_Id="470">
<Cond>
<Loc EndOffset="2210" SrcFileId="4" StartOffset="2206"/>
</Cond>
<LocList>
<Loc EndOffset="2306" SrcFileId="4" StartOffset="2211"/>
</LocList>
<StmntSeq Intrnl_Id="471">
<LocList>
<Loc EndOffset="2301" SrcFileId="4" StartOffset="2251"/>
</LocList>
<BasicStmnt CovItemId="S29" CovItemPrefix="CardFunc.java" Intrnl_Id="472">
<LocList>
<Loc EndOffset="2301" SrcFileId="4" StartOffset="2251"/>
</LocList>
</BasicStmnt>
</StmntSeq>
</Branch>
<Keyword EndOffset="2068" SrcFileId="4" StartOffset="2066"/>
<LocList>
<Loc EndOffset="2306" SrcFileId="4" StartOffset="2066"/>
</LocList>
<RootTerm CovItemId="C12" CovItemPrefix="CardFunc.java" Intrnl_Id="473">
<BasicBoolTerm Intrnl_Id="474">
<LocList>
<Loc EndOffset="2098" SrcFileId="4" StartOffset="2069"/>
</LocList>
</BasicBoolTerm>
</RootTerm>
</CondStmnt>
</StmntSeq>
</HierarchyLvl>
<HierarchyLvl HierarchyLvlId="3347" HierarchyLvlTypeId="7" Intrnl_Id="475" Name="func8Init">
<Header>
<Loc EndOffset="2339" SrcFileId="4" StartOffset="2316"/>
</Header>
<LocList>
<Loc EndOffset="2400" SrcFileId="4" StartOffset="2316"/>
</LocList>
<StmntSeq Intrnl_Id="476">
<LocList>
<Loc EndOffset="2396" SrcFileId="4" StartOffset="2345"/>
</LocList>
<CondStmnt CovItemId="S30" CovItemPrefix="CardFunc.java" Intrnl_Id="477">
<Branch CovItemId="B25" CovItemPrefix="CardFunc.java" Implct="false" Intrnl_Id="478">
<Cond/>
<LocList>
<Loc EndOffset="2396" SrcFileId="4" StartOffset="2371"/>
</LocList>
<StmntSeq Intrnl_Id="479">
<LocList>
<Loc EndOffset="2391" SrcFileId="4" StartOffset="2377"/>
</LocList>
<BasicStmnt CovItemId="S31" CovItemPrefix="CardFunc.java" Intrnl_Id="480">
<LocList>
<Loc EndOffset="2391" SrcFileId="4" StartOffset="2377"/>
</LocList>
</BasicStmnt>
</StmntSeq>
</Branch>
<Branch CovItemId="B26" CovItemPrefix="CardFunc.java" Implct="true" Intrnl_Id="481">
<Cond/>
<LocList/>
<StmntSeq Intrnl_Id="482">
<LocList/>
</StmntSeq>
</Branch>
<Keyword EndOffset="2347" SrcFileId="4" StartOffset="2345"/>
<LocList>
<Loc EndOffset="2396" SrcFileId="4" StartOffset="2345"/>
</LocList>
<RootTerm CovItemId="C13" CovItemPrefix="CardFunc.java" Intrnl_Id="483">
<BasicBoolTerm Intrnl_Id="484">
<LocList>
<Loc EndOffset="2369" SrcFileId="4" StartOffset="2348"/>
</LocList>
</BasicBoolTerm>
</RootTerm>
</CondStmnt>
</StmntSeq>
</HierarchyLvl>
<HierarchyLvl HierarchyLvlId="3348" HierarchyLvlTypeId="7" Intrnl_Id="485" Name="func8">
<Header>
<Loc EndOffset="2441" SrcFileId="4" StartOffset="2406"/>
</Header>
<LocList>
<Loc EndOffset="2789" SrcFileId="4" StartOffset="2406"/>
</LocList>
<StmntSeq Intrnl_Id="486">
<LocList>
<Loc EndOffset="2785" SrcFileId="4" StartOffset="2563"/>
</LocList>
<CondStmnt CovItemId="S32" CovItemPrefix="CardFunc.java" Intrnl_Id="487">
<Branch CovItemId="B27" CovItemPrefix="CardFunc.java" Implct="false" Intrnl_Id="488">
<Cond/>
<LocList>
<Loc EndOffset="2672" SrcFileId="4" StartOffset="2576"/>
</LocList>
<StmntSeq Intrnl_Id="489">
<LocList>
<Loc EndOffset="2622" SrcFileId="4" StartOffset="2582"/>
<Loc EndOffset="2667" SrcFileId="4" StartOffset="2627"/>
</LocList>
<BasicStmnt CovItemId="S33" CovItemPrefix="CardFunc.java" Intrnl_Id="490">
<LocList>
<Loc EndOffset="2622" SrcFileId="4" StartOffset="2582"/>
</LocList>
</BasicStmnt>
<BasicStmnt CovItemId="S34" CovItemPrefix="CardFunc.java" Intrnl_Id="491">
<LocList>
<Loc EndOffset="2667" SrcFileId="4" StartOffset="2627"/>
</LocList>
</BasicStmnt>
</StmntSeq>
</Branch>
<Branch CovItemId="B28" CovItemPrefix="CardFunc.java" Implct="false" Intrnl_Id="492">
<Cond>
<Loc EndOffset="2677" SrcFileId="4" StartOffset="2673"/>
</Cond>
<LocList>
<Loc EndOffset="2785" SrcFileId="4" StartOffset="2678"/>
</LocList>
<StmntSeq Intrnl_Id="493">
<LocList>
<Loc EndOffset="2698" SrcFileId="4" StartOffset="2684"/>
<Loc EndOffset="2744" SrcFileId="4" StartOffset="2703"/>
</LocList>
<BasicStmnt CovItemId="S35" CovItemPrefix="CardFunc.java" Intrnl_Id="494">
<LocList>
<Loc EndOffset="2698" SrcFileId="4" StartOffset="2684"/>
</LocList>
</BasicStmnt>
<CondStmnt CovItemId="S36" CovItemPrefix="CardFunc.java" Intrnl_Id="495">
<Branch CovItemId="B29" CovItemPrefix="CardFunc.java" Implct="false" Intrnl_Id="496">
<Cond/>
<LocList>
<Loc EndOffset="2744" SrcFileId="4" StartOffset="2718"/>
</LocList>
<StmntSeq Intrnl_Id="497">
<LocList>
<Loc EndOffset="2738" SrcFileId="4" StartOffset="2725"/>
</LocList>
<BasicStmnt CovItemId="S37" CovItemPrefix="CardFunc.java" Intrnl_Id="498">
<LocList>
<Loc EndOffset="2738" SrcFileId="4" StartOffset="2725"/>
</LocList>
</BasicStmnt>
</StmntSeq>
</Branch>
<Branch CovItemId="B30" CovItemPrefix="CardFunc.java" Implct="true" Intrnl_Id="499">
<Cond/>
<LocList/>
<StmntSeq Intrnl_Id="500">
<LocList/>
</StmntSeq>
</Branch>
<Keyword EndOffset="2705" SrcFileId="4" StartOffset="2703"/>
<LocList>
<Loc EndOffset="2744" SrcFileId="4" StartOffset="2703"/>
</LocList>
<RootTerm CovItemId="C15" CovItemPrefix="CardFunc.java" Intrnl_Id="501">
<BasicBoolTerm Intrnl_Id="502">
<LocList>
<Loc EndOffset="2716" SrcFileId="4" StartOffset="2706"/>
</LocList>
</BasicBoolTerm>
</RootTerm>
</CondStmnt>
</StmntSeq>
</Branch>
<Keyword EndOffset="2565" SrcFileId="4" StartOffset="2563"/>
<LocList>
<Loc EndOffset="2785" SrcFileId="4" StartOffset="2563"/>
</LocList>
<RootTerm CovItemId="C14" CovItemPrefix="CardFunc.java" Intrnl_Id="503">
<BasicBoolTerm Intrnl_Id="504">
<LocList>
<Loc EndOffset="2574" SrcFileId="4" StartOffset="2566"/>
</LocList>
</BasicBoolTerm>
</RootTerm>
</CondStmnt>
</StmntSeq>
</HierarchyLvl>
<HierarchyLvl HierarchyLvlId="3349" HierarchyLvlTypeId="7" Intrnl_Id="505" Name="func26Init">
<Header>
<Loc EndOffset="2819" SrcFileId="4" StartOffset="2795"/>
</Header>
<LocList>
<Loc EndOffset="2898" SrcFileId="4" StartOffset="2795"/>
</LocList>
</HierarchyLvl>
<HierarchyLvl HierarchyLvlId="3350" HierarchyLvlTypeId="7" Intrnl_Id="506" Name="func26">
<Header>
<Loc EndOffset="2940" SrcFileId="4" StartOffset="2904"/>
</Header>
<LocList>
<Loc EndOffset="3253" SrcFileId="4" StartOffset="2904"/>
</LocList>
<StmntSeq Intrnl_Id="507">
<LocList>
<Loc EndOffset="3249" SrcFileId="4" StartOffset="3077"/>
</LocList>
<CondStmnt CovItemId="S38" CovItemPrefix="CardFunc.java" Intrnl_Id="508">
<Branch CovItemId="B31" CovItemPrefix="CardFunc.java" Implct="false" Intrnl_Id="509">
<Cond/>
<LocList>
<Loc EndOffset="3181" SrcFileId="4" StartOffset="3090"/>
</LocList>
<StmntSeq Intrnl_Id="510">
<LocList>
<Loc EndOffset="3176" SrcFileId="4" StartOffset="3096"/>
</LocList>
<LoopStmnt CovItemId="S39" CovItemPrefix="CardFunc.java" Intrnl_Id="511" MltplExecId="L1-2" MltplExecPrefix="CardFunc.java" NvrExecId="L1-0" NvrExecPrefix="CardFunc.java" OnceExecutedId="L1-1" OnceExecutedPrefix="CardFunc.java" OptBodyExec="true">
<StmntSeq Intrnl_Id="512">
<LocList>
<Loc EndOffset="3170" SrcFileId="4" StartOffset="3130"/>
</LocList>
<BasicStmnt CovItemId="S40" CovItemPrefix="CardFunc.java" Intrnl_Id="513">
<LocList>
<Loc EndOffset="3170" SrcFileId="4" StartOffset="3130"/>
</LocList>
</BasicStmnt>
</StmntSeq>
<Keyword EndOffset="3099" SrcFileId="4" StartOffset="3096"/>
<LocList>
<Loc EndOffset="3176" SrcFileId="4" StartOffset="3096"/>
</LocList>
<RootTerm CovItemId="C17" CovItemPrefix="CardFunc.java" Intrnl_Id="514">
<BasicBoolTerm Intrnl_Id="515">
<LocList>
<Loc EndOffset="3116" SrcFileId="4" StartOffset="3111"/>
</LocList>
</BasicBoolTerm>
</RootTerm>
</LoopStmnt>
</StmntSeq>
</Branch>
<Branch CovItemId="B32" CovItemPrefix="CardFunc.java" Implct="false" Intrnl_Id="516">
<Cond>
<Loc EndOffset="3186" SrcFileId="4" StartOffset="3182"/>
</Cond>
<LocList>
<Loc EndOffset="3249" SrcFileId="4" StartOffset="3187"/>
</LocList>
<StmntSeq Intrnl_Id="517">
<LocList/>
</StmntSeq>
</Branch>
<Keyword EndOffset="3079" SrcFileId="4" StartOffset="3077"/>
<LocList>
<Loc EndOffset="3249" SrcFileId="4" StartOffset="3077"/>
</LocList>
<RootTerm CovItemId="C16" CovItemPrefix="CardFunc.java" Intrnl_Id="518">
<BasicBoolTerm Intrnl_Id="519">
<LocList>
<Loc EndOffset="3088" SrcFileId="4" StartOffset="3080"/>
</LocList>
</BasicBoolTerm>
</RootTerm>
</CondStmnt>
</StmntSeq>
</HierarchyLvl>
<HierarchyLvl HierarchyLvlId="3351" HierarchyLvlTypeId="7" Intrnl_Id="520" Name="func27Init">
<Header>
<Loc EndOffset="3283" SrcFileId="4" StartOffset="3259"/>
</Header>
<LocList>
<Loc EndOffset="3354" SrcFileId="4" StartOffset="3259"/>
</LocList>
<StmntSeq Intrnl_Id="521">
<LocList>
<Loc EndOffset="3350" SrcFileId="4" StartOffset="3289"/>
</LocList>
<CondStmnt CovItemId="S41" CovItemPrefix="CardFunc.java" Intrnl_Id="522">
<Branch CovItemId="B33" CovItemPrefix="CardFunc.java" Implct="false" Intrnl_Id="523">
<Cond/>
<LocList>
<Loc EndOffset="3350" SrcFileId="4" StartOffset="3325"/>
</LocList>
<StmntSeq Intrnl_Id="524">
<LocList>
<Loc EndOffset="3345" SrcFileId="4" StartOffset="3331"/>
</LocList>
<BasicStmnt CovItemId="S42" CovItemPrefix="CardFunc.java" Intrnl_Id="525">
<LocList>
<Loc EndOffset="3345" SrcFileId="4" StartOffset="3331"/>
</LocList>
</BasicStmnt>
</StmntSeq>
</Branch>
<Branch CovItemId="B34" CovItemPrefix="CardFunc.java" Implct="true" Intrnl_Id="526">
<Cond/>
<LocList/>
<StmntSeq Intrnl_Id="527">
<LocList/>
</StmntSeq>
</Branch>
<Keyword EndOffset="3291" SrcFileId="4" StartOffset="3289"/>
<LocList>
<Loc EndOffset="3350" SrcFileId="4" StartOffset="3289"/>
</LocList>
<RootTerm CovItemId="C18" CovItemPrefix="CardFunc.java" Intrnl_Id="528">
<BasicBoolTerm Intrnl_Id="529">
<LocList>
<Loc EndOffset="3323" SrcFileId="4" StartOffset="3292"/>
</LocList>
</BasicBoolTerm>
</RootTerm>
</CondStmnt>
</StmntSeq>
</HierarchyLvl>
<HierarchyLvl HierarchyLvlId="3352" HierarchyLvlTypeId="7" Intrnl_Id="530" Name="func27">
<Header>
<Loc EndOffset="3396" SrcFileId="4" StartOffset="3360"/>
</Header>
<LocList>
<Loc EndOffset="3604" SrcFileId="4" StartOffset="3360"/>
</LocList>
<StmntSeq Intrnl_Id="531">
<LocList>
<Loc EndOffset="3600" SrcFileId="4" StartOffset="3480"/>
</LocList>
<CondStmnt CovItemId="S43" CovItemPrefix="CardFunc.java" Intrnl_Id="532">
<Branch CovItemId="B35" CovItemPrefix="CardFunc.java" Implct="false" Intrnl_Id="533">
<Cond/>
<LocList>
<Loc EndOffset="3544" SrcFileId="4" StartOffset="3493"/>
</LocList>
<StmntSeq Intrnl_Id="534">
<LocList>
<Loc EndOffset="3539" SrcFileId="4" StartOffset="3499"/>
</LocList>
<BasicStmnt CovItemId="S44" CovItemPrefix="CardFunc.java" Intrnl_Id="535">
<LocList>
<Loc EndOffset="3539" SrcFileId="4" StartOffset="3499"/>
</LocList>
</BasicStmnt>
</StmntSeq>
</Branch>
<Branch CovItemId="B36" CovItemPrefix="CardFunc.java" Implct="false" Intrnl_Id="536">
<Cond>
<Loc EndOffset="3549" SrcFileId="4" StartOffset="3545"/>
</Cond>
<LocList>
<Loc EndOffset="3600" SrcFileId="4" StartOffset="3550"/>
</LocList>
<StmntSeq Intrnl_Id="537">
<LocList/>
</StmntSeq>
</Branch>
<Keyword EndOffset="3482" SrcFileId="4" StartOffset="3480"/>
<LocList>
<Loc EndOffset="3600" SrcFileId="4" StartOffset="3480"/>
</LocList>
<RootTerm CovItemId="C19" CovItemPrefix="CardFunc.java" Intrnl_Id="538">
<BasicBoolTerm Intrnl_Id="539">
<LocList>
<Loc EndOffset="3491" SrcFileId="4" StartOffset="3483"/>
</LocList>
</BasicBoolTerm>
</RootTerm>
</CondStmnt>
</StmntSeq>
</HierarchyLvl>
<HierarchyLvl HierarchyLvlId="3353" HierarchyLvlTypeId="7" Intrnl_Id="540" Name="func28Init">
<Header>
<Loc EndOffset="3634" SrcFileId="4" StartOffset="3610"/>
</Header>
<LocList>
<Loc EndOffset="3753" SrcFileId="4" StartOffset="3610"/>
</LocList>
<StmntSeq Intrnl_Id="541">
<LocList>
<Loc EndOffset="3660" SrcFileId="4" StartOffset="3640"/>
</LocList>
<BasicStmnt CovItemId="S45" CovItemPrefix="CardFunc.java" Intrnl_Id="542">
<LocList>
<Loc EndOffset="3660" SrcFileId="4" StartOffset="3640"/>
</LocList>
</BasicStmnt>
</StmntSeq>
</HierarchyLvl>
<HierarchyLvl HierarchyLvlId="3354" HierarchyLvlTypeId="7" Intrnl_Id="543" Name="func28">
<Header>
<Loc EndOffset="3795" SrcFileId="4" StartOffset="3759"/>
</Header>
<LocList>
<Loc EndOffset="4065" SrcFileId="4" StartOffset="3759"/>
</LocList>
<StmntSeq Intrnl_Id="544">
<LocList>
<Loc EndOffset="4061" SrcFileId="4" StartOffset="3902"/>
</LocList>
<CondStmnt CovItemId="S46" CovItemPrefix="CardFunc.java" Intrnl_Id="545">
<Branch CovItemId="B37" CovItemPrefix="CardFunc.java" Implct="false" Intrnl_Id="546">
<Cond/>
<LocList>
<Loc EndOffset="4011" SrcFileId="4" StartOffset="3915"/>
</LocList>
<StmntSeq Intrnl_Id="547">
<LocList>
<Loc EndOffset="3961" SrcFileId="4" StartOffset="3921"/>
<Loc EndOffset="4006" SrcFileId="4" StartOffset="3966"/>
</LocList>
<BasicStmnt CovItemId="S47" CovItemPrefix="CardFunc.java" Intrnl_Id="548">
<LocList>
<Loc EndOffset="3961" SrcFileId="4" StartOffset="3921"/>
</LocList>
</BasicStmnt>
<BasicStmnt CovItemId="S48" CovItemPrefix="CardFunc.java" Intrnl_Id="549">
<LocList>
<Loc EndOffset="4006" SrcFileId="4" StartOffset="3966"/>
</LocList>
</BasicStmnt>
</StmntSeq>
</Branch>
<Branch CovItemId="B38" CovItemPrefix="CardFunc.java" Implct="false" Intrnl_Id="550">
<Cond>
<Loc EndOffset="4016" SrcFileId="4" StartOffset="4012"/>
</Cond>
<LocList>
<Loc EndOffset="4061" SrcFileId="4" StartOffset="4017"/>
</LocList>
<StmntSeq Intrnl_Id="551">
<LocList/>
</StmntSeq>
</Branch>
<Keyword EndOffset="3904" SrcFileId="4" StartOffset="3902"/>
<LocList>
<Loc EndOffset="4061" SrcFileId="4" StartOffset="3902"/>
</LocList>
<RootTerm CovItemId="C20" CovItemPrefix="CardFunc.java" Intrnl_Id="552">
<BasicBoolTerm Intrnl_Id="553">
<LocList>
<Loc EndOffset="3913" SrcFileId="4" StartOffset="3905"/>
</LocList>
</BasicBoolTerm>
</RootTerm>
</CondStmnt>
</StmntSeq>
</HierarchyLvl>
<HierarchyLvl HierarchyLvlId="3355" HierarchyLvlTypeId="7" Intrnl_Id="554" Name="func29Init">
<Header>
<Loc EndOffset="4095" SrcFileId="4" StartOffset="4071"/>
</Header>
<LocList>
<Loc EndOffset="4144" SrcFileId="4" StartOffset="4071"/>
</LocList>
<StmntSeq Intrnl_Id="555">
<LocList>
<Loc EndOffset="4116" SrcFileId="4" StartOffset="4101"/>
<Loc EndOffset="4140" SrcFileId="4" StartOffset="4120"/>
</LocList>
<BasicStmnt CovItemId="S49" CovItemPrefix="CardFunc.java" Intrnl_Id="556">
<LocList>
<Loc EndOffset="4116" SrcFileId="4" StartOffset="4101"/>
</LocList>
</BasicStmnt>
<BasicStmnt CovItemId="S50" CovItemPrefix="CardFunc.java" Intrnl_Id="557">
<LocList>
<Loc EndOffset="4140" SrcFileId="4" StartOffset="4120"/>
</LocList>
</BasicStmnt>
</StmntSeq>
</HierarchyLvl>
<HierarchyLvl HierarchyLvlId="3356" HierarchyLvlTypeId="7" Intrnl_Id="558" Name="func29">
<Header>
<Loc EndOffset="4186" SrcFileId="4" StartOffset="4150"/>
</Header>
<LocList>
<Loc EndOffset="4363" SrcFileId="4" StartOffset="4150"/>
</LocList>
<StmntSeq Intrnl_Id="559">
<LocList>
<Loc EndOffset="4359" SrcFileId="4" StartOffset="4250"/>
</LocList>
<CondStmnt CovItemId="S51" CovItemPrefix="CardFunc.java" Intrnl_Id="560">
<Branch CovItemId="B39" CovItemPrefix="CardFunc.java" Implct="false" Intrnl_Id="561">
<Cond/>
<LocList>
<Loc EndOffset="4359" SrcFileId="4" StartOffset="4263"/>
</LocList>
<StmntSeq Intrnl_Id="562">
<LocList>
<Loc EndOffset="4309" SrcFileId="4" StartOffset="4269"/>
<Loc EndOffset="4354" SrcFileId="4" StartOffset="4314"/>
</LocList>
<BasicStmnt CovItemId="S52" CovItemPrefix="CardFunc.java" Intrnl_Id="563">
<LocList>
<Loc EndOffset="4309" SrcFileId="4" StartOffset="4269"/>
</LocList>
</BasicStmnt>
<BasicStmnt CovItemId="S53" CovItemPrefix="CardFunc.java" Intrnl_Id="564">
<LocList>
<Loc EndOffset="4354" SrcFileId="4" StartOffset="4314"/>
</LocList>
</BasicStmnt>
</StmntSeq>
</Branch>
<Branch CovItemId="B40" CovItemPrefix="CardFunc.java" Implct="true" Intrnl_Id="565">
<Cond/>
<LocList/>
<StmntSeq Intrnl_Id="566">
<LocList/>
</StmntSeq>
</Branch>
<Keyword EndOffset="4252" SrcFileId="4" StartOffset="4250"/>
<LocList>
<Loc EndOffset="4359" SrcFileId="4" StartOffset="4250"/>
</LocList>
<RootTerm CovItemId="C21" CovItemPrefix="CardFunc.java" Intrnl_Id="567">
<BasicBoolTerm Intrnl_Id="568">
<LocList>
<Loc EndOffset="4261" SrcFileId="4" StartOffset="4253"/>
</LocList>
</BasicBoolTerm>
</RootTerm>
</CondStmnt>
</StmntSeq>
</HierarchyLvl>
<HierarchyLvl HierarchyLvlId="3357" HierarchyLvlTypeId="7" Intrnl_Id="569" Name="func30Init">
<Header>
<Loc EndOffset="4393" SrcFileId="4" StartOffset="4369"/>
</Header>
<LocList>
<Loc EndOffset="4470" SrcFileId="4" StartOffset="4369"/>
</LocList>
<StmntSeq Intrnl_Id="570">
<LocList>
<Loc EndOffset="4466" SrcFileId="4" StartOffset="4399"/>
</LocList>
<CondStmnt CovItemId="S54" CovItemPrefix="CardFunc.java" Intrnl_Id="571">
<Branch CovItemId="B41" CovItemPrefix="CardFunc.java" Implct="false" Intrnl_Id="572">
<Cond/>
<LocList>
<Loc EndOffset="4466" SrcFileId="4" StartOffset="4441"/>
</LocList>
<StmntSeq Intrnl_Id="573">
<LocList>
<Loc EndOffset="4461" SrcFileId="4" StartOffset="4447"/>
</LocList>
<BasicStmnt CovItemId="S55" CovItemPrefix="CardFunc.java" Intrnl_Id="574">
<LocList>
<Loc EndOffset="4461" SrcFileId="4" StartOffset="4447"/>
</LocList>
</BasicStmnt>
</StmntSeq>
</Branch>
<Branch CovItemId="B42" CovItemPrefix="CardFunc.java" Implct="true" Intrnl_Id="575">
<Cond/>
<LocList/>
<StmntSeq Intrnl_Id="576">
<LocList/>
</StmntSeq>
</Branch>
<Keyword EndOffset="4401" SrcFileId="4" StartOffset="4399"/>
<LocList>
<Loc EndOffset="4466" SrcFileId="4" StartOffset="4399"/>
</LocList>
<RootTerm CovItemId="C22" CovItemPrefix="CardFunc.java" Intrnl_Id="577">
<BasicBoolTerm Intrnl_Id="578">
<LocList>
<Loc EndOffset="4439" SrcFileId="4" StartOffset="4402"/>
</LocList>
</BasicBoolTerm>
</RootTerm>
</CondStmnt>
</StmntSeq>
</HierarchyLvl>
<HierarchyLvl HierarchyLvlId="3358" HierarchyLvlTypeId="7" Intrnl_Id="579" Name="func30">
<Header>
<Loc EndOffset="4512" SrcFileId="4" StartOffset="4476"/>
</Header>
<LocList>
<Loc EndOffset="4716" SrcFileId="4" StartOffset="4476"/>
</LocList>
<StmntSeq Intrnl_Id="580">
<LocList>
<Loc EndOffset="4712" SrcFileId="4" StartOffset="4574"/>
</LocList>
<CondStmnt CovItemId="S56" CovItemPrefix="CardFunc.java" Intrnl_Id="581">
<Branch CovItemId="B43" CovItemPrefix="CardFunc.java" Implct="false" Intrnl_Id="582">
<Cond/>
<LocList>
<Loc EndOffset="4678" SrcFileId="4" StartOffset="4587"/>
</LocList>
<StmntSeq Intrnl_Id="583">
<LocList>
<Loc EndOffset="4673" SrcFileId="4" StartOffset="4593"/>
</LocList>
<LoopStmnt CovItemId="S57" CovItemPrefix="CardFunc.java" Intrnl_Id="584" MltplExecId="L2-2" MltplExecPrefix="CardFunc.java" NvrExecId="L2-0" NvrExecPrefix="CardFunc.java" OnceExecutedId="L2-1" OnceExecutedPrefix="CardFunc.java" OptBodyExec="true">
<StmntSeq Intrnl_Id="585">
<LocList>
<Loc EndOffset="4667" SrcFileId="4" StartOffset="4627"/>
</LocList>
<BasicStmnt CovItemId="S58" CovItemPrefix="CardFunc.java" Intrnl_Id="586">
<LocList>
<Loc EndOffset="4667" SrcFileId="4" StartOffset="4627"/>
</LocList>
</BasicStmnt>
</StmntSeq>
<Keyword EndOffset="4596" SrcFileId="4" StartOffset="4593"/>
<LocList>
<Loc EndOffset="4673" SrcFileId="4" StartOffset="4593"/>
</LocList>
<RootTerm CovItemId="C24" CovItemPrefix="CardFunc.java" Intrnl_Id="587">
<BasicBoolTerm Intrnl_Id="588">
<LocList>
<Loc EndOffset="4613" SrcFileId="4" StartOffset="4608"/>
</LocList>
</BasicBoolTerm>
</RootTerm>
</LoopStmnt>
</StmntSeq>
</Branch>
<Branch CovItemId="B44" CovItemPrefix="CardFunc.java" Implct="false" Intrnl_Id="589">
<Cond>
<Loc EndOffset="4683" SrcFileId="4" StartOffset="4679"/>
</Cond>
<LocList>
<Loc EndOffset="4712" SrcFileId="4" StartOffset="4684"/>
</LocList>
<StmntSeq Intrnl_Id="590">
<LocList/>
</StmntSeq>
</Branch>
<Keyword EndOffset="4576" SrcFileId="4" StartOffset="4574"/>
<LocList>
<Loc EndOffset="4712" SrcFileId="4" StartOffset="4574"/>
</LocList>
<RootTerm CovItemId="C23" CovItemPrefix="CardFunc.java" Intrnl_Id="591">
<BasicBoolTerm Intrnl_Id="592">
<LocList>
<Loc EndOffset="4585" SrcFileId="4" StartOffset="4577"/>
</LocList>
</BasicBoolTerm>
</RootTerm>
</CondStmnt>
</StmntSeq>
</HierarchyLvl>
<HierarchyLvl HierarchyLvlId="3359" HierarchyLvlTypeId="7" Intrnl_Id="593" Name="func31">
<Header>
<Loc EndOffset="4742" SrcFileId="4" StartOffset="4722"/>
</Header>
<LocList>
<Loc EndOffset="4874" SrcFileId="4" StartOffset="4722"/>
</LocList>
</HierarchyLvl>
<HierarchyLvl HierarchyLvlId="3360" HierarchyLvlTypeId="7" Intrnl_Id="594" Name="func32Init">
<Header>
<Loc EndOffset="4904" SrcFileId="4" StartOffset="4880"/>
</Header>
<LocList>
<Loc EndOffset="4947" SrcFileId="4" StartOffset="4880"/>
</LocList>
</HierarchyLvl>
<HierarchyLvl HierarchyLvlId="3361" HierarchyLvlTypeId="7" Intrnl_Id="595" Name="func32">
<Header>
<Loc EndOffset="4989" SrcFileId="4" StartOffset="4953"/>
</Header>
<LocList>
<Loc EndOffset="5236" SrcFileId="4" StartOffset="4953"/>
</LocList>
<StmntSeq Intrnl_Id="596">
<LocList>
<Loc EndOffset="5232" SrcFileId="4" StartOffset="5076"/>
</LocList>
<CondStmnt CovItemId="S59" CovItemPrefix="CardFunc.java" Intrnl_Id="597">
<Branch CovItemId="B45" CovItemPrefix="CardFunc.java" Implct="false" Intrnl_Id="598">
<Cond/>
<LocList>
<Loc EndOffset="5180" SrcFileId="4" StartOffset="5089"/>
</LocList>
<StmntSeq Intrnl_Id="599">
<LocList>
<Loc EndOffset="5175" SrcFileId="4" StartOffset="5095"/>
</LocList>
<LoopStmnt CovItemId="S60" CovItemPrefix="CardFunc.java" Intrnl_Id="600" MltplExecId="L3-2" MltplExecPrefix="CardFunc.java" NvrExecId="L3-0" NvrExecPrefix="CardFunc.java" OnceExecutedId="L3-1" OnceExecutedPrefix="CardFunc.java" OptBodyExec="true">
<StmntSeq Intrnl_Id="601">
<LocList>
<Loc EndOffset="5169" SrcFileId="4" StartOffset="5129"/>
</LocList>
<BasicStmnt CovItemId="S61" CovItemPrefix="CardFunc.java" Intrnl_Id="602">
<LocList>
<Loc EndOffset="5169" SrcFileId="4" StartOffset="5129"/>
</LocList>
</BasicStmnt>
</StmntSeq>
<Keyword EndOffset="5098" SrcFileId="4" StartOffset="5095"/>
<LocList>
<Loc EndOffset="5175" SrcFileId="4" StartOffset="5095"/>
</LocList>
<RootTerm CovItemId="C26" CovItemPrefix="CardFunc.java" Intrnl_Id="603">
<BasicBoolTerm Intrnl_Id="604">
<LocList>
<Loc EndOffset="5115" SrcFileId="4" StartOffset="5110"/>
</LocList>
</BasicBoolTerm>
</RootTerm>
</LoopStmnt>
</StmntSeq>
</Branch>
<Branch CovItemId="B46" CovItemPrefix="CardFunc.java" Implct="false" Intrnl_Id="605">
<Cond>
<Loc EndOffset="5185" SrcFileId="4" StartOffset="5181"/>
</Cond>
<LocList>
<Loc EndOffset="5232" SrcFileId="4" StartOffset="5186"/>
</LocList>
<StmntSeq Intrnl_Id="606">
<LocList/>
</StmntSeq>
</Branch>
<Keyword EndOffset="5078" SrcFileId="4" StartOffset="5076"/>
<LocList>
<Loc EndOffset="5232" SrcFileId="4" StartOffset="5076"/>
</LocList>
<RootTerm CovItemId="C25" CovItemPrefix="CardFunc.java" Intrnl_Id="607">
<BasicBoolTerm Intrnl_Id="608">
<LocList>
<Loc EndOffset="5087" SrcFileId="4" StartOffset="5079"/>
</LocList>
</BasicBoolTerm>
</RootTerm>
</CondStmnt>
</StmntSeq>
</HierarchyLvl>
<HierarchyLvl HierarchyLvlId="3362" HierarchyLvlTypeId="7" Intrnl_Id="609" Name="func33Init">
<Header>
<Loc EndOffset="5266" SrcFileId="4" StartOffset="5242"/>
</Header>
<LocList>
<Loc EndOffset="5321" SrcFileId="4" StartOffset="5242"/>
</LocList>
<StmntSeq Intrnl_Id="610">
<LocList>
<Loc EndOffset="5317" SrcFileId="4" StartOffset="5272"/>
</LocList>
<CondStmnt CovItemId="S62" CovItemPrefix="CardFunc.java" Intrnl_Id="611">
<Branch CovItemId="B47" CovItemPrefix="CardFunc.java" Implct="false" Intrnl_Id="612">
<Cond/>
<LocList>
<Loc EndOffset="5317" SrcFileId="4" StartOffset="5292"/>
</LocList>
<StmntSeq Intrnl_Id="613">
<LocList>
<Loc EndOffset="5312" SrcFileId="4" StartOffset="5298"/>
</LocList>
<BasicStmnt CovItemId="S63" CovItemPrefix="CardFunc.java" Intrnl_Id="614">
<LocList>
<Loc EndOffset="5312" SrcFileId="4" StartOffset="5298"/>
</LocList>
</BasicStmnt>
</StmntSeq>
</Branch>
<Branch CovItemId="B48" CovItemPrefix="CardFunc.java" Implct="true" Intrnl_Id="615">
<Cond/>
<LocList/>
<StmntSeq Intrnl_Id="616">
<LocList/>
</StmntSeq>
</Branch>
<Keyword EndOffset="5274" SrcFileId="4" StartOffset="5272"/>
<LocList>
<Loc EndOffset="5317" SrcFileId="4" StartOffset="5272"/>
</LocList>
<RootTerm CovItemId="C27" CovItemPrefix="CardFunc.java" Intrnl_Id="617">
<BasicBoolTerm Intrnl_Id="618">
<LocList>
<Loc EndOffset="5290" SrcFileId="4" StartOffset="5275"/>
</LocList>
</BasicBoolTerm>
</RootTerm>
</CondStmnt>
</StmntSeq>
</HierarchyLvl>
<HierarchyLvl HierarchyLvlId="3363" HierarchyLvlTypeId="7" Intrnl_Id="619" Name="func33">
<Header>
<Loc EndOffset="5363" SrcFileId="4" StartOffset="5327"/>
</Header>
<LocList>
<Loc EndOffset="5605" SrcFileId="4" StartOffset="5327"/>
</LocList>
<StmntSeq Intrnl_Id="620">
<LocList>
<Loc EndOffset="5601" SrcFileId="4" StartOffset="5454"/>
</LocList>
<CondStmnt CovItemId="S64" CovItemPrefix="CardFunc.java" Intrnl_Id="621">
<Branch CovItemId="B49" CovItemPrefix="CardFunc.java" Implct="false" Intrnl_Id="622">
<Cond/>
<LocList>
<Loc EndOffset="5563" SrcFileId="4" StartOffset="5467"/>
</LocList>
<StmntSeq Intrnl_Id="623">
<LocList>
<Loc EndOffset="5513" SrcFileId="4" StartOffset="5473"/>
<Loc EndOffset="5558" SrcFileId="4" StartOffset="5518"/>
</LocList>
<BasicStmnt CovItemId="S65" CovItemPrefix="CardFunc.java" Intrnl_Id="624">
<LocList>
<Loc EndOffset="5513" SrcFileId="4" StartOffset="5473"/>
</LocList>
</BasicStmnt>
<BasicStmnt CovItemId="S66" CovItemPrefix="CardFunc.java" Intrnl_Id="625">
<LocList>
<Loc EndOffset="5558" SrcFileId="4" StartOffset="5518"/>
</LocList>
</BasicStmnt>
</StmntSeq>
</Branch>
<Branch CovItemId="B50" CovItemPrefix="CardFunc.java" Implct="false" Intrnl_Id="626">
<Cond>
<Loc EndOffset="5568" SrcFileId="4" StartOffset="5564"/>
</Cond>
<LocList>
<Loc EndOffset="5601" SrcFileId="4" StartOffset="5569"/>
</LocList>
<StmntSeq Intrnl_Id="627">
<LocList/>
</StmntSeq>
</Branch>
<Keyword EndOffset="5456" SrcFileId="4" StartOffset="5454"/>
<LocList>
<Loc EndOffset="5601" SrcFileId="4" StartOffset="5454"/>
</LocList>
<RootTerm CovItemId="C28" CovItemPrefix="CardFunc.java" Intrnl_Id="628">
<BasicBoolTerm Intrnl_Id="629">
<LocList>
<Loc EndOffset="5465" SrcFileId="4" StartOffset="5457"/>
</LocList>
</BasicBoolTerm>
</RootTerm>
</CondStmnt>
</StmntSeq>
</HierarchyLvl>
<HierarchyLvl HierarchyLvlId="3364" HierarchyLvlTypeId="7" Intrnl_Id="630" Name="func34">
<Header>
<Loc EndOffset="5631" SrcFileId="4" StartOffset="5611"/>
</Header>
<LocList>
<Loc EndOffset="5658" SrcFileId="4" StartOffset="5611"/>
</LocList>
</HierarchyLvl>
<HierarchyLvl HierarchyLvlId="3365" HierarchyLvlTypeId="7" Intrnl_Id="631" Name="func35Init">
<Header>
<Loc EndOffset="5688" SrcFileId="4" StartOffset="5664"/>
</Header>
<LocList>
<Loc EndOffset="5828" SrcFileId="4" StartOffset="5664"/>
</LocList>
<StmntSeq Intrnl_Id="632">
<LocList>
<Loc EndOffset="5824" SrcFileId="4" StartOffset="5694"/>
</LocList>
<CondStmnt CovItemId="S67" CovItemPrefix="CardFunc.java" Intrnl_Id="633">
<Branch CovItemId="B51" CovItemPrefix="CardFunc.java" Implct="false" Intrnl_Id="634">
<Cond/>
<LocList>
<Loc EndOffset="5755" SrcFileId="4" StartOffset="5730"/>
</LocList>
<StmntSeq Intrnl_Id="635">
<LocList>
<Loc EndOffset="5750" SrcFileId="4" StartOffset="5736"/>
</LocList>
<BasicStmnt CovItemId="S68" CovItemPrefix="CardFunc.java" Intrnl_Id="636">
<LocList>
<Loc EndOffset="5750" SrcFileId="4" StartOffset="5736"/>
</LocList>
</BasicStmnt>
</StmntSeq>
</Branch>
<Branch CovItemId="B52" CovItemPrefix="CardFunc.java" Implct="false" Intrnl_Id="637">
<Cond>
<Loc EndOffset="5760" SrcFileId="4" StartOffset="5756"/>
</Cond>
<LocList>
<Loc EndOffset="5824" SrcFileId="4" StartOffset="5761"/>
</LocList>
<StmntSeq Intrnl_Id="638">
<LocList>
<Loc EndOffset="5824" SrcFileId="4" StartOffset="5761"/>
</LocList>
<CondStmnt CovItemId="S69" CovItemPrefix="CardFunc.java" Intrnl_Id="639">
<Branch CovItemId="B53" CovItemPrefix="CardFunc.java" Implct="false" Intrnl_Id="640">
<Cond/>
<LocList>
<Loc EndOffset="5824" SrcFileId="4" StartOffset="5799"/>
</LocList>
<StmntSeq Intrnl_Id="641">
<LocList>
<Loc EndOffset="5819" SrcFileId="4" StartOffset="5805"/>
</LocList>
<BasicStmnt CovItemId="S70" CovItemPrefix="CardFunc.java" Intrnl_Id="642">
<LocList>
<Loc EndOffset="5819" SrcFileId="4" StartOffset="5805"/>
</LocList>
</BasicStmnt>
</StmntSeq>
</Branch>
<Branch CovItemId="B54" CovItemPrefix="CardFunc.java" Implct="true" Intrnl_Id="643">
<Cond/>
<LocList/>
<StmntSeq Intrnl_Id="644">
<LocList/>
</StmntSeq>
</Branch>
<Keyword EndOffset="5763" SrcFileId="4" StartOffset="5761"/>
<LocList>
<Loc EndOffset="5824" SrcFileId="4" StartOffset="5761"/>
</LocList>
<RootTerm CovItemId="C30" CovItemPrefix="CardFunc.java" Intrnl_Id="645">
<BasicBoolTerm Intrnl_Id="646">
<LocList>
<Loc EndOffset="5798" SrcFileId="4" StartOffset="5764"/>
</LocList>
</BasicBoolTerm>
</RootTerm>
</CondStmnt>
</StmntSeq>
</Branch>
<Keyword EndOffset="5696" SrcFileId="4" StartOffset="5694"/>
<LocList>
<Loc EndOffset="5824" SrcFileId="4" StartOffset="5694"/>
</LocList>
<RootTerm CovItemId="C29" CovItemPrefix="CardFunc.java" Intrnl_Id="647">
<BasicBoolTerm Intrnl_Id="648">
<LocList>
<Loc EndOffset="5728" SrcFileId="4" StartOffset="5697"/>
</LocList>
</BasicBoolTerm>
</RootTerm>
</CondStmnt>
</StmntSeq>
</HierarchyLvl>
<HierarchyLvl HierarchyLvlId="3366" HierarchyLvlTypeId="7" Intrnl_Id="649" Name="func35">
<Header>
<Loc EndOffset="5870" SrcFileId="4" StartOffset="5834"/>
</Header>
<LocList>
<Loc EndOffset="6110" SrcFileId="4" StartOffset="5834"/>
</LocList>
<StmntSeq Intrnl_Id="650">
<LocList>
<Loc EndOffset="6106" SrcFileId="4" StartOffset="5962"/>
</LocList>
<CondStmnt CovItemId="S71" CovItemPrefix="CardFunc.java" Intrnl_Id="651">
<Branch CovItemId="B55" CovItemPrefix="CardFunc.java" Implct="false" Intrnl_Id="652">
<Cond/>
<LocList>
<Loc EndOffset="6066" SrcFileId="4" StartOffset="5975"/>
</LocList>
<StmntSeq Intrnl_Id="653">
<LocList>
<Loc EndOffset="6061" SrcFileId="4" StartOffset="5981"/>
</LocList>
<LoopStmnt CovItemId="S72" CovItemPrefix="CardFunc.java" Intrnl_Id="654" MltplExecId="L4-2" MltplExecPrefix="CardFunc.java" NvrExecId="L4-0" NvrExecPrefix="CardFunc.java" OnceExecutedId="L4-1" OnceExecutedPrefix="CardFunc.java" OptBodyExec="true">
<StmntSeq Intrnl_Id="655">
<LocList>
<Loc EndOffset="6055" SrcFileId="4" StartOffset="6015"/>
</LocList>
<BasicStmnt CovItemId="S73" CovItemPrefix="CardFunc.java" Intrnl_Id="656">
<LocList>
<Loc EndOffset="6055" SrcFileId="4" StartOffset="6015"/>
</LocList>
</BasicStmnt>
</StmntSeq>
<Keyword EndOffset="5984" SrcFileId="4" StartOffset="5981"/>
<LocList>
<Loc EndOffset="6061" SrcFileId="4" StartOffset="5981"/>
</LocList>
<RootTerm CovItemId="C32" CovItemPrefix="CardFunc.java" Intrnl_Id="657">
<BasicBoolTerm Intrnl_Id="658">
<LocList>
<Loc EndOffset="6001" SrcFileId="4" StartOffset="5996"/>
</LocList>
</BasicBoolTerm>
</RootTerm>
</LoopStmnt>
</StmntSeq>
</Branch>
<Branch CovItemId="B56" CovItemPrefix="CardFunc.java" Implct="false" Intrnl_Id="659">
<Cond>
<Loc EndOffset="6071" SrcFileId="4" StartOffset="6067"/>
</Cond>
<LocList>
<Loc EndOffset="6106" SrcFileId="4" StartOffset="6072"/>
</LocList>
<StmntSeq Intrnl_Id="660">
<LocList/>
</StmntSeq>
</Branch>
<Keyword EndOffset="5964" SrcFileId="4" StartOffset="5962"/>
<LocList>
<Loc EndOffset="6106" SrcFileId="4" StartOffset="5962"/>
</LocList>
<RootTerm CovItemId="C31" CovItemPrefix="CardFunc.java" Intrnl_Id="661">
<BasicBoolTerm Intrnl_Id="662">
<LocList>
<Loc EndOffset="5973" SrcFileId="4" StartOffset="5965"/>
</LocList>
</BasicBoolTerm>
</RootTerm>
</CondStmnt>
</StmntSeq>
</HierarchyLvl>
<HierarchyLvl HierarchyLvlId="3367" HierarchyLvlTypeId="7" Intrnl_Id="663" Name="func36Init">
<Header>
<Loc EndOffset="6140" SrcFileId="4" StartOffset="6116"/>
</Header>
<LocList>
<Loc EndOffset="6195" SrcFileId="4" StartOffset="6116"/>
</LocList>
<StmntSeq Intrnl_Id="664">
<LocList>
<Loc EndOffset="6191" SrcFileId="4" StartOffset="6146"/>
</LocList>
<CondStmnt CovItemId="S74" CovItemPrefix="CardFunc.java" Intrnl_Id="665">
<Branch CovItemId="B57" CovItemPrefix="CardFunc.java" Implct="false" Intrnl_Id="666">
<Cond/>
<LocList>
<Loc EndOffset="6191" SrcFileId="4" StartOffset="6166"/>
</LocList>
<StmntSeq Intrnl_Id="667">
<LocList>
<Loc EndOffset="6186" SrcFileId="4" StartOffset="6172"/>
</LocList>
<BasicStmnt CovItemId="S75" CovItemPrefix="CardFunc.java" Intrnl_Id="668">
<LocList>
<Loc EndOffset="6186" SrcFileId="4" StartOffset="6172"/>
</LocList>
</BasicStmnt>
</StmntSeq>
</Branch>
<Branch CovItemId="B58" CovItemPrefix="CardFunc.java" Implct="true" Intrnl_Id="669">
<Cond/>
<LocList/>
<StmntSeq Intrnl_Id="670">
<LocList/>
</StmntSeq>
</Branch>
<Keyword EndOffset="6148" SrcFileId="4" StartOffset="6146"/>
<LocList>
<Loc EndOffset="6191" SrcFileId="4" StartOffset="6146"/>
</LocList>
<RootTerm CovItemId="C33" CovItemPrefix="CardFunc.java" Intrnl_Id="671">
<BasicBoolTerm Intrnl_Id="672">
<LocList>
<Loc EndOffset="6164" SrcFileId="4" StartOffset="6149"/>
</LocList>
</BasicBoolTerm>
</RootTerm>
</CondStmnt>
</StmntSeq>
</HierarchyLvl>
<HierarchyLvl HierarchyLvlId="3368" HierarchyLvlTypeId="7" Intrnl_Id="673" Name="func36">
<Header>
<Loc EndOffset="6237" SrcFileId="4" StartOffset="6201"/>
</Header>
<LocList>
<Loc EndOffset="6419" SrcFileId="4" StartOffset="6201"/>
</LocList>
<StmntSeq Intrnl_Id="674">
<LocList>
<Loc EndOffset="6415" SrcFileId="4" StartOffset="6320"/>
</LocList>
<CondStmnt CovItemId="S76" CovItemPrefix="CardFunc.java" Intrnl_Id="675">
<Branch CovItemId="B59" CovItemPrefix="CardFunc.java" Implct="false" Intrnl_Id="676">
<Cond/>
<LocList>
<Loc EndOffset="6384" SrcFileId="4" StartOffset="6333"/>
</LocList>
<StmntSeq Intrnl_Id="677">
<LocList>
<Loc EndOffset="6379" SrcFileId="4" StartOffset="6339"/>
</LocList>
<BasicStmnt CovItemId="S77" CovItemPrefix="CardFunc.java" Intrnl_Id="678">
<LocList>
<Loc EndOffset="6379" SrcFileId="4" StartOffset="6339"/>
</LocList>
</BasicStmnt>
</StmntSeq>
</Branch>
<Branch CovItemId="B60" CovItemPrefix="CardFunc.java" Implct="false" Intrnl_Id="679">
<Cond>
<Loc EndOffset="6389" SrcFileId="4" StartOffset="6385"/>
</Cond>
<LocList>
<Loc EndOffset="6415" SrcFileId="4" StartOffset="6390"/>
</LocList>
<StmntSeq Intrnl_Id="680">
<LocList>
<Loc EndOffset="6410" SrcFileId="4" StartOffset="6396"/>
</LocList>
<BasicStmnt CovItemId="S78" CovItemPrefix="CardFunc.java" Intrnl_Id="681">
<LocList>
<Loc EndOffset="6410" SrcFileId="4" StartOffset="6396"/>
</LocList>
</BasicStmnt>
</StmntSeq>
</Branch>
<Keyword EndOffset="6322" SrcFileId="4" StartOffset="6320"/>
<LocList>
<Loc EndOffset="6415" SrcFileId="4" StartOffset="6320"/>
</LocList>
<RootTerm CovItemId="C34" CovItemPrefix="CardFunc.java" Intrnl_Id="682">
<BasicBoolTerm Intrnl_Id="683">
<LocList>
<Loc EndOffset="6331" SrcFileId="4" StartOffset="6323"/>
</LocList>
</BasicBoolTerm>
</RootTerm>
</CondStmnt>
</StmntSeq>
</HierarchyLvl>
<HierarchyLvl HierarchyLvlId="3369" HierarchyLvlTypeId="7" Intrnl_Id="684" Name="func37Init">
<Header>
<Loc EndOffset="6449" SrcFileId="4" StartOffset="6425"/>
</Header>
<LocList>
<Loc EndOffset="6504" SrcFileId="4" StartOffset="6425"/>
</LocList>
<StmntSeq Intrnl_Id="685">
<LocList>
<Loc EndOffset="6500" SrcFileId="4" StartOffset="6455"/>
</LocList>
<CondStmnt CovItemId="S79" CovItemPrefix="CardFunc.java" Intrnl_Id="686">
<Branch CovItemId="B61" CovItemPrefix="CardFunc.java" Implct="false" Intrnl_Id="687">
<Cond/>
<LocList>
<Loc EndOffset="6500" SrcFileId="4" StartOffset="6475"/>
</LocList>
<StmntSeq Intrnl_Id="688">
<LocList>
<Loc EndOffset="6495" SrcFileId="4" StartOffset="6481"/>
</LocList>
<BasicStmnt CovItemId="S80" CovItemPrefix="CardFunc.java" Intrnl_Id="689">
<LocList>
<Loc EndOffset="6495" SrcFileId="4" StartOffset="6481"/>
</LocList>
</BasicStmnt>
</StmntSeq>
</Branch>
<Branch CovItemId="B62" CovItemPrefix="CardFunc.java" Implct="true" Intrnl_Id="690">
<Cond/>
<LocList/>
<StmntSeq Intrnl_Id="691">
<LocList/>
</StmntSeq>
</Branch>
<Keyword EndOffset="6457" SrcFileId="4" StartOffset="6455"/>
<LocList>
<Loc EndOffset="6500" SrcFileId="4" StartOffset="6455"/>
</LocList>
<RootTerm CovItemId="C35" CovItemPrefix="CardFunc.java" Intrnl_Id="692">
<BasicBoolTerm Intrnl_Id="693">
<LocList>
<Loc EndOffset="6473" SrcFileId="4" StartOffset="6458"/>
</LocList>
</BasicBoolTerm>
</RootTerm>
</CondStmnt>
</StmntSeq>
</HierarchyLvl>
<HierarchyLvl HierarchyLvlId="3370" HierarchyLvlTypeId="7" Intrnl_Id="694" Name="func37">
<Header>
<Loc EndOffset="6546" SrcFileId="4" StartOffset="6510"/>
</Header>
<LocList>
<Loc EndOffset="6751" SrcFileId="4" StartOffset="6510"/>
</LocList>
<StmntSeq Intrnl_Id="695">
<LocList>
<Loc EndOffset="6747" SrcFileId="4" StartOffset="6605"/>
</LocList>
<CondStmnt CovItemId="S81" CovItemPrefix="CardFunc.java" Intrnl_Id="696">
<Branch CovItemId="B63" CovItemPrefix="CardFunc.java" Implct="false" Intrnl_Id="697">
<Cond/>
<LocList>
<Loc EndOffset="6709" SrcFileId="4" StartOffset="6618"/>
</LocList>
<StmntSeq Intrnl_Id="698">
<LocList>
<Loc EndOffset="6704" SrcFileId="4" StartOffset="6624"/>
</LocList>
<LoopStmnt CovItemId="S82" CovItemPrefix="CardFunc.java" Intrnl_Id="699" MltplExecId="L5-2" MltplExecPrefix="CardFunc.java" NvrExecId="L5-0" NvrExecPrefix="CardFunc.java" OnceExecutedId="L5-1" OnceExecutedPrefix="CardFunc.java" OptBodyExec="true">
<StmntSeq Intrnl_Id="700">
<LocList>
<Loc EndOffset="6698" SrcFileId="4" StartOffset="6658"/>
</LocList>
<BasicStmnt CovItemId="S83" CovItemPrefix="CardFunc.java" Intrnl_Id="701">
<LocList>
<Loc EndOffset="6698" SrcFileId="4" StartOffset="6658"/>
</LocList>
</BasicStmnt>
</StmntSeq>
<Keyword EndOffset="6627" SrcFileId="4" StartOffset="6624"/>
<LocList>
<Loc EndOffset="6704" SrcFileId="4" StartOffset="6624"/>
</LocList>
<RootTerm CovItemId="C37" CovItemPrefix="CardFunc.java" Intrnl_Id="702">
<BasicBoolTerm Intrnl_Id="703">
<LocList>
<Loc EndOffset="6644" SrcFileId="4" StartOffset="6639"/>
</LocList>
</BasicBoolTerm>
</RootTerm>
</LoopStmnt>
</StmntSeq>
</Branch>
<Branch CovItemId="B64" CovItemPrefix="CardFunc.java" Implct="false" Intrnl_Id="704">
<Cond>
<Loc EndOffset="6714" SrcFileId="4" StartOffset="6710"/>
</Cond>
<LocList>
<Loc EndOffset="6747" SrcFileId="4" StartOffset="6715"/>
</LocList>
<StmntSeq Intrnl_Id="705">
<LocList/>
</StmntSeq>
</Branch>
<Keyword EndOffset="6607" SrcFileId="4" StartOffset="6605"/>
<LocList>
<Loc EndOffset="6747" SrcFileId="4" StartOffset="6605"/>
</LocList>
<RootTerm CovItemId="C36" CovItemPrefix="CardFunc.java" Intrnl_Id="706">
<BasicBoolTerm Intrnl_Id="707">
<LocList>
<Loc EndOffset="6616" SrcFileId="4" StartOffset="6608"/>
</LocList>
</BasicBoolTerm>
</RootTerm>
</CondStmnt>
</StmntSeq>
</HierarchyLvl>
<HierarchyLvl HierarchyLvlId="3371" HierarchyLvlTypeId="7" Intrnl_Id="708" Name="func38Init">
<Header>
<Loc EndOffset="6781" SrcFileId="4" StartOffset="6757"/>
</Header>
<LocList>
<Loc EndOffset="6851" SrcFileId="4" StartOffset="6757"/>
</LocList>
<StmntSeq Intrnl_Id="709">
<LocList>
<Loc EndOffset="6847" SrcFileId="4" StartOffset="6787"/>
</LocList>
<CondStmnt CovItemId="S84" CovItemPrefix="CardFunc.java" Intrnl_Id="710">
<Branch CovItemId="B65" CovItemPrefix="CardFunc.java" Implct="false" Intrnl_Id="711">
<Cond/>
<LocList>
<Loc EndOffset="6847" SrcFileId="4" StartOffset="6822"/>
</LocList>
<StmntSeq Intrnl_Id="712">
<LocList>
<Loc EndOffset="6842" SrcFileId="4" StartOffset="6828"/>
</LocList>
<BasicStmnt CovItemId="S85" CovItemPrefix="CardFunc.java" Intrnl_Id="713">
<LocList>
<Loc EndOffset="6842" SrcFileId="4" StartOffset="6828"/>
</LocList>
</BasicStmnt>
</StmntSeq>
</Branch>
<Branch CovItemId="B66" CovItemPrefix="CardFunc.java" Implct="true" Intrnl_Id="714">
<Cond/>
<LocList/>
<StmntSeq Intrnl_Id="715">
<LocList/>
</StmntSeq>
</Branch>
<Keyword EndOffset="6789" SrcFileId="4" StartOffset="6787"/>
<LocList>
<Loc EndOffset="6847" SrcFileId="4" StartOffset="6787"/>
</LocList>
<RootTerm CovItemId="C38" CovItemPrefix="CardFunc.java" Intrnl_Id="716">
<OpTerm BooleanOpId="6" Intrnl_Id="717">
<BasicBoolTerm Intrnl_Id="718">
<LocList>
<Loc EndOffset="6820" SrcFileId="4" StartOffset="6791"/>
</LocList>
</BasicBoolTerm>
<LocList>
<Loc EndOffset="6791" SrcFileId="4" StartOffset="6790"/>
</LocList>
</OpTerm>
</RootTerm>
</CondStmnt>
</StmntSeq>
</HierarchyLvl>
<HierarchyLvl HierarchyLvlId="3372" HierarchyLvlTypeId="7" Intrnl_Id="719" Name="func38">
<Header>
<Loc EndOffset="6893" SrcFileId="4" StartOffset="6857"/>
</Header>
<LocList>
<Loc EndOffset="7133" SrcFileId="4" StartOffset="6857"/>
</LocList>
<StmntSeq Intrnl_Id="720">
<LocList>
<Loc EndOffset="7129" SrcFileId="4" StartOffset="6970"/>
</LocList>
<CondStmnt CovItemId="S86" CovItemPrefix="CardFunc.java" Intrnl_Id="721">
<Branch CovItemId="B67" CovItemPrefix="CardFunc.java" Implct="false" Intrnl_Id="722">
<Cond/>
<LocList>
<Loc EndOffset="7074" SrcFileId="4" StartOffset="6983"/>
</LocList>
<StmntSeq Intrnl_Id="723">
<LocList>
<Loc EndOffset="7069" SrcFileId="4" StartOffset="6989"/>
</LocList>
<LoopStmnt CovItemId="S87" CovItemPrefix="CardFunc.java" Intrnl_Id="724" MltplExecId="L6-2" MltplExecPrefix="CardFunc.java" NvrExecId="L6-0" NvrExecPrefix="CardFunc.java" OnceExecutedId="L6-1" OnceExecutedPrefix="CardFunc.java" OptBodyExec="true">
<StmntSeq Intrnl_Id="725">
<LocList>
<Loc EndOffset="7063" SrcFileId="4" StartOffset="7023"/>
</LocList>
<BasicStmnt CovItemId="S88" CovItemPrefix="CardFunc.java" Intrnl_Id="726">
<LocList>
<Loc EndOffset="7063" SrcFileId="4" StartOffset="7023"/>
</LocList>
</BasicStmnt>
</StmntSeq>
<Keyword EndOffset="6992" SrcFileId="4" StartOffset="6989"/>
<LocList>
<Loc EndOffset="7069" SrcFileId="4" StartOffset="6989"/>
</LocList>
<RootTerm CovItemId="C40" CovItemPrefix="CardFunc.java" Intrnl_Id="727">
<BasicBoolTerm Intrnl_Id="728">
<LocList>
<Loc EndOffset="7009" SrcFileId="4" StartOffset="7004"/>
</LocList>
</BasicBoolTerm>
</RootTerm>
</LoopStmnt>
</StmntSeq>
</Branch>
<Branch CovItemId="B68" CovItemPrefix="CardFunc.java" Implct="false" Intrnl_Id="729">
<Cond>
<Loc EndOffset="7079" SrcFileId="4" StartOffset="7075"/>
</Cond>
<LocList>
<Loc EndOffset="7129" SrcFileId="4" StartOffset="7080"/>
</LocList>
<StmntSeq Intrnl_Id="730">
<LocList>
<Loc EndOffset="7124" SrcFileId="4" StartOffset="7100"/>
</LocList>
<BasicStmnt CovItemId="S89" CovItemPrefix="CardFunc.java" Intrnl_Id="731">
<LocList>
<Loc EndOffset="7124" SrcFileId="4" StartOffset="7100"/>
</LocList>
</BasicStmnt>
</StmntSeq>
</Branch>
<Keyword EndOffset="6972" SrcFileId="4" StartOffset="6970"/>
<LocList>
<Loc EndOffset="7129" SrcFileId="4" StartOffset="6970"/>
</LocList>
<RootTerm CovItemId="C39" CovItemPrefix="CardFunc.java" Intrnl_Id="732">
<BasicBoolTerm Intrnl_Id="733">
<LocList>
<Loc EndOffset="6981" SrcFileId="4" StartOffset="6973"/>
</LocList>
</BasicBoolTerm>
</RootTerm>
</CondStmnt>
</StmntSeq>
</HierarchyLvl>
<HierarchyLvl HierarchyLvlId="3373" HierarchyLvlTypeId="7" Intrnl_Id="734" Name="func39Init">
<Header>
<Loc EndOffset="7163" SrcFileId="4" StartOffset="7139"/>
</Header>
<LocList>
<Loc EndOffset="7266" SrcFileId="4" StartOffset="7139"/>
</LocList>
<StmntSeq Intrnl_Id="735">
<LocList>
<Loc EndOffset="7234" SrcFileId="4" StartOffset="7169"/>
<Loc EndOffset="7262" SrcFileId="4" StartOffset="7238"/>
</LocList>
<CondStmnt CovItemId="S90" CovItemPrefix="CardFunc.java" Intrnl_Id="736">
<Branch CovItemId="B69" CovItemPrefix="CardFunc.java" Implct="false" Intrnl_Id="737">
<Cond/>
<LocList>
<Loc EndOffset="7234" SrcFileId="4" StartOffset="7209"/>
</LocList>
<StmntSeq Intrnl_Id="738">
<LocList>
<Loc EndOffset="7229" SrcFileId="4" StartOffset="7215"/>
</LocList>
<BasicStmnt CovItemId="S91" CovItemPrefix="CardFunc.java" Intrnl_Id="739">
<LocList>
<Loc EndOffset="7229" SrcFileId="4" StartOffset="7215"/>
</LocList>
</BasicStmnt>
</StmntSeq>
</Branch>
<Branch CovItemId="B70" CovItemPrefix="CardFunc.java" Implct="true" Intrnl_Id="740">
<Cond/>
<LocList/>
<StmntSeq Intrnl_Id="741">
<LocList/>
</StmntSeq>
</Branch>
<Keyword EndOffset="7171" SrcFileId="4" StartOffset="7169"/>
<LocList>
<Loc EndOffset="7234" SrcFileId="4" StartOffset="7169"/>
</LocList>
<RootTerm CovItemId="C41" CovItemPrefix="CardFunc.java" Intrnl_Id="742">
<BasicBoolTerm Intrnl_Id="743">
<LocList>
<Loc EndOffset="7207" SrcFileId="4" StartOffset="7172"/>
</LocList>
</BasicBoolTerm>
</RootTerm>
</CondStmnt>
<BasicStmnt CovItemId="S92" CovItemPrefix="CardFunc.java" Intrnl_Id="744">
<LocList>
<Loc EndOffset="7262" SrcFileId="4" StartOffset="7238"/>
</LocList>
</BasicStmnt>
</StmntSeq>
</HierarchyLvl>
<HierarchyLvl HierarchyLvlId="3374" HierarchyLvlTypeId="7" Intrnl_Id="745" Name="func39">
<Header>
<Loc EndOffset="7308" SrcFileId="4" StartOffset="7272"/>
</Header>
<LocList>
<Loc EndOffset="7577" SrcFileId="4" StartOffset="7272"/>
</LocList>
<StmntSeq Intrnl_Id="746">
<LocList>
<Loc EndOffset="7573" SrcFileId="4" StartOffset="7405"/>
</LocList>
<CondStmnt CovItemId="S93" CovItemPrefix="CardFunc.java" Intrnl_Id="747">
<Branch CovItemId="B71" CovItemPrefix="CardFunc.java" Implct="false" Intrnl_Id="748">
<Cond/>
<LocList>
<Loc EndOffset="7514" SrcFileId="4" StartOffset="7418"/>
</LocList>
<StmntSeq Intrnl_Id="749">
<LocList>
<Loc EndOffset="7464" SrcFileId="4" StartOffset="7424"/>
<Loc EndOffset="7509" SrcFileId="4" StartOffset="7469"/>
</LocList>
<BasicStmnt CovItemId="S94" CovItemPrefix="CardFunc.java" Intrnl_Id="750">
<LocList>
<Loc EndOffset="7464" SrcFileId="4" StartOffset="7424"/>
</LocList>
</BasicStmnt>
<BasicStmnt CovItemId="S95" CovItemPrefix="CardFunc.java" Intrnl_Id="751">
<LocList>
<Loc EndOffset="7509" SrcFileId="4" StartOffset="7469"/>
</LocList>
</BasicStmnt>
</StmntSeq>
</Branch>
<Branch CovItemId="B72" CovItemPrefix="CardFunc.java" Implct="false" Intrnl_Id="752">
<Cond>
<Loc EndOffset="7519" SrcFileId="4" StartOffset="7515"/>
</Cond>
<LocList>
<Loc EndOffset="7573" SrcFileId="4" StartOffset="7520"/>
</LocList>
<StmntSeq Intrnl_Id="753">
<LocList/>
</StmntSeq>
</Branch>
<Keyword EndOffset="7407" SrcFileId="4" StartOffset="7405"/>
<LocList>
<Loc EndOffset="7573" SrcFileId="4" StartOffset="7405"/>
</LocList>
<RootTerm CovItemId="C42" CovItemPrefix="CardFunc.java" Intrnl_Id="754">
<BasicBoolTerm Intrnl_Id="755">
<LocList>
<Loc EndOffset="7416" SrcFileId="4" StartOffset="7408"/>
</LocList>
</BasicBoolTerm>
</RootTerm>
</CondStmnt>
</StmntSeq>
</HierarchyLvl>
<HierarchyLvl HierarchyLvlId="3375" HierarchyLvlTypeId="7" Intrnl_Id="756" Name="func42Init">
<Header>
<Loc EndOffset="7607" SrcFileId="4" StartOffset="7583"/>
</Header>
<LocList>
<Loc EndOffset="7631" SrcFileId="4" StartOffset="7583"/>
</LocList>
<StmntSeq Intrnl_Id="757">
<LocList>
<Loc EndOffset="7627" SrcFileId="4" StartOffset="7613"/>
</LocList>
<BasicStmnt CovItemId="S96" CovItemPrefix="CardFunc.java" Intrnl_Id="758">
<LocList>
<Loc EndOffset="7627" SrcFileId="4" StartOffset="7613"/>
</LocList>
</BasicStmnt>
</StmntSeq>
</HierarchyLvl>
<HierarchyLvl HierarchyLvlId="3376" HierarchyLvlTypeId="7" Intrnl_Id="759" Name="func42">
<Header>
<Loc EndOffset="7673" SrcFileId="4" StartOffset="7637"/>
</Header>
<LocList>
<Loc EndOffset="7855" SrcFileId="4" StartOffset="7637"/>
</LocList>
<StmntSeq Intrnl_Id="760">
<LocList>
<Loc EndOffset="7851" SrcFileId="4" StartOffset="7747"/>
</LocList>
<CondStmnt CovItemId="S97" CovItemPrefix="CardFunc.java" Intrnl_Id="761">
<Branch CovItemId="B73" CovItemPrefix="CardFunc.java" Implct="false" Intrnl_Id="762">
<Cond/>
<LocList>
<Loc EndOffset="7851" SrcFileId="4" StartOffset="7760"/>
</LocList>
<StmntSeq Intrnl_Id="763">
<LocList/>
</StmntSeq>
</Branch>
<Branch CovItemId="B74" CovItemPrefix="CardFunc.java" Implct="true" Intrnl_Id="764">
<Cond/>
<LocList/>
<StmntSeq Intrnl_Id="765">
<LocList/>
</StmntSeq>
</Branch>
<Keyword EndOffset="7749" SrcFileId="4" StartOffset="7747"/>
<LocList>
<Loc EndOffset="7851" SrcFileId="4" StartOffset="7747"/>
</LocList>
<RootTerm CovItemId="C43" CovItemPrefix="CardFunc.java" Intrnl_Id="766">
<BasicBoolTerm Intrnl_Id="767">
<LocList>
<Loc EndOffset="7758" SrcFileId="4" StartOffset="7750"/>
</LocList>
</BasicBoolTerm>
</RootTerm>
</CondStmnt>
</StmntSeq>
</HierarchyLvl>
<HierarchyLvl HierarchyLvlId="3377" HierarchyLvlTypeId="7" Intrnl_Id="768" Name="func43Init">
<Header>
<Loc EndOffset="7885" SrcFileId="4" StartOffset="7861"/>
</Header>
<LocList>
<Loc EndOffset="7910" SrcFileId="4" StartOffset="7861"/>
</LocList>
<StmntSeq Intrnl_Id="769">
<LocList>
<Loc EndOffset="7906" SrcFileId="4" StartOffset="7891"/>
</LocList>
<BasicStmnt CovItemId="S98" CovItemPrefix="CardFunc.java" Intrnl_Id="770">
<LocList>
<Loc EndOffset="7906" SrcFileId="4" StartOffset="7891"/>
</LocList>
</BasicStmnt>
</StmntSeq>
</HierarchyLvl>
<HierarchyLvl HierarchyLvlId="3378" HierarchyLvlTypeId="7" Intrnl_Id="771" Name="func43">
<Header>
<Loc EndOffset="7952" SrcFileId="4" StartOffset="7916"/>
</Header>
<LocList>
<Loc EndOffset="8134" SrcFileId="4" StartOffset="7916"/>
</LocList>
<StmntSeq Intrnl_Id="772">
<LocList>
<Loc EndOffset="8130" SrcFileId="4" StartOffset="8021"/>
</LocList>
<CondStmnt CovItemId="S99" CovItemPrefix="CardFunc.java" Intrnl_Id="773">
<Branch CovItemId="B75" CovItemPrefix="CardFunc.java" Implct="false" Intrnl_Id="774">
<Cond/>
<LocList>
<Loc EndOffset="8130" SrcFileId="4" StartOffset="8034"/>
</LocList>
<StmntSeq Intrnl_Id="775">
<LocList>
<Loc EndOffset="8080" SrcFileId="4" StartOffset="8040"/>
<Loc EndOffset="8125" SrcFileId="4" StartOffset="8085"/>
</LocList>
<BasicStmnt CovItemId="S100" CovItemPrefix="CardFunc.java" Intrnl_Id="776">
<LocList>
<Loc EndOffset="8080" SrcFileId="4" StartOffset="8040"/>
</LocList>
</BasicStmnt>
<BasicStmnt CovItemId="S101" CovItemPrefix="CardFunc.java" Intrnl_Id="777">
<LocList>
<Loc EndOffset="8125" SrcFileId="4" StartOffset="8085"/>
</LocList>
</BasicStmnt>
</StmntSeq>
</Branch>
<Branch CovItemId="B76" CovItemPrefix="CardFunc.java" Implct="true" Intrnl_Id="778">
<Cond/>
<LocList/>
<StmntSeq Intrnl_Id="779">
<LocList/>
</StmntSeq>
</Branch>
<Keyword EndOffset="8023" SrcFileId="4" StartOffset="8021"/>
<LocList>
<Loc EndOffset="8130" SrcFileId="4" StartOffset="8021"/>
</LocList>
<RootTerm CovItemId="C44" CovItemPrefix="CardFunc.java" Intrnl_Id="780">
<BasicBoolTerm Intrnl_Id="781">
<LocList>
<Loc EndOffset="8032" SrcFileId="4" StartOffset="8024"/>
</LocList>
</BasicBoolTerm>
</RootTerm>
</CondStmnt>
</StmntSeq>
</HierarchyLvl>
<HierarchyLvl HierarchyLvlId="3379" HierarchyLvlTypeId="7" Intrnl_Id="782" Name="func44Init">
<Header>
<Loc EndOffset="8164" SrcFileId="4" StartOffset="8140"/>
</Header>
<LocList>
<Loc EndOffset="8203" SrcFileId="4" StartOffset="8140"/>
</LocList>
<StmntSeq Intrnl_Id="783">
<LocList>
<Loc EndOffset="8199" SrcFileId="4" StartOffset="8170"/>
</LocList>
<BasicStmnt CovItemId="S102" CovItemPrefix="CardFunc.java" Intrnl_Id="784">
<LocList>
<Loc EndOffset="8199" SrcFileId="4" StartOffset="8170"/>
</LocList>
</BasicStmnt>
</StmntSeq>
</HierarchyLvl>
<HierarchyLvl HierarchyLvlId="3380" HierarchyLvlTypeId="7" Intrnl_Id="785" Name="func44">
<Header>
<Loc EndOffset="8229" SrcFileId="4" StartOffset="8209"/>
</Header>
<LocList>
<Loc EndOffset="8378" SrcFileId="4" StartOffset="8209"/>
</LocList>
</HierarchyLvl>
<HierarchyLvl HierarchyLvlId="3381" HierarchyLvlTypeId="7" Intrnl_Id="786" Name="func45">
<Header>
<Loc EndOffset="8420" SrcFileId="4" StartOffset="8384"/>
</Header>
<LocList>
<Loc EndOffset="8666" SrcFileId="4" StartOffset="8384"/>
</LocList>
<StmntSeq Intrnl_Id="787">
<LocList>
<Loc EndOffset="8662" SrcFileId="4" StartOffset="8540"/>
</LocList>
<CondStmnt CovItemId="S103" CovItemPrefix="CardFunc.java" Intrnl_Id="788">
<Branch CovItemId="B77" CovItemPrefix="CardFunc.java" Implct="false" Intrnl_Id="789">
<Cond/>
<LocList>
<Loc EndOffset="8604" SrcFileId="4" StartOffset="8553"/>
</LocList>
<StmntSeq Intrnl_Id="790">
<LocList>
<Loc EndOffset="8599" SrcFileId="4" StartOffset="8559"/>
</LocList>
<BasicStmnt CovItemId="S104" CovItemPrefix="CardFunc.java" Intrnl_Id="791">
<LocList>
<Loc EndOffset="8599" SrcFileId="4" StartOffset="8559"/>
</LocList>
</BasicStmnt>
</StmntSeq>
</Branch>
<Branch CovItemId="B78" CovItemPrefix="CardFunc.java" Implct="false" Intrnl_Id="792">
<Cond>
<Loc EndOffset="8609" SrcFileId="4" StartOffset="8605"/>
</Cond>
<LocList>
<Loc EndOffset="8662" SrcFileId="4" StartOffset="8610"/>
</LocList>
<StmntSeq Intrnl_Id="793">
<LocList/>
</StmntSeq>
</Branch>
<Keyword EndOffset="8542" SrcFileId="4" StartOffset="8540"/>
<LocList>
<Loc EndOffset="8662" SrcFileId="4" StartOffset="8540"/>
</LocList>
<RootTerm CovItemId="C45" CovItemPrefix="CardFunc.java" Intrnl_Id="794">
<BasicBoolTerm Intrnl_Id="795">
<LocList>
<Loc EndOffset="8551" SrcFileId="4" StartOffset="8543"/>
</LocList>
</BasicBoolTerm>
</RootTerm>
</CondStmnt>
</StmntSeq>
</HierarchyLvl>
<HierarchyLvl HierarchyLvlId="3382" HierarchyLvlTypeId="7" Intrnl_Id="796" Name="func46Init">
<Header>
<Loc EndOffset="8696" SrcFileId="4" StartOffset="8672"/>
</Header>
<LocList>
<Loc EndOffset="8765" SrcFileId="4" StartOffset="8672"/>
</LocList>
<StmntSeq Intrnl_Id="797">
<LocList>
<Loc EndOffset="8761" SrcFileId="4" StartOffset="8702"/>
</LocList>
<CondStmnt CovItemId="S105" CovItemPrefix="CardFunc.java" Intrnl_Id="798">
<Branch CovItemId="B79" CovItemPrefix="CardFunc.java" Implct="false" Intrnl_Id="799">
<Cond/>
<LocList>
<Loc EndOffset="8761" SrcFileId="4" StartOffset="8736"/>
</LocList>
<StmntSeq Intrnl_Id="800">
<LocList>
<Loc EndOffset="8756" SrcFileId="4" StartOffset="8742"/>
</LocList>
<BasicStmnt CovItemId="S106" CovItemPrefix="CardFunc.java" Intrnl_Id="801">
<LocList>
<Loc EndOffset="8756" SrcFileId="4" StartOffset="8742"/>
</LocList>
</BasicStmnt>
</StmntSeq>
</Branch>
<Branch CovItemId="B80" CovItemPrefix="CardFunc.java" Implct="true" Intrnl_Id="802">
<Cond/>
<LocList/>
<StmntSeq Intrnl_Id="803">
<LocList/>
</StmntSeq>
</Branch>
<Keyword EndOffset="8704" SrcFileId="4" StartOffset="8702"/>
<LocList>
<Loc EndOffset="8761" SrcFileId="4" StartOffset="8702"/>
</LocList>
<RootTerm CovItemId="C46" CovItemPrefix="CardFunc.java" Intrnl_Id="804">
<BasicBoolTerm Intrnl_Id="805">
<LocList>
<Loc EndOffset="8734" SrcFileId="4" StartOffset="8705"/>
</LocList>
</BasicBoolTerm>
</RootTerm>
</CondStmnt>
</StmntSeq>
</HierarchyLvl>
<HierarchyLvl HierarchyLvlId="3383" HierarchyLvlTypeId="7" Intrnl_Id="806" Name="func46">
<Header>
<Loc EndOffset="8804" SrcFileId="4" StartOffset="8768"/>
</Header>
<LocList>
<Loc EndOffset="9031" SrcFileId="4" StartOffset="8768"/>
</LocList>
<StmntSeq Intrnl_Id="807">
<LocList>
<Loc EndOffset="9027" SrcFileId="4" StartOffset="8861"/>
</LocList>
<CondStmnt CovItemId="S107" CovItemPrefix="CardFunc.java" Intrnl_Id="808">
<Branch CovItemId="B81" CovItemPrefix="CardFunc.java" Implct="false" Intrnl_Id="809">
<Cond/>
<LocList>
<Loc EndOffset="8970" SrcFileId="4" StartOffset="8874"/>
</LocList>
<StmntSeq Intrnl_Id="810">
<LocList>
<Loc EndOffset="8920" SrcFileId="4" StartOffset="8880"/>
<Loc EndOffset="8965" SrcFileId="4" StartOffset="8925"/>
</LocList>
<BasicStmnt CovItemId="S108" CovItemPrefix="CardFunc.java" Intrnl_Id="811">
<LocList>
<Loc EndOffset="8920" SrcFileId="4" StartOffset="8880"/>
</LocList>
</BasicStmnt>
<BasicStmnt CovItemId="S109" CovItemPrefix="CardFunc.java" Intrnl_Id="812">
<LocList>
<Loc EndOffset="8965" SrcFileId="4" StartOffset="8925"/>
</LocList>
</BasicStmnt>
</StmntSeq>
</Branch>
<Branch CovItemId="B82" CovItemPrefix="CardFunc.java" Implct="false" Intrnl_Id="813">
<Cond>
<Loc EndOffset="8975" SrcFileId="4" StartOffset="8971"/>
</Cond>
<LocList>
<Loc EndOffset="9027" SrcFileId="4" StartOffset="8976"/>
</LocList>
<StmntSeq Intrnl_Id="814">
<LocList>
<Loc EndOffset="8996" SrcFileId="4" StartOffset="8982"/>
</LocList>
<BasicStmnt CovItemId="S110" CovItemPrefix="CardFunc.java" Intrnl_Id="815">
<LocList>
<Loc EndOffset="8996" SrcFileId="4" StartOffset="8982"/>
</LocList>
</BasicStmnt>
</StmntSeq>
</Branch>
<Keyword EndOffset="8863" SrcFileId="4" StartOffset="8861"/>
<LocList>
<Loc EndOffset="9027" SrcFileId="4" StartOffset="8861"/>
</LocList>
<RootTerm CovItemId="C47" CovItemPrefix="CardFunc.java" Intrnl_Id="816">
<BasicBoolTerm Intrnl_Id="817">
<LocList>
<Loc EndOffset="8872" SrcFileId="4" StartOffset="8864"/>
</LocList>
</BasicBoolTerm>
</RootTerm>
</CondStmnt>
</StmntSeq>
</HierarchyLvl>
<HierarchyLvl HierarchyLvlId="3384" HierarchyLvlTypeId="7" Intrnl_Id="818" Name="func47">
<Header>
<Loc EndOffset="9073" SrcFileId="4" StartOffset="9037"/>
</Header>
<LocList>
<Loc EndOffset="9245" SrcFileId="4" StartOffset="9037"/>
</LocList>
<StmntSeq Intrnl_Id="819">
<LocList>
<Loc EndOffset="9241" SrcFileId="4" StartOffset="9120"/>
</LocList>
<CondStmnt CovItemId="S111" CovItemPrefix="CardFunc.java" Intrnl_Id="820">
<Branch CovItemId="B83" CovItemPrefix="CardFunc.java" Implct="false" Intrnl_Id="821">
<Cond/>
<LocList>
<Loc EndOffset="9184" SrcFileId="4" StartOffset="9133"/>
</LocList>
<StmntSeq Intrnl_Id="822">
<LocList>
<Loc EndOffset="9179" SrcFileId="4" StartOffset="9139"/>
</LocList>
<BasicStmnt CovItemId="S112" CovItemPrefix="CardFunc.java" Intrnl_Id="823">
<LocList>
<Loc EndOffset="9179" SrcFileId="4" StartOffset="9139"/>
</LocList>
</BasicStmnt>
</StmntSeq>
</Branch>
<Branch CovItemId="B84" CovItemPrefix="CardFunc.java" Implct="false" Intrnl_Id="824">
<Cond>
<Loc EndOffset="9189" SrcFileId="4" StartOffset="9185"/>
</Cond>
<LocList>
<Loc EndOffset="9241" SrcFileId="4" StartOffset="9190"/>
</LocList>
<StmntSeq Intrnl_Id="825">
<LocList/>
</StmntSeq>
</Branch>
<Keyword EndOffset="9122" SrcFileId="4" StartOffset="9120"/>
<LocList>
<Loc EndOffset="9241" SrcFileId="4" StartOffset="9120"/>
</LocList>
<RootTerm CovItemId="C48" CovItemPrefix="CardFunc.java" Intrnl_Id="826">
<BasicBoolTerm Intrnl_Id="827">
<LocList>
<Loc EndOffset="9131" SrcFileId="4" StartOffset="9123"/>
</LocList>
</BasicBoolTerm>
</RootTerm>
</CondStmnt>
</StmntSeq>
</HierarchyLvl>
<HierarchyLvl HierarchyLvlId="3385" HierarchyLvlTypeId="7" Intrnl_Id="828" Name="func48Init">
<Header>
<Loc EndOffset="9275" SrcFileId="4" StartOffset="9251"/>
</Header>
<LocList>
<Loc EndOffset="9299" SrcFileId="4" StartOffset="9251"/>
</LocList>
<StmntSeq Intrnl_Id="829">
<LocList>
<Loc EndOffset="9295" SrcFileId="4" StartOffset="9281"/>
</LocList>
<BasicStmnt CovItemId="S113" CovItemPrefix="CardFunc.java" Intrnl_Id="830">
<LocList>
<Loc EndOffset="9295" SrcFileId="4" StartOffset="9281"/>
</LocList>
</BasicStmnt>
</StmntSeq>
</HierarchyLvl>
<HierarchyLvl HierarchyLvlId="3386" HierarchyLvlTypeId="7" Intrnl_Id="831" Name="func48">
<Header>
<Loc EndOffset="9341" SrcFileId="4" StartOffset="9305"/>
</Header>
<LocList>
<Loc EndOffset="9467" SrcFileId="4" StartOffset="9305"/>
</LocList>
<StmntSeq Intrnl_Id="832">
<LocList>
<Loc EndOffset="9463" SrcFileId="4" StartOffset="9399"/>
</LocList>
<CondStmnt CovItemId="S114" CovItemPrefix="CardFunc.java" Intrnl_Id="833">
<Branch CovItemId="B85" CovItemPrefix="CardFunc.java" Implct="false" Intrnl_Id="834">
<Cond/>
<LocList>
<Loc EndOffset="9463" SrcFileId="4" StartOffset="9412"/>
</LocList>
<StmntSeq Intrnl_Id="835">
<LocList>
<Loc EndOffset="9458" SrcFileId="4" StartOffset="9418"/>
</LocList>
<BasicStmnt CovItemId="S115" CovItemPrefix="CardFunc.java" Intrnl_Id="836">
<LocList>
<Loc EndOffset="9458" SrcFileId="4" StartOffset="9418"/>
</LocList>
</BasicStmnt>
</StmntSeq>
</Branch>
<Branch CovItemId="B86" CovItemPrefix="CardFunc.java" Implct="true" Intrnl_Id="837">
<Cond/>
<LocList/>
<StmntSeq Intrnl_Id="838">
<LocList/>
</StmntSeq>
</Branch>
<Keyword EndOffset="9401" SrcFileId="4" StartOffset="9399"/>
<LocList>
<Loc EndOffset="9463" SrcFileId="4" StartOffset="9399"/>
</LocList>
<RootTerm CovItemId="C49" CovItemPrefix="CardFunc.java" Intrnl_Id="839">
<BasicBoolTerm Intrnl_Id="840">
<LocList>
<Loc EndOffset="9410" SrcFileId="4" StartOffset="9402"/>
</LocList>
</BasicBoolTerm>
</RootTerm>
</CondStmnt>
</StmntSeq>
</HierarchyLvl>
<HierarchyLvl HierarchyLvlId="3387" HierarchyLvlTypeId="7" Intrnl_Id="841" Name="func49">
<Header>
<Loc EndOffset="9493" SrcFileId="4" StartOffset="9473"/>
</Header>
<LocList>
<Loc EndOffset="9556" SrcFileId="4" StartOffset="9473"/>
</LocList>
<StmntSeq Intrnl_Id="842">
<LocList>
<Loc EndOffset="9552" SrcFileId="4" StartOffset="9520"/>
</LocList>
<BasicStmnt CovItemId="S116" CovItemPrefix="CardFunc.java" Intrnl_Id="843">
<LocList>
<Loc EndOffset="9552" SrcFileId="4" StartOffset="9520"/>
</LocList>
</BasicStmnt>
</StmntSeq>
</HierarchyLvl>
<HierarchyLvl HierarchyLvlId="3388" HierarchyLvlTypeId="7" Intrnl_Id="844" Name="func51Init">
<Header>
<Loc EndOffset="9586" SrcFileId="4" StartOffset="9562"/>
</Header>
<LocList>
<Loc EndOffset="9641" SrcFileId="4" StartOffset="9562"/>
</LocList>
<StmntSeq Intrnl_Id="845">
<LocList>
<Loc EndOffset="9637" SrcFileId="4" StartOffset="9592"/>
</LocList>
<CondStmnt CovItemId="S117" CovItemPrefix="CardFunc.java" Intrnl_Id="846">
<Branch CovItemId="B87" CovItemPrefix="CardFunc.java" Implct="false" Intrnl_Id="847">
<Cond/>
<LocList>
<Loc EndOffset="9637" SrcFileId="4" StartOffset="9612"/>
</LocList>
<StmntSeq Intrnl_Id="848">
<LocList>
<Loc EndOffset="9632" SrcFileId="4" StartOffset="9618"/>
</LocList>
<BasicStmnt CovItemId="S118" CovItemPrefix="CardFunc.java" Intrnl_Id="849">
<LocList>
<Loc EndOffset="9632" SrcFileId="4" StartOffset="9618"/>
</LocList>
</BasicStmnt>
</StmntSeq>
</Branch>
<Branch CovItemId="B88" CovItemPrefix="CardFunc.java" Implct="true" Intrnl_Id="850">
<Cond/>
<LocList/>
<StmntSeq Intrnl_Id="851">
<LocList/>
</StmntSeq>
</Branch>
<Keyword EndOffset="9594" SrcFileId="4" StartOffset="9592"/>
<LocList>
<Loc EndOffset="9637" SrcFileId="4" StartOffset="9592"/>
</LocList>
<RootTerm CovItemId="C50" CovItemPrefix="CardFunc.java" Intrnl_Id="852">
<BasicBoolTerm Intrnl_Id="853">
<LocList>
<Loc EndOffset="9610" SrcFileId="4" StartOffset="9595"/>
</LocList>
</BasicBoolTerm>
</RootTerm>
</CondStmnt>
</StmntSeq>
</HierarchyLvl>
<HierarchyLvl HierarchyLvlId="3389" HierarchyLvlTypeId="7" Intrnl_Id="854" Name="func51">
<Header>
<Loc EndOffset="9683" SrcFileId="4" StartOffset="9647"/>
</Header>
<LocList>
<Loc EndOffset="9879" SrcFileId="4" StartOffset="9647"/>
</LocList>
<StmntSeq Intrnl_Id="855">
<LocList>
<Loc EndOffset="9875" SrcFileId="4" StartOffset="9737"/>
</LocList>
<CondStmnt CovItemId="S119" CovItemPrefix="CardFunc.java" Intrnl_Id="856">
<Branch CovItemId="B89" CovItemPrefix="CardFunc.java" Implct="false" Intrnl_Id="857">
<Cond/>
<LocList>
<Loc EndOffset="9841" SrcFileId="4" StartOffset="9750"/>
</LocList>
<StmntSeq Intrnl_Id="858">
<LocList>
<Loc EndOffset="9836" SrcFileId="4" StartOffset="9756"/>
</LocList>
<LoopStmnt CovItemId="S120" CovItemPrefix="CardFunc.java" Intrnl_Id="859" MltplExecId="L7-2" MltplExecPrefix="CardFunc.java" NvrExecId="L7-0" NvrExecPrefix="CardFunc.java" OnceExecutedId="L7-1" OnceExecutedPrefix="CardFunc.java" OptBodyExec="true">
<StmntSeq Intrnl_Id="860">
<LocList>
<Loc EndOffset="9830" SrcFileId="4" StartOffset="9790"/>
</LocList>
<BasicStmnt CovItemId="S121" CovItemPrefix="CardFunc.java" Intrnl_Id="861">
<LocList>
<Loc EndOffset="9830" SrcFileId="4" StartOffset="9790"/>
</LocList>
</BasicStmnt>
</StmntSeq>
<Keyword EndOffset="9759" SrcFileId="4" StartOffset="9756"/>
<LocList>
<Loc EndOffset="9836" SrcFileId="4" StartOffset="9756"/>
</LocList>
<RootTerm CovItemId="C52" CovItemPrefix="CardFunc.java" Intrnl_Id="862">
<BasicBoolTerm Intrnl_Id="863">
<LocList>
<Loc EndOffset="9776" SrcFileId="4" StartOffset="9771"/>
</LocList>
</BasicBoolTerm>
</RootTerm>
</LoopStmnt>
</StmntSeq>
</Branch>
<Branch CovItemId="B90" CovItemPrefix="CardFunc.java" Implct="false" Intrnl_Id="864">
<Cond>
<Loc EndOffset="9846" SrcFileId="4" StartOffset="9842"/>
</Cond>
<LocList>
<Loc EndOffset="9875" SrcFileId="4" StartOffset="9847"/>
</LocList>
<StmntSeq Intrnl_Id="865">
<LocList/>
</StmntSeq>
</Branch>
<Keyword EndOffset="9739" SrcFileId="4" StartOffset="9737"/>
<LocList>
<Loc EndOffset="9875" SrcFileId="4" StartOffset="9737"/>
</LocList>
<RootTerm CovItemId="C51" CovItemPrefix="CardFunc.java" Intrnl_Id="866">
<BasicBoolTerm Intrnl_Id="867">
<LocList>
<Loc EndOffset="9748" SrcFileId="4" StartOffset="9740"/>
</LocList>
</BasicBoolTerm>
</RootTerm>
</CondStmnt>
</StmntSeq>
</HierarchyLvl>
<HierarchyLvl HierarchyLvlId="3390" HierarchyLvlTypeId="7" Intrnl_Id="868" Name="func52Init">
<Header>
<Loc EndOffset="9909" SrcFileId="4" StartOffset="9885"/>
</Header>
<LocList>
<Loc EndOffset="10128" SrcFileId="4" StartOffset="9885"/>
</LocList>
<StmntSeq Intrnl_Id="869">
<LocList>
<Loc EndOffset="9944" SrcFileId="4" StartOffset="9915"/>
<Loc EndOffset="10124" SrcFileId="4" StartOffset="9948"/>
</LocList>
<BasicStmnt CovItemId="S122" CovItemPrefix="CardFunc.java" Intrnl_Id="870">
<LocList>
<Loc EndOffset="9944" SrcFileId="4" StartOffset="9915"/>
</LocList>
</BasicStmnt>
<CondStmnt CovItemId="S123" CovItemPrefix="CardFunc.java" Intrnl_Id="871">
<Branch CovItemId="B91" CovItemPrefix="CardFunc.java" Implct="false" Intrnl_Id="872">
<Cond/>
<LocList>
<Loc EndOffset="10040" SrcFileId="4" StartOffset="9962"/>
</LocList>
<StmntSeq Intrnl_Id="873">
<LocList>
<Loc EndOffset="10035" SrcFileId="4" StartOffset="9968"/>
</LocList>
<CondStmnt CovItemId="S124" CovItemPrefix="CardFunc.java" Intrnl_Id="874">
<Branch CovItemId="B93" CovItemPrefix="CardFunc.java" Implct="false" Intrnl_Id="875">
<Cond/>
<LocList>
<Loc EndOffset="10035" SrcFileId="4" StartOffset="10008"/>
</LocList>
<StmntSeq Intrnl_Id="876">
<LocList>
<Loc EndOffset="10029" SrcFileId="4" StartOffset="10015"/>
</LocList>
<BasicStmnt CovItemId="S125" CovItemPrefix="CardFunc.java" Intrnl_Id="877">
<LocList>
<Loc EndOffset="10029" SrcFileId="4" StartOffset="10015"/>
</LocList>
</BasicStmnt>
</StmntSeq>
</Branch>
<Branch CovItemId="B94" CovItemPrefix="CardFunc.java" Implct="true" Intrnl_Id="878">
<Cond/>
<LocList/>
<StmntSeq Intrnl_Id="879">
<LocList/>
</StmntSeq>
</Branch>
<Keyword EndOffset="9970" SrcFileId="4" StartOffset="9968"/>
<LocList>
<Loc EndOffset="10035" SrcFileId="4" StartOffset="9968"/>
</LocList>
<RootTerm CovItemId="C54" CovItemPrefix="CardFunc.java" Intrnl_Id="880">
<BasicBoolTerm Intrnl_Id="881">
<LocList>
<Loc EndOffset="10006" SrcFileId="4" StartOffset="9971"/>
</LocList>
</BasicBoolTerm>
</RootTerm>
</CondStmnt>
</StmntSeq>
</Branch>
<Branch CovItemId="B92" CovItemPrefix="CardFunc.java" Implct="false" Intrnl_Id="882">
<Cond>
<Loc EndOffset="10045" SrcFileId="4" StartOffset="10041"/>
</Cond>
<LocList>
<Loc EndOffset="10124" SrcFileId="4" StartOffset="10046"/>
</LocList>
<StmntSeq Intrnl_Id="883">
<LocList>
<Loc EndOffset="10119" SrcFileId="4" StartOffset="10052"/>
</LocList>
<CondStmnt CovItemId="S126" CovItemPrefix="CardFunc.java" Intrnl_Id="884">
<Branch CovItemId="B95" CovItemPrefix="CardFunc.java" Implct="false" Intrnl_Id="885">
<Cond/>
<LocList>
<Loc EndOffset="10119" SrcFileId="4" StartOffset="10092"/>
</LocList>
<StmntSeq Intrnl_Id="886">
<LocList>
<Loc EndOffset="10113" SrcFileId="4" StartOffset="10099"/>
</LocList>
<BasicStmnt CovItemId="S127" CovItemPrefix="CardFunc.java" Intrnl_Id="887">
<LocList>
<Loc EndOffset="10113" SrcFileId="4" StartOffset="10099"/>
</LocList>
</BasicStmnt>
</StmntSeq>
</Branch>
<Branch CovItemId="B96" CovItemPrefix="CardFunc.java" Implct="true" Intrnl_Id="888">
<Cond/>
<LocList/>
<StmntSeq Intrnl_Id="889">
<LocList/>
</StmntSeq>
</Branch>
<Keyword EndOffset="10054" SrcFileId="4" StartOffset="10052"/>
<LocList>
<Loc EndOffset="10119" SrcFileId="4" StartOffset="10052"/>
</LocList>
<RootTerm CovItemId="C55" CovItemPrefix="CardFunc.java" Intrnl_Id="890">
<BasicBoolTerm Intrnl_Id="891">
<LocList>
<Loc EndOffset="10090" SrcFileId="4" StartOffset="10055"/>
</LocList>
</BasicBoolTerm>
</RootTerm>
</CondStmnt>
</StmntSeq>
</Branch>
<Keyword EndOffset="9950" SrcFileId="4" StartOffset="9948"/>
<LocList>
<Loc EndOffset="10124" SrcFileId="4" StartOffset="9948"/>
</LocList>
<RootTerm CovItemId="C53" CovItemPrefix="CardFunc.java" Intrnl_Id="892">
<BasicBoolTerm Intrnl_Id="893">
<LocList>
<Loc EndOffset="9960" SrcFileId="4" StartOffset="9951"/>
</LocList>
</BasicBoolTerm>
</RootTerm>
</CondStmnt>
</StmntSeq>
</HierarchyLvl>
<HierarchyLvl HierarchyLvlId="3391" HierarchyLvlTypeId="7" Intrnl_Id="894" Name="func52">
<Header>
<Loc EndOffset="10170" SrcFileId="4" StartOffset="10134"/>
</Header>
<LocList>
<Loc EndOffset="10456" SrcFileId="4" StartOffset="10134"/>
</LocList>
<StmntSeq Intrnl_Id="895">
<LocList>
<Loc EndOffset="10452" SrcFileId="4" StartOffset="10280"/>
</LocList>
<CondStmnt CovItemId="S128" CovItemPrefix="CardFunc.java" Intrnl_Id="896">
<Branch CovItemId="B97" CovItemPrefix="CardFunc.java" Implct="false" Intrnl_Id="897">
<Cond/>
<LocList>
<Loc EndOffset="10389" SrcFileId="4" StartOffset="10293"/>
</LocList>
<StmntSeq Intrnl_Id="898">
<LocList>
<Loc EndOffset="10339" SrcFileId="4" StartOffset="10299"/>
<Loc EndOffset="10384" SrcFileId="4" StartOffset="10344"/>
</LocList>
<BasicStmnt CovItemId="S129" CovItemPrefix="CardFunc.java" Intrnl_Id="899">
<LocList>
<Loc EndOffset="10339" SrcFileId="4" StartOffset="10299"/>
</LocList>
</BasicStmnt>
<BasicStmnt CovItemId="S130" CovItemPrefix="CardFunc.java" Intrnl_Id="900">
<LocList>
<Loc EndOffset="10384" SrcFileId="4" StartOffset="10344"/>
</LocList>
</BasicStmnt>
</StmntSeq>
</Branch>
<Branch CovItemId="B98" CovItemPrefix="CardFunc.java" Implct="false" Intrnl_Id="901">
<Cond>
<Loc EndOffset="10394" SrcFileId="4" StartOffset="10390"/>
</Cond>
<LocList>
<Loc EndOffset="10452" SrcFileId="4" StartOffset="10395"/>
</LocList>
<StmntSeq Intrnl_Id="902">
<LocList/>
</StmntSeq>
</Branch>
<Keyword EndOffset="10282" SrcFileId="4" StartOffset="10280"/>
<LocList>
<Loc EndOffset="10452" SrcFileId="4" StartOffset="10280"/>
</LocList>
<RootTerm CovItemId="C56" CovItemPrefix="CardFunc.java" Intrnl_Id="903">
<BasicBoolTerm Intrnl_Id="904">
<LocList>
<Loc EndOffset="10291" SrcFileId="4" StartOffset="10283"/>
</LocList>
</BasicBoolTerm>
</RootTerm>
</CondStmnt>
</StmntSeq>
</HierarchyLvl>
<HierarchyLvl HierarchyLvlId="3392" HierarchyLvlTypeId="7" Intrnl_Id="905" Name="func54">
<Header>
<Loc EndOffset="10498" SrcFileId="4" StartOffset="10462"/>
</Header>
<LocList>
<Loc EndOffset="10790" SrcFileId="4" StartOffset="10462"/>
</LocList>
<StmntSeq Intrnl_Id="906">
<LocList>
<Loc EndOffset="10786" SrcFileId="4" StartOffset="10637"/>
</LocList>
<CondStmnt CovItemId="S131" CovItemPrefix="CardFunc.java" Intrnl_Id="907">
<Branch CovItemId="B99" CovItemPrefix="CardFunc.java" Implct="false" Intrnl_Id="908">
<Cond/>
<LocList>
<Loc EndOffset="10760" SrcFileId="4" StartOffset="10650"/>
</LocList>
<StmntSeq Intrnl_Id="909">
<LocList>
<Loc EndOffset="10736" SrcFileId="4" StartOffset="10656"/>
<Loc EndOffset="10755" SrcFileId="4" StartOffset="10741"/>
</LocList>
<LoopStmnt CovItemId="S132" CovItemPrefix="CardFunc.java" Intrnl_Id="910" MltplExecId="L8-2" MltplExecPrefix="CardFunc.java" NvrExecId="L8-0" NvrExecPrefix="CardFunc.java" OnceExecutedId="L8-1" OnceExecutedPrefix="CardFunc.java" OptBodyExec="true">
<StmntSeq Intrnl_Id="911">
<LocList>
<Loc EndOffset="10730" SrcFileId="4" StartOffset="10690"/>
</LocList>
<BasicStmnt CovItemId="S133" CovItemPrefix="CardFunc.java" Intrnl_Id="912">
<LocList>
<Loc EndOffset="10730" SrcFileId="4" StartOffset="10690"/>
</LocList>
</BasicStmnt>
</StmntSeq>
<Keyword EndOffset="10659" SrcFileId="4" StartOffset="10656"/>
<LocList>
<Loc EndOffset="10736" SrcFileId="4" StartOffset="10656"/>
</LocList>
<RootTerm CovItemId="C58" CovItemPrefix="CardFunc.java" Intrnl_Id="913">
<BasicBoolTerm Intrnl_Id="914">
<LocList>
<Loc EndOffset="10676" SrcFileId="4" StartOffset="10671"/>
</LocList>
</BasicBoolTerm>
</RootTerm>
</LoopStmnt>
<BasicStmnt CovItemId="S134" CovItemPrefix="CardFunc.java" Intrnl_Id="915">
<LocList>
<Loc EndOffset="10755" SrcFileId="4" StartOffset="10741"/>
</LocList>
</BasicStmnt>
</StmntSeq>
</Branch>
<Branch CovItemId="B100" CovItemPrefix="CardFunc.java" Implct="false" Intrnl_Id="916">
<Cond>
<Loc EndOffset="10765" SrcFileId="4" StartOffset="10761"/>
</Cond>
<LocList>
<Loc EndOffset="10786" SrcFileId="4" StartOffset="10766"/>
</LocList>
<StmntSeq Intrnl_Id="917">
<LocList/>
</StmntSeq>
</Branch>
<Keyword EndOffset="10639" SrcFileId="4" StartOffset="10637"/>
<LocList>
<Loc EndOffset="10786" SrcFileId="4" StartOffset="10637"/>
</LocList>
<RootTerm CovItemId="C57" CovItemPrefix="CardFunc.java" Intrnl_Id="918">
<BasicBoolTerm Intrnl_Id="919">
<LocList>
<Loc EndOffset="10648" SrcFileId="4" StartOffset="10640"/>
</LocList>
</BasicBoolTerm>
</RootTerm>
</CondStmnt>
</StmntSeq>
</HierarchyLvl>
<HierarchyLvl HierarchyLvlId="3393" HierarchyLvlTypeId="7" Intrnl_Id="920" Name="func55Init">
<Header>
<Loc EndOffset="10820" SrcFileId="4" StartOffset="10796"/>
</Header>
<LocList>
<Loc EndOffset="10891" SrcFileId="4" StartOffset="10796"/>
</LocList>
<StmntSeq Intrnl_Id="921">
<LocList>
<Loc EndOffset="10887" SrcFileId="4" StartOffset="10826"/>
</LocList>
<CondStmnt CovItemId="S135" CovItemPrefix="CardFunc.java" Intrnl_Id="922">
<Branch CovItemId="B101" CovItemPrefix="CardFunc.java" Implct="false" Intrnl_Id="923">
<Cond/>
<LocList>
<Loc EndOffset="10887" SrcFileId="4" StartOffset="10862"/>
</LocList>
<StmntSeq Intrnl_Id="924">
<LocList>
<Loc EndOffset="10882" SrcFileId="4" StartOffset="10868"/>
</LocList>
<BasicStmnt CovItemId="S136" CovItemPrefix="CardFunc.java" Intrnl_Id="925">
<LocList>
<Loc EndOffset="10882" SrcFileId="4" StartOffset="10868"/>
</LocList>
</BasicStmnt>
</StmntSeq>
</Branch>
<Branch CovItemId="B102" CovItemPrefix="CardFunc.java" Implct="true" Intrnl_Id="926">
<Cond/>
<LocList/>
<StmntSeq Intrnl_Id="927">
<LocList/>
</StmntSeq>
</Branch>
<Keyword EndOffset="10828" SrcFileId="4" StartOffset="10826"/>
<LocList>
<Loc EndOffset="10887" SrcFileId="4" StartOffset="10826"/>
</LocList>
<RootTerm CovItemId="C59" CovItemPrefix="CardFunc.java" Intrnl_Id="928">
<BasicBoolTerm Intrnl_Id="929">
<LocList>
<Loc EndOffset="10860" SrcFileId="4" StartOffset="10829"/>
</LocList>
</BasicBoolTerm>
</RootTerm>
</CondStmnt>
</StmntSeq>
</HierarchyLvl>
<HierarchyLvl HierarchyLvlId="3394" HierarchyLvlTypeId="7" Intrnl_Id="930" Name="func55">
<Header>
<Loc EndOffset="10934" SrcFileId="4" StartOffset="10898"/>
</Header>
<LocList>
<Loc EndOffset="11089" SrcFileId="4" StartOffset="10898"/>
</LocList>
<StmntSeq Intrnl_Id="931">
<LocList>
<Loc EndOffset="11085" SrcFileId="4" StartOffset="10990"/>
</LocList>
<CondStmnt CovItemId="S137" CovItemPrefix="CardFunc.java" Intrnl_Id="932">
<Branch CovItemId="B103" CovItemPrefix="CardFunc.java" Implct="false" Intrnl_Id="933">
<Cond/>
<LocList>
<Loc EndOffset="11054" SrcFileId="4" StartOffset="11003"/>
</LocList>
<StmntSeq Intrnl_Id="934">
<LocList>
<Loc EndOffset="11049" SrcFileId="4" StartOffset="11009"/>
</LocList>
<BasicStmnt CovItemId="S138" CovItemPrefix="CardFunc.java" Intrnl_Id="935">
<LocList>
<Loc EndOffset="11049" SrcFileId="4" StartOffset="11009"/>
</LocList>
</BasicStmnt>
</StmntSeq>
</Branch>
<Branch CovItemId="B104" CovItemPrefix="CardFunc.java" Implct="false" Intrnl_Id="936">
<Cond>
<Loc EndOffset="11059" SrcFileId="4" StartOffset="11055"/>
</Cond>
<LocList>
<Loc EndOffset="11085" SrcFileId="4" StartOffset="11060"/>
</LocList>
<StmntSeq Intrnl_Id="937">
<LocList>
<Loc EndOffset="11080" SrcFileId="4" StartOffset="11066"/>
</LocList>
<BasicStmnt CovItemId="S139" CovItemPrefix="CardFunc.java" Intrnl_Id="938">
<LocList>
<Loc EndOffset="11080" SrcFileId="4" StartOffset="11066"/>
</LocList>
</BasicStmnt>
</StmntSeq>
</Branch>
<Keyword EndOffset="10992" SrcFileId="4" StartOffset="10990"/>
<LocList>
<Loc EndOffset="11085" SrcFileId="4" StartOffset="10990"/>
</LocList>
<RootTerm CovItemId="C60" CovItemPrefix="CardFunc.java" Intrnl_Id="939">
<BasicBoolTerm Intrnl_Id="940">
<LocList>
<Loc EndOffset="11001" SrcFileId="4" StartOffset="10993"/>
</LocList>
</BasicBoolTerm>
</RootTerm>
</CondStmnt>
</StmntSeq>
</HierarchyLvl>
<HierarchyLvl HierarchyLvlId="3395" HierarchyLvlTypeId="7" Intrnl_Id="941" Name="func57">
<Header>
<Loc EndOffset="11115" SrcFileId="4" StartOffset="11095"/>
</Header>
<LocList>
<Loc EndOffset="11166" SrcFileId="4" StartOffset="11095"/>
</LocList>
<StmntSeq Intrnl_Id="942">
<LocList>
<Loc EndOffset="11162" SrcFileId="4" StartOffset="11136"/>
</LocList>
<BasicStmnt CovItemId="S140" CovItemPrefix="CardFunc.java" Intrnl_Id="943">
<LocList>
<Loc EndOffset="11162" SrcFileId="4" StartOffset="11136"/>
</LocList>
</BasicStmnt>
</StmntSeq>
</HierarchyLvl>
<HierarchyLvl HierarchyLvlId="3396" HierarchyLvlTypeId="7" Intrnl_Id="944" Name="func58">
<Header>
<Loc EndOffset="11208" SrcFileId="4" StartOffset="11172"/>
</Header>
<LocList>
<Loc EndOffset="11235" SrcFileId="4" StartOffset="11172"/>
</LocList>
</HierarchyLvl>
<HierarchyLvl HierarchyLvlId="3397" HierarchyLvlTypeId="7" Intrnl_Id="945" Name="func59">
<Header>
<Loc EndOffset="11277" SrcFileId="4" StartOffset="11241"/>
</Header>
<LocList>
<Loc EndOffset="11419" SrcFileId="4" StartOffset="11241"/>
</LocList>
<StmntSeq Intrnl_Id="946">
<LocList>
<Loc EndOffset="11415" SrcFileId="4" StartOffset="11310"/>
</LocList>
<CondStmnt CovItemId="S141" CovItemPrefix="CardFunc.java" Intrnl_Id="947">
<Branch CovItemId="B105" CovItemPrefix="CardFunc.java" Implct="false" Intrnl_Id="948">
<Cond/>
<LocList>
<Loc EndOffset="11374" SrcFileId="4" StartOffset="11323"/>
</LocList>
<StmntSeq Intrnl_Id="949">
<LocList>
<Loc EndOffset="11369" SrcFileId="4" StartOffset="11329"/>
</LocList>
<BasicStmnt CovItemId="S142" CovItemPrefix="CardFunc.java" Intrnl_Id="950">
<LocList>
<Loc EndOffset="11369" SrcFileId="4" StartOffset="11329"/>
</LocList>
</BasicStmnt>
</StmntSeq>
</Branch>
<Branch CovItemId="B106" CovItemPrefix="CardFunc.java" Implct="false" Intrnl_Id="951">
<Cond>
<Loc EndOffset="11379" SrcFileId="4" StartOffset="11375"/>
</Cond>
<LocList>
<Loc EndOffset="11415" SrcFileId="4" StartOffset="11380"/>
</LocList>
<StmntSeq Intrnl_Id="952">
<LocList>
<Loc EndOffset="11410" SrcFileId="4" StartOffset="11386"/>
</LocList>
<BasicStmnt CovItemId="S143" CovItemPrefix="CardFunc.java" Intrnl_Id="953">
<LocList>
<Loc EndOffset="11410" SrcFileId="4" StartOffset="11386"/>
</LocList>
</BasicStmnt>
</StmntSeq>
</Branch>
<Keyword EndOffset="11312" SrcFileId="4" StartOffset="11310"/>
<LocList>
<Loc EndOffset="11415" SrcFileId="4" StartOffset="11310"/>
</LocList>
<RootTerm CovItemId="C61" CovItemPrefix="CardFunc.java" Intrnl_Id="954">
<BasicBoolTerm Intrnl_Id="955">
<LocList>
<Loc EndOffset="11321" SrcFileId="4" StartOffset="11313"/>
</LocList>
</BasicBoolTerm>
</RootTerm>
</CondStmnt>
</StmntSeq>
</HierarchyLvl>
<HierarchyLvl HierarchyLvlId="3398" HierarchyLvlTypeId="7" Intrnl_Id="956" Name="func60Init">
<Header>
<Loc EndOffset="11449" SrcFileId="4" StartOffset="11425"/>
</Header>
<LocList>
<Loc EndOffset="11473" SrcFileId="4" StartOffset="11425"/>
</LocList>
<StmntSeq Intrnl_Id="957">
<LocList>
<Loc EndOffset="11469" SrcFileId="4" StartOffset="11455"/>
</LocList>
<BasicStmnt CovItemId="S144" CovItemPrefix="CardFunc.java" Intrnl_Id="958">
<LocList>
<Loc EndOffset="11469" SrcFileId="4" StartOffset="11455"/>
</LocList>
</BasicStmnt>
</StmntSeq>
</HierarchyLvl>
<HierarchyLvl HierarchyLvlId="3399" HierarchyLvlTypeId="7" Intrnl_Id="959" Name="func60">
<Header>
<Loc EndOffset="11515" SrcFileId="4" StartOffset="11479"/>
</Header>
<LocList>
<Loc EndOffset="11641" SrcFileId="4" StartOffset="11479"/>
</LocList>
<StmntSeq Intrnl_Id="960">
<LocList>
<Loc EndOffset="11637" SrcFileId="4" StartOffset="11573"/>
</LocList>
<CondStmnt CovItemId="S145" CovItemPrefix="CardFunc.java" Intrnl_Id="961">
<Branch CovItemId="B107" CovItemPrefix="CardFunc.java" Implct="false" Intrnl_Id="962">
<Cond/>
<LocList>
<Loc EndOffset="11637" SrcFileId="4" StartOffset="11586"/>
</LocList>
<StmntSeq Intrnl_Id="963">
<LocList>
<Loc EndOffset="11632" SrcFileId="4" StartOffset="11592"/>
</LocList>
<BasicStmnt CovItemId="S146" CovItemPrefix="CardFunc.java" Intrnl_Id="964">
<LocList>
<Loc EndOffset="11632" SrcFileId="4" StartOffset="11592"/>
</LocList>
</BasicStmnt>
</StmntSeq>
</Branch>
<Branch CovItemId="B108" CovItemPrefix="CardFunc.java" Implct="true" Intrnl_Id="965">
<Cond/>
<LocList/>
<StmntSeq Intrnl_Id="966">
<LocList/>
</StmntSeq>
</Branch>
<Keyword EndOffset="11575" SrcFileId="4" StartOffset="11573"/>
<LocList>
<Loc EndOffset="11637" SrcFileId="4" StartOffset="11573"/>
</LocList>
<RootTerm CovItemId="C62" CovItemPrefix="CardFunc.java" Intrnl_Id="967">
<BasicBoolTerm Intrnl_Id="968">
<LocList>
<Loc EndOffset="11584" SrcFileId="4" StartOffset="11576"/>
</LocList>
</BasicBoolTerm>
</RootTerm>
</CondStmnt>
</StmntSeq>
</HierarchyLvl>
<HierarchyLvl HierarchyLvlId="3400" HierarchyLvlTypeId="7" Intrnl_Id="969" Name="func61Init">
<Header>
<Loc EndOffset="11671" SrcFileId="4" StartOffset="11647"/>
</Header>
<LocList>
<Loc EndOffset="11742" SrcFileId="4" StartOffset="11647"/>
</LocList>
<StmntSeq Intrnl_Id="970">
<LocList>
<Loc EndOffset="11738" SrcFileId="4" StartOffset="11677"/>
</LocList>
<CondStmnt CovItemId="S147" CovItemPrefix="CardFunc.java" Intrnl_Id="971">
<Branch CovItemId="B109" CovItemPrefix="CardFunc.java" Implct="false" Intrnl_Id="972">
<Cond/>
<LocList>
<Loc EndOffset="11738" SrcFileId="4" StartOffset="11713"/>
</LocList>
<StmntSeq Intrnl_Id="973">
<LocList>
<Loc EndOffset="11733" SrcFileId="4" StartOffset="11719"/>
</LocList>
<BasicStmnt CovItemId="S148" CovItemPrefix="CardFunc.java" Intrnl_Id="974">
<LocList>
<Loc EndOffset="11733" SrcFileId="4" StartOffset="11719"/>
</LocList>
</BasicStmnt>
</StmntSeq>
</Branch>
<Branch CovItemId="B110" CovItemPrefix="CardFunc.java" Implct="true" Intrnl_Id="975">
<Cond/>
<LocList/>
<StmntSeq Intrnl_Id="976">
<LocList/>
</StmntSeq>
</Branch>
<Keyword EndOffset="11679" SrcFileId="4" StartOffset="11677"/>
<LocList>
<Loc EndOffset="11738" SrcFileId="4" StartOffset="11677"/>
</LocList>
<RootTerm CovItemId="C63" CovItemPrefix="CardFunc.java" Intrnl_Id="977">
<BasicBoolTerm Intrnl_Id="978">
<LocList>
<Loc EndOffset="11711" SrcFileId="4" StartOffset="11680"/>
</LocList>
</BasicBoolTerm>
</RootTerm>
</CondStmnt>
</StmntSeq>
</HierarchyLvl>
<HierarchyLvl HierarchyLvlId="3401" HierarchyLvlTypeId="7" Intrnl_Id="979" Name="func61">
<Header>
<Loc EndOffset="11784" SrcFileId="4" StartOffset="11748"/>
</Header>
<LocList>
<Loc EndOffset="11979" SrcFileId="4" StartOffset="11748"/>
</LocList>
<StmntSeq Intrnl_Id="980">
<LocList>
<Loc EndOffset="11975" SrcFileId="4" StartOffset="11840"/>
</LocList>
<CondStmnt CovItemId="S149" CovItemPrefix="CardFunc.java" Intrnl_Id="981">
<Branch CovItemId="B111" CovItemPrefix="CardFunc.java" Implct="false" Intrnl_Id="982">
<Cond/>
<LocList>
<Loc EndOffset="11949" SrcFileId="4" StartOffset="11853"/>
</LocList>
<StmntSeq Intrnl_Id="983">
<LocList>
<Loc EndOffset="11899" SrcFileId="4" StartOffset="11859"/>
<Loc EndOffset="11944" SrcFileId="4" StartOffset="11904"/>
</LocList>
<BasicStmnt CovItemId="S150" CovItemPrefix="CardFunc.java" Intrnl_Id="984">
<LocList>
<Loc EndOffset="11899" SrcFileId="4" StartOffset="11859"/>
</LocList>
</BasicStmnt>
<BasicStmnt CovItemId="S151" CovItemPrefix="CardFunc.java" Intrnl_Id="985">
<LocList>
<Loc EndOffset="11944" SrcFileId="4" StartOffset="11904"/>
</LocList>
</BasicStmnt>
</StmntSeq>
</Branch>
<Branch CovItemId="B112" CovItemPrefix="CardFunc.java" Implct="false" Intrnl_Id="986">
<Cond>
<Loc EndOffset="11954" SrcFileId="4" StartOffset="11950"/>
</Cond>
<LocList>
<Loc EndOffset="11975" SrcFileId="4" StartOffset="11955"/>
</LocList>
<StmntSeq Intrnl_Id="987">
<LocList/>
</StmntSeq>
</Branch>
<Keyword EndOffset="11842" SrcFileId="4" StartOffset="11840"/>
<LocList>
<Loc EndOffset="11975" SrcFileId="4" StartOffset="11840"/>
</LocList>
<RootTerm CovItemId="C64" CovItemPrefix="CardFunc.java" Intrnl_Id="988">
<BasicBoolTerm Intrnl_Id="989">
<LocList>
<Loc EndOffset="11851" SrcFileId="4" StartOffset="11843"/>
</LocList>
</BasicBoolTerm>
</RootTerm>
</CondStmnt>
</StmntSeq>
</HierarchyLvl>
<HierarchyLvl HierarchyLvlId="3402" HierarchyLvlTypeId="7" Intrnl_Id="990" Name="func62Init">
<Header>
<Loc EndOffset="12009" SrcFileId="4" StartOffset="11985"/>
</Header>
<LocList>
<Loc EndOffset="12078" SrcFileId="4" StartOffset="11985"/>
</LocList>
<StmntSeq Intrnl_Id="991">
<LocList>
<Loc EndOffset="12074" SrcFileId="4" StartOffset="12015"/>
</LocList>
<CondStmnt CovItemId="S152" CovItemPrefix="CardFunc.java" Intrnl_Id="992">
<Branch CovItemId="B113" CovItemPrefix="CardFunc.java" Implct="false" Intrnl_Id="993">
<Cond/>
<LocList>
<Loc EndOffset="12074" SrcFileId="4" StartOffset="12049"/>
</LocList>
<StmntSeq Intrnl_Id="994">
<LocList>
<Loc EndOffset="12069" SrcFileId="4" StartOffset="12055"/>
</LocList>
<BasicStmnt CovItemId="S153" CovItemPrefix="CardFunc.java" Intrnl_Id="995">
<LocList>
<Loc EndOffset="12069" SrcFileId="4" StartOffset="12055"/>
</LocList>
</BasicStmnt>
</StmntSeq>
</Branch>
<Branch CovItemId="B114" CovItemPrefix="CardFunc.java" Implct="true" Intrnl_Id="996">
<Cond/>
<LocList/>
<StmntSeq Intrnl_Id="997">
<LocList/>
</StmntSeq>
</Branch>
<Keyword EndOffset="12017" SrcFileId="4" StartOffset="12015"/>
<LocList>
<Loc EndOffset="12074" SrcFileId="4" StartOffset="12015"/>
</LocList>
<RootTerm CovItemId="C65" CovItemPrefix="CardFunc.java" Intrnl_Id="998">
<BasicBoolTerm Intrnl_Id="999">
<LocList>
<Loc EndOffset="12047" SrcFileId="4" StartOffset="12018"/>
</LocList>
</BasicBoolTerm>
</RootTerm>
</CondStmnt>
</StmntSeq>
</HierarchyLvl>
<HierarchyLvl HierarchyLvlId="3403" HierarchyLvlTypeId="7" Intrnl_Id="1000" Name="func62">
<Header>
<Loc EndOffset="12120" SrcFileId="4" StartOffset="12084"/>
</Header>
<LocList>
<Loc EndOffset="12273" SrcFileId="4" StartOffset="12084"/>
</LocList>
<StmntSeq Intrnl_Id="1001">
<LocList>
<Loc EndOffset="12269" SrcFileId="4" StartOffset="12174"/>
</LocList>
<CondStmnt CovItemId="S154" CovItemPrefix="CardFunc.java" Intrnl_Id="1002">
<Branch CovItemId="B115" CovItemPrefix="CardFunc.java" Implct="false" Intrnl_Id="1003">
<Cond/>
<LocList>
<Loc EndOffset="12238" SrcFileId="4" StartOffset="12187"/>
</LocList>
<StmntSeq Intrnl_Id="1004">
<LocList>
<Loc EndOffset="12233" SrcFileId="4" StartOffset="12193"/>
</LocList>
<BasicStmnt CovItemId="S155" CovItemPrefix="CardFunc.java" Intrnl_Id="1005">
<LocList>
<Loc EndOffset="12233" SrcFileId="4" StartOffset="12193"/>
</LocList>
</BasicStmnt>
</StmntSeq>
</Branch>
<Branch CovItemId="B116" CovItemPrefix="CardFunc.java" Implct="false" Intrnl_Id="1006">
<Cond>
<Loc EndOffset="12243" SrcFileId="4" StartOffset="12239"/>
</Cond>
<LocList>
<Loc EndOffset="12269" SrcFileId="4" StartOffset="12244"/>
</LocList>
<StmntSeq Intrnl_Id="1007">
<LocList>
<Loc EndOffset="12264" SrcFileId="4" StartOffset="12250"/>
</LocList>
<BasicStmnt CovItemId="S156" CovItemPrefix="CardFunc.java" Intrnl_Id="1008">
<LocList>
<Loc EndOffset="12264" SrcFileId="4" StartOffset="12250"/>
</LocList>
</BasicStmnt>
</StmntSeq>
</Branch>
<Keyword EndOffset="12176" SrcFileId="4" StartOffset="12174"/>
<LocList>
<Loc EndOffset="12269" SrcFileId="4" StartOffset="12174"/>
</LocList>
<RootTerm CovItemId="C66" CovItemPrefix="CardFunc.java" Intrnl_Id="1009">
<BasicBoolTerm Intrnl_Id="1010">
<LocList>
<Loc EndOffset="12185" SrcFileId="4" StartOffset="12177"/>
</LocList>
</BasicBoolTerm>
</RootTerm>
</CondStmnt>
</StmntSeq>
</HierarchyLvl>
<HierarchyLvl HierarchyLvlId="3404" HierarchyLvlTypeId="7" Intrnl_Id="1011" Name="func63Init">
<Header>
<Loc EndOffset="12303" SrcFileId="4" StartOffset="12279"/>
</Header>
<LocList>
<Loc EndOffset="12377" SrcFileId="4" StartOffset="12279"/>
</LocList>
<StmntSeq Intrnl_Id="1012">
<LocList>
<Loc EndOffset="12373" SrcFileId="4" StartOffset="12309"/>
</LocList>
<CondStmnt CovItemId="S157" CovItemPrefix="CardFunc.java" Intrnl_Id="1013">
<Branch CovItemId="B117" CovItemPrefix="CardFunc.java" Implct="false" Intrnl_Id="1014">
<Cond/>
<LocList>
<Loc EndOffset="12373" SrcFileId="4" StartOffset="12348"/>
</LocList>
<StmntSeq Intrnl_Id="1015">
<LocList>
<Loc EndOffset="12368" SrcFileId="4" StartOffset="12354"/>
</LocList>
<BasicStmnt CovItemId="S158" CovItemPrefix="CardFunc.java" Intrnl_Id="1016">
<LocList>
<Loc EndOffset="12368" SrcFileId="4" StartOffset="12354"/>
</LocList>
</BasicStmnt>
</StmntSeq>
</Branch>
<Branch CovItemId="B118" CovItemPrefix="CardFunc.java" Implct="true" Intrnl_Id="1017">
<Cond/>
<LocList/>
<StmntSeq Intrnl_Id="1018">
<LocList/>
</StmntSeq>
</Branch>
<Keyword EndOffset="12311" SrcFileId="4" StartOffset="12309"/>
<LocList>
<Loc EndOffset="12373" SrcFileId="4" StartOffset="12309"/>
</LocList>
<RootTerm CovItemId="C67" CovItemPrefix="CardFunc.java" Intrnl_Id="1019">
<BasicBoolTerm Intrnl_Id="1020">
<LocList>
<Loc EndOffset="12346" SrcFileId="4" StartOffset="12312"/>
</LocList>
</BasicBoolTerm>
</RootTerm>
</CondStmnt>
</StmntSeq>
</HierarchyLvl>
<HierarchyLvl HierarchyLvlId="3405" HierarchyLvlTypeId="7" Intrnl_Id="1021" Name="func63">
<Header>
<Loc EndOffset="12419" SrcFileId="4" StartOffset="12383"/>
</Header>
<LocList>
<Loc EndOffset="12698" SrcFileId="4" StartOffset="12383"/>
</LocList>
<StmntSeq Intrnl_Id="1022">
<LocList>
<Loc EndOffset="12694" SrcFileId="4" StartOffset="12530"/>
</LocList>
<CondStmnt CovItemId="S159" CovItemPrefix="CardFunc.java" Intrnl_Id="1023">
<Branch CovItemId="B119" CovItemPrefix="CardFunc.java" Implct="false" Intrnl_Id="1024">
<Cond/>
<LocList>
<Loc EndOffset="12653" SrcFileId="4" StartOffset="12543"/>
</LocList>
<StmntSeq Intrnl_Id="1025">
<LocList>
<Loc EndOffset="12629" SrcFileId="4" StartOffset="12549"/>
<Loc EndOffset="12648" SrcFileId="4" StartOffset="12634"/>
</LocList>
<LoopStmnt CovItemId="S160" CovItemPrefix="CardFunc.java" Intrnl_Id="1026" MltplExecId="L9-2" MltplExecPrefix="CardFunc.java" NvrExecId="L9-0" NvrExecPrefix="CardFunc.java" OnceExecutedId="L9-1" OnceExecutedPrefix="CardFunc.java" OptBodyExec="true">
<StmntSeq Intrnl_Id="1027">
<LocList>
<Loc EndOffset="12623" SrcFileId="4" StartOffset="12583"/>
</LocList>
<BasicStmnt CovItemId="S161" CovItemPrefix="CardFunc.java" Intrnl_Id="1028">
<LocList>
<Loc EndOffset="12623" SrcFileId="4" StartOffset="12583"/>
</LocList>
</BasicStmnt>
</StmntSeq>
<Keyword EndOffset="12552" SrcFileId="4" StartOffset="12549"/>
<LocList>
<Loc EndOffset="12629" SrcFileId="4" StartOffset="12549"/>
</LocList>
<RootTerm CovItemId="C69" CovItemPrefix="CardFunc.java" Intrnl_Id="1029">
<BasicBoolTerm Intrnl_Id="1030">
<LocList>
<Loc EndOffset="12569" SrcFileId="4" StartOffset="12564"/>
</LocList>
</BasicBoolTerm>
</RootTerm>
</LoopStmnt>
<BasicStmnt CovItemId="S162" CovItemPrefix="CardFunc.java" Intrnl_Id="1031">
<LocList>
<Loc EndOffset="12648" SrcFileId="4" StartOffset="12634"/>
</LocList>
</BasicStmnt>
</StmntSeq>
</Branch>
<Branch CovItemId="B120" CovItemPrefix="CardFunc.java" Implct="false" Intrnl_Id="1032">
<Cond>
<Loc EndOffset="12658" SrcFileId="4" StartOffset="12654"/>
</Cond>
<LocList>
<Loc EndOffset="12694" SrcFileId="4" StartOffset="12659"/>
</LocList>
<StmntSeq Intrnl_Id="1033">
<LocList>
<Loc EndOffset="12689" SrcFileId="4" StartOffset="12665"/>
</LocList>
<BasicStmnt CovItemId="S163" CovItemPrefix="CardFunc.java" Intrnl_Id="1034">
<LocList>
<Loc EndOffset="12689" SrcFileId="4" StartOffset="12665"/>
</LocList>
</BasicStmnt>
</StmntSeq>
</Branch>
<Keyword EndOffset="12532" SrcFileId="4" StartOffset="12530"/>
<LocList>
<Loc EndOffset="12694" SrcFileId="4" StartOffset="12530"/>
</LocList>
<RootTerm CovItemId="C68" CovItemPrefix="CardFunc.java" Intrnl_Id="1035">
<BasicBoolTerm Intrnl_Id="1036">
<LocList>
<Loc EndOffset="12541" SrcFileId="4" StartOffset="12533"/>
</LocList>
</BasicBoolTerm>
</RootTerm>
</CondStmnt>
</StmntSeq>
</HierarchyLvl>
<HierarchyLvl HierarchyLvlId="3406" HierarchyLvlTypeId="7" Intrnl_Id="1037" Name="func64">
<Header>
<Loc EndOffset="12740" SrcFileId="4" StartOffset="12704"/>
</Header>
<LocList>
<Loc EndOffset="13018" SrcFileId="4" StartOffset="12704"/>
</LocList>
<StmntSeq Intrnl_Id="1038">
<LocList>
<Loc EndOffset="13014" SrcFileId="4" StartOffset="12840"/>
</LocList>
<CondStmnt CovItemId="S164" CovItemPrefix="CardFunc.java" Intrnl_Id="1039">
<Branch CovItemId="B121" CovItemPrefix="CardFunc.java" Implct="false" Intrnl_Id="1040">
<Cond/>
<LocList>
<Loc EndOffset="12963" SrcFileId="4" StartOffset="12853"/>
</LocList>
<StmntSeq Intrnl_Id="1041">
<LocList>
<Loc EndOffset="12939" SrcFileId="4" StartOffset="12859"/>
<Loc EndOffset="12958" SrcFileId="4" StartOffset="12944"/>
</LocList>
<LoopStmnt CovItemId="S165" CovItemPrefix="CardFunc.java" Intrnl_Id="1042" MltplExecId="L10-2" MltplExecPrefix="CardFunc.java" NvrExecId="L10-0" NvrExecPrefix="CardFunc.java" OnceExecutedId="L10-1" OnceExecutedPrefix="CardFunc.java" OptBodyExec="true">
<StmntSeq Intrnl_Id="1043">
<LocList>
<Loc EndOffset="12933" SrcFileId="4" StartOffset="12893"/>
</LocList>
<BasicStmnt CovItemId="S166" CovItemPrefix="CardFunc.java" Intrnl_Id="1044">
<LocList>
<Loc EndOffset="12933" SrcFileId="4" StartOffset="12893"/>
</LocList>
</BasicStmnt>
</StmntSeq>
<Keyword EndOffset="12862" SrcFileId="4" StartOffset="12859"/>
<LocList>
<Loc EndOffset="12939" SrcFileId="4" StartOffset="12859"/>
</LocList>
<RootTerm CovItemId="C71" CovItemPrefix="CardFunc.java" Intrnl_Id="1045">
<BasicBoolTerm Intrnl_Id="1046">
<LocList>
<Loc EndOffset="12879" SrcFileId="4" StartOffset="12874"/>
</LocList>
</BasicBoolTerm>
</RootTerm>
</LoopStmnt>
<BasicStmnt CovItemId="S167" CovItemPrefix="CardFunc.java" Intrnl_Id="1047">
<LocList>
<Loc EndOffset="12958" SrcFileId="4" StartOffset="12944"/>
</LocList>
</BasicStmnt>
</StmntSeq>
</Branch>
<Branch CovItemId="B122" CovItemPrefix="CardFunc.java" Implct="false" Intrnl_Id="1048">
<Cond>
<Loc EndOffset="12968" SrcFileId="4" StartOffset="12964"/>
</Cond>
<LocList>
<Loc EndOffset="13014" SrcFileId="4" StartOffset="12969"/>
</LocList>
<StmntSeq Intrnl_Id="1049">
<LocList>
<Loc EndOffset="13009" SrcFileId="4" StartOffset="12995"/>
</LocList>
<BasicStmnt CovItemId="S168" CovItemPrefix="CardFunc.java" Intrnl_Id="1050">
<LocList>
<Loc EndOffset="13009" SrcFileId="4" StartOffset="12995"/>
</LocList>
</BasicStmnt>
</StmntSeq>
</Branch>
<Keyword EndOffset="12842" SrcFileId="4" StartOffset="12840"/>
<LocList>
<Loc EndOffset="13014" SrcFileId="4" StartOffset="12840"/>
</LocList>
<RootTerm CovItemId="C70" CovItemPrefix="CardFunc.java" Intrnl_Id="1051">
<BasicBoolTerm Intrnl_Id="1052">
<LocList>
<Loc EndOffset="12851" SrcFileId="4" StartOffset="12843"/>
</LocList>
</BasicBoolTerm>
</RootTerm>
</CondStmnt>
</StmntSeq>
</HierarchyLvl>
<HierarchyLvl HierarchyLvlId="3407" HierarchyLvlTypeId="7" Intrnl_Id="1053" Name="func65Init">
<Header>
<Loc EndOffset="13048" SrcFileId="4" StartOffset="13024"/>
</Header>
<LocList>
<Loc EndOffset="13125" SrcFileId="4" StartOffset="13024"/>
</LocList>
<StmntSeq Intrnl_Id="1054">
<LocList>
<Loc EndOffset="13121" SrcFileId="4" StartOffset="13054"/>
</LocList>
<CondStmnt CovItemId="S169" CovItemPrefix="CardFunc.java" Intrnl_Id="1055">
<Branch CovItemId="B123" CovItemPrefix="CardFunc.java" Implct="false" Intrnl_Id="1056">
<Cond/>
<LocList>
<Loc EndOffset="13121" SrcFileId="4" StartOffset="13096"/>
</LocList>
<StmntSeq Intrnl_Id="1057">
<LocList>
<Loc EndOffset="13116" SrcFileId="4" StartOffset="13102"/>
</LocList>
<BasicStmnt CovItemId="S170" CovItemPrefix="CardFunc.java" Intrnl_Id="1058">
<LocList>
<Loc EndOffset="13116" SrcFileId="4" StartOffset="13102"/>
</LocList>
</BasicStmnt>
</StmntSeq>
</Branch>
<Branch CovItemId="B124" CovItemPrefix="CardFunc.java" Implct="true" Intrnl_Id="1059">
<Cond/>
<LocList/>
<StmntSeq Intrnl_Id="1060">
<LocList/>
</StmntSeq>
</Branch>
<Keyword EndOffset="13056" SrcFileId="4" StartOffset="13054"/>
<LocList>
<Loc EndOffset="13121" SrcFileId="4" StartOffset="13054"/>
</LocList>
<RootTerm CovItemId="C72" CovItemPrefix="CardFunc.java" Intrnl_Id="1061">
<BasicBoolTerm Intrnl_Id="1062">
<LocList>
<Loc EndOffset="13094" SrcFileId="4" StartOffset="13057"/>
</LocList>
</BasicBoolTerm>
</RootTerm>
</CondStmnt>
</StmntSeq>
</HierarchyLvl>
<HierarchyLvl HierarchyLvlId="3408" HierarchyLvlTypeId="7" Intrnl_Id="1063" Name="func65">
<Header>
<Loc EndOffset="13167" SrcFileId="4" StartOffset="13131"/>
</Header>
<LocList>
<Loc EndOffset="13488" SrcFileId="4" StartOffset="13131"/>
</LocList>
<StmntSeq Intrnl_Id="1064">
<LocList>
<Loc EndOffset="13484" SrcFileId="4" StartOffset="13289"/>
</LocList>
<CondStmnt CovItemId="S171" CovItemPrefix="CardFunc.java" Intrnl_Id="1065">
<Branch CovItemId="B125" CovItemPrefix="CardFunc.java" Implct="false" Intrnl_Id="1066">
<Cond/>
<LocList>
<Loc EndOffset="13393" SrcFileId="4" StartOffset="13302"/>
</LocList>
<StmntSeq Intrnl_Id="1067">
<LocList>
<Loc EndOffset="13388" SrcFileId="4" StartOffset="13308"/>
</LocList>
<LoopStmnt CovItemId="S172" CovItemPrefix="CardFunc.java" Intrnl_Id="1068" MltplExecId="L11-2" MltplExecPrefix="CardFunc.java" NvrExecId="L11-0" NvrExecPrefix="CardFunc.java" OnceExecutedId="L11-1" OnceExecutedPrefix="CardFunc.java" OptBodyExec="true">
<StmntSeq Intrnl_Id="1069">
<LocList>
<Loc EndOffset="13382" SrcFileId="4" StartOffset="13342"/>
</LocList>
<BasicStmnt CovItemId="S173" CovItemPrefix="CardFunc.java" Intrnl_Id="1070">
<LocList>
<Loc EndOffset="13382" SrcFileId="4" StartOffset="13342"/>
</LocList>
</BasicStmnt>
</StmntSeq>
<Keyword EndOffset="13311" SrcFileId="4" StartOffset="13308"/>
<LocList>
<Loc EndOffset="13388" SrcFileId="4" StartOffset="13308"/>
</LocList>
<RootTerm CovItemId="C74" CovItemPrefix="CardFunc.java" Intrnl_Id="1071">
<BasicBoolTerm Intrnl_Id="1072">
<LocList>
<Loc EndOffset="13328" SrcFileId="4" StartOffset="13323"/>
</LocList>
</BasicBoolTerm>
</RootTerm>
</LoopStmnt>
</StmntSeq>
</Branch>
<Branch CovItemId="B126" CovItemPrefix="CardFunc.java" Implct="false" Intrnl_Id="1073">
<Cond>
<Loc EndOffset="13398" SrcFileId="4" StartOffset="13394"/>
</Cond>
<LocList>
<Loc EndOffset="13484" SrcFileId="4" StartOffset="13399"/>
</LocList>
<StmntSeq Intrnl_Id="1074">
<LocList/>
</StmntSeq>
</Branch>
<Keyword EndOffset="13291" SrcFileId="4" StartOffset="13289"/>
<LocList>
<Loc EndOffset="13484" SrcFileId="4" StartOffset="13289"/>
</LocList>
<RootTerm CovItemId="C73" CovItemPrefix="CardFunc.java" Intrnl_Id="1075">
<BasicBoolTerm Intrnl_Id="1076">
<LocList>
<Loc EndOffset="13300" SrcFileId="4" StartOffset="13292"/>
</LocList>
</BasicBoolTerm>
</RootTerm>
</CondStmnt>
</StmntSeq>
</HierarchyLvl>
<HierarchyLvl HierarchyLvlId="3409" HierarchyLvlTypeId="7" Intrnl_Id="1077" Name="func66Init">
<Header>
<Loc EndOffset="13518" SrcFileId="4" StartOffset="13494"/>
</Header>
<LocList>
<Loc EndOffset="13542" SrcFileId="4" StartOffset="13494"/>
</LocList>
<StmntSeq Intrnl_Id="1078">
<LocList>
<Loc EndOffset="13538" SrcFileId="4" StartOffset="13524"/>
</LocList>
<BasicStmnt CovItemId="S174" CovItemPrefix="CardFunc.java" Intrnl_Id="1079">
<LocList>
<Loc EndOffset="13538" SrcFileId="4" StartOffset="13524"/>
</LocList>
</BasicStmnt>
</StmntSeq>
</HierarchyLvl>
<HierarchyLvl HierarchyLvlId="3410" HierarchyLvlTypeId="7" Intrnl_Id="1080" Name="func66">
<Header>
<Loc EndOffset="13584" SrcFileId="4" StartOffset="13548"/>
</Header>
<LocList>
<Loc EndOffset="13710" SrcFileId="4" StartOffset="13548"/>
</LocList>
<StmntSeq Intrnl_Id="1081">
<LocList>
<Loc EndOffset="13706" SrcFileId="4" StartOffset="13642"/>
</LocList>
<CondStmnt CovItemId="S175" CovItemPrefix="CardFunc.java" Intrnl_Id="1082">
<Branch CovItemId="B127" CovItemPrefix="CardFunc.java" Implct="false" Intrnl_Id="1083">
<Cond/>
<LocList>
<Loc EndOffset="13706" SrcFileId="4" StartOffset="13655"/>
</LocList>
<StmntSeq Intrnl_Id="1084">
<LocList>
<Loc EndOffset="13701" SrcFileId="4" StartOffset="13661"/>
</LocList>
<BasicStmnt CovItemId="S176" CovItemPrefix="CardFunc.java" Intrnl_Id="1085">
<LocList>
<Loc EndOffset="13701" SrcFileId="4" StartOffset="13661"/>
</LocList>
</BasicStmnt>
</StmntSeq>
</Branch>
<Branch CovItemId="B128" CovItemPrefix="CardFunc.java" Implct="true" Intrnl_Id="1086">
<Cond/>
<LocList/>
<StmntSeq Intrnl_Id="1087">
<LocList/>
</StmntSeq>
</Branch>
<Keyword EndOffset="13644" SrcFileId="4" StartOffset="13642"/>
<LocList>
<Loc EndOffset="13706" SrcFileId="4" StartOffset="13642"/>
</LocList>
<RootTerm CovItemId="C75" CovItemPrefix="CardFunc.java" Intrnl_Id="1088">
<BasicBoolTerm Intrnl_Id="1089">
<LocList>
<Loc EndOffset="13653" SrcFileId="4" StartOffset="13645"/>
</LocList>
</BasicBoolTerm>
</RootTerm>
</CondStmnt>
</StmntSeq>
</HierarchyLvl>
<HierarchyLvl HierarchyLvlId="3411" HierarchyLvlTypeId="7" Intrnl_Id="1090" Name="func70">
<Header>
<Loc EndOffset="13752" SrcFileId="4" StartOffset="13716"/>
</Header>
<LocList>
<Loc EndOffset="14046" SrcFileId="4" StartOffset="13716"/>
</LocList>
<StmntSeq Intrnl_Id="1091">
<LocList>
<Loc EndOffset="14042" SrcFileId="4" StartOffset="13848"/>
</LocList>
<CondStmnt CovItemId="S177" CovItemPrefix="CardFunc.java" Intrnl_Id="1092">
<Branch CovItemId="B129" CovItemPrefix="CardFunc.java" Implct="false" Intrnl_Id="1093">
<Cond/>
<LocList>
<Loc EndOffset="13988" SrcFileId="4" StartOffset="13861"/>
</LocList>
<StmntSeq Intrnl_Id="1094">
<LocList>
<Loc EndOffset="13907" SrcFileId="4" StartOffset="13867"/>
<Loc EndOffset="13952" SrcFileId="4" StartOffset="13912"/>
</LocList>
<BasicStmnt CovItemId="S178" CovItemPrefix="CardFunc.java" Intrnl_Id="1095">
<LocList>
<Loc EndOffset="13907" SrcFileId="4" StartOffset="13867"/>
</LocList>
</BasicStmnt>
<BasicStmnt CovItemId="S179" CovItemPrefix="CardFunc.java" Intrnl_Id="1096">
<LocList>
<Loc EndOffset="13952" SrcFileId="4" StartOffset="13912"/>
</LocList>
</BasicStmnt>
</StmntSeq>
</Branch>
<Branch CovItemId="B130" CovItemPrefix="CardFunc.java" Implct="false" Intrnl_Id="1097">
<Cond>
<Loc EndOffset="13993" SrcFileId="4" StartOffset="13989"/>
</Cond>
<LocList>
<Loc EndOffset="14042" SrcFileId="4" StartOffset="13994"/>
</LocList>
<StmntSeq Intrnl_Id="1098">
<LocList/>
</StmntSeq>
</Branch>
<Keyword EndOffset="13850" SrcFileId="4" StartOffset="13848"/>
<LocList>
<Loc EndOffset="14042" SrcFileId="4" StartOffset="13848"/>
</LocList>
<RootTerm CovItemId="C76" CovItemPrefix="CardFunc.java" Intrnl_Id="1099">
<BasicBoolTerm Intrnl_Id="1100">
<LocList>
<Loc EndOffset="13859" SrcFileId="4" StartOffset="13851"/>
</LocList>
</BasicBoolTerm>
</RootTerm>
</CondStmnt>
</StmntSeq>
</HierarchyLvl>
<HierarchyLvl HierarchyLvlId="3412" HierarchyLvlTypeId="7" Intrnl_Id="1101" Name="func71Init">
<Header>
<Loc EndOffset="14076" SrcFileId="4" StartOffset="14052"/>
</Header>
<LocList>
<Loc EndOffset="14131" SrcFileId="4" StartOffset="14052"/>
</LocList>
<StmntSeq Intrnl_Id="1102">
<LocList>
<Loc EndOffset="14127" SrcFileId="4" StartOffset="14082"/>
</LocList>
<CondStmnt CovItemId="S180" CovItemPrefix="CardFunc.java" Intrnl_Id="1103">
<Branch CovItemId="B131" CovItemPrefix="CardFunc.java" Implct="false" Intrnl_Id="1104">
<Cond/>
<LocList>
<Loc EndOffset="14127" SrcFileId="4" StartOffset="14102"/>
</LocList>
<StmntSeq Intrnl_Id="1105">
<LocList>
<Loc EndOffset="14122" SrcFileId="4" StartOffset="14108"/>
</LocList>
<BasicStmnt CovItemId="S181" CovItemPrefix="CardFunc.java" Intrnl_Id="1106">
<LocList>
<Loc EndOffset="14122" SrcFileId="4" StartOffset="14108"/>
</LocList>
</BasicStmnt>
</StmntSeq>
</Branch>
<Branch CovItemId="B132" CovItemPrefix="CardFunc.java" Implct="true" Intrnl_Id="1107">
<Cond/>
<LocList/>
<StmntSeq Intrnl_Id="1108">
<LocList/>
</StmntSeq>
</Branch>
<Keyword EndOffset="14084" SrcFileId="4" StartOffset="14082"/>
<LocList>
<Loc EndOffset="14127" SrcFileId="4" StartOffset="14082"/>
</LocList>
<RootTerm CovItemId="C77" CovItemPrefix="CardFunc.java" Intrnl_Id="1109">
<BasicBoolTerm Intrnl_Id="1110">
<LocList>
<Loc EndOffset="14100" SrcFileId="4" StartOffset="14085"/>
</LocList>
</BasicBoolTerm>
</RootTerm>
</CondStmnt>
</StmntSeq>
</HierarchyLvl>
<HierarchyLvl HierarchyLvlId="3413" HierarchyLvlTypeId="7" Intrnl_Id="1111" Name="func71">
<Header>
<Loc EndOffset="14173" SrcFileId="4" StartOffset="14137"/>
</Header>
<LocList>
<Loc EndOffset="14402" SrcFileId="4" StartOffset="14137"/>
</LocList>
<StmntSeq Intrnl_Id="1112">
<LocList>
<Loc EndOffset="14398" SrcFileId="4" StartOffset="14244"/>
</LocList>
<CondStmnt CovItemId="S182" CovItemPrefix="CardFunc.java" Intrnl_Id="1113">
<Branch CovItemId="B133" CovItemPrefix="CardFunc.java" Implct="false" Intrnl_Id="1114">
<Cond/>
<LocList>
<Loc EndOffset="14348" SrcFileId="4" StartOffset="14257"/>
</LocList>
<StmntSeq Intrnl_Id="1115">
<LocList>
<Loc EndOffset="14343" SrcFileId="4" StartOffset="14263"/>
</LocList>
<LoopStmnt CovItemId="S183" CovItemPrefix="CardFunc.java" Intrnl_Id="1116" MltplExecId="L12-2" MltplExecPrefix="CardFunc.java" NvrExecId="L12-0" NvrExecPrefix="CardFunc.java" OnceExecutedId="L12-1" OnceExecutedPrefix="CardFunc.java" OptBodyExec="true">
<StmntSeq Intrnl_Id="1117">
<LocList>
<Loc EndOffset="14337" SrcFileId="4" StartOffset="14297"/>
</LocList>
<BasicStmnt CovItemId="S184" CovItemPrefix="CardFunc.java" Intrnl_Id="1118">
<LocList>
<Loc EndOffset="14337" SrcFileId="4" StartOffset="14297"/>
</LocList>
</BasicStmnt>
</StmntSeq>
<Keyword EndOffset="14266" SrcFileId="4" StartOffset="14263"/>
<LocList>
<Loc EndOffset="14343" SrcFileId="4" StartOffset="14263"/>
</LocList>
<RootTerm CovItemId="C79" CovItemPrefix="CardFunc.java" Intrnl_Id="1119">
<BasicBoolTerm Intrnl_Id="1120">
<LocList>
<Loc EndOffset="14283" SrcFileId="4" StartOffset="14278"/>
</LocList>
</BasicBoolTerm>
</RootTerm>
</LoopStmnt>
</StmntSeq>
</Branch>
<Branch CovItemId="B134" CovItemPrefix="CardFunc.java" Implct="false" Intrnl_Id="1121">
<Cond>
<Loc EndOffset="14353" SrcFileId="4" StartOffset="14349"/>
</Cond>
<LocList>
<Loc EndOffset="14398" SrcFileId="4" StartOffset="14354"/>
</LocList>
<StmntSeq Intrnl_Id="1122">
<LocList/>
</StmntSeq>
</Branch>
<Keyword EndOffset="14246" SrcFileId="4" StartOffset="14244"/>
<LocList>
<Loc EndOffset="14398" SrcFileId="4" StartOffset="14244"/>
</LocList>
<RootTerm CovItemId="C78" CovItemPrefix="CardFunc.java" Intrnl_Id="1123">
<BasicBoolTerm Intrnl_Id="1124">
<LocList>
<Loc EndOffset="14255" SrcFileId="4" StartOffset="14247"/>
</LocList>
</BasicBoolTerm>
</RootTerm>
</CondStmnt>
</StmntSeq>
</HierarchyLvl>
<HierarchyLvl HierarchyLvlId="3414" HierarchyLvlTypeId="7" Intrnl_Id="1125" Name="func72Init">
<Header>
<Loc EndOffset="14432" SrcFileId="4" StartOffset="14408"/>
</Header>
<LocList>
<Loc EndOffset="14509" SrcFileId="4" StartOffset="14408"/>
</LocList>
<StmntSeq Intrnl_Id="1126">
<LocList>
<Loc EndOffset="14505" SrcFileId="4" StartOffset="14438"/>
</LocList>
<CondStmnt CovItemId="S185" CovItemPrefix="CardFunc.java" Intrnl_Id="1127">
<Branch CovItemId="B135" CovItemPrefix="CardFunc.java" Implct="false" Intrnl_Id="1128">
<Cond/>
<LocList>
<Loc EndOffset="14505" SrcFileId="4" StartOffset="14480"/>
</LocList>
<StmntSeq Intrnl_Id="1129">
<LocList>
<Loc EndOffset="14500" SrcFileId="4" StartOffset="14486"/>
</LocList>
<BasicStmnt CovItemId="S186" CovItemPrefix="CardFunc.java" Intrnl_Id="1130">
<LocList>
<Loc EndOffset="14500" SrcFileId="4" StartOffset="14486"/>
</LocList>
</BasicStmnt>
</StmntSeq>
</Branch>
<Branch CovItemId="B136" CovItemPrefix="CardFunc.java" Implct="true" Intrnl_Id="1131">
<Cond/>
<LocList/>
<StmntSeq Intrnl_Id="1132">
<LocList/>
</StmntSeq>
</Branch>
<Keyword EndOffset="14440" SrcFileId="4" StartOffset="14438"/>
<LocList>
<Loc EndOffset="14505" SrcFileId="4" StartOffset="14438"/>
</LocList>
<RootTerm CovItemId="C80" CovItemPrefix="CardFunc.java" Intrnl_Id="1133">
<BasicBoolTerm Intrnl_Id="1134">
<LocList>
<Loc EndOffset="14478" SrcFileId="4" StartOffset="14441"/>
</LocList>
</BasicBoolTerm>
</RootTerm>
</CondStmnt>
</StmntSeq>
</HierarchyLvl>
<HierarchyLvl HierarchyLvlId="3415" HierarchyLvlTypeId="7" Intrnl_Id="1135" Name="func72">
<Header>
<Loc EndOffset="14551" SrcFileId="4" StartOffset="14515"/>
</Header>
<LocList>
<Loc EndOffset="14798" SrcFileId="4" StartOffset="14515"/>
</LocList>
<StmntSeq Intrnl_Id="1136">
<LocList>
<Loc EndOffset="14794" SrcFileId="4" StartOffset="14632"/>
</LocList>
<CondStmnt CovItemId="S187" CovItemPrefix="CardFunc.java" Intrnl_Id="1137">
<Branch CovItemId="B137" CovItemPrefix="CardFunc.java" Implct="false" Intrnl_Id="1138">
<Cond/>
<LocList>
<Loc EndOffset="14741" SrcFileId="4" StartOffset="14645"/>
</LocList>
<StmntSeq Intrnl_Id="1139">
<LocList>
<Loc EndOffset="14691" SrcFileId="4" StartOffset="14651"/>
<Loc EndOffset="14736" SrcFileId="4" StartOffset="14696"/>
</LocList>
<BasicStmnt CovItemId="S188" CovItemPrefix="CardFunc.java" Intrnl_Id="1140">
<LocList>
<Loc EndOffset="14691" SrcFileId="4" StartOffset="14651"/>
</LocList>
</BasicStmnt>
<BasicStmnt CovItemId="S189" CovItemPrefix="CardFunc.java" Intrnl_Id="1141">
<LocList>
<Loc EndOffset="14736" SrcFileId="4" StartOffset="14696"/>
</LocList>
</BasicStmnt>
</StmntSeq>
</Branch>
<Branch CovItemId="B138" CovItemPrefix="CardFunc.java" Implct="false" Intrnl_Id="1142">
<Cond>
<Loc EndOffset="14746" SrcFileId="4" StartOffset="14742"/>
</Cond>
<LocList>
<Loc EndOffset="14794" SrcFileId="4" StartOffset="14747"/>
</LocList>
<StmntSeq Intrnl_Id="1143">
<LocList/>
</StmntSeq>
</Branch>
<Keyword EndOffset="14634" SrcFileId="4" StartOffset="14632"/>
<LocList>
<Loc EndOffset="14794" SrcFileId="4" StartOffset="14632"/>
</LocList>
<RootTerm CovItemId="C81" CovItemPrefix="CardFunc.java" Intrnl_Id="1144">
<BasicBoolTerm Intrnl_Id="1145">
<LocList>
<Loc EndOffset="14643" SrcFileId="4" StartOffset="14635"/>
</LocList>
</BasicBoolTerm>
</RootTerm>
</CondStmnt>
</StmntSeq>
</HierarchyLvl>
<HierarchyLvl HierarchyLvlId="3416" HierarchyLvlTypeId="7" Intrnl_Id="1146" Name="playClass">
<Header>
<Loc EndOffset="14831" SrcFileId="4" StartOffset="14808"/>
</Header>
<LocList>
<Loc EndOffset="14840" SrcFileId="4" StartOffset="14808"/>
</LocList>
</HierarchyLvl>
<HierarchyLvl HierarchyLvlId="3417" HierarchyLvlTypeId="7" Intrnl_Id="1147" Name="end">
<Header>
<Loc EndOffset="14863" SrcFileId="4" StartOffset="14846"/>
</Header>
<LocList>
<Loc EndOffset="14950" SrcFileId="4" StartOffset="14846"/>
</LocList>
<StmntSeq Intrnl_Id="1148">
<LocList>
<Loc EndOffset="14946" SrcFileId="4" StartOffset="14868"/>
</LocList>
<CondStmnt CovItemId="S190" CovItemPrefix="CardFunc.java" Intrnl_Id="1149">
<Branch CovItemId="B139" CovItemPrefix="CardFunc.java" Implct="false" Intrnl_Id="1150">
<Cond/>
<LocList>
<Loc EndOffset="14915" SrcFileId="4" StartOffset="14892"/>
</LocList>
<StmntSeq Intrnl_Id="1151">
<LocList>
<Loc EndOffset="14910" SrcFileId="4" StartOffset="14898"/>
</LocList>
<BasicStmnt CovItemId="S191" CovItemPrefix="CardFunc.java" Intrnl_Id="1152">
<LocList>
<Loc EndOffset="14910" SrcFileId="4" StartOffset="14898"/>
</LocList>
</BasicStmnt>
</StmntSeq>
</Branch>
<Branch CovItemId="B140" CovItemPrefix="CardFunc.java" Implct="false" Intrnl_Id="1153">
<Cond>
<Loc EndOffset="14923" SrcFileId="4" StartOffset="14919"/>
</Cond>
<LocList>
<Loc EndOffset="14946" SrcFileId="4" StartOffset="14923"/>
</LocList>
<StmntSeq Intrnl_Id="1154">
<LocList>
<Loc EndOffset="14941" SrcFileId="4" StartOffset="14929"/>
</LocList>
<BasicStmnt CovItemId="S192" CovItemPrefix="CardFunc.java" Intrnl_Id="1155">
<LocList>
<Loc EndOffset="14941" SrcFileId="4" StartOffset="14929"/>
</LocList>
</BasicStmnt>
</StmntSeq>
</Branch>
<Keyword EndOffset="14870" SrcFileId="4" StartOffset="14868"/>
<LocList>
<Loc EndOffset="14946" SrcFileId="4" StartOffset="14868"/>
</LocList>
<RootTerm CovItemId="C82" CovItemPrefix="CardFunc.java" Intrnl_Id="1156">
<BasicBoolTerm Intrnl_Id="1157">
<LocList>
<Loc EndOffset="14891" SrcFileId="4" StartOffset="14871"/>
</LocList>
</BasicBoolTerm>
</RootTerm>
</CondStmnt>
</StmntSeq>
</HierarchyLvl>
</HierarchyLvl>
<HierarchyLvl HierarchyLvlId="3422" HierarchyLvlTypeId="8" Intrnl_Id="1158" Name="Card">
<Header>
<Loc EndOffset="46" SrcFileId="5" StartOffset="29"/>
</Header>
<LocList>
<Loc EndOffset="1055" SrcFileId="5" StartOffset="29"/>
</LocList>
<StmntSeq Intrnl_Id="1159">
<LocList>
<Loc EndOffset="82" SrcFileId="5" StartOffset="51"/>
<Loc EndOffset="172" SrcFileId="5" StartOffset="146"/>
<Loc EndOffset="225" SrcFileId="5" StartOffset="199"/>
<Loc EndOffset="377" SrcFileId="5" StartOffset="344"/>
<Loc EndOffset="655" SrcFileId="5" StartOffset="630"/>
<Loc EndOffset="759" SrcFileId="5" StartOffset="732"/>
<Loc EndOffset="788" SrcFileId="5" StartOffset="762"/>
</LocList>
<BasicStmnt CovItemId="S1" CovItemPrefix="Card.java" Intrnl_Id="1160">
<LocList>
<Loc EndOffset="82" SrcFileId="5" StartOffset="51"/>
</LocList>
</BasicStmnt>
<BasicStmnt CovItemId="S2" CovItemPrefix="Card.java" Intrnl_Id="1161">
<LocList>
<Loc EndOffset="172" SrcFileId="5" StartOffset="146"/>
</LocList>
</BasicStmnt>
<BasicStmnt CovItemId="S3" CovItemPrefix="Card.java" Intrnl_Id="1162">
<LocList>
<Loc EndOffset="225" SrcFileId="5" StartOffset="199"/>
</LocList>
</BasicStmnt>
<BasicStmnt CovItemId="S4" CovItemPrefix="Card.java" Intrnl_Id="1163">
<LocList>
<Loc EndOffset="377" SrcFileId="5" StartOffset="344"/>
</LocList>
</BasicStmnt>
<BasicStmnt CovItemId="S5" CovItemPrefix="Card.java" Intrnl_Id="1164">
<LocList>
<Loc EndOffset="655" SrcFileId="5" StartOffset="630"/>
</LocList>
</BasicStmnt>
<BasicStmnt CovItemId="S6" CovItemPrefix="Card.java" Intrnl_Id="1165">
<LocList>
<Loc EndOffset="759" SrcFileId="5" StartOffset="732"/>
</LocList>
</BasicStmnt>
<BasicStmnt CovItemId="S7" CovItemPrefix="Card.java" Intrnl_Id="1166">
<LocList>
<Loc EndOffset="788" SrcFileId="5" StartOffset="762"/>
</LocList>
</BasicStmnt>
</StmntSeq>
<HierarchyLvl HierarchyLvlId="3419" HierarchyLvlTypeId="7" Intrnl_Id="1167" Name="Card">
<Header>
<Loc EndOffset="883" SrcFileId="5" StartOffset="850"/>
</Header>
<LocList>
<Loc EndOffset="942" SrcFileId="5" StartOffset="850"/>
</LocList>
<StmntSeq Intrnl_Id="1168">
<LocList>
<Loc EndOffset="904" SrcFileId="5" StartOffset="889"/>
<Loc EndOffset="925" SrcFileId="5" StartOffset="908"/>
</LocList>
<BasicStmnt CovItemId="S8" CovItemPrefix="Card.java" Intrnl_Id="1169">
<LocList>
<Loc EndOffset="904" SrcFileId="5" StartOffset="889"/>
</LocList>
</BasicStmnt>
<BasicStmnt CovItemId="S9" CovItemPrefix="Card.java" Intrnl_Id="1170">
<LocList>
<Loc EndOffset="925" SrcFileId="5" StartOffset="908"/>
</LocList>
</BasicStmnt>
</StmntSeq>
</HierarchyLvl>
<HierarchyLvl HierarchyLvlId="3420" HierarchyLvlTypeId="7" Intrnl_Id="1171" Name="getName">
<Header>
<Loc EndOffset="971" SrcFileId="5" StartOffset="948"/>
</Header>
<LocList>
<Loc EndOffset="997" SrcFileId="5" StartOffset="948"/>
</LocList>
<StmntSeq Intrnl_Id="1172">
<LocList>
<Loc EndOffset="993" SrcFileId="5" StartOffset="976"/>
</LocList>
<BasicStmnt CovItemId="S10" CovItemPrefix="Card.java" Intrnl_Id="1173">
<LocList>
<Loc EndOffset="993" SrcFileId="5" StartOffset="976"/>
</LocList>
</BasicStmnt>
</StmntSeq>
</HierarchyLvl>
<HierarchyLvl HierarchyLvlId="3421" HierarchyLvlTypeId="7" Intrnl_Id="1174" Name="getNumber">
<Header>
<Loc EndOffset="1025" SrcFileId="5" StartOffset="1003"/>
</Header>
<LocList>
<Loc EndOffset="1050" SrcFileId="5" StartOffset="1003"/>
</LocList>
<StmntSeq Intrnl_Id="1175">
<LocList>
<Loc EndOffset="1046" SrcFileId="5" StartOffset="1030"/>
</LocList>
<BasicStmnt CovItemId="S11" CovItemPrefix="Card.java" Intrnl_Id="1176">
<LocList>
<Loc EndOffset="1046" SrcFileId="5" StartOffset="1030"/>
</LocList>
</BasicStmnt>
</StmntSeq>
</HierarchyLvl>
</HierarchyLvl>
</HierarchyLvl>
</MASTRoot>
</TestSessionContainer>
